{"target": -1.2916666666666667, "params": {"ts": 2.7315368221841103, "optimize_days_cont": 17.93989207642491, "pre_optlux": 534.5625760897897, "on_time_norm": 0.2989763774589579, "duration_h": [6.0, 16.0]}, "final_J": 0.013216039251199678, "goal_complete": true, "optimize_days": 18}
{"target": -1.0, "params": {"ts": 33.12258915034465, "optimize_days_cont": 17.429497347114907, "pre_optlux": 754.1420534887301, "on_time_norm": 0.5482299063500942, "duration_h": [6.0, 16.0]}, "final_J": 0.01991542813392028, "goal_complete": true, "optimize_days": 17}
{"target": -0.9583333333333334, "params": {"ts": 12.11889051387827, "optimize_days_cont": 3.6960459421176455, "pre_optlux": 750.6947535614496, "on_time_norm": 0.7319802251869119, "duration_h": [6.0, 16.0]}, "final_J": 0.021275879945288075, "goal_complete": true, "optimize_days": 4}
{"target": -1.0, "params": {"ts": 59.68169648856187, "optimize_days_cont": 7.397563291152543, "pre_optlux": 763.4775581181913, "on_time_norm": 0.18712777283052473, "duration_h": [6.0, 16.0]}, "final_J": 0.02725950683548984, "goal_complete": true, "optimize_days": 7}
{"target": -0.9166666666666666, "params": {"ts": 14.07810195464569, "optimize_days_cont": 1.705095984711934, "pre_optlux": 260.68357151399994, "on_time_norm": 0.2134399510803413, "duration_h": [6.0, 16.0]}, "final_J": 0.05462528674286246, "goal_complete": true, "optimize_days": 2}
{"target": -1.2916666666666667, "params": {"ts": 65.85156848897378, "optimize_days_cont": 12.18697040043049, "pre_optlux": 926.2278426538624, "on_time_norm": 0.3346853176856943, "duration_h": [6.0, 16.0]}, "final_J": 0.044566847383544946, "goal_complete": true, "optimize_days": 12}
{"target": -1.0, "params": {"ts": 40.762428500801185, "optimize_days_cont": 13.907171810637996, "pre_optlux": 347.338167787798, "on_time_norm": 0.7887842182981357, "duration_h": [6.0, 16.0]}, "final_J": 0.07004319459179129, "goal_complete": true, "optimize_days": 14}
{"target": -1.0, "params": {"ts": 61.749408361155254, "optimize_days_cont": 3.889288683364499, "pre_optlux": 1192.0340177006228, "on_time_norm": 0.26311903992324415, "duration_h": [6.0, 16.0]}, "final_J": 0.031193651600488047, "goal_complete": true, "optimize_days": 4}
{"target": -1.0, "params": {"ts": 29.457782494979018, "optimize_days_cont": 13.381908106047511, "pre_optlux": 1433.2949321141712, "on_time_norm": 0.9184743424662997, "duration_h": [6.0, 16.0]}, "final_J": 0.07688723667704811, "goal_complete": true, "optimize_days": 13}
{"target": -0.9583333333333334, "params": {"ts": 34.44157734405684, "optimize_days_cont": 2.711272351651346, "pre_optlux": 1085.331748368608, "on_time_norm": 0.679914691937932, "duration_h": [6.0, 16.0]}, "final_J": 0.02405909230157889, "goal_complete": true, "optimize_days": 3}
{"target": -0.875, "params": {"ts": 13.90458240190825, "optimize_days_cont": 1.0, "pre_optlux": 261.07445105314326, "on_time_norm": 0.013550381190848263, "duration_h": [6.0, 16.0]}, "final_J": 0.10044176725479452, "goal_complete": true, "optimize_days": 1}
{"target": -0.875, "params": {"ts": 11.681327478987257, "optimize_days_cont": 1.0, "pre_optlux": 266.0954563255301, "on_time_norm": 0.0, "duration_h": [6.0, 16.0]}, "final_J": 0.10038693967291239, "goal_complete": true, "optimize_days": 1}
{"target": -0.875, "params": {"ts": 6.373950362983869, "optimize_days_cont": 1.0, "pre_optlux": 258.9620525393922, "on_time_norm": 0.0, "duration_h": [6.0, 16.0]}, "final_J": 0.11925231100784908, "goal_complete": true, "optimize_days": 1}
{"target": -0.875, "params": {"ts": 23.193222392698544, "optimize_days_cont": 1.0, "pre_optlux": 265.4428931501562, "on_time_norm": 0.0, "duration_h": [6.0, 16.0]}, "final_J": 0.09862857536534664, "goal_complete": true, "optimize_days": 1}
{"target": -0.875, "params": {"ts": 24.26329438586381, "optimize_days_cont": 1.0, "pre_optlux": 252.72115848348653, "on_time_norm": 0.0, "duration_h": [6.0, 16.0]}, "final_J": 0.09899059984347715, "goal_complete": true, "optimize_days": 1}
{"target": -0.875, "params": {"ts": 37.14569289287695, "optimize_days_cont": 1.0, "pre_optlux": 258.5149374211117, "on_time_norm": 0.0, "duration_h": [6.0, 16.0]}, "final_J": 0.09790178136126101, "goal_complete": true, "optimize_days": 1}
{"target": -0.875, "params": {"ts": 37.60622782169647, "optimize_days_cont": 1.0, "pre_optlux": 243.74581568017456, "on_time_norm": 0.0, "duration_h": [6.0, 16.0]}, "final_J": 0.09823491488726295, "goal_complete": true, "optimize_days": 1}
{"target": -1.0416666666666667, "params": {"ts": 36.41810587356046, "optimize_days_cont": 14.284201988467613, "pre_optlux": 250.71375164626926, "on_time_norm": 0.0, "duration_h": [6.0, 16.0]}, "final_J": 0.050638799992077446, "goal_complete": true, "optimize_days": 14}
{"target": -0.875, "params": {"ts": 25.045876082203964, "optimize_days_cont": 1.0, "pre_optlux": 236.40735502990492, "on_time_norm": 0.0, "duration_h": [6.0, 16.0]}, "final_J": 0.09823456542748535, "goal_complete": true, "optimize_days": 1}
{"target": -0.875, "params": {"ts": 37.66312445220591, "optimize_days_cont": 1.0, "pre_optlux": 228.05768356142585, "on_time_norm": 0.0, "duration_h": [6.0, 16.0]}, "final_J": 0.09865367922871125, "goal_complete": true, "optimize_days": 1}
{"target": -0.875, "params": {"ts": 25.515703174038183, "optimize_days_cont": 1.0, "pre_optlux": 222.04780755128115, "on_time_norm": 1.0, "duration_h": [6.0, 16.0]}, "final_J": 0.09875131314496313, "goal_complete": true, "optimize_days": 1}
{"target": -1.2916666666666667, "params": {"ts": 27.6364844085904, "optimize_days_cont": 13.799307044052464, "pre_optlux": 222.70594716730994, "on_time_norm": 0.0, "duration_h": [6.0, 16.0]}, "final_J": 0.04290975640306119, "goal_complete": true, "optimize_days": 14}
{"target": -0.875, "params": {"ts": 33.3953089246445, "optimize_days_cont": 1.0, "pre_optlux": 235.1752779984854, "on_time_norm": 1.0, "duration_h": [6.0, 16.0]}, "final_J": 0.09838590875327685, "goal_complete": true, "optimize_days": 1}
{"target": -0.875, "params": {"ts": 49.213623881591374, "optimize_days_cont": 1.0, "pre_optlux": 234.20050790692807, "on_time_norm": 1.0, "duration_h": [6.0, 16.0]}, "final_J": 0.09759550652219152, "goal_complete": true, "optimize_days": 1}
{"target": -0.875, "params": {"ts": 47.30311969509744, "optimize_days_cont": 1.0, "pre_optlux": 219.59849041037947, "on_time_norm": 1.0, "duration_h": [6.0, 16.0]}, "final_J": 0.09803459204915782, "goal_complete": true, "optimize_days": 1}
{"target": -0.875, "params": {"ts": 60.259017391877585, "optimize_days_cont": 1.0, "pre_optlux": 223.33641828575526, "on_time_norm": 0.0, "duration_h": [6.0, 16.0]}, "final_J": 0.09837517490606511, "goal_complete": true, "optimize_days": 1}
{"target": -1.0, "params": {"ts": 60.531837977589255, "optimize_days_cont": 13.547229193997017, "pre_optlux": 226.3627265317308, "on_time_norm": 1.0, "duration_h": [6.0, 16.0]}, "final_J": 0.05422854564670815, "goal_complete": true, "optimize_days": 14}
{"target": -0.875, "params": {"ts": 56.19465680486021, "optimize_days_cont": 1.0, "pre_optlux": 207.99533355582662, "on_time_norm": 0.0, "duration_h": [6.0, 16.0]}, "final_J": 0.09812916638779379, "goal_complete": true, "optimize_days": 1}
{"target": -0.875, "params": {"ts": 72.25684348451402, "optimize_days_cont": 1.0, "pre_optlux": 210.3578082611534, "on_time_norm": 0.0, "duration_h": [6.0, 16.0]}, "final_J": 0.09819594766158504, "goal_complete": true, "optimize_days": 1}
{"target": -0.875, "params": {"ts": 66.58804279406654, "optimize_days_cont": 1.0, "pre_optlux": 196.88827460495006, "on_time_norm": 1.0, "duration_h": [6.0, 16.0]}, "final_J": 0.09842210940764637, "goal_complete": true, "optimize_days": 1}
{"target": -1.0, "params": {"ts": 67.10146204429611, "optimize_days_cont": 14.463182103187613, "pre_optlux": 200.3359659141373, "on_time_norm": 0.0, "duration_h": [6.0, 16.0]}, "final_J": 0.06686402779271887, "goal_complete": true, "optimize_days": 14}
{"target": -0.875, "params": {"ts": 49.41024702558625, "optimize_days_cont": 1.0, "pre_optlux": 195.3537903689464, "on_time_norm": 1.0, "duration_h": [6.0, 16.0]}, "final_J": 0.09838687857034187, "goal_complete": true, "optimize_days": 1}
{"target": -0.875, "params": {"ts": 58.63638163601028, "optimize_days_cont": 1.0, "pre_optlux": 181.23310546075297, "on_time_norm": 1.0, "duration_h": [6.0, 16.0]}, "final_J": 0.09784622984836755, "goal_complete": true, "optimize_days": 1}
{"target": -0.875, "params": {"ts": 43.625999614287075, "optimize_days_cont": 1.0, "pre_optlux": 180.7420944292639, "on_time_norm": 0.0, "duration_h": [6.0, 16.0]}, "final_J": 0.09839691217515734, "goal_complete": true, "optimize_days": 1}
{"target": -1.2916666666666667, "params": {"ts": 47.239830505458514, "optimize_days_cont": 14.621522422973086, "pre_optlux": 181.26369039802395, "on_time_norm": 1.0, "duration_h": [6.0, 16.0]}, "final_J": 0.0571386170875074, "goal_complete": true, "optimize_days": 15}
{"target": -0.875, "params": {"ts": 72.94378396476111, "optimize_days_cont": 1.0, "pre_optlux": 182.32539601125518, "on_time_norm": 0.14933280593571774, "duration_h": [6.0, 16.0]}, "final_J": 0.0987521098219812, "goal_complete": true, "optimize_days": 1}
{"target": -0.875, "params": {"ts": 66.1208475543942, "optimize_days_cont": 1.0, "pre_optlux": 170.57848324354612, "on_time_norm": 0.0, "duration_h": [6.0, 16.0]}, "final_J": 0.09869744964750278, "goal_complete": true, "optimize_days": 1}
{"target": -0.875, "params": {"ts": 83.65881381583588, "optimize_days_cont": 1.0, "pre_optlux": 198.6820668493378, "on_time_norm": 1.0, "duration_h": [6.0, 16.0]}, "final_J": 0.09819363740602793, "goal_complete": true, "optimize_days": 1}
{"target": -0.875, "params": {"ts": 85.99406883483447, "optimize_days_cont": 1.0, "pre_optlux": 215.35902828905685, "on_time_norm": 1.0, "duration_h": [6.0, 16.0]}, "final_J": 0.09821377933999513, "goal_complete": true, "optimize_days": 1}
{"target": -0.875, "params": {"ts": 96.62510000292482, "optimize_days_cont": 1.0, "pre_optlux": 205.85189290450913, "on_time_norm": 0.0, "duration_h": [6.0, 16.0]}, "final_J": 0.09793393414725679, "goal_complete": true, "optimize_days": 1}
{"target": -2.2916666666666665, "params": {"ts": 23.105816836200347, "optimize_days_cont": 10.940103486612847, "pre_optlux": 893.4469663845945, "on_time_norm": 0.045601950132806324, "duration_h": [6.0, 16.0]}, "final_J": 0.00777346742584616, "goal_complete": true, "optimize_days": 11}
{"target": -1.0, "params": {"ts": 23.08501322743759, "optimize_days_cont": 14.085797074605773, "pre_optlux": 371.03742375121396, "on_time_norm": 0.07032486680550032, "duration_h": [6.0, 16.0]}, "final_J": 0.07539089058181278, "goal_complete": true, "optimize_days": 14}
{"target": -0.9583333333333334, "params": {"ts": 56.804456643247704, "optimize_days_cont": 2.481854448409754, "pre_optlux": 1125.5646900185338, "on_time_norm": 0.15845217352316643, "duration_h": [6.0, 16.0]}, "final_J": 0.08132442069315936, "goal_complete": true, "optimize_days": 2}
{"target": -1.3333333333333333, "params": {"ts": 30.055238354117552, "optimize_days_cont": 14.235603569963303, "pre_optlux": 776.7565188542048, "on_time_norm": 0.21506214371433952, "duration_h": [6.0, 16.0]}, "final_J": 0.024319753419012796, "goal_complete": true, "optimize_days": 14}
{"target": -0.9583333333333334, "params": {"ts": 12.966996402356731, "optimize_days_cont": 18.436053147149774, "pre_optlux": 914.702543770914, "on_time_norm": 0.47201931574192724, "duration_h": [6.0, 16.0]}, "final_J": 0.008162950927628795, "goal_complete": true, "optimize_days": 18}
{"target": -1.2916666666666667, "params": {"ts": 5.278357243925987, "optimize_days_cont": 15.296453422239487, "pre_optlux": 883.4132092262794, "on_time_norm": 0.7671904257147006, "duration_h": [6.0, 16.0]}, "final_J": 0.015688397903870038, "goal_complete": true, "optimize_days": 15}
{"target": -1.2916666666666667, "params": {"ts": 8.149916558088384, "optimize_days_cont": 13.534600853749103, "pre_optlux": 221.95410676473352, "on_time_norm": 0.6850244527227007, "duration_h": [6.0, 16.0]}, "final_J": 0.019885531248799642, "goal_complete": true, "optimize_days": 14}
{"target": -2.3333333333333335, "params": {"ts": 47.331618590616145, "optimize_days_cont": 13.56012736053423, "pre_optlux": 1081.454953100926, "on_time_norm": 0.2633294844455638, "duration_h": [6.0, 16.0]}, "final_J": 0.019687076987853654, "goal_complete": true, "optimize_days": 14}
{"target": -1.0, "params": {"ts": 77.35815021585175, "optimize_days_cont": 16.50670419948814, "pre_optlux": 338.51616506019934, "on_time_norm": 0.5780067455748411, "duration_h": [6.0, 16.0]}, "final_J": 0.06493727966149064, "goal_complete": true, "optimize_days": 17}
{"target": -1.0, "params": {"ts": 23.989333259437583, "optimize_days_cont": 4.774231318116989, "pre_optlux": 516.5125439397189, "on_time_norm": 0.976852764010693, "duration_h": [6.0, 16.0]}, "final_J": 0.04178928206950264, "goal_complete": true, "optimize_days": 5}
{"target": -0.875, "params": {"ts": 36.28433428914752, "optimize_days_cont": 1.3495989859817095, "pre_optlux": 982.6668639532691, "on_time_norm": 0.23040538778108444, "duration_h": [6.0, 16.0]}, "final_J": 0.0959820454189965, "goal_complete": true, "optimize_days": 1}
{"target": -1.0, "params": {"ts": 58.84077063109376, "optimize_days_cont": 8.981967537205383, "pre_optlux": 1107.491323463064, "on_time_norm": 0.9720455259033695, "duration_h": [6.0, 16.0]}, "final_J": 0.05967788299908398, "goal_complete": true, "optimize_days": 9}
{"target": -1.2916666666666667, "params": {"ts": 43.63486278650694, "optimize_days_cont": 19.196843396417563, "pre_optlux": 214.47343649160942, "on_time_norm": 0.7327818008916883, "duration_h": [6.0, 16.0]}, "final_J": 0.04783890221232583, "goal_complete": true, "optimize_days": 19}
{"target": -1.0, "params": {"ts": 53.17351161162144, "optimize_days_cont": 11.772761585575223, "pre_optlux": 1125.9760864836403, "on_time_norm": 0.6826033501652629, "duration_h": [6.0, 16.0]}, "final_J": 0.08842500057572826, "goal_complete": true, "optimize_days": 12}
{"target": -1.0, "params": {"ts": 12.171706697977584, "optimize_days_cont": 4.784090011256047, "pre_optlux": 1123.7809591132172, "on_time_norm": 0.39386732248283196, "duration_h": [6.0, 16.0]}, "final_J": 0.02987532772469096, "goal_complete": true, "optimize_days": 5}
{"target": -0.9583333333333334, "params": {"ts": 16.19112292109049, "optimize_days_cont": 2.910906277613152, "pre_optlux": 699.7835942543549, "on_time_norm": 0.5829154644665038, "duration_h": [6.0, 16.0]}, "final_J": 0.023553144888417886, "goal_complete": true, "optimize_days": 3}
{"target": -1.2916666666666667, "params": {"ts": 87.16572333579319, "optimize_days_cont": 19.36399704765088, "pre_optlux": 765.0125547254927, "on_time_norm": 0.4004229990716831, "duration_h": [6.0, 16.0]}, "final_J": 0.041101406887460244, "goal_complete": true, "optimize_days": 19}
{"target": -2.2916666666666665, "params": {"ts": 83.00764660756872, "optimize_days_cont": 18.28698222982436, "pre_optlux": 1184.2845115892483, "on_time_norm": 0.06831478431392501, "duration_h": [6.0, 16.0]}, "final_J": 0.010906088405108958, "goal_complete": true, "optimize_days": 18}
{"target": -0.9166666666666666, "params": {"ts": 93.98239711040948, "optimize_days_cont": 2.940710497156282, "pre_optlux": 1469.6783471939355, "on_time_norm": 0.35668872437448984, "duration_h": [6.0, 16.0]}, "final_J": 0.0054771791461655315, "goal_complete": true, "optimize_days": 3}
{"target": -1.2916666666666667, "params": {"ts": 13.155784921739329, "optimize_days_cont": 19.265691674858058, "pre_optlux": 1029.0949266816813, "on_time_norm": 0.9366778098943237, "duration_h": [6.0, 16.0]}, "final_J": 0.024266489102631707, "goal_complete": true, "optimize_days": 19}
{"target": -1.0, "params": {"ts": 94.26630311247231, "optimize_days_cont": 3.800204641109563, "pre_optlux": 1469.5274244623674, "on_time_norm": 0.5409092800865998, "duration_h": [6.0, 16.0]}, "final_J": 0.03460228153533674, "goal_complete": true, "optimize_days": 4}
{"target": -0.875, "params": {"ts": 83.3237823277842, "optimize_days_cont": 1.0, "pre_optlux": 1475.3422161982137, "on_time_norm": 0.0, "duration_h": [6.0, 16.0]}, "final_J": 0.09838591849797697, "goal_complete": true, "optimize_days": 1}
{"target": -0.875, "params": {"ts": 97.45823195980807, "optimize_days_cont": 1.0, "pre_optlux": 1483.212030004633, "on_time_norm": 0.0, "duration_h": [6.0, 16.0]}, "final_J": 0.10998418771898245, "goal_complete": true, "optimize_days": 1}
{"target": -1.0, "params": {"ts": 30.093868157728252, "optimize_days_cont": 5.740069473530483, "pre_optlux": 966.0474812156858, "on_time_norm": 0.385804633039859, "duration_h": [6.0, 16.0]}, "final_J": 0.07009229976194215, "goal_complete": true, "optimize_days": 6}
{"target": -1.2916666666666667, "params": {"ts": 6.824895399883956, "optimize_days_cont": 20.0, "pre_optlux": 932.2573109844074, "on_time_norm": 0.7761834086528199, "duration_h": [6.0, 16.0]}, "final_J": 0.013802499980839421, "goal_complete": true, "optimize_days": 20}
{"target": -0.9166666666666666, "params": {"ts": 50.82171237697607, "optimize_days_cont": 1.6122100153510925, "pre_optlux": 972.0702095430091, "on_time_norm": 0.4760771178355671, "duration_h": [6.0, 16.0]}, "final_J": 0.030292577238716922, "goal_complete": true, "optimize_days": 2}
{"target": -6.291666666666667, "params": {"ts": 43.36512082308112, "optimize_days_cont": 17.674762132129473, "pre_optlux": 979.9545839126001, "on_time_norm": 0.0, "duration_h": [6.0, 16.0]}, "final_J": 0.012954283470552693, "goal_complete": true, "optimize_days": 18}
{"target": -2.0, "params": {"ts": 90.41122372358811, "optimize_days_cont": 12.254009613275452, "pre_optlux": 1479.1752030677355, "on_time_norm": 0.0, "duration_h": [6.0, 16.0]}, "final_J": 0.009799477493207866, "goal_complete": true, "optimize_days": 12}
{"target": -1.0, "params": {"ts": 65.61620064611422, "optimize_days_cont": 9.00402483860627, "pre_optlux": 1119.8646537724267, "on_time_norm": 0.8004221643156443, "duration_h": [6.0, 16.0]}, "final_J": 0.0665675425245978, "goal_complete": true, "optimize_days": 9}
{"target": -0.875, "params": {"ts": 24.209413456041002, "optimize_days_cont": 1.0, "pre_optlux": 978.2833714557313, "on_time_norm": 0.7495586319627047, "duration_h": [6.0, 16.0]}, "final_J": 0.09642153510703254, "goal_complete": true, "optimize_days": 1}
{"target": -0.875, "params": {"ts": 83.38273485383593, "optimize_days_cont": 1.0, "pre_optlux": 1460.7534939973955, "on_time_norm": 0.0, "duration_h": [6.0, 16.0]}, "final_J": 0.09848705018739835, "goal_complete": true, "optimize_days": 1}
{"target": -0.875, "params": {"ts": 44.960926994561746, "optimize_days_cont": 1.0, "pre_optlux": 958.4590555111397, "on_time_norm": 1.0, "duration_h": [6.0, 16.0]}, "final_J": 0.09553478127671984, "goal_complete": true, "optimize_days": 1}
{"target": -0.875, "params": {"ts": 71.35556529876288, "optimize_days_cont": 1.0, "pre_optlux": 1467.7945006740015, "on_time_norm": 1.0, "duration_h": [6.0, 16.0]}, "final_J": 0.09459579489889176, "goal_complete": true, "optimize_days": 1}
{"target": -0.875, "params": {"ts": 61.458374034602706, "optimize_days_cont": 1.0, "pre_optlux": 961.0333284733887, "on_time_norm": 1.0, "duration_h": [6.0, 16.0]}, "final_J": 0.09552917209580553, "goal_complete": true, "optimize_days": 1}
{"target": -0.875, "params": {"ts": 55.69408531146928, "optimize_days_cont": 1.0, "pre_optlux": 946.300484482963, "on_time_norm": 0.0, "duration_h": [6.0, 16.0]}, "final_J": 0.09832465188935625, "goal_complete": true, "optimize_days": 1}
{"target": -0.875, "params": {"ts": 36.04578442478083, "optimize_days_cont": 1.0, "pre_optlux": 945.0759507611656, "on_time_norm": 0.0, "duration_h": [6.0, 16.0]}, "final_J": 0.09841270356157547, "goal_complete": true, "optimize_days": 1}
{"target": -0.875, "params": {"ts": 21.2899377092627, "optimize_days_cont": 1.0, "pre_optlux": 952.3199324987396, "on_time_norm": 1.0, "duration_h": [6.0, 16.0]}, "final_J": 0.09610211906869932, "goal_complete": true, "optimize_days": 1}
{"target": -1.0, "params": {"ts": 45.95315364470308, "optimize_days_cont": 12.462961570049192, "pre_optlux": 939.2579950237919, "on_time_norm": 1.0, "duration_h": [6.0, 16.0]}, "final_J": 0.08845767970914131, "goal_complete": true, "optimize_days": 12}
{"target": -1.0, "params": {"ts": 25.877626587246475, "optimize_days_cont": 4.969692495122129, "pre_optlux": 932.2870170585605, "on_time_norm": 1.0, "duration_h": [6.0, 16.0]}, "final_J": 0.05281657066744742, "goal_complete": true, "optimize_days": 5}
{"target": -0.9166666666666666, "params": {"ts": 11.052957112250814, "optimize_days_cont": 1.0, "pre_optlux": 965.406518024897, "on_time_norm": 0.0, "duration_h": [6.0, 16.0]}, "final_J": 0.12056184880812909, "goal_complete": true, "optimize_days": 1}
{"target": -1.0, "params": {"ts": 69.60896357364841, "optimize_days_cont": 10.76536923946867, "pre_optlux": 943.3899331150782, "on_time_norm": 1.0, "duration_h": [6.0, 16.0]}, "final_J": 0.07953092484370901, "goal_complete": true, "optimize_days": 11}
{"target": -0.875, "params": {"ts": 47.87523959677814, "optimize_days_cont": 1.0, "pre_optlux": 926.8667743903552, "on_time_norm": 0.0, "duration_h": [6.0, 16.0]}, "final_J": 0.09888183180008284, "goal_complete": true, "optimize_days": 1}
{"target": -0.875, "params": {"ts": 66.78401885353851, "optimize_days_cont": 1.0, "pre_optlux": 927.5619590298446, "on_time_norm": 1.0, "duration_h": [6.0, 16.0]}, "final_J": 0.09604019886845697, "goal_complete": true, "optimize_days": 1}
{"target": -5.291666666666667, "params": {"ts": 59.19859468047749, "optimize_days_cont": 18.146201235779504, "pre_optlux": 925.4117563201486, "on_time_norm": 0.0, "duration_h": [6.0, 16.0]}, "final_J": 0.007484935186017129, "goal_complete": true, "optimize_days": 18}
{"target": -1.0, "params": {"ts": 31.224311222932407, "optimize_days_cont": 13.697228494648783, "pre_optlux": 947.8446262011641, "on_time_norm": 1.0, "duration_h": [6.0, 16.0]}, "final_J": 0.06507097444399672, "goal_complete": true, "optimize_days": 14}
