{"target": -0.875, "params": {"ts": 78.74340615257825, "optimize_days_cont": 1.0, "pre_optlux": 938.8564912984054, "on_time_norm": 1.0, "duration_h": [6.0, 16.0]}, "final_J": 0.09579819924596789, "goal_complete": true, "optimize_days": 1}
{"target": -0.875, "params": {"ts": 75.6776359710396, "optimize_days_cont": 1.0, "pre_optlux": 955.5286909524534, "on_time_norm": 0.0, "duration_h": [6.0, 16.0]}, "final_J": 0.09800213719956458, "goal_complete": true, "optimize_days": 1}
{"target": -1.0, "params": {"ts": 87.71755481199578, "optimize_days_cont": 10.433938065834647, "pre_optlux": 950.66188146948, "on_time_norm": 1.0, "duration_h": [6.0, 16.0]}, "final_J": 0.0680599487281652, "goal_complete": true, "optimize_days": 10}
{"target": -1.2916666666666667, "params": {"ts": 11.32947290635203, "optimize_days_cont": 15.615832425114494, "pre_optlux": 958.3707190275733, "on_time_norm": 0.0, "duration_h": [6.0, 16.0]}, "final_J": 0.03368895934322986, "goal_complete": true, "optimize_days": 16}
{"target": -0.875, "params": {"ts": 77.71827779713966, "optimize_days_cont": 1.0, "pre_optlux": 972.2350676027977, "on_time_norm": 1.0, "duration_h": [6.0, 16.0]}, "final_J": 0.09513279522963987, "goal_complete": true, "optimize_days": 1}
{"target": -1.0, "params": {"ts": 74.62676165901782, "optimize_days_cont": 15.893963922988807, "pre_optlux": 962.0866475395541, "on_time_norm": 1.0, "duration_h": [6.0, 16.0]}, "final_J": 0.0833786382578391, "goal_complete": true, "optimize_days": 16}
{"target": -0.875, "params": {"ts": 93.31887444193235, "optimize_days_cont": 1.0, "pre_optlux": 966.1475387607757, "on_time_norm": 0.0, "duration_h": [6.0, 16.0]}, "final_J": 0.09876672485782602, "goal_complete": true, "optimize_days": 1}
{"target": -1.0, "params": {"ts": 91.83458212568465, "optimize_days_cont": 15.020050267970323, "pre_optlux": 974.6547546980161, "on_time_norm": 1.0, "duration_h": [6.0, 16.0]}, "final_J": 0.10247809814428063, "goal_complete": true, "optimize_days": 15}
{"target": -0.875, "params": {"ts": 89.68762177124778, "optimize_days_cont": 1.0, "pre_optlux": 985.7497720996583, "on_time_norm": 0.0, "duration_h": [6.0, 16.0]}, "final_J": 0.09883732369956585, "goal_complete": true, "optimize_days": 1}
{"target": -0.875, "params": {"ts": 64.35047264358533, "optimize_days_cont": 1.0, "pre_optlux": 1451.6030578092682, "on_time_norm": 0.0, "duration_h": [6.0, 16.0]}, "final_J": 0.11506293660862763, "goal_complete": true, "optimize_days": 1}
{"target": -0.875, "params": {"ts": 53.65076627237361, "optimize_days_cont": 1.0, "pre_optlux": 1467.666511936269, "on_time_norm": 0.0, "duration_h": [6.0, 16.0]}, "final_J": 0.09854109714929535, "goal_complete": true, "optimize_days": 1}
{"target": -5.291666666666667, "params": {"ts": 60.57463381591922, "optimize_days_cont": 16.561229926899713, "pre_optlux": 1460.3318450990598, "on_time_norm": 0.0, "duration_h": [6.0, 16.0]}, "final_J": 0.03491848651821664, "goal_complete": true, "optimize_days": 17}
{"target": -0.875, "params": {"ts": 77.34995860578246, "optimize_days_cont": 1.0, "pre_optlux": 1442.2645991913394, "on_time_norm": 0.6132138619292795, "duration_h": [6.0, 16.0]}, "final_J": 0.09896408366475402, "goal_complete": true, "optimize_days": 1}
{"target": -0.875, "params": {"ts": 63.80651080559511, "optimize_days_cont": 1.0, "pre_optlux": 1482.4816117699042, "on_time_norm": 1.0, "duration_h": [6.0, 16.0]}, "final_J": 0.0947674566367028, "goal_complete": true, "optimize_days": 1}
{"target": -0.875, "params": {"ts": 45.8154740542952, "optimize_days_cont": 1.0, "pre_optlux": 1482.02643305227, "on_time_norm": 0.3182038184247286, "duration_h": [6.0, 16.0]}, "final_J": 0.09877689773629739, "goal_complete": true, "optimize_days": 1}
{"target": -2.29196880064577, "params": {"ts": 23.105816836200347, "optimize_days_cont": 10.940103486612847, "pre_optlux": 893.4469663845945, "on_time_norm": 0.045601950132806324, "duration_h": [6.0, 16.0]}, "final_J": 0.00777346742584616, "goal_complete": true, "optimize_days": 11}
{"target": -1.0284189319135943, "params": {"ts": 23.08501322743759, "optimize_days_cont": 14.085797074605773, "pre_optlux": 371.03742375121396, "on_time_norm": 0.07032486680550032, "duration_h": [6.0, 16.0]}, "final_J": 0.07539089058181278, "goal_complete": true, "optimize_days": 14}
{"target": -0.9914016403387232, "params": {"ts": 56.804456643247704, "optimize_days_cont": 2.481854448409754, "pre_optlux": 1125.5646900185338, "on_time_norm": 0.15845217352316643, "duration_h": [6.0, 16.0]}, "final_J": 0.08132442069315936, "goal_complete": true, "optimize_days": 2}
{"target": -1.3362905853651412, "params": {"ts": 30.055238354117552, "optimize_days_cont": 14.235603569963303, "pre_optlux": 776.7565188542048, "on_time_norm": 0.21506214371433952, "duration_h": [6.0, 16.0]}, "final_J": 0.024319753419012796, "goal_complete": true, "optimize_days": 14}
{"target": -0.9586665021725678, "params": {"ts": 12.966996402356731, "optimize_days_cont": 18.436053147149774, "pre_optlux": 914.702543770914, "on_time_norm": 0.47201931574192724, "duration_h": [6.0, 16.0]}, "final_J": 0.008162950927628795, "goal_complete": true, "optimize_days": 18}
{"target": -1.2928972958106175, "params": {"ts": 5.278357243925987, "optimize_days_cont": 15.296453422239487, "pre_optlux": 883.4132092262794, "on_time_norm": 0.7671904257147006, "duration_h": [6.0, 16.0]}, "final_J": 0.015688397903870038, "goal_complete": true, "optimize_days": 15}
{"target": -1.2936438384319018, "params": {"ts": 8.149916558088384, "optimize_days_cont": 13.534600853749103, "pre_optlux": 221.95410676473352, "on_time_norm": 0.6850244527227007, "duration_h": [6.0, 16.0]}, "final_J": 0.019885531248799642, "goal_complete": true, "optimize_days": 14}
{"target": -2.335271238334962, "params": {"ts": 47.331618590616145, "optimize_days_cont": 13.56012736053423, "pre_optlux": 1081.454953100926, "on_time_norm": 0.2633294844455638, "duration_h": [6.0, 16.0]}, "final_J": 0.019687076987853654, "goal_complete": true, "optimize_days": 14}
{"target": -1.0210842514491731, "params": {"ts": 77.35815021585175, "optimize_days_cont": 16.50670419948814, "pre_optlux": 338.51616506019934, "on_time_norm": 0.5780067455748411, "duration_h": [6.0, 16.0]}, "final_J": 0.06493727966149064, "goal_complete": true, "optimize_days": 17}
{"target": -1.0087317204794222, "params": {"ts": 23.989333259437583, "optimize_days_cont": 4.774231318116989, "pre_optlux": 516.5125439397189, "on_time_norm": 0.976852764010693, "duration_h": [6.0, 16.0]}, "final_J": 0.04178928206950264, "goal_complete": true, "optimize_days": 5}
{"target": -0.9210627652140715, "params": {"ts": 36.28433428914752, "optimize_days_cont": 1.3495989859817095, "pre_optlux": 982.6668639532691, "on_time_norm": 0.23040538778108444, "duration_h": [6.0, 16.0]}, "final_J": 0.0959820454189965, "goal_complete": true, "optimize_days": 1}
{"target": -1.0178072485962617, "params": {"ts": 58.84077063109376, "optimize_days_cont": 8.981967537205383, "pre_optlux": 1107.491323463064, "on_time_norm": 0.9720455259033695, "duration_h": [6.0, 16.0]}, "final_J": 0.05967788299908398, "goal_complete": true, "optimize_days": 9}
{"target": -1.3031094694910692, "params": {"ts": 43.63486278650694, "optimize_days_cont": 19.196843396417563, "pre_optlux": 214.47343649160942, "on_time_norm": 0.7327818008916883, "duration_h": [6.0, 16.0]}, "final_J": 0.04783890221232583, "goal_complete": true, "optimize_days": 19}
{"target": -1.0390949036340877, "params": {"ts": 53.17351161162144, "optimize_days_cont": 11.772761585575223, "pre_optlux": 1125.9760864836403, "on_time_norm": 0.6826033501652629, "duration_h": [6.0, 16.0]}, "final_J": 0.08842500057572826, "goal_complete": true, "optimize_days": 12}
{"target": -1.0044626760332884, "params": {"ts": 12.171706697977584, "optimize_days_cont": 4.784090011256047, "pre_optlux": 1123.7809591132172, "on_time_norm": 0.39386732248283196, "duration_h": [6.0, 16.0]}, "final_J": 0.02987532772469096, "goal_complete": true, "optimize_days": 5}
{"target": -0.9611070865040074, "params": {"ts": 16.19112292109049, "optimize_days_cont": 2.910906277613152, "pre_optlux": 699.7835942543549, "on_time_norm": 0.5829154644665038, "duration_h": [6.0, 16.0]}, "final_J": 0.023553144888417886, "goal_complete": true, "optimize_days": 3}
{"target": -1.3001132949073095, "params": {"ts": 87.16572333579319, "optimize_days_cont": 19.36399704765088, "pre_optlux": 765.0125547254927, "on_time_norm": 0.4004229990716831, "duration_h": [6.0, 16.0]}, "final_J": 0.041101406887460244, "goal_complete": true, "optimize_days": 19}
{"target": -2.2922613804881666, "params": {"ts": 83.00764660756872, "optimize_days_cont": 18.28698222982436, "pre_optlux": 1184.2845115892483, "on_time_norm": 0.06831478431392501, "duration_h": [6.0, 16.0]}, "final_J": 0.010906088405108958, "goal_complete": true, "optimize_days": 18}
{"target": -0.9168166641236626, "params": {"ts": 93.98239711040948, "optimize_days_cont": 2.940710497156282, "pre_optlux": 1469.6783471939355, "on_time_norm": 0.35668872437448984, "duration_h": [6.0, 16.0]}, "final_J": 0.0054771791461655315, "goal_complete": true, "optimize_days": 3}
{"target": -1.2946109791335074, "params": {"ts": 13.155784921739329, "optimize_days_cont": 19.265691674858058, "pre_optlux": 1029.0949266816813, "on_time_norm": 0.9366778098943237, "duration_h": [6.0, 16.0]}, "final_J": 0.024266489102631707, "goal_complete": true, "optimize_days": 19}
{"target": -1.0049244341960077, "params": {"ts": 94.26036254980775, "optimize_days_cont": 3.782227036526038, "pre_optlux": 1469.53057995482, "on_time_norm": 0.5370564150130339, "duration_h": [6.0, 16.0]}, "final_J": 0.0313829067997462, "goal_complete": true, "optimize_days": 4}
{"target": -0.946028691114971, "params": {"ts": 84.30849813874578, "optimize_days_cont": 1.0, "pre_optlux": 1474.8181781690741, "on_time_norm": 0.0, "duration_h": [6.0, 16.0]}, "final_J": 0.11918782749506851, "goal_complete": true, "optimize_days": 1}
{"target": -0.9401320793472383, "params": {"ts": 87.46097470309584, "optimize_days_cont": 1.0, "pre_optlux": 1459.3081117303605, "on_time_norm": 0.0, "duration_h": [6.0, 16.0]}, "final_J": 0.11413332497324201, "goal_complete": true, "optimize_days": 1}
{"target": -0.935591655592878, "params": {"ts": 100.0, "optimize_days_cont": 1.0, "pre_optlux": 1482.2359062055407, "on_time_norm": 0.0, "duration_h": [6.0, 16.0]}, "final_J": 0.11008329173210443, "goal_complete": true, "optimize_days": 1}
{"target": -1.2934815337345273, "params": {"ts": 4.901837054806372, "optimize_days_cont": 20.0, "pre_optlux": 930.2109032338298, "on_time_norm": 0.8146929694840556, "duration_h": [6.0, 16.0]}, "final_J": 0.019051861157695995, "goal_complete": true, "optimize_days": 20}
{"target": -1.035643853468596, "params": {"ts": 73.77956574674135, "optimize_days_cont": 8.625621128095865, "pre_optlux": 1120.03970001425, "on_time_norm": 1.0, "duration_h": [6.0, 16.0]}, "final_J": 0.08443204778826126, "goal_complete": true, "optimize_days": 9}
{"target": -1.291914915304219, "params": {"ts": 53.01313237254984, "optimize_days_cont": 6.7246553046669, "pre_optlux": 977.8558334599551, "on_time_norm": 0.008298238897626315, "duration_h": [6.0, 16.0]}, "final_J": 0.0070462562762425626, "goal_complete": true, "optimize_days": 7}
{"target": -0.9213730286000261, "params": {"ts": 19.110118793284613, "optimize_days_cont": 1.0, "pre_optlux": 984.9019329448521, "on_time_norm": 0.40840783901368516, "duration_h": [6.0, 16.0]}, "final_J": 0.09630475439979706, "goal_complete": true, "optimize_days": 1}
{"target": -0.9210229186794168, "params": {"ts": 28.981176835349178, "optimize_days_cont": 1.0, "pre_optlux": 998.4114390980046, "on_time_norm": 1.0, "duration_h": [6.0, 16.0]}, "final_J": 0.0959405218658068, "goal_complete": true, "optimize_days": 1}
{"target": -1.023705588350522, "params": {"ts": 26.07789897409465, "optimize_days_cont": 16.664895942615644, "pre_optlux": 987.0909303652745, "on_time_norm": 1.0, "duration_h": [6.0, 16.0]}, "final_J": 0.0688557744136566, "goal_complete": true, "optimize_days": 17}
{"target": -0.9210230764850931, "params": {"ts": 23.967613932780136, "optimize_days_cont": 1.0, "pre_optlux": 967.689004738572, "on_time_norm": 1.0, "duration_h": [6.0, 16.0]}, "final_J": 0.09594068634848624, "goal_complete": true, "optimize_days": 1}
{"target": -1.2934638331123172, "params": {"ts": 3.8633044578135376, "optimize_days_cont": 7.086154498292247, "pre_optlux": 972.9248529878778, "on_time_norm": 1.0, "duration_h": [6.0, 16.0]}, "final_J": 0.018958725936362532, "goal_complete": true, "optimize_days": 7}
{"target": -0.9176817953268123, "params": {"ts": 19.432631523209384, "optimize_days_cont": 2.1449936766684967, "pre_optlux": 678.7734664778034, "on_time_norm": 0.0, "duration_h": [6.0, 16.0]}, "final_J": 0.0142487098373548, "goal_complete": true, "optimize_days": 2}
{"target": -1.297202858512681, "params": {"ts": 3.8647468483175516, "optimize_days_cont": 13.540323521469722, "pre_optlux": 685.0690006734998, "on_time_norm": 0.26153135565471425, "duration_h": [6.0, 16.0]}, "final_J": 0.033275191497613495, "goal_complete": true, "optimize_days": 14}
{"target": -0.9225325195882335, "params": {"ts": 34.7683831658777, "optimize_days_cont": 1.0, "pre_optlux": 690.302377473215, "on_time_norm": 0.21664002044601954, "duration_h": [6.0, 16.0]}, "final_J": 0.09750130213308277, "goal_complete": true, "optimize_days": 1}
{"target": -0.9197548622652357, "params": {"ts": 36.80206320211098, "optimize_days_cont": 1.0, "pre_optlux": 670.1175497999321, "on_time_norm": 1.0, "duration_h": [6.0, 16.0]}, "final_J": 0.09460957907657735, "goal_complete": true, "optimize_days": 1}
{"target": -1.02183488575722, "params": {"ts": 34.63151327261888, "optimize_days_cont": 18.016251505616562, "pre_optlux": 678.1532814267183, "on_time_norm": 0.0, "duration_h": [6.0, 16.0]}, "final_J": 0.06608310791302104, "goal_complete": true, "optimize_days": 18}
{"target": -0.925062301875391, "params": {"ts": 22.964845357480385, "optimize_days_cont": 1.0, "pre_optlux": 656.323372143366, "on_time_norm": 0.0, "duration_h": [6.0, 16.0]}, "final_J": 0.1000622824798545, "goal_complete": true, "optimize_days": 1}
{"target": -1.0407557344945049, "params": {"ts": 42.5081200520504, "optimize_days_cont": 10.754679661607339, "pre_optlux": 651.410358273062, "on_time_norm": 0.0, "duration_h": [6.0, 16.0]}, "final_J": 0.0902837022884029, "goal_complete": true, "optimize_days": 11}
{"target": -1.0379828871310661, "params": {"ts": 34.373951630343484, "optimize_days_cont": 12.537400400449284, "pre_optlux": 709.4929682676627, "on_time_norm": 1.0, "duration_h": [6.0, 16.0]}, "final_J": 0.0871583468533749, "goal_complete": true, "optimize_days": 13}
{"target": -0.921822935281871, "params": {"ts": 56.862978913555025, "optimize_days_cont": 1.0, "pre_optlux": 679.267016534809, "on_time_norm": 0.0, "duration_h": [6.0, 16.0]}, "final_J": 0.09677079650583748, "goal_complete": true, "optimize_days": 1}
{"target": -1.043026706895749, "params": {"ts": 56.89346756670727, "optimize_days_cont": 15.015608120607977, "pre_optlux": 693.4878056203735, "on_time_norm": 1.0, "duration_h": [6.0, 16.0]}, "final_J": 0.09276497927100415, "goal_complete": true, "optimize_days": 15}
{"target": -1.0400384101637938, "params": {"ts": 64.90578384317405, "optimize_days_cont": 14.764790774554212, "pre_optlux": 665.9599362189407, "on_time_norm": 1.0, "duration_h": [6.0, 16.0]}, "final_J": 0.08948565266431689, "goal_complete": true, "optimize_days": 15}
{"target": -0.9227929603512874, "params": {"ts": 79.97334522363013, "optimize_days_cont": 1.0, "pre_optlux": 684.8521024656052, "on_time_norm": 0.0, "duration_h": [6.0, 16.0]}, "final_J": 0.0977680524008609, "goal_complete": true, "optimize_days": 1}
{"target": -0.9232887725530128, "params": {"ts": 72.59644928630718, "optimize_days_cont": 1.0, "pre_optlux": 706.2274450342478, "on_time_norm": 0.0, "duration_h": [6.0, 16.0]}, "final_J": 0.09827387501570582, "goal_complete": true, "optimize_days": 1}
{"target": -1.0559140058691647, "params": {"ts": 86.62862228602052, "optimize_days_cont": 18.10425441988114, "pre_optlux": 699.1543565593839, "on_time_norm": 0.0, "duration_h": [6.0, 16.0]}, "final_J": 0.10574876440806745, "goal_complete": true, "optimize_days": 18}
{"target": -0.9198768918214408, "params": {"ts": 54.64376943356551, "optimize_days_cont": 1.0, "pre_optlux": 721.0252481415971, "on_time_norm": 0.0, "duration_h": [6.0, 16.0]}, "final_J": 0.09473847351677235, "goal_complete": true, "optimize_days": 1}
{"target": -1.0153194456973902, "params": {"ts": 66.41575946545534, "optimize_days_cont": 19.93471960537503, "pre_optlux": 722.0311389539436, "on_time_norm": 0.0, "duration_h": [6.0, 16.0]}, "final_J": 0.055352408614965015, "goal_complete": true, "optimize_days": 20}
{"target": -0.9219799464107616, "params": {"ts": 76.45742021581563, "optimize_days_cont": 1.0, "pre_optlux": 727.9506184995073, "on_time_norm": 1.0, "duration_h": [6.0, 16.0]}, "final_J": 0.09693291124356229, "goal_complete": true, "optimize_days": 1}
{"target": -0.9211479116501714, "params": {"ts": 96.44314777332256, "optimize_days_cont": 1.0, "pre_optlux": 718.2530881949207, "on_time_norm": 1.0, "duration_h": [6.0, 16.0]}, "final_J": 0.09607071525722229, "goal_complete": true, "optimize_days": 1}
{"target": -1.0525676437883773, "params": {"ts": 94.95737385582183, "optimize_days_cont": 20.0, "pre_optlux": 726.6276269221953, "on_time_norm": 1.0, "duration_h": [6.0, 16.0]}, "final_J": 0.10253549998744557, "goal_complete": true, "optimize_days": 20}
{"target": -0.9190107072323728, "params": {"ts": 90.96243636726227, "optimize_days_cont": 1.0, "pre_optlux": 662.4187243838988, "on_time_norm": 0.0, "duration_h": [6.0, 16.0]}, "final_J": 0.09381972845022822, "goal_complete": true, "optimize_days": 1}
{"target": -0.9214626374619407, "params": {"ts": 100.0, "optimize_days_cont": 1.0, "pre_optlux": 682.4682065650092, "on_time_norm": 1.0, "duration_h": [6.0, 16.0]}, "final_J": 0.09639775667715576, "goal_complete": true, "optimize_days": 1}
{"target": -7.292537048020974, "params": {"ts": 100.0, "optimize_days_cont": 20.0, "pre_optlux": 667.7855744603926, "on_time_norm": 0.0, "duration_h": [6.0, 16.0]}, "final_J": 0.013193796681071228, "goal_complete": true, "optimize_days": 20}
{"target": -0.9213262649532413, "params": {"ts": 98.35021632420516, "optimize_days_cont": 1.0, "pre_optlux": 699.9789158805609, "on_time_norm": 1.0, "duration_h": [6.0, 16.0]}, "final_J": 0.09625618416833413, "goal_complete": true, "optimize_days": 1}
{"target": -0.9210690244214165, "params": {"ts": 72.56018867429114, "optimize_days_cont": 1.0, "pre_optlux": 651.884008047059, "on_time_norm": 0.0, "duration_h": [6.0, 16.0]}, "final_J": 0.0959885664247742, "goal_complete": true, "optimize_days": 1}
{"target": -0.9212659381299793, "params": {"ts": 55.18015795423334, "optimize_days_cont": 1.0, "pre_optlux": 745.882641979529, "on_time_norm": 1.0, "duration_h": [6.0, 16.0]}, "final_J": 0.09619349055937126, "goal_complete": true, "optimize_days": 1}
{"target": -0.9218821216586465, "params": {"ts": 31.160575592621417, "optimize_days_cont": 1.0, "pre_optlux": 735.3675996946195, "on_time_norm": 0.0, "duration_h": [6.0, 16.0]}, "final_J": 0.0968319385932622, "goal_complete": true, "optimize_days": 1}
{"target": -1.0242954259636607, "params": {"ts": 43.522439373672206, "optimize_days_cont": 20.0, "pre_optlux": 736.3552805145134, "on_time_norm": 1.0, "duration_h": [6.0, 16.0]}, "final_J": 0.06970713875014616, "goal_complete": true, "optimize_days": 20}
{"target": -0.9283141839902276, "params": {"ts": 7.143394558105621, "optimize_days_cont": 1.0, "pre_optlux": 726.543977921926, "on_time_norm": 1.0, "duration_h": [6.0, 16.0]}, "final_J": 0.10326101296251905, "goal_complete": true, "optimize_days": 1}
