{"target": -9999.0, "params": {"ts": 31.589717930846454, "optimize_days_cont": 4.531603696966519, "pre_optlux": 185.62252792199266, "on_time_norm": 1.0, "duration_h": [6.0, 16.0]}, "final_J": 0.3963260223160462, "goal_complete": false, "optimize_days": 5}
{"target": -9999.0, "params": {"ts": 49.724867833261314, "optimize_days_cont": 2.155552314187218, "pre_optlux": 1092.2155265365107, "on_time_norm": 0.0, "duration_h": [6.0, 16.0]}, "final_J": 0.954579914600753, "goal_complete": false, "optimize_days": 2}
{"target": -10.041666666666666, "params": {"ts": 63.40624500682269, "optimize_days_cont": 18.87155447423585, "pre_optlux": 1089.9421412040429, "on_time_norm": 1.0, "duration_h": [6.0, 16.0]}, "final_J": 0.10023809718193344, "goal_complete": true, "optimize_days": 19}
{"target": -11.041666666666666, "params": {"ts": 22.706120271053283, "optimize_days_cont": 20.0, "pre_optlux": 198.03492140096859, "on_time_norm": 0.6844863478126336, "duration_h": [6.0, 16.0]}, "final_J": 0.03360691146424904, "goal_complete": true, "optimize_days": 20}
{"target": -10.333333333333334, "params": {"ts": 59.97973854437811, "optimize_days_cont": 20.0, "pre_optlux": 1104.5005722407939, "on_time_norm": 1.0, "duration_h": [6.0, 16.0]}, "final_J": 0.09400023575393399, "goal_complete": true, "optimize_days": 20}
{"target": -10.0, "params": {"ts": 77.11715237667613, "optimize_days_cont": 11.819792600209887, "pre_optlux": 1085.2309071644192, "on_time_norm": 1.0, "duration_h": [6.0, 16.0]}, "final_J": 0.051706246621671885, "goal_complete": true, "optimize_days": 12}
{"target": -5.958333333333333, "params": {"ts": 73.9711758913091, "optimize_days_cont": 7.287829319845214, "pre_optlux": 1099.3402829719378, "on_time_norm": 1.0, "duration_h": [6.0, 16.0]}, "final_J": 0.0115358372668694, "goal_complete": true, "optimize_days": 7}
{"target": -14.0, "params": {"ts": 12.20121828937004, "optimize_days_cont": 20.0, "pre_optlux": 179.0818222743072, "on_time_norm": 0.0, "duration_h": [6.0, 16.0]}, "final_J": 0.027256231337396363, "goal_complete": true, "optimize_days": 20}
{"target": -10.958333333333334, "params": {"ts": 51.0668967826234, "optimize_days_cont": 20.0, "pre_optlux": 1067.7768377006214, "on_time_norm": 1.0, "duration_h": [6.0, 16.0]}, "final_J": 0.08842645994978103, "goal_complete": true, "optimize_days": 20}
{"target": -5.916666666666667, "params": {"ts": 66.59460434339034, "optimize_days_cont": 6.772488143561979, "pre_optlux": 1071.4314357641701, "on_time_norm": 1.0, "duration_h": [6.0, 16.0]}, "final_J": 0.008471623976422692, "goal_complete": true, "optimize_days": 7}
{"target": -10.333333333333334, "params": {"ts": 45.24211305980182, "optimize_days_cont": 20.0, "pre_optlux": 911.3974461992508, "on_time_norm": 1.0, "duration_h": [6.0, 16.0]}, "final_J": 0.0791846676108307, "goal_complete": true, "optimize_days": 20}
{"target": -8.916666666666666, "params": {"ts": 34.72202648751364, "optimize_days_cont": 11.265799596577402, "pre_optlux": 922.8509576259853, "on_time_norm": 0.0, "duration_h": [6.0, 16.0]}, "final_J": 0.014416145604876055, "goal_complete": true, "optimize_days": 11}
{"target": -10.041666666666666, "params": {"ts": 45.13829451083135, "optimize_days_cont": 20.0, "pre_optlux": 930.0316690667123, "on_time_norm": 1.0, "duration_h": [6.0, 16.0]}, "final_J": 0.10995847790295099, "goal_complete": true, "optimize_days": 20}
{"target": -5.958333333333333, "params": {"ts": 54.62548895978903, "optimize_days_cont": 6.770631354154963, "pre_optlux": 923.8683920180641, "on_time_norm": 0.0, "duration_h": [6.0, 16.0]}, "final_J": 0.053519409828188744, "goal_complete": true, "optimize_days": 7}
{"target": -10.0, "params": {"ts": 62.418898634014, "optimize_days_cont": 20.0, "pre_optlux": 917.3964836423282, "on_time_norm": 0.0, "duration_h": [6.0, 16.0]}, "final_J": 0.09825679555601954, "goal_complete": true, "optimize_days": 20}
{"target": -10.0, "params": {"ts": 62.974954599013884, "optimize_days_cont": 20.0, "pre_optlux": 934.9944858921816, "on_time_norm": 1.0, "duration_h": [6.0, 16.0]}, "final_J": 0.1078590259979892, "goal_complete": true, "optimize_days": 20}
{"target": -8.292482924619739, "params": {"ts": 23.105816836200347, "optimize_days_cont": 10.940103486612847, "pre_optlux": 893.4469663845945, "on_time_norm": 0.045601950132806324, "duration_h": [6.0, 16.0]}, "final_J": 0.012776994584590128, "goal_complete": true, "optimize_days": 11}
{"target": -9.009316168875426, "params": {"ts": 23.08501322743759, "optimize_days_cont": 14.085797074605773, "pre_optlux": 371.03742375121396, "on_time_norm": 0.07032486680550032, "duration_h": [6.0, 16.0]}, "final_J": 0.043165191706803274, "goal_complete": true, "optimize_days": 14}
{"target": -6.557361561190146, "params": {"ts": 56.804456643247704, "optimize_days_cont": 2.481854448409754, "pre_optlux": 1125.5646900185338, "on_time_norm": 0.15845217352316643, "duration_h": [6.0, 16.0]}, "final_J": 0.9547105908274136, "goal_complete": false, "optimize_days": 2}
{"target": -9.003317736927952, "params": {"ts": 30.055238354117552, "optimize_days_cont": 14.235603569963303, "pre_optlux": 776.7565188542048, "on_time_norm": 0.21506214371433952, "duration_h": [6.0, 16.0]}, "final_J": 0.02575941353351098, "goal_complete": true, "optimize_days": 14}
{"target": -7.2920619057718055, "params": {"ts": 12.966996402356731, "optimize_days_cont": 18.436053147149774, "pre_optlux": 914.702543770914, "on_time_norm": 0.47201931574192724, "duration_h": [6.0, 16.0]}, "final_J": 0.008890884153314424, "goal_complete": true, "optimize_days": 18}
{"target": -10.959982562143502, "params": {"ts": 5.278357243925987, "optimize_days_cont": 15.296453422239487, "pre_optlux": 883.4132092262794, "on_time_norm": 0.7671904257147006, "duration_h": [6.0, 16.0]}, "final_J": 0.018161656368118055, "goal_complete": true, "optimize_days": 15}
{"target": -11.004310039713916, "params": {"ts": 8.149916558088384, "optimize_days_cont": 13.534600853749103, "pre_optlux": 221.95410676473352, "on_time_norm": 0.6850244527227007, "duration_h": [6.0, 16.0]}, "final_J": 0.029359971777629855, "goal_complete": true, "optimize_days": 14}
{"target": -9.961087741900483, "params": {"ts": 47.331618590616145, "optimize_days_cont": 13.56012736053423, "pre_optlux": 1081.454953100926, "on_time_norm": 0.2633294844455638, "duration_h": [6.0, 16.0]}, "final_J": 0.02347086946471999, "goal_complete": true, "optimize_days": 14}
{"target": -13.041962582534188, "params": {"ts": 77.35815021585175, "optimize_days_cont": 16.50670419948814, "pre_optlux": 338.51616506019934, "on_time_norm": 0.5780067455748411, "duration_h": [6.0, 16.0]}, "final_J": 0.09161067899998072, "goal_complete": true, "optimize_days": 17}
{"target": -5.688095065099706, "params": {"ts": 23.989333259437583, "optimize_days_cont": 4.774231318116989, "pre_optlux": 516.5125439397189, "on_time_norm": 0.976852764010693, "duration_h": [6.0, 16.0]}, "final_J": 0.37097036676794176, "goal_complete": false, "optimize_days": 5}
{"target": -8.133894192222513, "params": {"ts": 36.28433428914752, "optimize_days_cont": 1.3495989859817095, "pre_optlux": 982.6668639532691, "on_time_norm": 0.23040538778108444, "duration_h": [6.0, 16.0]}, "final_J": 1.194478479690824, "goal_complete": false, "optimize_days": 1}
{"target": -7.002066261495446, "params": {"ts": 58.84077063109376, "optimize_days_cont": 8.981967537205383, "pre_optlux": 1107.491323463064, "on_time_norm": 0.9720455259033695, "duration_h": [6.0, 16.0]}, "final_J": 0.020328607898456013, "goal_complete": true, "optimize_days": 9}
{"target": -12.025044192207915, "params": {"ts": 43.63486278650694, "optimize_days_cont": 19.196843396417563, "pre_optlux": 214.47343649160942, "on_time_norm": 0.7327818008916883, "duration_h": [6.0, 16.0]}, "final_J": 0.07077314774392233, "goal_complete": true, "optimize_days": 19}
{"target": -9.014936424215541, "params": {"ts": 53.17351161162144, "optimize_days_cont": 11.772761585575223, "pre_optlux": 1125.9760864836403, "on_time_norm": 0.6826033501652629, "duration_h": [6.0, 16.0]}, "final_J": 0.054656059527817685, "goal_complete": true, "optimize_days": 12}
{"target": -5.976051644293902, "params": {"ts": 12.171706697977584, "optimize_days_cont": 4.784090011256047, "pre_optlux": 1123.7809591132172, "on_time_norm": 0.39386732248283196, "duration_h": [6.0, 16.0]}, "final_J": 0.4418261296695572, "goal_complete": false, "optimize_days": 5}
{"target": -5.715584332098976, "params": {"ts": 16.19112292109049, "optimize_days_cont": 2.910906277613152, "pre_optlux": 699.7835942543549, "on_time_norm": 0.5829154644665038, "duration_h": [6.0, 16.0]}, "final_J": 0.7369646303723097, "goal_complete": false, "optimize_days": 3}
{"target": -9.305750411886615, "params": {"ts": 87.16572333579319, "optimize_days_cont": 19.36399704765088, "pre_optlux": 765.0125547254927, "on_time_norm": 0.4004229990716831, "duration_h": [6.0, 16.0]}, "final_J": 0.05307305384081315, "goal_complete": true, "optimize_days": 19}
{"target": -10.000661870095582, "params": {"ts": 83.00764660756872, "optimize_days_cont": 18.28698222982436, "pre_optlux": 1184.2845115892483, "on_time_norm": 0.06831478431392501, "duration_h": [6.0, 16.0]}, "final_J": 0.011505390871957946, "goal_complete": true, "optimize_days": 18}
{"target": -5.687626524713975, "params": {"ts": 93.98239711040948, "optimize_days_cont": 2.940710497156282, "pre_optlux": 1469.6783471939355, "on_time_norm": 0.35668872437448984, "duration_h": [6.0, 16.0]}, "final_J": 0.7331611725553904, "goal_complete": false, "optimize_days": 3}
{"target": -12.292792553999767, "params": {"ts": 13.155784921739329, "optimize_days_cont": 19.265691674858058, "pre_optlux": 1029.0949266816813, "on_time_norm": 0.9366778098943237, "duration_h": [6.0, 16.0]}, "final_J": 0.015005914388006514, "goal_complete": true, "optimize_days": 19}
{"target": -5.7135295482609205, "params": {"ts": 15.958185140329226, "optimize_days_cont": 2.844639466796079, "pre_optlux": 699.8223101770615, "on_time_norm": 0.591222088311603, "duration_h": [6.0, 16.0]}, "final_J": 0.7366857604516217, "goal_complete": false, "optimize_days": 3}
{"target": -5.686200299053371, "params": {"ts": 80.36959636082881, "optimize_days_cont": 2.6933022837638774, "pre_optlux": 1486.1134649604614, "on_time_norm": 0.9295368514181778, "duration_h": [6.0, 16.0]}, "final_J": 0.7329666157545472, "goal_complete": false, "optimize_days": 3}
{"target": -11.020174754604625, "params": {"ts": 100.0, "optimize_days_cont": 19.935424612632612, "pre_optlux": 1489.4394115630896, "on_time_norm": 0.0019006293688931192, "duration_h": [6.0, 16.0]}, "final_J": 0.11121278817770097, "goal_complete": true, "optimize_days": 20}
{"target": -8.13529148989487, "params": {"ts": 76.49956462339811, "optimize_days_cont": 1.0, "pre_optlux": 1468.4835747099066, "on_time_norm": 1.0, "duration_h": [6.0, 16.0]}, "final_J": 1.194595453690903, "goal_complete": false, "optimize_days": 1}
{"target": -6.195895955175966, "params": {"ts": 25.574488099531717, "optimize_days_cont": 5.626325067269011, "pre_optlux": 530.4451879343327, "on_time_norm": 0.406900253908435, "duration_h": [6.0, 16.0]}, "final_J": 0.19793734118451004, "goal_complete": false, "optimize_days": 6}
{"target": -10.335836197128117, "params": {"ts": 12.179559203881752, "optimize_days_cont": 16.254578299908758, "pre_optlux": 521.5989979325855, "on_time_norm": 0.24887425323546683, "duration_h": [6.0, 16.0]}, "final_J": 0.02237348338897515, "goal_complete": true, "optimize_days": 16}
{"target": -8.13718694389369, "params": {"ts": 35.24307125339444, "optimize_days_cont": 1.0, "pre_optlux": 520.7096173516712, "on_time_norm": 1.0, "duration_h": [6.0, 16.0]}, "final_J": 1.1947541122669292, "goal_complete": false, "optimize_days": 1}
{"target": -8.135710254870595, "params": {"ts": 90.2950765989369, "optimize_days_cont": 1.0, "pre_optlux": 1479.813501847279, "on_time_norm": 1.0, "duration_h": [6.0, 16.0]}, "final_J": 1.1946305081380264, "goal_complete": false, "optimize_days": 1}
{"target": -8.133872665833316, "params": {"ts": 72.53421523361868, "optimize_days_cont": 1.3245225893089985, "pre_optlux": 1487.8516198859522, "on_time_norm": 0.19991787075522813, "duration_h": [6.0, 16.0]}, "final_J": 1.1944766775314883, "goal_complete": false, "optimize_days": 1}
{"target": -5.686882485262506, "params": {"ts": 94.2548068793188, "optimize_days_cont": 2.8711753541963807, "pre_optlux": 1460.953815781868, "on_time_norm": 0.0, "duration_h": [6.0, 16.0]}, "final_J": 0.7330596817807546, "goal_complete": false, "optimize_days": 3}
{"target": -11.033247473533645, "params": {"ts": 90.32046138614076, "optimize_days_cont": 11.666319283629376, "pre_optlux": 1465.4334226749131, "on_time_norm": 0.0, "duration_h": [6.0, 16.0]}, "final_J": 0.08154443394082153, "goal_complete": true, "optimize_days": 12}
{"target": -6.537682114113522, "params": {"ts": 22.84322437220639, "optimize_days_cont": 1.8661687806531544, "pre_optlux": 523.2712216755375, "on_time_norm": 0.8485162937234597, "duration_h": [6.0, 16.0]}, "final_J": 0.952647060995154, "goal_complete": false, "optimize_days": 2}
{"target": -8.134071374219975, "params": {"ts": 100.0, "optimize_days_cont": 1.0, "pre_optlux": 1464.800098614177, "on_time_norm": 0.45240796610402273, "duration_h": [6.0, 16.0]}, "final_J": 1.1944933130176976, "goal_complete": false, "optimize_days": 1}
{"target": -7.926011868231672, "params": {"ts": 26.76110586977792, "optimize_days_cont": 8.848886900482801, "pre_optlux": 522.0723537679751, "on_time_norm": 0.5828532892697811, "duration_h": [6.0, 16.0]}, "final_J": 0.04323239888094485, "goal_complete": true, "optimize_days": 9}
{"target": -8.133168044191354, "params": {"ts": 90.48487919945855, "optimize_days_cont": 1.0, "pre_optlux": 1465.669596358026, "on_time_norm": 1.0, "duration_h": [6.0, 16.0]}, "final_J": 1.1944176860873548, "goal_complete": false, "optimize_days": 1}
{"target": -8.139770738108998, "params": {"ts": 23.097516550751163, "optimize_days_cont": 1.0, "pre_optlux": 515.8467783049088, "on_time_norm": 1.0, "duration_h": [6.0, 16.0]}, "final_J": 1.1949703542857453, "goal_complete": false, "optimize_days": 1}
{"target": -5.315547338233257, "params": {"ts": 78.49468398144981, "optimize_days_cont": 4.06887139794645, "pre_optlux": 1482.024648094496, "on_time_norm": 1.0, "duration_h": [6.0, 16.0]}, "final_J": 0.512941972981985, "goal_complete": false, "optimize_days": 4}
{"target": -7.016028605426625, "params": {"ts": 79.49351806811457, "optimize_days_cont": 8.203294590470316, "pre_optlux": 1485.7280556905591, "on_time_norm": 1.0, "duration_h": [6.0, 16.0]}, "final_J": 0.056619087641227014, "goal_complete": true, "optimize_days": 8}
{"target": -5.6625165951536625, "params": {"ts": 80.31462087646375, "optimize_days_cont": 3.4906543784773056, "pre_optlux": 1480.4758197137778, "on_time_norm": 0.0, "duration_h": [6.0, 16.0]}, "final_J": 0.729728250125163, "goal_complete": false, "optimize_days": 3}
{"target": -6.881852271083105, "params": {"ts": 14.016848886268544, "optimize_days_cont": 7.227132948284685, "pre_optlux": 702.5312447564154, "on_time_norm": 0.9309633397404304, "duration_h": [6.0, 16.0]}, "final_J": 0.09850780451291283, "goal_complete": true, "optimize_days": 7}
{"target": -8.139330894256618, "params": {"ts": 74.77195834628716, "optimize_days_cont": 1.0, "pre_optlux": 1480.3059036315722, "on_time_norm": 0.0, "duration_h": [6.0, 16.0]}, "final_J": 1.1949335457887704, "goal_complete": false, "optimize_days": 1}
{"target": -5.4342444053348755, "params": {"ts": 83.26634307569618, "optimize_days_cont": 4.961715634017524, "pre_optlux": 1481.1316553061258, "on_time_norm": 1.0, "duration_h": [6.0, 16.0]}, "final_J": 0.2947013421533316, "goal_complete": false, "optimize_days": 5}
{"target": -5.627737864744161, "params": {"ts": 14.085165866804314, "optimize_days_cont": 4.699830495404894, "pre_optlux": 693.6325287674338, "on_time_norm": 0.3080534788646135, "duration_h": [6.0, 16.0]}, "final_J": 0.3543269294716848, "goal_complete": false, "optimize_days": 5}
{"target": -8.139361457598756, "params": {"ts": 14.46221221911006, "optimize_days_cont": 1.0, "pre_optlux": 696.3834531660074, "on_time_norm": 0.0, "duration_h": [6.0, 16.0]}, "final_J": 1.1949361035301225, "goal_complete": false, "optimize_days": 1}
{"target": -7.879804404652432, "params": {"ts": 15.76906396441739, "optimize_days_cont": 8.909127622380309, "pre_optlux": 696.8005274953792, "on_time_norm": 1.0, "duration_h": [6.0, 16.0]}, "final_J": 0.030998079464480934, "goal_complete": true, "optimize_days": 9}
{"target": -8.137781428139, "params": {"ts": 17.294889147472485, "optimize_days_cont": 1.0, "pre_optlux": 693.5001809281973, "on_time_norm": 1.0, "duration_h": [6.0, 16.0]}, "final_J": 1.1948038691048, "goal_complete": false, "optimize_days": 1}
{"target": -6.968246454825263, "params": {"ts": 79.80349070775529, "optimize_days_cont": 8.139020706522741, "pre_optlux": 1477.9794377601606, "on_time_norm": 1.0, "duration_h": [6.0, 16.0]}, "final_J": 0.04452666951823449, "goal_complete": true, "optimize_days": 8}
{"target": -5.583827788902805, "params": {"ts": 84.47570480292066, "optimize_days_cont": 5.372286606268056, "pre_optlux": 1484.0962897531151, "on_time_norm": 1.0, "duration_h": [6.0, 16.0]}, "final_J": 0.34170975663647785, "goal_complete": false, "optimize_days": 5}
{"target": -6.549517041173495, "params": {"ts": 95.04271793423626, "optimize_days_cont": 1.594817231057965, "pre_optlux": 1454.896881264243, "on_time_norm": 0.0, "duration_h": [6.0, 16.0]}, "final_J": 0.9538885722319452, "goal_complete": false, "optimize_days": 2}
{"target": -5.8536908202888265, "params": {"ts": 7.771667851813968, "optimize_days_cont": 5.315042454518225, "pre_optlux": 693.6356201528935, "on_time_norm": 0.0, "duration_h": [6.0, 16.0]}, "final_J": 0.41320474834852194, "goal_complete": false, "optimize_days": 5}
{"target": -7.022644058253361, "params": {"ts": 11.052474164984622, "optimize_days_cont": 7.7309838753148075, "pre_optlux": 688.4162979090273, "on_time_norm": 0.0, "duration_h": [6.0, 16.0]}, "final_J": 0.0672964460478572, "goal_complete": true, "optimize_days": 8}
{"target": -6.9633844341201705, "params": {"ts": 24.81986998418313, "optimize_days_cont": 8.144046750396857, "pre_optlux": 511.05930969276204, "on_time_norm": 1.0, "duration_h": [6.0, 16.0]}, "final_J": 0.03178396069352489, "goal_complete": true, "optimize_days": 8}
{"target": -5.70354539377135, "params": {"ts": 6.018134942363424, "optimize_days_cont": 4.0382431947849335, "pre_optlux": 1122.3935513215426, "on_time_norm": 0.43453786383157084, "duration_h": [6.0, 16.0]}, "final_J": 0.5837029028146682, "goal_complete": false, "optimize_days": 4}
{"target": -6.94791645684502, "params": {"ts": 5.1377654202751755, "optimize_days_cont": 6.94337210106778, "pre_optlux": 1125.3212536772621, "on_time_norm": 0.6766903718150452, "duration_h": [6.0, 16.0]}, "final_J": 0.12076129913595632, "goal_complete": true, "optimize_days": 7}
{"target": -6.588325931152496, "params": {"ts": 9.278924059781787, "optimize_days_cont": 1.8616606607385862, "pre_optlux": 1117.1899400867442, "on_time_norm": 0.2758314949159949, "duration_h": [6.0, 16.0]}, "final_J": 0.9579484256631455, "goal_complete": false, "optimize_days": 2}
{"target": -7.87723776729911, "params": {"ts": 10.48581976448598, "optimize_days_cont": 9.244467014655717, "pre_optlux": 1120.6289319321666, "on_time_norm": 0.0, "duration_h": [6.0, 16.0]}, "final_J": 0.021155459338476033, "goal_complete": true, "optimize_days": 9}
{"target": -8.142071620308204, "params": {"ts": 8.994522802886145, "optimize_days_cont": 1.0, "pre_optlux": 1127.699755645248, "on_time_norm": 1.0, "duration_h": [6.0, 16.0]}, "final_J": 1.1951628859957293, "goal_complete": false, "optimize_days": 1}
{"target": -7.214064904040012, "params": {"ts": 1.0, "optimize_days_cont": 2.6134537990605335, "pre_optlux": 1118.7329174905497, "on_time_norm": 0.0, "duration_h": [6.0, 16.0]}, "final_J": 0.9180484632131369, "goal_complete": false, "optimize_days": 3}
{"target": -8.146632208862824, "params": {"ts": 18.215771255054182, "optimize_days_cont": 1.4292469691917569, "pre_optlux": 706.1498071907339, "on_time_norm": 0.0, "duration_h": [6.0, 16.0]}, "final_J": 1.1955444122961576, "goal_complete": false, "optimize_days": 1}
{"target": -5.682470893215541, "params": {"ts": 96.4698230998232, "optimize_days_cont": 2.6031172813239545, "pre_optlux": 1474.6764691777614, "on_time_norm": 0.0, "duration_h": [6.0, 16.0]}, "final_J": 0.7324576292476638, "goal_complete": false, "optimize_days": 3}
