{"target": -11.958333333333334, "params": {"ts": 2.7315368221841103, "optimize_days_cont": 17.93989207642491, "pre_optlux": 534.5625760897897, "on_time_norm": 0.2989763774589579, "duration_h": [6.0, 16.0]}, "final_J": 0.03492203872753716, "goal_complete": true, "optimize_days": 18}
{"target": -10.291666666666666, "params": {"ts": 33.12258915034465, "optimize_days_cont": 17.429497347114907, "pre_optlux": 754.1420534887301, "on_time_norm": 0.5482299063500942, "duration_h": [6.0, 16.0]}, "final_J": 0.054252614074855585, "goal_complete": true, "optimize_days": 17}
{"target": -9999.0, "params": {"ts": 12.11889051387827, "optimize_days_cont": 3.6960459421176455, "pre_optlux": 750.6947535614496, "on_time_norm": 0.7319802251869119, "duration_h": [6.0, 16.0]}, "final_J": 0.5726902795919023, "goal_complete": false, "optimize_days": 4}
{"target": -5.958333333333333, "params": {"ts": 59.68169648856187, "optimize_days_cont": 7.397563291152543, "pre_optlux": 763.4775581181913, "on_time_norm": 0.18712777283052473, "duration_h": [6.0, 16.0]}, "final_J": 0.043924976669566795, "goal_complete": true, "optimize_days": 7}
{"target": -9999.0, "params": {"ts": 14.07810195464569, "optimize_days_cont": 1.705095984711934, "pre_optlux": 260.68357151399994, "on_time_norm": 0.2134399510803413, "duration_h": [6.0, 16.0]}, "final_J": 0.9552238271840686, "goal_complete": false, "optimize_days": 2}
{"target": -8.0, "params": {"ts": 65.85156848897378, "optimize_days_cont": 12.18697040043049, "pre_optlux": 926.2278426538624, "on_time_norm": 0.3346853176856943, "duration_h": [6.0, 16.0]}, "final_J": 0.04308986253863124, "goal_complete": true, "optimize_days": 12}
{"target": -11.0, "params": {"ts": 40.762428500801185, "optimize_days_cont": 13.907171810637996, "pre_optlux": 347.338167787798, "on_time_norm": 0.7887842182981357, "duration_h": [6.0, 16.0]}, "final_J": 0.07192473203213684, "goal_complete": true, "optimize_days": 14}
{"target": -9999.0, "params": {"ts": 61.749408361155254, "optimize_days_cont": 3.889288683364499, "pre_optlux": 1192.0340177006228, "on_time_norm": 0.26311903992324415, "duration_h": [6.0, 16.0]}, "final_J": 0.5068881234710105, "goal_complete": false, "optimize_days": 4}
{"target": -10.958333333333334, "params": {"ts": 29.457782494979018, "optimize_days_cont": 13.381908106047511, "pre_optlux": 1433.2949321141712, "on_time_norm": 0.9184743424662997, "duration_h": [6.0, 16.0]}, "final_J": 0.039214772294535294, "goal_complete": true, "optimize_days": 13}
{"target": -9999.0, "params": {"ts": 34.44157734405684, "optimize_days_cont": 2.711272351651346, "pre_optlux": 1085.331748368608, "on_time_norm": 0.679914691937932, "duration_h": [6.0, 16.0]}, "final_J": 0.7730595391540072, "goal_complete": false, "optimize_days": 3}
{"target": -6.958333333333333, "params": {"ts": 59.1477511670408, "optimize_days_cont": 7.675711682129019, "pre_optlux": 764.7565855043958, "on_time_norm": 0.17032641867093815, "duration_h": [6.0, 16.0]}, "final_J": 0.04850125410682475, "goal_complete": true, "optimize_days": 8}
{"target": -13.291666666666666, "params": {"ts": 53.6272675059912, "optimize_days_cont": 20.0, "pre_optlux": 735.4061506183973, "on_time_norm": 0.0, "duration_h": [6.0, 16.0]}, "final_J": 0.01577917369065554, "goal_complete": true, "optimize_days": 20}
{"target": -11.0, "params": {"ts": 50.37546740502502, "optimize_days_cont": 18.64466443344979, "pre_optlux": 383.4750734982625, "on_time_norm": 0.9984852900164308, "duration_h": [6.0, 16.0]}, "final_J": 0.06632884544746734, "goal_complete": true, "optimize_days": 19}
{"target": -12.0, "params": {"ts": 80.21845215646255, "optimize_days_cont": 20.0, "pre_optlux": 355.8419061706495, "on_time_norm": 1.0, "duration_h": [6.0, 16.0]}, "final_J": 0.0548731279754403, "goal_complete": true, "optimize_days": 20}
{"target": -9999.0, "params": {"ts": 89.35024224747893, "optimize_days_cont": 1.0, "pre_optlux": 393.8348033856569, "on_time_norm": 0.0, "duration_h": [6.0, 16.0]}, "final_J": 1.1942457991885826, "goal_complete": false, "optimize_days": 1}
{"target": -12.916666666666666, "params": {"ts": 16.36856672572054, "optimize_days_cont": 20.0, "pre_optlux": 375.3707705000598, "on_time_norm": 1.0, "duration_h": [6.0, 16.0]}, "final_J": 0.05965458416492773, "goal_complete": true, "optimize_days": 20}
{"target": -11.0, "params": {"ts": 75.32968716768224, "optimize_days_cont": 20.0, "pre_optlux": 320.21337705880387, "on_time_norm": 1.0, "duration_h": [6.0, 16.0]}, "final_J": 0.06895742868654099, "goal_complete": true, "optimize_days": 20}
{"target": -9.0, "params": {"ts": 65.1862512173876, "optimize_days_cont": 15.84553738534548, "pre_optlux": 884.4736570385605, "on_time_norm": 0.3054401589455016, "duration_h": [6.0, 16.0]}, "final_J": 0.03857710730438817, "goal_complete": true, "optimize_days": 16}
{"target": -13.958333333333334, "params": {"ts": 28.14259085293867, "optimize_days_cont": 20.0, "pre_optlux": 906.4920087046182, "on_time_norm": 0.04341273211518218, "duration_h": [6.0, 16.0]}, "final_J": 0.01247046991870311, "goal_complete": true, "optimize_days": 20}
{"target": -9999.0, "params": {"ts": 26.419657338626447, "optimize_days_cont": 1.0, "pre_optlux": 865.7123683932675, "on_time_norm": 1.0, "duration_h": [6.0, 16.0]}, "final_J": 1.1943639080245247, "goal_complete": false, "optimize_days": 1}
{"target": -13.0, "params": {"ts": 97.36155920821588, "optimize_days_cont": 20.0, "pre_optlux": 901.9637532838478, "on_time_norm": 0.0, "duration_h": [6.0, 16.0]}, "final_J": 0.011992096512268355, "goal_complete": true, "optimize_days": 20}
{"target": -14.0, "params": {"ts": 26.260432188714077, "optimize_days_cont": 20.0, "pre_optlux": 945.4668556739229, "on_time_norm": 0.0, "duration_h": [6.0, 16.0]}, "final_J": 0.016412598461253026, "goal_complete": true, "optimize_days": 20}
{"target": -13.0, "params": {"ts": 1.0, "optimize_days_cont": 20.0, "pre_optlux": 491.2104639840918, "on_time_norm": 0.822294584717274, "duration_h": [6.0, 16.0]}, "final_J": 0.032229116166436006, "goal_complete": true, "optimize_days": 20}
{"target": -11.333333333333334, "params": {"ts": 40.31424647636782, "optimize_days_cont": 20.0, "pre_optlux": 512.1007070242456, "on_time_norm": 1.0, "duration_h": [6.0, 16.0]}, "final_J": 0.06726921316661746, "goal_complete": true, "optimize_days": 20}
{"target": -9999.0, "params": {"ts": 41.0601671452184, "optimize_days_cont": 1.0, "pre_optlux": 554.9545794001835, "on_time_norm": 1.0, "duration_h": [6.0, 16.0]}, "final_J": 1.1946292891399928, "goal_complete": false, "optimize_days": 1}
{"target": -11.958333333333334, "params": {"ts": 38.84357263929903, "optimize_days_cont": 20.0, "pre_optlux": 474.5201536787405, "on_time_norm": 0.0, "duration_h": [6.0, 16.0]}, "final_J": 0.05654719827799858, "goal_complete": true, "optimize_days": 20}
{"target": -12.291666666666666, "params": {"ts": 16.69363277635858, "optimize_days_cont": 20.0, "pre_optlux": 424.3903970386077, "on_time_norm": 1.0, "duration_h": [6.0, 16.0]}, "final_J": 0.059885147087649845, "goal_complete": true, "optimize_days": 20}
{"target": -9999.0, "params": {"ts": 1.0, "optimize_days_cont": 1.0, "pre_optlux": 454.697575220414, "on_time_norm": 0.0, "duration_h": [6.0, 16.0]}, "final_J": 1.1996503281517217, "goal_complete": false, "optimize_days": 1}
{"target": -9999.0, "params": {"ts": 25.788491576250998, "optimize_days_cont": 1.0, "pre_optlux": 399.17853506483397, "on_time_norm": 1.0, "duration_h": [6.0, 16.0]}, "final_J": 1.194538157424679, "goal_complete": false, "optimize_days": 1}
{"target": -11.0, "params": {"ts": 15.483591885188297, "optimize_days_cont": 20.0, "pre_optlux": 510.44915998489455, "on_time_norm": 0.33950353138980954, "duration_h": [6.0, 16.0]}, "final_J": 0.01581584439547341, "goal_complete": true, "optimize_days": 20}
{"target": -9999.0, "params": {"ts": 39.21985610279466, "optimize_days_cont": 4.701598869255927, "pre_optlux": 925.8963326891458, "on_time_norm": 0.0, "duration_h": [6.0, 16.0]}, "final_J": 0.3415868949929547, "goal_complete": false, "optimize_days": 5}
{"target": -14.958333333333334, "params": {"ts": 50.222432425564776, "optimize_days_cont": 20.0, "pre_optlux": 754.2746903009933, "on_time_norm": 0.0, "duration_h": [6.0, 16.0]}, "final_J": 0.02826550143594779, "goal_complete": true, "optimize_days": 20}
{"target": -10.0, "params": {"ts": 75.42970105782038, "optimize_days_cont": 17.16791539463398, "pre_optlux": 906.326734045342, "on_time_norm": 0.3127713614811031, "duration_h": [6.0, 16.0]}, "final_J": 0.047964774137920975, "goal_complete": true, "optimize_days": 17}
{"target": -11.0, "params": {"ts": 57.04399658230245, "optimize_days_cont": 20.0, "pre_optlux": 361.5662922028442, "on_time_norm": 1.0, "duration_h": [6.0, 16.0]}, "final_J": 0.07814330767881633, "goal_complete": true, "optimize_days": 20}
{"target": -6.833333333333333, "params": {"ts": 65.17688767035662, "optimize_days_cont": 7.474025347037921, "pre_optlux": 339.390274003558, "on_time_norm": 1.0, "duration_h": [6.0, 16.0]}, "final_J": 0.09656806856392461, "goal_complete": true, "optimize_days": 7}
{"target": -8.291666666666666, "params": {"ts": 89.01658842660613, "optimize_days_cont": 18.248645545104086, "pre_optlux": 929.3811785877291, "on_time_norm": 0.348988684849004, "duration_h": [6.0, 16.0]}, "final_J": 0.03984611202281216, "goal_complete": true, "optimize_days": 18}
{"target": -9999.0, "params": {"ts": 29.818706135882465, "optimize_days_cont": 5.295827023068964, "pre_optlux": 493.7146478429706, "on_time_norm": 1.0, "duration_h": [6.0, 16.0]}, "final_J": 0.3060544330416702, "goal_complete": false, "optimize_days": 5}
{"target": -12.0, "params": {"ts": 35.71909464981319, "optimize_days_cont": 20.0, "pre_optlux": 366.7587449218659, "on_time_norm": 1.0, "duration_h": [6.0, 16.0]}, "final_J": 0.05485048595842721, "goal_complete": true, "optimize_days": 20}
{"target": -9999.0, "params": {"ts": 86.59745676121513, "optimize_days_cont": 1.0, "pre_optlux": 916.2660522356754, "on_time_norm": 1.0, "duration_h": [6.0, 16.0]}, "final_J": 1.194780236190329, "goal_complete": false, "optimize_days": 1}
{"target": -11.0, "params": {"ts": 75.2966908187037, "optimize_days_cont": 20.0, "pre_optlux": 338.7365554780844, "on_time_norm": 0.0, "duration_h": [6.0, 16.0]}, "final_J": 0.0720148967398715, "goal_complete": true, "optimize_days": 20}
{"target": -8.291666666666666, "params": {"ts": 23.105816836200347, "optimize_days_cont": 10.940103486612847, "pre_optlux": 893.4469663845945, "on_time_norm": 0.045601950132806324, "duration_h": [6.0, 16.0]}, "final_J": 0.012776994584590128, "goal_complete": true, "optimize_days": 11}
{"target": -9.0, "params": {"ts": 23.08501322743759, "optimize_days_cont": 14.085797074605773, "pre_optlux": 371.03742375121396, "on_time_norm": 0.07032486680550032, "duration_h": [6.0, 16.0]}, "final_J": 0.043165191706803274, "goal_complete": true, "optimize_days": 14}
{"target": -9999.0, "params": {"ts": 56.804456643247704, "optimize_days_cont": 2.481854448409754, "pre_optlux": 1125.5646900185338, "on_time_norm": 0.15845217352316643, "duration_h": [6.0, 16.0]}, "final_J": 0.9547105908274136, "goal_complete": false, "optimize_days": 2}
{"target": -9.0, "params": {"ts": 30.055238354117552, "optimize_days_cont": 14.235603569963303, "pre_optlux": 776.7565188542048, "on_time_norm": 0.21506214371433952, "duration_h": [6.0, 16.0]}, "final_J": 0.02575941353351098, "goal_complete": true, "optimize_days": 14}
{"target": -7.291666666666667, "params": {"ts": 12.966996402356731, "optimize_days_cont": 18.436053147149774, "pre_optlux": 914.702543770914, "on_time_norm": 0.47201931574192724, "duration_h": [6.0, 16.0]}, "final_J": 0.008890884153314424, "goal_complete": true, "optimize_days": 18}
{"target": -10.958333333333334, "params": {"ts": 5.278357243925987, "optimize_days_cont": 15.296453422239487, "pre_optlux": 883.4132092262794, "on_time_norm": 0.7671904257147006, "duration_h": [6.0, 16.0]}, "final_J": 0.018161656368118055, "goal_complete": true, "optimize_days": 15}
{"target": -11.0, "params": {"ts": 8.149916558088384, "optimize_days_cont": 13.534600853749103, "pre_optlux": 221.95410676473352, "on_time_norm": 0.6850244527227007, "duration_h": [6.0, 16.0]}, "final_J": 0.029359971777629855, "goal_complete": true, "optimize_days": 14}
{"target": -9.958333333333334, "params": {"ts": 47.331618590616145, "optimize_days_cont": 13.56012736053423, "pre_optlux": 1081.454953100926, "on_time_norm": 0.2633294844455638, "duration_h": [6.0, 16.0]}, "final_J": 0.02347086946471999, "goal_complete": true, "optimize_days": 14}
{"target": -13.0, "params": {"ts": 77.35815021585175, "optimize_days_cont": 16.50670419948814, "pre_optlux": 338.51616506019934, "on_time_norm": 0.5780067455748411, "duration_h": [6.0, 16.0]}, "final_J": 0.09161067899998072, "goal_complete": true, "optimize_days": 17}
{"target": -9999.0, "params": {"ts": 23.989333259437583, "optimize_days_cont": 4.774231318116989, "pre_optlux": 516.5125439397189, "on_time_norm": 0.976852764010693, "duration_h": [6.0, 16.0]}, "final_J": 0.37097036676794176, "goal_complete": false, "optimize_days": 5}
{"target": -9999.0, "params": {"ts": 36.28433428914752, "optimize_days_cont": 1.3495989859817095, "pre_optlux": 982.6668639532691, "on_time_norm": 0.23040538778108444, "duration_h": [6.0, 16.0]}, "final_J": 1.194478479690824, "goal_complete": false, "optimize_days": 1}
{"target": -7.0, "params": {"ts": 58.84077063109376, "optimize_days_cont": 8.981967537205383, "pre_optlux": 1107.491323463064, "on_time_norm": 0.9720455259033695, "duration_h": [6.0, 16.0]}, "final_J": 0.020328607898456013, "goal_complete": true, "optimize_days": 9}
{"target": -12.0, "params": {"ts": 43.63486278650694, "optimize_days_cont": 19.196843396417563, "pre_optlux": 214.47343649160942, "on_time_norm": 0.7327818008916883, "duration_h": [6.0, 16.0]}, "final_J": 0.07077314774392233, "goal_complete": true, "optimize_days": 19}
{"target": -9.0, "params": {"ts": 53.17351161162144, "optimize_days_cont": 11.772761585575223, "pre_optlux": 1125.9760864836403, "on_time_norm": 0.6826033501652629, "duration_h": [6.0, 16.0]}, "final_J": 0.054656059527817685, "goal_complete": true, "optimize_days": 12}
{"target": -9999.0, "params": {"ts": 12.171706697977584, "optimize_days_cont": 4.784090011256047, "pre_optlux": 1123.7809591132172, "on_time_norm": 0.39386732248283196, "duration_h": [6.0, 16.0]}, "final_J": 0.4418261296695572, "goal_complete": false, "optimize_days": 5}
{"target": -9999.0, "params": {"ts": 16.19112292109049, "optimize_days_cont": 2.910906277613152, "pre_optlux": 699.7835942543549, "on_time_norm": 0.5829154644665038, "duration_h": [6.0, 16.0]}, "final_J": 0.7369646303723097, "goal_complete": false, "optimize_days": 3}
{"target": -9.291666666666666, "params": {"ts": 87.16572333579319, "optimize_days_cont": 19.36399704765088, "pre_optlux": 765.0125547254927, "on_time_norm": 0.4004229990716831, "duration_h": [6.0, 16.0]}, "final_J": 0.05307305384081315, "goal_complete": true, "optimize_days": 19}
{"target": -10.0, "params": {"ts": 83.00764660756872, "optimize_days_cont": 18.28698222982436, "pre_optlux": 1184.2845115892483, "on_time_norm": 0.06831478431392501, "duration_h": [6.0, 16.0]}, "final_J": 0.011505390871957946, "goal_complete": true, "optimize_days": 18}
{"target": -9999.0, "params": {"ts": 93.98239711040948, "optimize_days_cont": 2.940710497156282, "pre_optlux": 1469.6783471939355, "on_time_norm": 0.35668872437448984, "duration_h": [6.0, 16.0]}, "final_J": 0.7331611725553904, "goal_complete": false, "optimize_days": 3}
{"target": -12.291666666666666, "params": {"ts": 13.155784921739329, "optimize_days_cont": 19.265691674858058, "pre_optlux": 1029.0949266816813, "on_time_norm": 0.9366778098943237, "duration_h": [6.0, 16.0]}, "final_J": 0.015005914388006514, "goal_complete": true, "optimize_days": 19}
{"target": -10.291666666666666, "params": {"ts": 3.755999989112609, "optimize_days_cont": 14.653376179389122, "pre_optlux": 885.6899359223313, "on_time_norm": 0.4711666767597189, "duration_h": [6.0, 16.0]}, "final_J": 0.06227648231627359, "goal_complete": true, "optimize_days": 15}
{"target": -9.0, "params": {"ts": 13.028925484896831, "optimize_days_cont": 13.40462443621875, "pre_optlux": 890.7438922497263, "on_time_norm": 0.3315002207861389, "duration_h": [6.0, 16.0]}, "final_J": 0.06965475670265722, "goal_complete": true, "optimize_days": 13}
{"target": -11.0, "params": {"ts": 51.49826436523528, "optimize_days_cont": 20.0, "pre_optlux": 1117.5552868568936, "on_time_norm": 1.0, "duration_h": [6.0, 16.0]}, "final_J": 0.03720902499388561, "goal_complete": true, "optimize_days": 20}
{"target": -11.0, "params": {"ts": 52.153202870953486, "optimize_days_cont": 17.494047738077903, "pre_optlux": 1095.7348040594977, "on_time_norm": 1.0, "duration_h": [6.0, 16.0]}, "final_J": 0.08884086502332428, "goal_complete": true, "optimize_days": 17}
{"target": -10.291666666666666, "params": {"ts": 46.63125922302274, "optimize_days_cont": 20.0, "pre_optlux": 1134.5742049210576, "on_time_norm": 1.0, "duration_h": [6.0, 16.0]}, "final_J": 0.11335864727455118, "goal_complete": true, "optimize_days": 20}
{"target": -5.916666666666667, "params": {"ts": 64.6795822700742, "optimize_days_cont": 5.9180045343364815, "pre_optlux": 1088.6270808700508, "on_time_norm": 1.0, "duration_h": [6.0, 16.0]}, "final_J": 0.12745244071951287, "goal_complete": true, "optimize_days": 6}
{"target": -10.0, "params": {"ts": 72.19120814342601, "optimize_days_cont": 20.0, "pre_optlux": 1100.47256142144, "on_time_norm": 1.0, "duration_h": [6.0, 16.0]}, "final_J": 0.1043324479650309, "goal_complete": true, "optimize_days": 20}
{"target": -12.958333333333334, "params": {"ts": 27.954897583408346, "optimize_days_cont": 17.011989819555367, "pre_optlux": 228.6325162855405, "on_time_norm": 0.024326693369426722, "duration_h": [6.0, 16.0]}, "final_J": 0.040150938238458965, "goal_complete": true, "optimize_days": 17}
{"target": -8.0, "params": {"ts": 24.853964672050918, "optimize_days_cont": 10.191061665304597, "pre_optlux": 208.1739628999677, "on_time_norm": 0.9999671989615261, "duration_h": [6.0, 16.0]}, "final_J": 0.010834605031938104, "goal_complete": true, "optimize_days": 10}
{"target": -9999.0, "params": {"ts": 39.17959447945254, "optimize_days_cont": 1.0, "pre_optlux": 222.56807303642924, "on_time_norm": 1.0, "duration_h": [6.0, 16.0]}, "final_J": 1.194691279622102, "goal_complete": false, "optimize_days": 1}
{"target": -13.0, "params": {"ts": 13.327759815594842, "optimize_days_cont": 20.0, "pre_optlux": 206.278742250089, "on_time_norm": 0.0, "duration_h": [6.0, 16.0]}, "final_J": 0.05276467279164368, "goal_complete": true, "optimize_days": 20}
{"target": -11.958333333333334, "params": {"ts": 34.17291536375516, "optimize_days_cont": 20.0, "pre_optlux": 197.40556216161283, "on_time_norm": 0.0, "duration_h": [6.0, 16.0]}, "final_J": 0.07659998898682709, "goal_complete": true, "optimize_days": 20}
{"target": -9999.0, "params": {"ts": 8.363415518119758, "optimize_days_cont": 1.0, "pre_optlux": 905.9756727757705, "on_time_norm": 1.0, "duration_h": [6.0, 16.0]}, "final_J": 1.1953120196585076, "goal_complete": false, "optimize_days": 1}
{"target": -12.291666666666666, "params": {"ts": 21.298182518252613, "optimize_days_cont": 20.0, "pre_optlux": 216.95630029892976, "on_time_norm": 1.0, "duration_h": [6.0, 16.0]}, "final_J": 0.0304254111531299, "goal_complete": true, "optimize_days": 20}
{"target": -10.958333333333334, "params": {"ts": 29.30759868958005, "optimize_days_cont": 20.0, "pre_optlux": 907.7725590688161, "on_time_norm": 0.0, "duration_h": [6.0, 16.0]}, "final_J": 0.05313697820892364, "goal_complete": true, "optimize_days": 20}
{"target": -11.0, "params": {"ts": 27.63296801074112, "optimize_days_cont": 20.0, "pre_optlux": 880.7522601338577, "on_time_norm": 0.0, "duration_h": [6.0, 16.0]}, "final_J": 0.045228916908140286, "goal_complete": true, "optimize_days": 20}
{"target": -10.291666666666666, "params": {"ts": 64.64451642444938, "optimize_days_cont": 20.0, "pre_optlux": 1076.0703231192745, "on_time_norm": 0.0, "duration_h": [6.0, 16.0]}, "final_J": 0.11529547303014653, "goal_complete": true, "optimize_days": 20}
{"target": -11.0, "params": {"ts": 24.000371857608823, "optimize_days_cont": 20.0, "pre_optlux": 929.2386398901034, "on_time_norm": 0.0, "duration_h": [6.0, 16.0]}, "final_J": 0.1012735411723181, "goal_complete": true, "optimize_days": 20}
{"target": -9.875, "params": {"ts": 17.06015338208083, "optimize_days_cont": 10.556825861684425, "pre_optlux": 188.6232366153747, "on_time_norm": 1.0, "duration_h": [6.0, 16.0]}, "final_J": 0.06502516351708493, "goal_complete": true, "optimize_days": 11}
{"target": -12.041666666666666, "params": {"ts": 12.967680604849964, "optimize_days_cont": 20.0, "pre_optlux": 241.5413142430642, "on_time_norm": 0.0, "duration_h": [6.0, 16.0]}, "final_J": 0.03166571343477123, "goal_complete": true, "optimize_days": 20}
{"target": -10.958333333333334, "params": {"ts": 44.31540987303599, "optimize_days_cont": 20.0, "pre_optlux": 892.7392430951087, "on_time_norm": 1.0, "duration_h": [6.0, 16.0]}, "final_J": 0.08744255423776805, "goal_complete": true, "optimize_days": 20}
{"target": -9999.0, "params": {"ts": 41.44294268530664, "optimize_days_cont": 2.2607742055225772, "pre_optlux": 882.726937779667, "on_time_norm": 0.0, "duration_h": [6.0, 16.0]}, "final_J": 0.9539520361553505, "goal_complete": false, "optimize_days": 2}
{"target": -9999.0, "params": {"ts": 4.2912015481559, "optimize_days_cont": 2.763844012717919, "pre_optlux": 203.03904733551084, "on_time_norm": 1.0, "duration_h": [6.0, 16.0]}, "final_J": 0.7757059885897125, "goal_complete": false, "optimize_days": 3}
{"target": -12.958333333333334, "params": {"ts": 28.045303420177788, "optimize_days_cont": 20.0, "pre_optlux": 180.69703876017158, "on_time_norm": 1.0, "duration_h": [6.0, 16.0]}, "final_J": 0.062247513052469616, "goal_complete": true, "optimize_days": 20}
