{"target": -6.291666666666667, "params": {"ts": 2.7315368221841103, "optimize_days_cont": 17.93989207642491, "pre_optlux": 534.5625760897897, "on_time_norm": 0.2989763774589579, "duration_h": [6.0, 16.0]}, "final_J": 0.020886668630128162, "goal_complete": true, "optimize_days": 18}
{"target": -5.0, "params": {"ts": 33.12258915034465, "optimize_days_cont": 17.429497347114907, "pre_optlux": 754.1420534887301, "on_time_norm": 0.5482299063500942, "duration_h": [6.0, 16.0]}, "final_J": 0.07035376019412379, "goal_complete": true, "optimize_days": 17}
{"target": -3.0, "params": {"ts": 12.11889051387827, "optimize_days_cont": 3.6960459421176455, "pre_optlux": 750.6947535614496, "on_time_norm": 0.7319802251869119, "duration_h": [6.0, 16.0]}, "final_J": 0.0665995442345266, "goal_complete": true, "optimize_days": 4}
{"target": -4.0, "params": {"ts": 59.68169648856187, "optimize_days_cont": 7.397563291152543, "pre_optlux": 763.4775581181913, "on_time_norm": 0.18712777283052473, "duration_h": [6.0, 16.0]}, "final_J": 0.02909037656682976, "goal_complete": true, "optimize_days": 7}
{"target": -9999.0, "params": {"ts": 14.07810195464569, "optimize_days_cont": 1.705095984711934, "pre_optlux": 260.68357151399994, "on_time_norm": 0.2134399510803413, "duration_h": [6.0, 16.0]}, "final_J": 0.3239809886898348, "goal_complete": false, "optimize_days": 2}
{"target": -5.0, "params": {"ts": 65.85156848897378, "optimize_days_cont": 12.18697040043049, "pre_optlux": 926.2278426538624, "on_time_norm": 0.3346853176856943, "duration_h": [6.0, 16.0]}, "final_J": 0.04401744767307335, "goal_complete": true, "optimize_days": 12}
{"target": -6.0, "params": {"ts": 40.762428500801185, "optimize_days_cont": 13.907171810637996, "pre_optlux": 347.338167787798, "on_time_norm": 0.7887842182981357, "duration_h": [6.0, 16.0]}, "final_J": 0.049807994245395046, "goal_complete": true, "optimize_days": 14}
{"target": -2.9583333333333335, "params": {"ts": 61.749408361155254, "optimize_days_cont": 3.889288683364499, "pre_optlux": 1192.0340177006228, "on_time_norm": 0.26311903992324415, "duration_h": [6.0, 16.0]}, "final_J": 0.028047218825641023, "goal_complete": true, "optimize_days": 4}
{"target": -5.0, "params": {"ts": 29.457782494979018, "optimize_days_cont": 13.381908106047511, "pre_optlux": 1433.2949321141712, "on_time_norm": 0.9184743424662997, "duration_h": [6.0, 16.0]}, "final_J": 0.04174598536443331, "goal_complete": true, "optimize_days": 13}
{"target": -2.9583333333333335, "params": {"ts": 34.44157734405684, "optimize_days_cont": 2.711272351651346, "pre_optlux": 1085.331748368608, "on_time_norm": 0.679914691937932, "duration_h": [6.0, 16.0]}, "final_J": 0.16112713795028594, "goal_complete": true, "optimize_days": 3}
{"target": -3.9166666666666665, "params": {"ts": 61.496193146321566, "optimize_days_cont": 5.239780100319893, "pre_optlux": 1190.5714548178562, "on_time_norm": 0.6687526429454057, "duration_h": [6.0, 16.0]}, "final_J": 0.05087356335034248, "goal_complete": true, "optimize_days": 5}
{"target": -5.958333333333333, "params": {"ts": 80.9179656423401, "optimize_days_cont": 20.0, "pre_optlux": 429.35830186716777, "on_time_norm": 1.0, "duration_h": [6.0, 16.0]}, "final_J": 0.07782157516600052, "goal_complete": true, "optimize_days": 20}
{"target": -9999.0, "params": {"ts": 100.0, "optimize_days_cont": 1.0, "pre_optlux": 631.2342017982021, "on_time_norm": 1.0, "duration_h": [6.0, 16.0]}, "final_J": 0.46803666186203535, "goal_complete": false, "optimize_days": 1}
{"target": -9999.0, "params": {"ts": 1.0, "optimize_days_cont": 1.0, "pre_optlux": 429.39598361301364, "on_time_norm": 0.0, "duration_h": [6.0, 16.0]}, "final_J": 0.5465200696574947, "goal_complete": false, "optimize_days": 1}
{"target": -5.916666666666667, "params": {"ts": 100.0, "optimize_days_cont": 20.0, "pre_optlux": 363.3918182943666, "on_time_norm": 1.0, "duration_h": [6.0, 16.0]}, "final_J": 0.06932366135999823, "goal_complete": true, "optimize_days": 20}
{"target": -4.0, "params": {"ts": 24.635811468676344, "optimize_days_cont": 6.060875274812304, "pre_optlux": 841.5712147605593, "on_time_norm": 0.6019827655963564, "duration_h": [6.0, 16.0]}, "final_J": 0.02791044755061776, "goal_complete": true, "optimize_days": 6}
{"target": -9999.0, "params": {"ts": 4.047079449460733, "optimize_days_cont": 1.0, "pre_optlux": 994.4405444631336, "on_time_norm": 0.7934093308711336, "duration_h": [6.0, 16.0]}, "final_J": 0.48876483077782795, "goal_complete": false, "optimize_days": 1}
{"target": -9.0, "params": {"ts": 100.0, "optimize_days_cont": 17.885105577547126, "pre_optlux": 860.0825395377235, "on_time_norm": 0.005032206877043406, "duration_h": [6.0, 16.0]}, "final_J": 0.011635744055155437, "goal_complete": true, "optimize_days": 18}
{"target": -9999.0, "params": {"ts": 100.0, "optimize_days_cont": 1.0, "pre_optlux": 1116.2682409338677, "on_time_norm": 0.0, "duration_h": [6.0, 16.0]}, "final_J": 0.4676922485610259, "goal_complete": false, "optimize_days": 1}
{"target": -9999.0, "params": {"ts": 1.0, "optimize_days_cont": 1.5875253613680507, "pre_optlux": 1142.0388210272006, "on_time_norm": 0.0, "duration_h": [6.0, 16.0]}, "final_J": 0.4522330782792045, "goal_complete": false, "optimize_days": 2}
{"target": -6.0, "params": {"ts": 67.6174898252523, "optimize_days_cont": 20.0, "pre_optlux": 815.7981668267165, "on_time_norm": 1.0, "duration_h": [6.0, 16.0]}, "final_J": 0.08990741949315446, "goal_complete": true, "optimize_days": 20}
{"target": -5.958333333333333, "params": {"ts": 52.25169482842614, "optimize_days_cont": 20.0, "pre_optlux": 879.8566004247202, "on_time_norm": 1.0, "duration_h": [6.0, 16.0]}, "final_J": 0.09049712953561335, "goal_complete": true, "optimize_days": 20}
{"target": -4.958333333333333, "params": {"ts": 40.14570282336705, "optimize_days_cont": 13.190153340091678, "pre_optlux": 1371.1767173065641, "on_time_norm": 1.0, "duration_h": [6.0, 16.0]}, "final_J": 0.08878107390415725, "goal_complete": true, "optimize_days": 13}
{"target": -9999.0, "params": {"ts": 89.16453488382507, "optimize_days_cont": 1.104156656387701, "pre_optlux": 1411.6059244666114, "on_time_norm": 0.19611331812633648, "duration_h": [6.0, 16.0]}, "final_J": 0.4717283715120181, "goal_complete": false, "optimize_days": 1}
{"target": -6.291666666666667, "params": {"ts": 1.0, "optimize_days_cont": 20.0, "pre_optlux": 1394.4869502528031, "on_time_norm": 1.0, "duration_h": [6.0, 16.0]}, "final_J": 0.07528984808395008, "goal_complete": true, "optimize_days": 20}
{"target": -6.291666666666667, "params": {"ts": 4.237861712211895, "optimize_days_cont": 20.0, "pre_optlux": 1328.4002220204895, "on_time_norm": 1.0, "duration_h": [6.0, 16.0]}, "final_J": 0.028567832454583105, "goal_complete": true, "optimize_days": 20}
{"target": -6.0, "params": {"ts": 49.10051995333869, "optimize_days_cont": 20.0, "pre_optlux": 1265.886529845935, "on_time_norm": 1.0, "duration_h": [6.0, 16.0]}, "final_J": 0.06690712425350605, "goal_complete": true, "optimize_days": 20}
{"target": -5.0, "params": {"ts": 100.0, "optimize_days_cont": 20.0, "pre_optlux": 1234.144021543836, "on_time_norm": 1.0, "duration_h": [6.0, 16.0]}, "final_J": 0.07056909688892898, "goal_complete": true, "optimize_days": 20}
{"target": -6.291666666666667, "params": {"ts": 1.0, "optimize_days_cont": 20.0, "pre_optlux": 1484.1789792683492, "on_time_norm": 1.0, "duration_h": [6.0, 16.0]}, "final_J": 0.07057227551833796, "goal_complete": true, "optimize_days": 20}
{"target": -9999.0, "params": {"ts": 96.92359994533818, "optimize_days_cont": 1.0, "pre_optlux": 1298.1988042953933, "on_time_norm": 1.0, "duration_h": [6.0, 16.0]}, "final_J": 0.4674742779038118, "goal_complete": false, "optimize_days": 1}
{"target": -6.291666666666667, "params": {"ts": 1.0, "optimize_days_cont": 20.0, "pre_optlux": 1252.7489711833339, "on_time_norm": 1.0, "duration_h": [6.0, 16.0]}, "final_J": 0.06847506008151555, "goal_complete": true, "optimize_days": 20}
{"target": -5.291666666666667, "params": {"ts": 100.0, "optimize_days_cont": 20.0, "pre_optlux": 489.9806933422664, "on_time_norm": 1.0, "duration_h": [6.0, 16.0]}, "final_J": 0.06394998191075171, "goal_complete": true, "optimize_days": 20}
{"target": -6.291666666666667, "params": {"ts": 1.0, "optimize_days_cont": 20.0, "pre_optlux": 797.7437012325876, "on_time_norm": 0.0, "duration_h": [6.0, 16.0]}, "final_J": 0.0643361255983117, "goal_complete": true, "optimize_days": 20}
{"target": -9999.0, "params": {"ts": 57.76814304507796, "optimize_days_cont": 1.0, "pre_optlux": 528.0037134654483, "on_time_norm": 0.0, "duration_h": [6.0, 16.0]}, "final_J": 0.4696644082806498, "goal_complete": false, "optimize_days": 1}
{"target": -7.0, "params": {"ts": 40.11477903842218, "optimize_days_cont": 20.0, "pre_optlux": 1224.0917560402631, "on_time_norm": 1.0, "duration_h": [6.0, 16.0]}, "final_J": 0.03835770328294485, "goal_complete": true, "optimize_days": 20}
{"target": -5.291666666666667, "params": {"ts": 53.98463209873345, "optimize_days_cont": 20.0, "pre_optlux": 1500.0, "on_time_norm": 1.0, "duration_h": [6.0, 16.0]}, "final_J": 0.07062037458036922, "goal_complete": true, "optimize_days": 20}
{"target": -9999.0, "params": {"ts": 100.0, "optimize_days_cont": 1.0, "pre_optlux": 311.5277015235428, "on_time_norm": 0.0, "duration_h": [6.0, 16.0]}, "final_J": 0.4691767450270506, "goal_complete": false, "optimize_days": 1}
{"target": -15.041666666666666, "params": {"ts": 1.0, "optimize_days_cont": 20.0, "pre_optlux": 691.7595573106312, "on_time_norm": 0.0, "duration_h": [6.0, 16.0]}, "final_J": 0.10779912982301076, "goal_complete": true, "optimize_days": 20}
{"target": -6.291666666666667, "params": {"ts": 1.0, "optimize_days_cont": 20.0, "pre_optlux": 595.2824875359727, "on_time_norm": 1.0, "duration_h": [6.0, 16.0]}, "final_J": 0.044989011350635495, "goal_complete": true, "optimize_days": 20}
{"target": -5.291666666666667, "params": {"ts": 100.0, "optimize_days_cont": 20.0, "pre_optlux": 969.4749097886883, "on_time_norm": 1.0, "duration_h": [6.0, 16.0]}, "final_J": 0.0585963102754602, "goal_complete": true, "optimize_days": 20}
{"target": -6.0, "params": {"ts": 23.105816836200347, "optimize_days_cont": 10.940103486612847, "pre_optlux": 893.4469663845945, "on_time_norm": 0.045601950132806324, "duration_h": [6.0, 16.0]}, "final_J": 0.008575864898454005, "goal_complete": true, "optimize_days": 11}
{"target": -6.0, "params": {"ts": 23.08501322743759, "optimize_days_cont": 14.085797074605773, "pre_optlux": 371.03742375121396, "on_time_norm": 0.07032486680550032, "duration_h": [6.0, 16.0]}, "final_J": 0.041549842910063396, "goal_complete": true, "optimize_days": 14}
{"target": -9999.0, "params": {"ts": 56.804456643247704, "optimize_days_cont": 2.481854448409754, "pre_optlux": 1125.5646900185338, "on_time_norm": 0.15845217352316643, "duration_h": [6.0, 16.0]}, "final_J": 0.3462557814918111, "goal_complete": false, "optimize_days": 2}
{"target": -5.958333333333333, "params": {"ts": 30.055238354117552, "optimize_days_cont": 14.235603569963303, "pre_optlux": 776.7565188542048, "on_time_norm": 0.21506214371433952, "duration_h": [6.0, 16.0]}, "final_J": 0.028177887164578228, "goal_complete": true, "optimize_days": 14}
{"target": -3.9166666666666665, "params": {"ts": 12.966996402356731, "optimize_days_cont": 18.436053147149774, "pre_optlux": 914.702543770914, "on_time_norm": 0.47201931574192724, "duration_h": [6.0, 16.0]}, "final_J": 0.02396408116526678, "goal_complete": true, "optimize_days": 18}
{"target": -7.0, "params": {"ts": 5.278357243925987, "optimize_days_cont": 15.296453422239487, "pre_optlux": 883.4132092262794, "on_time_norm": 0.7671904257147006, "duration_h": [6.0, 16.0]}, "final_J": 0.016074030562399366, "goal_complete": true, "optimize_days": 15}
{"target": -6.0, "params": {"ts": 8.149916558088384, "optimize_days_cont": 13.534600853749103, "pre_optlux": 221.95410676473352, "on_time_norm": 0.6850244527227007, "duration_h": [6.0, 16.0]}, "final_J": 0.02590553303776122, "goal_complete": true, "optimize_days": 14}
{"target": -7.0, "params": {"ts": 47.331618590616145, "optimize_days_cont": 13.56012736053423, "pre_optlux": 1081.454953100926, "on_time_norm": 0.2633294844455638, "duration_h": [6.0, 16.0]}, "final_J": 0.03372458987981753, "goal_complete": true, "optimize_days": 14}
{"target": -5.958333333333333, "params": {"ts": 77.35815021585175, "optimize_days_cont": 16.50670419948814, "pre_optlux": 338.51616506019934, "on_time_norm": 0.5780067455748411, "duration_h": [6.0, 16.0]}, "final_J": 0.0708976748258444, "goal_complete": true, "optimize_days": 17}
{"target": -3.875, "params": {"ts": 23.989333259437583, "optimize_days_cont": 4.774231318116989, "pre_optlux": 516.5125439397189, "on_time_norm": 0.976852764010693, "duration_h": [6.0, 16.0]}, "final_J": 0.03609765327081793, "goal_complete": true, "optimize_days": 5}
{"target": -9999.0, "params": {"ts": 36.28433428914752, "optimize_days_cont": 1.3495989859817095, "pre_optlux": 982.6668639532691, "on_time_norm": 0.23040538778108444, "duration_h": [6.0, 16.0]}, "final_J": 0.467565218808646, "goal_complete": false, "optimize_days": 1}
{"target": -6.291666666666667, "params": {"ts": 58.84077063109376, "optimize_days_cont": 8.981967537205383, "pre_optlux": 1107.491323463064, "on_time_norm": 0.9720455259033695, "duration_h": [6.0, 16.0]}, "final_J": 0.08133484704677207, "goal_complete": true, "optimize_days": 9}
{"target": -6.291666666666667, "params": {"ts": 43.63486278650694, "optimize_days_cont": 19.196843396417563, "pre_optlux": 214.47343649160942, "on_time_norm": 0.7327818008916883, "duration_h": [6.0, 16.0]}, "final_J": 0.04757649989362178, "goal_complete": true, "optimize_days": 19}
{"target": -5.291666666666667, "params": {"ts": 53.17351161162144, "optimize_days_cont": 11.772761585575223, "pre_optlux": 1125.9760864836403, "on_time_norm": 0.6826033501652629, "duration_h": [6.0, 16.0]}, "final_J": 0.07573481894868998, "goal_complete": true, "optimize_days": 12}
{"target": -3.9166666666666665, "params": {"ts": 12.171706697977584, "optimize_days_cont": 4.784090011256047, "pre_optlux": 1123.7809591132172, "on_time_norm": 0.39386732248283196, "duration_h": [6.0, 16.0]}, "final_J": 0.0754424765439417, "goal_complete": true, "optimize_days": 5}
{"target": -2.9583333333333335, "params": {"ts": 16.19112292109049, "optimize_days_cont": 2.910906277613152, "pre_optlux": 699.7835942543549, "on_time_norm": 0.5829154644665038, "duration_h": [6.0, 16.0]}, "final_J": 0.15256637874047851, "goal_complete": true, "optimize_days": 3}
{"target": -4.875, "params": {"ts": 87.16572333579319, "optimize_days_cont": 19.36399704765088, "pre_optlux": 765.0125547254927, "on_time_norm": 0.4004229990716831, "duration_h": [6.0, 16.0]}, "final_J": 0.04696605105606069, "goal_complete": true, "optimize_days": 19}
{"target": -7.0, "params": {"ts": 83.00764660756872, "optimize_days_cont": 18.28698222982436, "pre_optlux": 1184.2845115892483, "on_time_norm": 0.06831478431392501, "duration_h": [6.0, 16.0]}, "final_J": 0.010558833831398984, "goal_complete": true, "optimize_days": 18}
{"target": -2.9583333333333335, "params": {"ts": 93.98239711040948, "optimize_days_cont": 2.940710497156282, "pre_optlux": 1469.6783471939355, "on_time_norm": 0.35668872437448984, "duration_h": [6.0, 16.0]}, "final_J": 0.15200238703718685, "goal_complete": true, "optimize_days": 3}
{"target": -6.291666666666667, "params": {"ts": 13.155784921739329, "optimize_days_cont": 19.265691674858058, "pre_optlux": 1029.0949266816813, "on_time_norm": 0.9366778098943237, "duration_h": [6.0, 16.0]}, "final_J": 0.015818346921982855, "goal_complete": true, "optimize_days": 19}
{"target": -2.9583333333333335, "params": {"ts": 15.75575547862837, "optimize_days_cont": 2.787319034774392, "pre_optlux": 699.8550055900264, "on_time_norm": 0.59866673895718, "duration_h": [6.0, 16.0]}, "final_J": 0.16819709952234616, "goal_complete": true, "optimize_days": 3}
{"target": -6.0, "params": {"ts": 49.899886939183126, "optimize_days_cont": 20.0, "pre_optlux": 1125.8295226166194, "on_time_norm": 1.0, "duration_h": [6.0, 16.0]}, "final_J": 0.07033817599721151, "goal_complete": true, "optimize_days": 20}
{"target": -5.0, "params": {"ts": 53.93059719239452, "optimize_days_cont": 17.452786832392817, "pre_optlux": 1115.7251845390467, "on_time_norm": 1.0, "duration_h": [6.0, 16.0]}, "final_J": 0.0713604937221002, "goal_complete": true, "optimize_days": 17}
{"target": -6.0, "params": {"ts": 11.312673161314935, "optimize_days_cont": 15.342566096483417, "pre_optlux": 894.980235528237, "on_time_norm": 0.5277931230804769, "duration_h": [6.0, 16.0]}, "final_J": 0.01261622419444877, "goal_complete": true, "optimize_days": 15}
{"target": -5.333333333333333, "params": {"ts": 18.189404968921902, "optimize_days_cont": 11.196775673369416, "pre_optlux": 905.4140064416237, "on_time_norm": 0.17837465404002908, "duration_h": [6.0, 16.0]}, "final_J": 0.030848230867260983, "goal_complete": true, "optimize_days": 11}
{"target": -3.0, "params": {"ts": 13.471905138254632, "optimize_days_cont": 2.896940063523754, "pre_optlux": 895.0114192282743, "on_time_norm": 0.20200949082031697, "duration_h": [6.0, 16.0]}, "final_J": 0.18585920306678408, "goal_complete": true, "optimize_days": 3}
{"target": -4.0, "params": {"ts": 13.882024027068281, "optimize_days_cont": 7.299334379057373, "pre_optlux": 884.5437758470317, "on_time_norm": 1.0, "duration_h": [6.0, 16.0]}, "final_J": 0.03619987409441787, "goal_complete": true, "optimize_days": 7}
{"target": -6.0, "params": {"ts": 18.74433002825694, "optimize_days_cont": 17.556233237537505, "pre_optlux": 883.155129558473, "on_time_norm": 0.0, "duration_h": [6.0, 16.0]}, "final_J": 0.07670237493601345, "goal_complete": true, "optimize_days": 18}
{"target": -5.958333333333333, "params": {"ts": 4.364210575031664, "optimize_days_cont": 8.649042660335958, "pre_optlux": 906.424466332423, "on_time_norm": 1.0, "duration_h": [6.0, 16.0]}, "final_J": 0.01993375281530328, "goal_complete": true, "optimize_days": 9}
{"target": -9999.0, "params": {"ts": 1.1990319637908056, "optimize_days_cont": 5.792880408685645, "pre_optlux": 892.4673924837573, "on_time_norm": 0.0, "duration_h": [6.0, 16.0]}, "final_J": 0.21041121214699476, "goal_complete": false, "optimize_days": 6}
{"target": -4.0, "params": {"ts": 19.676411954400773, "optimize_days_cont": 6.273894971184059, "pre_optlux": 886.0878134128545, "on_time_norm": 1.0, "duration_h": [6.0, 16.0]}, "final_J": 0.03212820469431401, "goal_complete": true, "optimize_days": 6}
{"target": -6.291666666666667, "params": {"ts": 9.577074552604396, "optimize_days_cont": 18.399400765305145, "pre_optlux": 905.4730811714799, "on_time_norm": 1.0, "duration_h": [6.0, 16.0]}, "final_J": 0.007833258847829797, "goal_complete": true, "optimize_days": 18}
{"target": -3.9583333333333335, "params": {"ts": 11.019616122205006, "optimize_days_cont": 7.2644434983426285, "pre_optlux": 914.3408852343035, "on_time_norm": 1.0, "duration_h": [6.0, 16.0]}, "final_J": 0.05512714823762535, "goal_complete": true, "optimize_days": 7}
{"target": -5.291666666666667, "params": {"ts": 12.812891414334596, "optimize_days_cont": 11.92096409770103, "pre_optlux": 873.8638991130214, "on_time_norm": 1.0, "duration_h": [6.0, 16.0]}, "final_J": 0.023435325420376327, "goal_complete": true, "optimize_days": 12}
{"target": -6.291666666666667, "params": {"ts": 1.0, "optimize_days_cont": 15.146903560249886, "pre_optlux": 916.1741674901261, "on_time_norm": 1.0, "duration_h": [6.0, 16.0]}, "final_J": 0.04776206797063012, "goal_complete": true, "optimize_days": 15}
{"target": -5.0, "params": {"ts": 24.94442451379871, "optimize_days_cont": 9.987077402630653, "pre_optlux": 877.7260157731661, "on_time_norm": 1.0, "duration_h": [6.0, 16.0]}, "final_J": 0.04977116961766802, "goal_complete": true, "optimize_days": 10}
{"target": -5.0, "params": {"ts": 52.4783185172967, "optimize_days_cont": 13.729737231141055, "pre_optlux": 1095.7525486360364, "on_time_norm": 0.7397975929816867, "duration_h": [6.0, 16.0]}, "final_J": 0.08580660055759033, "goal_complete": true, "optimize_days": 14}
{"target": -5.0, "params": {"ts": 63.17599538841937, "optimize_days_cont": 20.0, "pre_optlux": 1102.0054688024131, "on_time_norm": 1.0, "duration_h": [6.0, 16.0]}, "final_J": 0.07244650927012489, "goal_complete": true, "optimize_days": 20}
{"target": -6.0, "params": {"ts": 64.76929254527698, "optimize_days_cont": 7.528788976340158, "pre_optlux": 1094.5982704784522, "on_time_norm": 1.0, "duration_h": [6.0, 16.0]}, "final_J": 0.0901342766288721, "goal_complete": true, "optimize_days": 8}
{"target": -4.0, "params": {"ts": 61.5605364883363, "optimize_days_cont": 18.432603054350672, "pre_optlux": 1086.0241494685497, "on_time_norm": 0.3865762137301966, "duration_h": [6.0, 16.0]}, "final_J": 0.013666477779146487, "goal_complete": true, "optimize_days": 18}
{"target": -2.9166666666666665, "params": {"ts": 57.204741974985794, "optimize_days_cont": 4.083542585807218, "pre_optlux": 1085.868539957956, "on_time_norm": 0.0, "duration_h": [6.0, 16.0]}, "final_J": 0.01815326779067535, "goal_complete": true, "optimize_days": 4}
{"target": -7.0, "params": {"ts": 57.95738841571012, "optimize_days_cont": 10.177137971016569, "pre_optlux": 1075.6029431806137, "on_time_norm": 1.0, "duration_h": [6.0, 16.0]}, "final_J": 0.08135834371905111, "goal_complete": true, "optimize_days": 10}
{"target": -2.9166666666666665, "params": {"ts": 45.782676620721084, "optimize_days_cont": 2.9385711517245086, "pre_optlux": 1087.4155257002737, "on_time_norm": 1.0, "duration_h": [6.0, 16.0]}, "final_J": 0.12912007288264876, "goal_complete": true, "optimize_days": 3}
{"target": -9999.0, "params": {"ts": 47.80517485906354, "optimize_days_cont": 1.0, "pre_optlux": 1073.61161532399, "on_time_norm": 0.0, "duration_h": [6.0, 16.0]}, "final_J": 0.47180203394477616, "goal_complete": false, "optimize_days": 1}
