{"target": -9999.0, "params": {"ts": 53.43726173815101, "optimize_days_cont": 1.0, "pre_optlux": 1096.6798244296244, "on_time_norm": 1.0, "duration_h": [6.0, 16.0]}, "final_J": 0.4673286754723873, "goal_complete": false, "optimize_days": 1}
{"target": -5.0, "params": {"ts": 54.43834727872921, "optimize_days_cont": 13.128298170637713, "pre_optlux": 1085.1984861905275, "on_time_norm": 0.8503298251648966, "duration_h": [6.0, 16.0]}, "final_J": 0.08781125189323633, "goal_complete": true, "optimize_days": 13}
{"target": -6.291666666666667, "params": {"ts": 64.59823529911564, "optimize_days_cont": 9.130276539421436, "pre_optlux": 1084.0040922941748, "on_time_norm": 0.5990362683182139, "duration_h": [6.0, 16.0]}, "final_J": 0.07618003561425013, "goal_complete": true, "optimize_days": 9}
{"target": -7.333333333333333, "params": {"ts": 62.895337641772095, "optimize_days_cont": 14.932784068781096, "pre_optlux": 1095.6775516155783, "on_time_norm": 0.2933660022709473, "duration_h": [6.0, 16.0]}, "final_J": 0.029254140564410384, "goal_complete": true, "optimize_days": 15}
{"target": -3.875, "params": {"ts": 55.11630788140806, "optimize_days_cont": 18.380831533316353, "pre_optlux": 1105.217178155964, "on_time_norm": 0.5499692792155124, "duration_h": [6.0, 16.0]}, "final_J": 0.015782358285697847, "goal_complete": true, "optimize_days": 18}
{"target": -11.0, "params": {"ts": 49.785129969103295, "optimize_days_cont": 20.0, "pre_optlux": 1090.073409504438, "on_time_norm": 0.0, "duration_h": [6.0, 16.0]}, "final_J": 0.007583560222275959, "goal_complete": true, "optimize_days": 20}
{"target": -4.958333333333333, "params": {"ts": 42.06509224408104, "optimize_days_cont": 13.731832921615569, "pre_optlux": 1088.074770488562, "on_time_norm": 1.0, "duration_h": [6.0, 16.0]}, "final_J": 0.10522773248655708, "goal_complete": true, "optimize_days": 14}
{"target": -4.958333333333333, "params": {"ts": 71.98966561817568, "optimize_days_cont": 15.356702273201767, "pre_optlux": 1092.6905919975534, "on_time_norm": 1.0, "duration_h": [6.0, 16.0]}, "final_J": 0.1019130753291221, "goal_complete": true, "optimize_days": 15}
{"target": -7.291666666666667, "params": {"ts": 70.57583673892985, "optimize_days_cont": 10.9880619208867, "pre_optlux": 1104.3733774370946, "on_time_norm": 1.0, "duration_h": [6.0, 16.0]}, "final_J": 0.0777327833527996, "goal_complete": true, "optimize_days": 11}
{"target": -6.291666666666667, "params": {"ts": 12.570627164349968, "optimize_days_cont": 20.0, "pre_optlux": 880.4548707697454, "on_time_norm": 1.0, "duration_h": [6.0, 16.0]}, "final_J": 0.05884808594185111, "goal_complete": true, "optimize_days": 20}
{"target": -5.0, "params": {"ts": 20.55080890484465, "optimize_days_cont": 20.0, "pre_optlux": 898.002172452774, "on_time_norm": 1.0, "duration_h": [6.0, 16.0]}, "final_J": 0.07318023942442053, "goal_complete": true, "optimize_days": 20}
{"target": -3.9583333333333335, "params": {"ts": 73.50241862594726, "optimize_days_cont": 5.869625365420253, "pre_optlux": 1092.6746612318598, "on_time_norm": 0.0, "duration_h": [6.0, 16.0]}, "final_J": 0.01595290098038719, "goal_complete": true, "optimize_days": 6}
{"target": -9999.0, "params": {"ts": 23.748728088397083, "optimize_days_cont": 1.0, "pre_optlux": 900.5120951284923, "on_time_norm": 1.0, "duration_h": [6.0, 16.0]}, "final_J": 0.467718697134621, "goal_complete": false, "optimize_days": 1}
{"target": -6.291666666666667, "params": {"ts": 19.286866758812167, "optimize_days_cont": 18.738971398081542, "pre_optlux": 889.8558299557288, "on_time_norm": 1.0, "duration_h": [6.0, 16.0]}, "final_J": 0.06877643312909139, "goal_complete": true, "optimize_days": 19}
{"target": -9.291666666666666, "params": {"ts": 29.910345054709573, "optimize_days_cont": 16.558805391409848, "pre_optlux": 885.9943763055434, "on_time_norm": 0.0, "duration_h": [6.0, 16.0]}, "final_J": 0.010007535622293635, "goal_complete": true, "optimize_days": 17}
{"target": -12.0, "params": {"ts": 16.36833418648138, "optimize_days_cont": 20.0, "pre_optlux": 903.3947602949065, "on_time_norm": 0.0, "duration_h": [6.0, 16.0]}, "final_J": 0.015826398957340886, "goal_complete": true, "optimize_days": 20}
{"target": -6.000367727293782, "params": {"ts": 23.105816836200347, "optimize_days_cont": 10.940103486612847, "pre_optlux": 893.4469663845945, "on_time_norm": 0.045601950132806324, "duration_h": [6.0, 16.0]}, "final_J": 0.008575864898454005, "goal_complete": true, "optimize_days": 11}
{"target": -6.008631947229254, "params": {"ts": 23.08501322743759, "optimize_days_cont": 14.085797074605773, "pre_optlux": 371.03742375121396, "on_time_norm": 0.07032486680550032, "duration_h": [6.0, 16.0]}, "final_J": 0.041549842910063396, "goal_complete": true, "optimize_days": 14}
{"target": -2.599465331082524, "params": {"ts": 56.804456643247704, "optimize_days_cont": 2.481854448409754, "pre_optlux": 1125.5646900185338, "on_time_norm": 0.15845217352316643, "duration_h": [6.0, 16.0]}, "final_J": 0.3462557814918111, "goal_complete": false, "optimize_days": 2}
{"target": -5.962303299958632, "params": {"ts": 30.055238354117552, "optimize_days_cont": 14.235603569963303, "pre_optlux": 776.7565188542048, "on_time_norm": 0.21506214371433952, "duration_h": [6.0, 16.0]}, "final_J": 0.028177887164578228, "goal_complete": true, "optimize_days": 14}
{"target": -3.919538052597144, "params": {"ts": 12.966996402356731, "optimize_days_cont": 18.436053147149774, "pre_optlux": 914.702543770914, "on_time_norm": 0.47201931574192724, "duration_h": [6.0, 16.0]}, "final_J": 0.02396408116526678, "goal_complete": true, "optimize_days": 18}
{"target": -7.0012918722926045, "params": {"ts": 5.278357243925987, "optimize_days_cont": 15.296453422239487, "pre_optlux": 883.4132092262794, "on_time_norm": 0.7671904257147006, "duration_h": [6.0, 16.0]}, "final_J": 0.016074030562399366, "goal_complete": true, "optimize_days": 15}
{"target": -6.003355483209853, "params": {"ts": 8.149916558088384, "optimize_days_cont": 13.534600853749103, "pre_optlux": 221.95410676473352, "on_time_norm": 0.6850244527227007, "duration_h": [6.0, 16.0]}, "final_J": 0.02590553303776122, "goal_complete": true, "optimize_days": 14}
{"target": -7.005686739812809, "params": {"ts": 47.331618590616145, "optimize_days_cont": 13.56012736053423, "pre_optlux": 1081.454953100926, "on_time_norm": 0.2633294844455638, "duration_h": [6.0, 16.0]}, "final_J": 0.03372458987981753, "goal_complete": true, "optimize_days": 14}
{"target": -5.9834657348118885, "params": {"ts": 77.35815021585175, "optimize_days_cont": 16.50670419948814, "pre_optlux": 338.51616506019934, "on_time_norm": 0.5780067455748411, "duration_h": [6.0, 16.0]}, "final_J": 0.0708976748258444, "goal_complete": true, "optimize_days": 17}
{"target": -3.881515202858301, "params": {"ts": 23.989333259437583, "optimize_days_cont": 4.774231318116989, "pre_optlux": 516.5125439397189, "on_time_norm": 0.976852764010693, "duration_h": [6.0, 16.0]}, "final_J": 0.03609765327081793, "goal_complete": true, "optimize_days": 5}
{"target": -2.093086169197885, "params": {"ts": 36.28433428914752, "optimize_days_cont": 1.3495989859817095, "pre_optlux": 982.6668639532691, "on_time_norm": 0.23040538778108444, "duration_h": [6.0, 16.0]}, "final_J": 0.467565218808646, "goal_complete": false, "optimize_days": 1}
{"target": -6.324743453387276, "params": {"ts": 58.84077063109376, "optimize_days_cont": 8.981967537205383, "pre_optlux": 1107.491323463064, "on_time_norm": 0.9720455259033695, "duration_h": [6.0, 16.0]}, "final_J": 0.08133484704677207, "goal_complete": true, "optimize_days": 9}
{"target": -6.302984283377306, "params": {"ts": 43.63486278650694, "optimize_days_cont": 19.196843396417563, "pre_optlux": 214.47343649160942, "on_time_norm": 0.7327818008916883, "duration_h": [6.0, 16.0]}, "final_J": 0.04757649989362178, "goal_complete": true, "optimize_days": 19}
{"target": -5.320345480672621, "params": {"ts": 53.17351161162144, "optimize_days_cont": 11.772761585575223, "pre_optlux": 1125.9760864836403, "on_time_norm": 0.6826033501652629, "duration_h": [6.0, 16.0]}, "final_J": 0.07573481894868998, "goal_complete": true, "optimize_days": 12}
{"target": -3.9451245030020825, "params": {"ts": 12.171706697977584, "optimize_days_cont": 4.784090011256047, "pre_optlux": 1123.7809591132172, "on_time_norm": 0.39386732248283196, "duration_h": [6.0, 16.0]}, "final_J": 0.0754424765439417, "goal_complete": true, "optimize_days": 5}
{"target": -3.0747158329432493, "params": {"ts": 16.19112292109049, "optimize_days_cont": 2.910906277613152, "pre_optlux": 699.7835942543549, "on_time_norm": 0.5829154644665038, "duration_h": [6.0, 16.0]}, "final_J": 0.15256637874047851, "goal_complete": true, "optimize_days": 3}
{"target": -4.886029049759003, "params": {"ts": 87.16572333579319, "optimize_days_cont": 19.36399704765088, "pre_optlux": 765.0125547254927, "on_time_norm": 0.4004229990716831, "duration_h": [6.0, 16.0]}, "final_J": 0.04696605105606069, "goal_complete": true, "optimize_days": 19}
{"target": -7.000557444859395, "params": {"ts": 83.00764660756872, "optimize_days_cont": 18.28698222982436, "pre_optlux": 1184.2845115892483, "on_time_norm": 0.06831478431392501, "duration_h": [6.0, 16.0]}, "final_J": 0.010558833831398984, "goal_complete": true, "optimize_days": 18}
{"target": -3.0738569616583473, "params": {"ts": 93.98239711040948, "optimize_days_cont": 2.940710497156282, "pre_optlux": 1469.6783471939355, "on_time_norm": 0.35668872437448984, "duration_h": [6.0, 16.0]}, "final_J": 0.15200238703718685, "goal_complete": true, "optimize_days": 3}
{"target": -6.292917767163388, "params": {"ts": 13.155784921739329, "optimize_days_cont": 19.265691674858058, "pre_optlux": 1029.0949266816813, "on_time_norm": 0.9366778098943237, "duration_h": [6.0, 16.0]}, "final_J": 0.015818346921982855, "goal_complete": true, "optimize_days": 19}
{"target": -3.0947363479729812, "params": {"ts": 15.955241278052483, "optimize_days_cont": 2.8434753317704464, "pre_optlux": 699.8215447810119, "on_time_norm": 0.5907911908102693, "duration_h": [6.0, 16.0]}, "final_J": 0.1651684077780299, "goal_complete": true, "optimize_days": 3}
{"target": -2.1094280065721076, "params": {"ts": 39.739495868196336, "optimize_days_cont": 1.0, "pre_optlux": 975.7650568710241, "on_time_norm": 0.20768913634095507, "duration_h": [6.0, 16.0]}, "final_J": 0.47104734508796625, "goal_complete": false, "optimize_days": 1}
{"target": -2.093878009667651, "params": {"ts": 27.37846379502065, "optimize_days_cont": 1.0, "pre_optlux": 973.3696866366321, "on_time_norm": 0.053012623048538446, "duration_h": [6.0, 16.0]}, "final_J": 0.4677345421641747, "goal_complete": false, "optimize_days": 1}
{"target": -5.319812635513696, "params": {"ts": 33.84733718068104, "optimize_days_cont": 16.7620865265742, "pre_optlux": 975.412538296416, "on_time_norm": 1.0, "duration_h": [6.0, 16.0]}, "final_J": 0.07502795325347589, "goal_complete": true, "optimize_days": 17}
{"target": -2.10269649826178, "params": {"ts": 27.735297712751816, "optimize_days_cont": 1.0, "pre_optlux": 979.5853381612045, "on_time_norm": 0.0, "duration_h": [6.0, 16.0]}, "final_J": 0.46961611945540804, "goal_complete": false, "optimize_days": 1}
{"target": -2.1035027135916518, "params": {"ts": 68.53221956022698, "optimize_days_cont": 1.0, "pre_optlux": 1135.1595292208617, "on_time_norm": 0.0, "duration_h": [6.0, 16.0]}, "final_J": 0.46978776348296936, "goal_complete": false, "optimize_days": 1}
{"target": -2.1031537105006306, "params": {"ts": 23.816113370592706, "optimize_days_cont": 1.0, "pre_optlux": 953.7443357004994, "on_time_norm": 0.0, "duration_h": [6.0, 16.0]}, "final_J": 0.4697134680846677, "goal_complete": false, "optimize_days": 1}
{"target": -2.5248656687626925, "params": {"ts": 3.466169071234513, "optimize_days_cont": 1.0, "pre_optlux": 961.7147379825162, "on_time_norm": 0.0, "duration_h": [6.0, 16.0]}, "final_J": 0.552243726766125, "goal_complete": false, "optimize_days": 1}
{"target": -2.1149397169207345, "params": {"ts": 6.468251927972688, "optimize_days_cont": 1.0, "pre_optlux": 938.9017455551058, "on_time_norm": 0.0, "duration_h": [6.0, 16.0]}, "final_J": 0.4722159923002893, "goal_complete": false, "optimize_days": 1}
{"target": -5.293611588295729, "params": {"ts": 41.94746931183088, "optimize_days_cont": 9.32829522512134, "pre_optlux": 679.6324809869337, "on_time_norm": 0.0, "duration_h": [6.0, 16.0]}, "final_J": 0.019722685562883494, "goal_complete": true, "optimize_days": 9}
{"target": -16.395986325473462, "params": {"ts": 1.0, "optimize_days_cont": 20.0, "pre_optlux": 943.3099436752306, "on_time_norm": 0.0, "duration_h": [6.0, 16.0]}, "final_J": 0.14444352447014944, "goal_complete": true, "optimize_days": 20}
{"target": -2.0931249382705177, "params": {"ts": 21.653993519746187, "optimize_days_cont": 1.0, "pre_optlux": 938.7433931827394, "on_time_norm": 0.04500569494807506, "duration_h": [6.0, 16.0]}, "final_J": 0.4675735104281503, "goal_complete": false, "optimize_days": 1}
{"target": -2.212058356539556, "params": {"ts": 9.2275778428736, "optimize_days_cont": 1.0, "pre_optlux": 976.918363682194, "on_time_norm": 0.0, "duration_h": [6.0, 16.0]}, "final_J": 0.4923531977228453, "goal_complete": false, "optimize_days": 1}
{"target": -2.0936759030859733, "params": {"ts": 40.21601125183184, "optimize_days_cont": 1.0, "pre_optlux": 951.2923772151983, "on_time_norm": 0.0, "duration_h": [6.0, 16.0]}, "final_J": 0.4676913304918049, "goal_complete": false, "optimize_days": 1}
{"target": -2.0936593180062406, "params": {"ts": 40.96564013492168, "optimize_days_cont": 1.0, "pre_optlux": 933.3841309596887, "on_time_norm": 1.0, "duration_h": [6.0, 16.0]}, "final_J": 0.46768778431903496, "goal_complete": false, "optimize_days": 1}
{"target": -2.092749675959858, "params": {"ts": 58.74550477968598, "optimize_days_cont": 1.0, "pre_optlux": 945.3562908579385, "on_time_norm": 1.0, "duration_h": [6.0, 16.0]}, "final_J": 0.46749324614583637, "goal_complete": false, "optimize_days": 1}
{"target": -5.012817350662983, "params": {"ts": 53.114258197178245, "optimize_days_cont": 16.149026376239068, "pre_optlux": 935.5846903572414, "on_time_norm": 0.0, "duration_h": [6.0, 16.0]}, "final_J": 0.10438775534481975, "goal_complete": true, "optimize_days": 16}
{"target": -2.102784038834919, "params": {"ts": 60.720574631127384, "optimize_days_cont": 1.0, "pre_optlux": 965.4245221032584, "on_time_norm": 0.0, "duration_h": [6.0, 16.0]}, "final_J": 0.4696347599645749, "goal_complete": false, "optimize_days": 1}
{"target": -2.1029654608237127, "params": {"ts": 58.83357625045562, "optimize_days_cont": 1.0, "pre_optlux": 989.4776413418115, "on_time_norm": 0.0, "duration_h": [6.0, 16.0]}, "final_J": 0.46967338881902027, "goal_complete": false, "optimize_days": 1}
{"target": -2.094077346666638, "params": {"ts": 78.19881914234674, "optimize_days_cont": 1.0, "pre_optlux": 979.5540246820179, "on_time_norm": 1.0, "duration_h": [6.0, 16.0]}, "final_J": 0.4677771577720824, "goal_complete": false, "optimize_days": 1}
{"target": -2.09452288133905, "params": {"ts": 83.19886325508399, "optimize_days_cont": 1.0, "pre_optlux": 956.8218229505635, "on_time_norm": 1.0, "duration_h": [6.0, 16.0]}, "final_J": 0.46787239314562046, "goal_complete": false, "optimize_days": 1}
{"target": -12.002430666734615, "params": {"ts": 78.07104435305807, "optimize_days_cont": 20.0, "pre_optlux": 971.148484423122, "on_time_norm": 0.0, "duration_h": [6.0, 16.0]}, "final_J": 0.02204843184725339, "goal_complete": true, "optimize_days": 20}
{"target": -2.094828165520413, "params": {"ts": 80.71451028364099, "optimize_days_cont": 1.0, "pre_optlux": 938.0060931107323, "on_time_norm": 1.0, "duration_h": [6.0, 16.0]}, "final_J": 0.4679376380502883, "goal_complete": false, "optimize_days": 1}
{"target": -2.092319461414698, "params": {"ts": 75.34437851175956, "optimize_days_cont": 1.0, "pre_optlux": 1000.4327753485136, "on_time_norm": 1.0, "duration_h": [6.0, 16.0]}, "final_J": 0.46740121125531925, "goal_complete": false, "optimize_days": 1}
{"target": -2.094307665768704, "params": {"ts": 52.92955435749087, "optimize_days_cont": 1.0, "pre_optlux": 1008.3076477245639, "on_time_norm": 1.0, "duration_h": [6.0, 16.0]}, "final_J": 0.46782639210901805, "goal_complete": false, "optimize_days": 1}
{"target": -2.102792274149232, "params": {"ts": 69.30570268263627, "optimize_days_cont": 1.0, "pre_optlux": 1021.9993292740744, "on_time_norm": 0.0, "duration_h": [6.0, 16.0]}, "final_J": 0.4696365135185364, "goal_complete": false, "optimize_days": 1}
{"target": -5.027608498583431, "params": {"ts": 64.66156648547913, "optimize_days_cont": 19.851957922798235, "pre_optlux": 1017.0899952742216, "on_time_norm": 1.0, "duration_h": [6.0, 16.0]}, "final_J": 0.07430814031239336, "goal_complete": true, "optimize_days": 20}
{"target": -2.094861039389074, "params": {"ts": 100.0, "optimize_days_cont": 1.0, "pre_optlux": 944.8810500785339, "on_time_norm": 1.0, "duration_h": [6.0, 16.0]}, "final_J": 0.4679446632645946, "goal_complete": false, "optimize_days": 1}
{"target": -2.0947222093390816, "params": {"ts": 100.0, "optimize_days_cont": 1.0, "pre_optlux": 922.245417270177, "on_time_norm": 1.0, "duration_h": [6.0, 16.0]}, "final_J": 0.4679149942754734, "goal_complete": false, "optimize_days": 1}
{"target": -5.0280608202791734, "params": {"ts": 100.0, "optimize_days_cont": 20.0, "pre_optlux": 927.64628754871, "on_time_norm": 1.0, "duration_h": [6.0, 16.0]}, "final_J": 0.07491437816490674, "goal_complete": true, "optimize_days": 20}
{"target": -2.1036062383095597, "params": {"ts": 93.09768029207727, "optimize_days_cont": 1.0, "pre_optlux": 1017.8226381682748, "on_time_norm": 0.0, "duration_h": [6.0, 16.0]}, "final_J": 0.4698097994528339, "goal_complete": false, "optimize_days": 1}
{"target": -2.102171891129427, "params": {"ts": 87.04930104729482, "optimize_days_cont": 1.0, "pre_optlux": 1040.3818811314345, "on_time_norm": 0.0, "duration_h": [6.0, 16.0]}, "final_J": 0.4695043963861099, "goal_complete": false, "optimize_days": 1}
{"target": -10.293284770223142, "params": {"ts": 100.0, "optimize_days_cont": 19.500083710405807, "pre_optlux": 1034.0886416789242, "on_time_norm": 0.0, "duration_h": [6.0, 16.0]}, "final_J": 0.017989461117419284, "goal_complete": true, "optimize_days": 20}
{"target": -2.093425344487832, "params": {"ts": 69.04448901161278, "optimize_days_cont": 1.0, "pre_optlux": 1043.6068047716428, "on_time_norm": 0.0, "duration_h": [6.0, 16.0]}, "final_J": 0.4676377539266546, "goal_complete": false, "optimize_days": 1}
{"target": -2.095370887544033, "params": {"ts": 98.38696973667406, "optimize_days_cont": 1.0, "pre_optlux": 996.0279365245128, "on_time_norm": 1.0, "duration_h": [6.0, 16.0]}, "final_J": 0.46805360537956187, "goal_complete": false, "optimize_days": 1}
{"target": -2.0955699523953637, "params": {"ts": 79.29126976189526, "optimize_days_cont": 1.0, "pre_optlux": 909.627370502905, "on_time_norm": 1.0, "duration_h": [6.0, 16.0]}, "final_J": 0.4680961338006038, "goal_complete": false, "optimize_days": 1}
{"target": -2.10272252161085, "params": {"ts": 99.54276165919428, "optimize_days_cont": 1.0, "pre_optlux": 896.4615356823967, "on_time_norm": 0.0, "duration_h": [6.0, 16.0]}, "final_J": 0.4696216608315357, "goal_complete": false, "optimize_days": 1}
{"target": -2.0945510217402514, "params": {"ts": 78.39744751523479, "optimize_days_cont": 1.0, "pre_optlux": 883.5720542759616, "on_time_norm": 1.0, "duration_h": [6.0, 16.0]}, "final_J": 0.4678784076531533, "goal_complete": false, "optimize_days": 1}
{"target": -5.37256872145776, "params": {"ts": 85.42883575400228, "optimize_days_cont": 20.0, "pre_optlux": 892.482837779053, "on_time_norm": 1.0, "duration_h": [6.0, 16.0]}, "final_J": 0.08858373228130262, "goal_complete": true, "optimize_days": 20}
{"target": -2.102305292021866, "params": {"ts": 98.9718915673536, "optimize_days_cont": 1.0, "pre_optlux": 869.1837741858617, "on_time_norm": 0.0, "duration_h": [6.0, 16.0]}, "final_J": 0.4695328086559801, "goal_complete": false, "optimize_days": 1}
