{"target": -9793.375, "params": {"ts": 66.58970615104421, "optimize_days_cont": 6.9225104456988085, "pre_optlux": 852.0918285900445, "on_time_norm": 0.5467102793432796, "duration_h": [6.0, 18.0]}, "final_J": 3.545188183382523, "goal_complete": false, "optimize_days": 7}
{"target": -9735.833333333334, "params": {"ts": 31.298283141285584, "optimize_days_cont": 9.16063135597831, "pre_optlux": 1150.988373617315, "on_time_norm": 0.1803342643252165, "duration_h": [6.0, 18.0]}, "final_J": 3.35162105589015, "goal_complete": false, "optimize_days": 9}
{"target": -9430.958333333334, "params": {"ts": 38.62815070471461, "optimize_days_cont": 18.500825885545666, "pre_optlux": 1138.3032194170235, "on_time_norm": 0.6184440477971568, "duration_h": [6.0, 18.0]}, "final_J": 1.117456087728187, "goal_complete": false, "optimize_days": 19}
{"target": -9399.458333333334, "params": {"ts": 43.54930519044581, "optimize_days_cont": 20.0, "pre_optlux": 1123.0079242861445, "on_time_norm": 0.9961602532318669, "duration_h": [6.0, 18.0]}, "final_J": 1.4978833948018977, "goal_complete": false, "optimize_days": 20}
{"target": -9403.708333333334, "params": {"ts": 66.2158944931574, "optimize_days_cont": 20.0, "pre_optlux": 1133.9280725740707, "on_time_norm": 0.0, "duration_h": [6.0, 18.0]}, "final_J": 1.8705986791532165, "goal_complete": false, "optimize_days": 20}
{"target": -9399.375, "params": {"ts": 1.0, "optimize_days_cont": 20.0, "pre_optlux": 1243.0103413153192, "on_time_norm": 0.0, "duration_h": [6.0, 18.0]}, "final_J": 3.7079754299014343, "goal_complete": false, "optimize_days": 20}
{"target": -9400.916666666666, "params": {"ts": 33.82984240758658, "optimize_days_cont": 20.0, "pre_optlux": 1250.5542141378755, "on_time_norm": 1.0, "duration_h": [6.0, 18.0]}, "final_J": 1.6880700468250704, "goal_complete": false, "optimize_days": 20}
{"target": -9970.0, "params": {"ts": 15.664971967850217, "optimize_days_cont": 1.0, "pre_optlux": 1249.5982464846848, "on_time_norm": 1.0, "duration_h": [6.0, 18.0]}, "final_J": 4.834392589720438, "goal_complete": false, "optimize_days": 1}
{"target": -9399.958333333334, "params": {"ts": 64.08100952103382, "optimize_days_cont": 20.0, "pre_optlux": 1114.7100832668177, "on_time_norm": 0.0, "duration_h": [6.0, 18.0]}, "final_J": 1.2391077945763211, "goal_complete": false, "optimize_days": 20}
{"target": -9970.0, "params": {"ts": 66.65300027107274, "optimize_days_cont": 1.0, "pre_optlux": 1116.6408748977572, "on_time_norm": 1.0, "duration_h": [6.0, 18.0]}, "final_J": 4.833942329816358, "goal_complete": false, "optimize_days": 1}
{"target": -9399.916666666666, "params": {"ts": 54.445421031190904, "optimize_days_cont": 20.0, "pre_optlux": 1130.0770247071525, "on_time_norm": 0.0, "duration_h": [6.0, 18.0]}, "final_J": 1.7130551516362682, "goal_complete": false, "optimize_days": 20}
{"target": -9429.708333333334, "params": {"ts": 38.07947176588889, "optimize_days_cont": 19.063571821788408, "pre_optlux": 1138.1918214453967, "on_time_norm": 0.5986584841970366, "duration_h": [6.0, 18.0]}, "final_J": 2.2457559232251567, "goal_complete": false, "optimize_days": 19}
{"target": -9433.708333333334, "params": {"ts": 38.07947176588889, "optimize_days_cont": 19.063571821788408, "pre_optlux": 1138.1918214453967, "on_time_norm": 0.5986584841970366, "duration_h": [6.0, 18.0]}, "final_J": 2.1438688741541454, "goal_complete": false, "optimize_days": 19}
{"target": -9941.083333333334, "params": {"ts": 16.443457513284063, "optimize_days_cont": 2.1035886311957896, "pre_optlux": 1319.3377967961626, "on_time_norm": 0.6011150117432088, "duration_h": [6.0, 18.0]}, "final_J": 5.128890353300971, "goal_complete": false, "optimize_days": 2}
{"target": -9430.333333333334, "params": {"ts": 38.07947176588889, "optimize_days_cont": 19.063571821788408, "pre_optlux": 1138.1918214453967, "on_time_norm": 0.5986584841970366, "duration_h": [6.0, 18.0]}, "final_J": 3.953487702911133, "goal_complete": false, "optimize_days": 19}
{"target": -9942.5, "params": {"ts": 16.443457513284063, "optimize_days_cont": 2.1035886311957896, "pre_optlux": 1319.3377967961626, "on_time_norm": 0.6011150117432088, "duration_h": [6.0, 18.0]}, "final_J": 5.288048283770485, "goal_complete": false, "optimize_days": 2}
{"target": -9430.333333333334, "params": {"ts": 38.07947176588889, "optimize_days_cont": 19.063571821788408, "pre_optlux": 1138.1918214453967, "on_time_norm": 0.5986584841970366, "duration_h": [6.0, 18.0]}, "final_J": 3.953487702911133, "goal_complete": false, "optimize_days": 19}
{"target": -9942.5, "params": {"ts": 16.443457513284063, "optimize_days_cont": 2.1035886311957896, "pre_optlux": 1319.3377967961626, "on_time_norm": 0.6011150117432088, "duration_h": [6.0, 18.0]}, "final_J": 5.288048283770485, "goal_complete": false, "optimize_days": 2}
{"target": -9429.375, "params": {"ts": 3.0378649352844422, "optimize_days_cont": 19.428287191077892, "pre_optlux": 1273.7975650805693, "on_time_norm": 0.21233911067827616, "duration_h": [6.0, 18.0]}, "final_J": 3.9085712374593626, "goal_complete": false, "optimize_days": 19}
{"target": -9430.333333333334, "params": {"ts": 38.07947176588889, "optimize_days_cont": 19.063571821788408, "pre_optlux": 1138.1918214453967, "on_time_norm": 0.5986584841970366, "duration_h": [6.0, 18.0]}, "final_J": 3.953487702911133, "goal_complete": false, "optimize_days": 19}
{"target": -9942.5, "params": {"ts": 16.443457513284063, "optimize_days_cont": 2.1035886311957896, "pre_optlux": 1319.3377967961626, "on_time_norm": 0.6011150117432088, "duration_h": [6.0, 18.0]}, "final_J": 5.288048283770485, "goal_complete": false, "optimize_days": 2}
{"target": -9429.375, "params": {"ts": 3.0378649352844422, "optimize_days_cont": 19.428287191077892, "pre_optlux": 1273.7975650805693, "on_time_norm": 0.21233911067827616, "duration_h": [6.0, 18.0]}, "final_J": 3.9085712374593626, "goal_complete": false, "optimize_days": 19}
{"target": -9790.958333333334, "params": {"ts": 19.15704647548995, "optimize_days_cont": 6.780602616231217, "pre_optlux": 858.4211827035211, "on_time_norm": 0.43194501864211576, "duration_h": [6.0, 18.0]}, "final_J": 4.629249401698745, "goal_complete": false, "optimize_days": 7}
{"target": -9881.416666666666, "params": {"ts": 61.573436577515565, "optimize_days_cont": 3.6503833523887947, "pre_optlux": 544.3952755225446, "on_time_norm": 0.3663618432936917, "duration_h": [6.0, 18.0]}, "final_J": 5.267233130611561, "goal_complete": false, "optimize_days": 4}
{"target": -9814.375, "params": {"ts": 38.07947176588889, "optimize_days_cont": 19.063571821788408, "pre_optlux": 1138.1918214453967, "on_time_norm": 0.5986584841970366, "duration_h": [6.0, 16.0]}, "final_J": 1.1868336043313261, "goal_complete": false, "optimize_days": 19}
{"target": -9979.375, "params": {"ts": 16.443457513284063, "optimize_days_cont": 2.1035886311957896, "pre_optlux": 1319.3377967961626, "on_time_norm": 0.6011150117432088, "duration_h": [6.0, 16.0]}, "final_J": 1.4065208171126495, "goal_complete": false, "optimize_days": 2}
{"target": -9809.291666666666, "params": {"ts": 3.0378649352844422, "optimize_days_cont": 19.428287191077892, "pre_optlux": 1273.7975650805693, "on_time_norm": 0.21233911067827616, "duration_h": [6.0, 16.0]}, "final_J": 1.9248041007731147, "goal_complete": false, "optimize_days": 19}
{"target": -9929.375, "params": {"ts": 19.15704647548995, "optimize_days_cont": 6.780602616231217, "pre_optlux": 858.4211827035211, "on_time_norm": 0.43194501864211576, "duration_h": [6.0, 16.0]}, "final_J": 1.2843500085913158, "goal_complete": false, "optimize_days": 7}
{"target": -9809.166666666666, "params": {"ts": 38.07947176588889, "optimize_days_cont": 19.063571821788408, "pre_optlux": 1138.1918214453967, "on_time_norm": 0.5986584841970366, "duration_h": [6.0, 16.0]}, "final_J": 1.8167284665995906, "goal_complete": false, "optimize_days": 19}
{"target": -9979.833333333334, "params": {"ts": 16.443457513284063, "optimize_days_cont": 2.1035886311957896, "pre_optlux": 1319.3377967961626, "on_time_norm": 0.6011150117432088, "duration_h": [6.0, 16.0]}, "final_J": 1.7239933315913585, "goal_complete": false, "optimize_days": 2}
{"target": -9810.75, "params": {"ts": 3.0378649352844422, "optimize_days_cont": 19.428287191077892, "pre_optlux": 1273.7975650805693, "on_time_norm": 0.21233911067827616, "duration_h": [6.0, 16.0]}, "final_J": 1.99071547457926, "goal_complete": false, "optimize_days": 19}
{"target": -9932.833333333334, "params": {"ts": 19.15704647548995, "optimize_days_cont": 6.780602616231217, "pre_optlux": 858.4211827035211, "on_time_norm": 0.43194501864211576, "duration_h": [6.0, 16.0]}, "final_J": 1.8312941529095186, "goal_complete": false, "optimize_days": 7}
{"target": -9960.833333333334, "params": {"ts": 61.573436577515565, "optimize_days_cont": 3.6503833523887947, "pre_optlux": 544.3952755225446, "on_time_norm": 0.3663618432936917, "duration_h": [6.0, 16.0]}, "final_J": 1.8406649199922498, "goal_complete": false, "optimize_days": 4}
{"target": -9949.291666666666, "params": {"ts": 78.73242017790835, "optimize_days_cont": 4.793801861008835, "pre_optlux": 844.2164918583757, "on_time_norm": 0.5924145688620425, "duration_h": [6.0, 16.0]}, "final_J": 1.9256497266274482, "goal_complete": false, "optimize_days": 5}
{"target": -9959.291666666666, "params": {"ts": 61.146940338242395, "optimize_days_cont": 4.239958350058539, "pre_optlux": 237.81965053012735, "on_time_norm": 0.9488855372533332, "duration_h": [6.0, 16.0]}, "final_J": 1.897166263639436, "goal_complete": false, "optimize_days": 4}
{"target": -9929.291666666666, "params": {"ts": 81.03133746352965, "optimize_days_cont": 6.787661614294043, "pre_optlux": 281.8573539086182, "on_time_norm": 0.6842330265121569, "duration_h": [6.0, 16.0]}, "final_J": 1.9133899857202594, "goal_complete": false, "optimize_days": 7}
{"target": -9899.25, "params": {"ts": 13.081785249633104, "optimize_days_cont": 10.408361292114133, "pre_optlux": 196.42450350554483, "on_time_norm": 0.9093204020787821, "duration_h": [6.0, 16.0]}, "final_J": 1.9927341301098391, "goal_complete": false, "optimize_days": 10}
{"target": -9819.166666666666, "params": {"ts": 2.7315368221841103, "optimize_days_cont": 17.93989207642491, "pre_optlux": 534.5625760897897, "on_time_norm": 0.2989763774589579, "duration_h": [6.0, 16.0]}, "final_J": 1.7748213354135518, "goal_complete": false, "optimize_days": 18}
{"target": -9829.166666666666, "params": {"ts": 33.12258915034465, "optimize_days_cont": 17.429497347114907, "pre_optlux": 754.1420534887301, "on_time_norm": 0.5482299063500942, "duration_h": [6.0, 16.0]}, "final_J": 1.7138128047227346, "goal_complete": false, "optimize_days": 17}
{"target": -9819.166666666666, "params": {"ts": 2.7315368221841103, "optimize_days_cont": 17.93989207642491, "pre_optlux": 534.5625760897897, "on_time_norm": 0.2989763774589579, "duration_h": [6.0, 16.0]}, "final_J": 1.7748213354135518, "goal_complete": false, "optimize_days": 18}
{"target": -9829.166666666666, "params": {"ts": 33.12258915034465, "optimize_days_cont": 17.429497347114907, "pre_optlux": 754.1420534887301, "on_time_norm": 0.5482299063500942, "duration_h": [6.0, 16.0]}, "final_J": 1.7138128047227346, "goal_complete": false, "optimize_days": 17}
{"target": -9959.291666666666, "params": {"ts": 12.11889051387827, "optimize_days_cont": 3.6960459421176455, "pre_optlux": 750.6947535614496, "on_time_norm": 0.7319802251869119, "duration_h": [6.0, 16.0]}, "final_J": 1.6813900025952706, "goal_complete": false, "optimize_days": 4}
{"target": -9819.166666666666, "params": {"ts": 2.7315368221841103, "optimize_days_cont": 17.93989207642491, "pre_optlux": 534.5625760897897, "on_time_norm": 0.2989763774589579, "duration_h": [6.0, 16.0]}, "final_J": 1.767797026518626, "goal_complete": false, "optimize_days": 18}
{"target": -9829.166666666666, "params": {"ts": 33.12258915034465, "optimize_days_cont": 17.429497347114907, "pre_optlux": 754.1420534887301, "on_time_norm": 0.5482299063500942, "duration_h": [6.0, 16.0]}, "final_J": 1.6968412162844266, "goal_complete": false, "optimize_days": 17}
{"target": -0.0, "params": {"ts": 2.7315368221841103, "optimize_days_cont": 17.93989207642491, "pre_optlux": 534.5625760897897, "on_time_norm": 0.2989763774589579, "duration_h": [6.0, 16.0]}, "final_J": 0.11213140643584489, "goal_complete": true, "optimize_days": 18}
{"target": -0.0, "params": {"ts": 33.12258915034465, "optimize_days_cont": 17.429497347114907, "pre_optlux": 754.1420534887301, "on_time_norm": 0.5482299063500942, "duration_h": [6.0, 16.0]}, "final_J": 0.08146650730108515, "goal_complete": true, "optimize_days": 17}
{"target": -9999.0, "params": {"ts": 12.11889051387827, "optimize_days_cont": 3.6960459421176455, "pre_optlux": 750.6947535614496, "on_time_norm": 0.7319802251869119, "duration_h": [6.0, 16.0]}, "final_J": 0.4801997990870684, "goal_complete": false, "optimize_days": 4}
{"target": -0.0, "params": {"ts": 59.68169648856187, "optimize_days_cont": 7.397563291152543, "pre_optlux": 763.4775581181913, "on_time_norm": 0.18712777283052473, "duration_h": [6.0, 16.0]}, "final_J": 0.03858050532340142, "goal_complete": true, "optimize_days": 7}
{"target": -9999.0, "params": {"ts": 14.07810195464569, "optimize_days_cont": 1.705095984711934, "pre_optlux": 260.68357151399994, "on_time_norm": 0.2134399510803413, "duration_h": [6.0, 16.0]}, "final_J": 1.0195095814335857, "goal_complete": false, "optimize_days": 2}
{"target": -0.0, "params": {"ts": 65.85156848897378, "optimize_days_cont": 12.18697040043049, "pre_optlux": 926.2278426538624, "on_time_norm": 0.3346853176856943, "duration_h": [6.0, 16.0]}, "final_J": 0.032322498605296686, "goal_complete": true, "optimize_days": 12}
{"target": -9819.125, "params": {"ts": 2.7315368221841103, "optimize_days_cont": 17.93989207642491, "pre_optlux": 534.5625760897897, "on_time_norm": 0.2989763774589579, "duration_h": [6.0, 16.0]}, "final_J": 1.7748748671398273, "goal_complete": false, "optimize_days": 18}
{"target": -9829.125, "params": {"ts": 33.12258915034465, "optimize_days_cont": 17.429497347114907, "pre_optlux": 754.1420534887301, "on_time_norm": 0.5482299063500942, "duration_h": [6.0, 16.0]}, "final_J": 1.7732156065926141, "goal_complete": false, "optimize_days": 17}
{"target": -9819.125, "params": {"ts": 2.7315368221841103, "optimize_days_cont": 17.93989207642491, "pre_optlux": 534.5625760897897, "on_time_norm": 0.2989763774589579, "duration_h": [6.0, 16.0]}, "final_J": 1.767797026518626, "goal_complete": false, "optimize_days": 18}
{"target": -9819.125, "params": {"ts": 2.7315368221841103, "optimize_days_cont": 17.93989207642491, "pre_optlux": 534.5625760897897, "on_time_norm": 0.2989763774589579, "duration_h": [6.0, 16.0]}, "final_J": 1.767797026518626, "goal_complete": false, "optimize_days": 18}
{"target": -9829.125, "params": {"ts": 33.12258915034465, "optimize_days_cont": 17.429497347114907, "pre_optlux": 754.1420534887301, "on_time_norm": 0.5482299063500942, "duration_h": [6.0, 16.0]}, "final_J": 1.6968412162844266, "goal_complete": false, "optimize_days": 17}
{"target": -9959.208333333334, "params": {"ts": 12.11889051387827, "optimize_days_cont": 3.6960459421176455, "pre_optlux": 750.6947535614496, "on_time_norm": 0.7319802251869119, "duration_h": [6.0, 16.0]}, "final_J": 1.6629908060564231, "goal_complete": false, "optimize_days": 4}
{"target": -9929.166666666666, "params": {"ts": 59.68169648856187, "optimize_days_cont": 7.397563291152543, "pre_optlux": 763.4775581181913, "on_time_norm": 0.18712777283052473, "duration_h": [6.0, 16.0]}, "final_J": 1.8513633763237483, "goal_complete": false, "optimize_days": 7}
{"target": -9979.208333333334, "params": {"ts": 14.07810195464569, "optimize_days_cont": 1.705095984711934, "pre_optlux": 260.68357151399994, "on_time_norm": 0.2134399510803413, "duration_h": [6.0, 16.0]}, "final_J": 1.5678703501705935, "goal_complete": false, "optimize_days": 2}
{"target": -9879.125, "params": {"ts": 65.85156848897378, "optimize_days_cont": 12.18697040043049, "pre_optlux": 926.2278426538624, "on_time_norm": 0.3346853176856943, "duration_h": [6.0, 16.0]}, "final_J": 1.779107161282243, "goal_complete": false, "optimize_days": 12}
{"target": -9819.166666666666, "params": {"ts": 2.7315368221841103, "optimize_days_cont": 17.93989207642491, "pre_optlux": 534.5625760897897, "on_time_norm": 0.2989763774589579, "duration_h": [6.0, 16.0]}, "final_J": 1.767797026518626, "goal_complete": false, "optimize_days": 18}
{"target": -9829.166666666666, "params": {"ts": 33.12258915034465, "optimize_days_cont": 17.429497347114907, "pre_optlux": 754.1420534887301, "on_time_norm": 0.5482299063500942, "duration_h": [6.0, 16.0]}, "final_J": 1.6968412162844266, "goal_complete": false, "optimize_days": 17}
{"target": -9959.291666666666, "params": {"ts": 12.11889051387827, "optimize_days_cont": 3.6960459421176455, "pre_optlux": 750.6947535614496, "on_time_norm": 0.7319802251869119, "duration_h": [6.0, 16.0]}, "final_J": 1.6629908060564231, "goal_complete": false, "optimize_days": 4}
{"target": -9929.208333333334, "params": {"ts": 59.68169648856187, "optimize_days_cont": 7.397563291152543, "pre_optlux": 763.4775581181913, "on_time_norm": 0.18712777283052473, "duration_h": [6.0, 16.0]}, "final_J": 1.8513633763237483, "goal_complete": false, "optimize_days": 7}
{"target": -9980.333333333334, "params": {"ts": 14.07810195464569, "optimize_days_cont": 1.705095984711934, "pre_optlux": 260.68357151399994, "on_time_norm": 0.2134399510803413, "duration_h": [6.0, 16.0]}, "final_J": 1.5678703501705935, "goal_complete": false, "optimize_days": 2}
{"target": -9819.166666666666, "params": {"ts": 2.7315368221841103, "optimize_days_cont": 17.93989207642491, "pre_optlux": 534.5625760897897, "on_time_norm": 0.2989763774589579, "duration_h": [6.0, 16.0]}, "final_J": 1.767797026518626, "goal_complete": false, "optimize_days": 18}
{"target": -9819.166666666666, "params": {"ts": 2.7315368221841103, "optimize_days_cont": 17.93989207642491, "pre_optlux": 534.5625760897897, "on_time_norm": 0.2989763774589579, "duration_h": [6.0, 16.0]}, "final_J": 1.767797026518626, "goal_complete": false, "optimize_days": 18}
{"target": -9829.166666666666, "params": {"ts": 33.12258915034465, "optimize_days_cont": 17.429497347114907, "pre_optlux": 754.1420534887301, "on_time_norm": 0.5482299063500942, "duration_h": [6.0, 16.0]}, "final_J": 1.6968412162844266, "goal_complete": false, "optimize_days": 17}
{"target": -9819.166666666666, "params": {"ts": 2.7315368221841103, "optimize_days_cont": 17.93989207642491, "pre_optlux": 534.5625760897897, "on_time_norm": 0.2989763774589579, "duration_h": [6.0, 16.0]}, "final_J": 1.7748748671398273, "goal_complete": false, "optimize_days": 18}
{"target": -9819.166666666666, "params": {"ts": 2.7315368221841103, "optimize_days_cont": 17.93989207642491, "pre_optlux": 534.5625760897897, "on_time_norm": 0.2989763774589579, "duration_h": [6.0, 16.0]}, "final_J": 1.7748748671398273, "goal_complete": false, "optimize_days": 18}
{"target": -9819.166666666666, "params": {"ts": 2.7315368221841103, "optimize_days_cont": 17.93989207642491, "pre_optlux": 534.5625760897897, "on_time_norm": 0.2989763774589579, "duration_h": [6.0, 16.0]}, "final_J": 1.7748748671398273, "goal_complete": false, "optimize_days": 18}
{"target": -9819.166666666666, "params": {"ts": 2.7315368221841103, "optimize_days_cont": 17.93989207642491, "pre_optlux": 534.5625760897897, "on_time_norm": 0.2989763774589579, "duration_h": [6.0, 16.0]}, "final_J": 1.7748748671398273, "goal_complete": false, "optimize_days": 18}
{"target": -9819.166666666666, "params": {"ts": 2.7315368221841103, "optimize_days_cont": 17.93989207642491, "pre_optlux": 534.5625760897897, "on_time_norm": 0.2989763774589579, "duration_h": [6.0, 16.0]}, "final_J": 1.7748748671398273, "goal_complete": false, "optimize_days": 18}
{"target": -9819.166666666666, "params": {"ts": 2.7315368221841103, "optimize_days_cont": 17.93989207642491, "pre_optlux": 534.5625760897897, "on_time_norm": 0.2989763774589579, "duration_h": [6.0, 16.0]}, "final_J": 1.7748748671398273, "goal_complete": false, "optimize_days": 18}
{"target": -9819.166666666666, "params": {"ts": 2.7315368221841103, "optimize_days_cont": 17.93989207642491, "pre_optlux": 534.5625760897897, "on_time_norm": 0.2989763774589579, "duration_h": [6.0, 16.0]}, "final_J": 1.7748748671398273, "goal_complete": false, "optimize_days": 18}
{"target": -9819.166666666666, "params": {"ts": 2.7315368221841103, "optimize_days_cont": 17.93989207642491, "pre_optlux": 534.5625760897897, "on_time_norm": 0.2989763774589579, "duration_h": [6.0, 16.0]}, "final_J": 1.7748748671398273, "goal_complete": false, "optimize_days": 18}
{"target": -9819.166666666666, "params": {"ts": 2.7315368221841103, "optimize_days_cont": 17.93989207642491, "pre_optlux": 534.5625760897897, "on_time_norm": 0.2989763774589579, "duration_h": [6.0, 16.0]}, "final_J": 1.767797026518626, "goal_complete": false, "optimize_days": 18}
{"target": -9999.0, "params": {"ts": 2.7315368221841103, "optimize_days_cont": 17.93989207642491, "pre_optlux": 534.5625760897897, "on_time_norm": 0.2989763774589579, "duration_h": [6.0, 16.0]}, "final_J": 1.767797026518626, "goal_complete": false, "optimize_days": 18}
{"target": -9999.0, "params": {"ts": 33.12258915034465, "optimize_days_cont": 17.429497347114907, "pre_optlux": 754.1420534887301, "on_time_norm": 0.5482299063500942, "duration_h": [6.0, 16.0]}, "final_J": 1.6968412162844266, "goal_complete": false, "optimize_days": 17}
{"target": -9999.0, "params": {"ts": 2.7315368221841103, "optimize_days_cont": 17.93989207642491, "pre_optlux": 534.5625760897897, "on_time_norm": 0.2989763774589579, "duration_h": [6.0, 16.0]}, "final_J": 1.767797026518626, "goal_complete": false, "optimize_days": 18}
{"target": -9999.0, "params": {"ts": 2.7315368221841103, "optimize_days_cont": 17.93989207642491, "pre_optlux": 534.5625760897897, "on_time_norm": 0.2989763774589579, "duration_h": [6.0, 16.0]}, "final_J": 1.7748748671398273, "goal_complete": false, "optimize_days": 18}
