{"target": -9999.0, "params": {"ts": 187.8955193048339, "optimize_days_cont": 28.57071488588757, "pre_optlux": 1138.1918214453967, "on_time_norm": 0.5986584841970366, "duration_h": [6.0, 18.0]}, "final_J": 47.793152284350484, "goal_complete": false, "optimize_days": 29}
{"target": -9999.0, "params": {"ts": 78.84126564776513, "optimize_days_cont": 2.6844247528777845, "pre_optlux": 1319.3377967961626, "on_time_norm": 0.6011150117432088, "duration_h": [6.0, 18.0]}, "final_J": 37.67153565560325, "goal_complete": false, "optimize_days": 3}
{"target": -9999.0, "params": {"ts": 11.271662653605421, "optimize_days_cont": 29.127385712697837, "pre_optlux": 1273.7975650805693, "on_time_norm": 0.21233911067827616, "duration_h": [6.0, 18.0]}, "final_J": 47.09786693338385, "goal_complete": false, "optimize_days": 29}
{"target": -9999.0, "params": {"ts": 92.51885041686347, "optimize_days_cont": 9.823025045826594, "pre_optlux": 858.4211827035211, "on_time_norm": 0.43194501864211576, "duration_h": [6.0, 18.0]}, "final_J": 46.48033753980435, "goal_complete": false, "optimize_days": 10}
{"target": -9999.0, "params": {"ts": 306.3145944664674, "optimize_days_cont": 5.045321958909213, "pre_optlux": 544.3952755225446, "on_time_norm": 0.3663618432936917, "duration_h": [6.0, 18.0]}, "final_J": 57.21504561735003, "goal_complete": false, "optimize_days": 5}
{"target": -9999.0, "params": {"ts": 392.8028047351138, "optimize_days_cont": 6.790539682592432, "pre_optlux": 844.2164918583757, "on_time_norm": 0.5924145688620425, "duration_h": [6.0, 18.0]}, "final_J": 46.52329952113909, "goal_complete": false, "optimize_days": 7}
{"target": -9709.0, "params": {"ts": 187.8955193048339, "optimize_days_cont": 28.57071488588757, "pre_optlux": 1138.1918214453967, "on_time_norm": 0.5986584841970366, "duration_h": [6.0, 18.0]}, "final_J": 2.478607836581411, "goal_complete": false, "optimize_days": 29}
{"target": -9999.0, "params": {"ts": 78.84126564776513, "optimize_days_cont": 2.6844247528777845, "pre_optlux": 1319.3377967961626, "on_time_norm": 0.6011150117432088, "duration_h": [6.0, 18.0]}, "final_J": 4.725339425917186, "goal_complete": false, "optimize_days": 3}
{"target": -9709.0, "params": {"ts": 11.271662653605421, "optimize_days_cont": 29.127385712697837, "pre_optlux": 1273.7975650805693, "on_time_norm": 0.21233911067827616, "duration_h": [6.0, 18.0]}, "final_J": 2.456950135299128, "goal_complete": false, "optimize_days": 29}
{"target": -9999.0, "params": {"ts": 92.51885041686347, "optimize_days_cont": 9.823025045826594, "pre_optlux": 858.4211827035211, "on_time_norm": 0.43194501864211576, "duration_h": [6.0, 18.0]}, "final_J": 4.224536580435451, "goal_complete": false, "optimize_days": 10}
{"target": -9999.0, "params": {"ts": 306.3145944664674, "optimize_days_cont": 5.045321958909213, "pre_optlux": 544.3952755225446, "on_time_norm": 0.3663618432936917, "duration_h": [6.0, 18.0]}, "final_J": 4.882512020854524, "goal_complete": false, "optimize_days": 5}
{"target": -9999.0, "params": {"ts": 392.8028047351138, "optimize_days_cont": 6.790539682592432, "pre_optlux": 844.2164918583757, "on_time_norm": 0.5924145688620425, "duration_h": [6.0, 18.0]}, "final_J": 4.461321087860401, "goal_complete": false, "optimize_days": 7}
{"target": -9999.0, "params": {"ts": 304.1648810988177, "optimize_days_cont": 5.945199586931454, "pre_optlux": 237.81965053012735, "on_time_norm": 0.9488855372533332, "duration_h": [6.0, 18.0]}, "final_J": 4.6441237809350655, "goal_complete": false, "optimize_days": 6}
{"target": -9999.0, "params": {"ts": 404.3902767101141, "optimize_days_cont": 9.83379930602775, "pre_optlux": 281.8573539086182, "on_time_norm": 0.6842330265121569, "duration_h": [6.0, 18.0]}, "final_J": 4.380846297778481, "goal_complete": false, "optimize_days": 10}
{"target": -9999.0, "params": {"ts": 61.897079187544634, "optimize_days_cont": 15.360130393226836, "pre_optlux": 196.42450350554483, "on_time_norm": 0.9093204020787821, "duration_h": [6.0, 18.0]}, "final_J": 4.127095982392561, "goal_complete": false, "optimize_days": 15}
{"target": -9999.0, "params": {"ts": 331.59861989263703, "optimize_days_cont": 10.039621206592917, "pre_optlux": 852.0918285900445, "on_time_norm": 0.5467102793432796, "duration_h": [6.0, 18.0]}, "final_J": 4.168315116470389, "goal_complete": false, "optimize_days": 10}
{"target": -9709.0, "params": {"ts": 187.01059271770546, "optimize_days_cont": 29.186478420995925, "pre_optlux": 1130.2377960246317, "on_time_norm": 0.0, "duration_h": [6.0, 18.0]}, "final_J": 2.5329465721792372, "goal_complete": false, "optimize_days": 29}
{"target": -9719.0, "params": {"ts": 11.526773796231994, "optimize_days_cont": 28.365044684358008, "pre_optlux": 1273.2852492593408, "on_time_norm": 0.25727902452026113, "duration_h": [6.0, 18.0]}, "final_J": 2.432819700865106, "goal_complete": false, "optimize_days": 28}
{"target": -9699.0, "params": {"ts": 1.0, "optimize_days_cont": 30.0, "pre_optlux": 1296.4834289302858, "on_time_norm": 0.0, "duration_h": [6.0, 18.0]}, "final_J": 2.362068701530633, "goal_complete": false, "optimize_days": 30}
{"target": -9749.0, "params": {"ts": 221.5575348046446, "optimize_days_cont": 25.480246789611694, "pre_optlux": 1129.4442871632034, "on_time_norm": 0.9966532256860725, "duration_h": [6.0, 18.0]}, "final_J": 2.5767216556480093, "goal_complete": false, "optimize_days": 25}
{"target": -9999.0, "params": {"ts": 189.43218611910757, "optimize_days_cont": 1.0, "pre_optlux": 1127.2422444280649, "on_time_norm": 1.0, "duration_h": [6.0, 18.0]}, "final_J": 4.820856799681641, "goal_complete": false, "optimize_days": 1}
{"target": -9699.0, "params": {"ts": 26.38675105492098, "optimize_days_cont": 30.0, "pre_optlux": 1294.7492461851862, "on_time_norm": 0.0, "duration_h": [6.0, 18.0]}, "final_J": 2.3778398220869046, "goal_complete": false, "optimize_days": 30}
{"target": -9699.0, "params": {"ts": 218.4298378211964, "optimize_days_cont": 30.0, "pre_optlux": 1165.0342951926634, "on_time_norm": 0.0, "duration_h": [6.0, 18.0]}, "final_J": 2.5076977249936507, "goal_complete": false, "optimize_days": 30}
{"target": -9699.0, "params": {"ts": 256.69884330208515, "optimize_days_cont": 30.0, "pre_optlux": 1158.0243907695262, "on_time_norm": 0.0, "duration_h": [6.0, 18.0]}, "final_J": 2.4695985193193173, "goal_complete": false, "optimize_days": 30}
{"target": -9709.0, "params": {"ts": 187.8955193048339, "optimize_days_cont": 28.57071488588757, "pre_optlux": 1138.1918214453967, "on_time_norm": 0.5986584841970366, "duration_h": [6.0, 18.0]}, "final_J": 2.478598471011614, "goal_complete": false, "optimize_days": 29}
{"target": -9709.0, "params": {"ts": 187.8955193048339, "optimize_days_cont": 28.57071488588757, "pre_optlux": 1138.1918214453967, "on_time_norm": 0.5986584841970366, "duration_h": [6.0, 18.0]}, "final_J": 2.478598471011614, "goal_complete": false, "optimize_days": 29}
{"target": -9999.0, "params": {"ts": 78.84126564776513, "optimize_days_cont": 2.6844247528777845, "pre_optlux": 1319.3377967961626, "on_time_norm": 0.6011150117432088, "duration_h": [6.0, 18.0]}, "final_J": 4.725339267005186, "goal_complete": false, "optimize_days": 3}
{"target": -9709.0, "params": {"ts": 11.271662653605421, "optimize_days_cont": 29.127385712697837, "pre_optlux": 1273.7975650805693, "on_time_norm": 0.21233911067827616, "duration_h": [6.0, 18.0]}, "final_J": 2.4569968388713765, "goal_complete": false, "optimize_days": 29}
{"target": -9999.0, "params": {"ts": 92.51885041686347, "optimize_days_cont": 9.823025045826594, "pre_optlux": 858.4211827035211, "on_time_norm": 0.43194501864211576, "duration_h": [6.0, 18.0]}, "final_J": 4.2245383779787975, "goal_complete": false, "optimize_days": 10}
{"target": -9999.0, "params": {"ts": 306.3145944664674, "optimize_days_cont": 5.045321958909213, "pre_optlux": 544.3952755225446, "on_time_norm": 0.3663618432936917, "duration_h": [6.0, 18.0]}, "final_J": 4.882497747517089, "goal_complete": false, "optimize_days": 5}
{"target": -9999.0, "params": {"ts": 392.8028047351138, "optimize_days_cont": 6.790539682592432, "pre_optlux": 844.2164918583757, "on_time_norm": 0.5924145688620425, "duration_h": [6.0, 18.0]}, "final_J": 4.461269119689272, "goal_complete": false, "optimize_days": 7}
{"target": -9999.0, "params": {"ts": 304.1648810988177, "optimize_days_cont": 5.945199586931454, "pre_optlux": 237.81965053012735, "on_time_norm": 0.9488855372533332, "duration_h": [6.0, 18.0]}, "final_J": 4.64413422052726, "goal_complete": false, "optimize_days": 6}
{"target": -9709.0, "params": {"ts": 187.8955193048339, "optimize_days_cont": 28.57071488588757, "pre_optlux": 1138.1918214453967, "on_time_norm": 0.5986584841970366, "duration_h": [6.0, 18.0]}, "final_J": 2.478598471011614, "goal_complete": false, "optimize_days": 29}
{"target": -9709.0, "params": {"ts": 187.8955193048339, "optimize_days_cont": 28.57071488588757, "pre_optlux": 1138.1918214453967, "on_time_norm": 0.5986584841970366, "duration_h": [6.0, 18.0]}, "final_J": 2.478598471011614, "goal_complete": false, "optimize_days": 29}
{"target": -9999.0, "params": {"ts": 78.84126564776513, "optimize_days_cont": 2.6844247528777845, "pre_optlux": 1319.3377967961626, "on_time_norm": 0.6011150117432088, "duration_h": [6.0, 18.0]}, "final_J": 4.725339267005186, "goal_complete": false, "optimize_days": 3}
{"target": -9709.0, "params": {"ts": 11.271662653605421, "optimize_days_cont": 29.127385712697837, "pre_optlux": 1273.7975650805693, "on_time_norm": 0.21233911067827616, "duration_h": [6.0, 18.0]}, "final_J": 2.4569968388713765, "goal_complete": false, "optimize_days": 29}
{"target": -9999.0, "params": {"ts": 92.51885041686347, "optimize_days_cont": 9.823025045826594, "pre_optlux": 858.4211827035211, "on_time_norm": 0.43194501864211576, "duration_h": [6.0, 18.0]}, "final_J": 4.2245383779787975, "goal_complete": false, "optimize_days": 10}
{"target": -9999.0, "params": {"ts": 306.3145944664674, "optimize_days_cont": 5.045321958909213, "pre_optlux": 544.3952755225446, "on_time_norm": 0.3663618432936917, "duration_h": [6.0, 18.0]}, "final_J": 4.882497747517089, "goal_complete": false, "optimize_days": 5}
{"target": -9999.0, "params": {"ts": 392.8028047351138, "optimize_days_cont": 6.790539682592432, "pre_optlux": 844.2164918583757, "on_time_norm": 0.5924145688620425, "duration_h": [6.0, 18.0]}, "final_J": 4.461269119689272, "goal_complete": false, "optimize_days": 7}
{"target": -9999.0, "params": {"ts": 304.1648810988177, "optimize_days_cont": 5.945199586931454, "pre_optlux": 237.81965053012735, "on_time_norm": 0.9488855372533332, "duration_h": [6.0, 18.0]}, "final_J": 4.64413422052726, "goal_complete": false, "optimize_days": 6}
{"target": -9999.0, "params": {"ts": 404.3902767101141, "optimize_days_cont": 9.83379930602775, "pre_optlux": 281.8573539086182, "on_time_norm": 0.6842330265121569, "duration_h": [6.0, 18.0]}, "final_J": 4.38085442982399, "goal_complete": false, "optimize_days": 10}
{"target": -9999.0, "params": {"ts": 61.897079187544634, "optimize_days_cont": 15.360130393226836, "pre_optlux": 196.42450350554483, "on_time_norm": 0.9093204020787821, "duration_h": [6.0, 18.0]}, "final_J": 4.127090383634037, "goal_complete": false, "optimize_days": 15}
{"target": -9132.75, "params": {"ts": 187.8955193048339, "optimize_days_cont": 28.57071488588757, "pre_optlux": 1138.1918214453967, "on_time_norm": 0.5986584841970366, "duration_h": [6.0, 18.0]}, "final_J": 2.478598471011614, "goal_complete": false, "optimize_days": 29}
{"target": -9132.75, "params": {"ts": 187.8955193048339, "optimize_days_cont": 28.57071488588757, "pre_optlux": 1138.1918214453967, "on_time_norm": 0.5986584841970366, "duration_h": [6.0, 18.0]}, "final_J": 2.478598471011614, "goal_complete": false, "optimize_days": 29}
{"target": -9910.0, "params": {"ts": 78.84126564776513, "optimize_days_cont": 2.6844247528777845, "pre_optlux": 1319.3377967961626, "on_time_norm": 0.6011150117432088, "duration_h": [6.0, 18.0]}, "final_J": 4.725339267005186, "goal_complete": false, "optimize_days": 3}
{"target": -9132.75, "params": {"ts": 187.8955193048339, "optimize_days_cont": 28.57071488588757, "pre_optlux": 1138.1918214453967, "on_time_norm": 0.5986584841970366, "duration_h": [6.0, 18.0]}, "final_J": 2.478598471011614, "goal_complete": false, "optimize_days": 29}
{"target": -9132.75, "params": {"ts": 187.8955193048339, "optimize_days_cont": 28.57071488588757, "pre_optlux": 1138.1918214453967, "on_time_norm": 0.5986584841970366, "duration_h": [6.0, 18.0]}, "final_J": 2.478598471011614, "goal_complete": false, "optimize_days": 29}
{"target": -9132.75, "params": {"ts": 187.8955193048339, "optimize_days_cont": 28.57071488588757, "pre_optlux": 1138.1918214453967, "on_time_norm": 0.5986584841970366, "duration_h": [6.0, 18.0]}, "final_J": 2.478598471011614, "goal_complete": false, "optimize_days": 29}
{"target": -9132.75, "params": {"ts": 187.8955193048339, "optimize_days_cont": 28.57071488588757, "pre_optlux": 1138.1918214453967, "on_time_norm": 0.5986584841970366, "duration_h": [6.0, 18.0]}, "final_J": 2.478598471011614, "goal_complete": false, "optimize_days": 29}
{"target": -9910.0, "params": {"ts": 78.84126564776513, "optimize_days_cont": 2.6844247528777845, "pre_optlux": 1319.3377967961626, "on_time_norm": 0.6011150117432088, "duration_h": [6.0, 18.0]}, "final_J": 4.725339267005186, "goal_complete": false, "optimize_days": 3}
{"target": -9130.208333333334, "params": {"ts": 11.271662653605421, "optimize_days_cont": 29.127385712697837, "pre_optlux": 1273.7975650805693, "on_time_norm": 0.21233911067827616, "duration_h": [6.0, 18.0]}, "final_J": 2.4569968388713765, "goal_complete": false, "optimize_days": 29}
{"target": -9699.416666666666, "params": {"ts": 92.51885041686347, "optimize_days_cont": 9.823025045826594, "pre_optlux": 858.4211827035211, "on_time_norm": 0.43194501864211576, "duration_h": [6.0, 18.0]}, "final_J": 4.2245383779787975, "goal_complete": false, "optimize_days": 10}
{"target": -9849.5, "params": {"ts": 306.3145944664674, "optimize_days_cont": 5.045321958909213, "pre_optlux": 544.3952755225446, "on_time_norm": 0.3663618432936917, "duration_h": [6.0, 18.0]}, "final_J": 4.882497747517089, "goal_complete": false, "optimize_days": 5}
{"target": -9789.958333333334, "params": {"ts": 392.8028047351138, "optimize_days_cont": 6.790539682592432, "pre_optlux": 844.2164918583757, "on_time_norm": 0.5924145688620425, "duration_h": [6.0, 18.0]}, "final_J": 4.461269119689272, "goal_complete": false, "optimize_days": 7}
{"target": -9821.958333333334, "params": {"ts": 304.1648810988177, "optimize_days_cont": 5.945199586931454, "pre_optlux": 237.81965053012735, "on_time_norm": 0.9488855372533332, "duration_h": [6.0, 18.0]}, "final_J": 4.611206468721083, "goal_complete": false, "optimize_days": 6}
{"target": -9132.708333333334, "params": {"ts": 187.8955193048339, "optimize_days_cont": 28.57071488588757, "pre_optlux": 1138.1918214453967, "on_time_norm": 0.5986584841970366, "duration_h": [6.0, 18.0]}, "final_J": 2.425930595147864, "goal_complete": false, "optimize_days": 29}
{"target": -9909.416666666666, "params": {"ts": 78.84126564776513, "optimize_days_cont": 2.6844247528777845, "pre_optlux": 1319.3377967961626, "on_time_norm": 0.6011150117432088, "duration_h": [6.0, 18.0]}, "final_J": 4.341058454634997, "goal_complete": false, "optimize_days": 3}
{"target": -9132.708333333334, "params": {"ts": 187.8955193048339, "optimize_days_cont": 28.57071488588757, "pre_optlux": 1138.1918214453967, "on_time_norm": 0.5986584841970366, "duration_h": [6.0, 18.0]}, "final_J": 2.425936026139073, "goal_complete": false, "optimize_days": 29}
{"target": -9129.208333333334, "params": {"ts": 187.8955193048339, "optimize_days_cont": 28.57071488588757, "pre_optlux": 1138.1918214453967, "on_time_norm": 0.5986584841970366, "duration_h": [6.0, 18.0]}, "final_J": 2.507771400322641, "goal_complete": false, "optimize_days": 29}
{"target": -9909.958333333334, "params": {"ts": 78.84126564776513, "optimize_days_cont": 2.6844247528777845, "pre_optlux": 1319.3377967961626, "on_time_norm": 0.6011150117432088, "duration_h": [6.0, 18.0]}, "final_J": 4.338578183239647, "goal_complete": false, "optimize_days": 3}
{"target": -9129.208333333334, "params": {"ts": 187.8955193048339, "optimize_days_cont": 28.57071488588757, "pre_optlux": 1138.1918214453967, "on_time_norm": 0.5986584841970366, "duration_h": [6.0, 18.0]}, "final_J": 2.337560267009938, "goal_complete": false, "optimize_days": 29}
{"target": -9909.875, "params": {"ts": 78.84126564776513, "optimize_days_cont": 2.6844247528777845, "pre_optlux": 1319.3377967961626, "on_time_norm": 0.6011150117432088, "duration_h": [6.0, 18.0]}, "final_J": 3.8134924919728164, "goal_complete": false, "optimize_days": 3}
{"target": -9132.708333333334, "params": {"ts": 187.8955193048339, "optimize_days_cont": 28.57071488588757, "pre_optlux": 1138.1918214453967, "on_time_norm": 0.5986584841970366, "duration_h": [6.0, 18.0]}, "final_J": 2.425930595147864, "goal_complete": false, "optimize_days": 29}
{"target": -9909.416666666666, "params": {"ts": 78.84126564776513, "optimize_days_cont": 2.6844247528777845, "pre_optlux": 1319.3377967961626, "on_time_norm": 0.6011150117432088, "duration_h": [6.0, 18.0]}, "final_J": 4.341058454634997, "goal_complete": false, "optimize_days": 3}
{"target": -9132.708333333334, "params": {"ts": 187.8955193048339, "optimize_days_cont": 28.57071488588757, "pre_optlux": 1138.1918214453967, "on_time_norm": 0.5986584841970366, "duration_h": [6.0, 18.0]}, "final_J": 2.425930595147864, "goal_complete": false, "optimize_days": 29}
{"target": -9909.416666666666, "params": {"ts": 78.84126564776513, "optimize_days_cont": 2.6844247528777845, "pre_optlux": 1319.3377967961626, "on_time_norm": 0.6011150117432088, "duration_h": [6.0, 18.0]}, "final_J": 4.341058454634997, "goal_complete": false, "optimize_days": 3}
{"target": -9132.708333333334, "params": {"ts": 187.8955193048339, "optimize_days_cont": 28.57071488588757, "pre_optlux": 1138.1918214453967, "on_time_norm": 0.5986584841970366, "duration_h": [6.0, 18.0]}, "final_J": 2.425930595147864, "goal_complete": false, "optimize_days": 29}
{"target": -9132.708333333334, "params": {"ts": 187.8955193048339, "optimize_days_cont": 28.57071488588757, "pre_optlux": 1138.1918214453967, "on_time_norm": 0.5986584841970366, "duration_h": [6.0, 18.0]}, "final_J": 2.425930595147864, "goal_complete": false, "optimize_days": 29}
{"target": -9909.416666666666, "params": {"ts": 78.84126564776513, "optimize_days_cont": 2.6844247528777845, "pre_optlux": 1319.3377967961626, "on_time_norm": 0.6011150117432088, "duration_h": [6.0, 18.0]}, "final_J": 4.340858757444334, "goal_complete": false, "optimize_days": 3}
{"target": -9129.208333333334, "params": {"ts": 187.8955193048339, "optimize_days_cont": 28.57071488588757, "pre_optlux": 1138.1918214453967, "on_time_norm": 0.5986584841970366, "duration_h": [6.0, 18.0]}, "final_J": 2.4368923727198664, "goal_complete": false, "optimize_days": 29}
{"target": -9909.416666666666, "params": {"ts": 78.84126564776513, "optimize_days_cont": 2.6844247528777845, "pre_optlux": 1319.3377967961626, "on_time_norm": 0.6011150117432088, "duration_h": [6.0, 18.0]}, "final_J": 4.336685100342619, "goal_complete": false, "optimize_days": 3}
{"target": -9133.708333333334, "params": {"ts": 11.271662653605421, "optimize_days_cont": 29.127385712697837, "pre_optlux": 1273.7975650805693, "on_time_norm": 0.21233911067827616, "duration_h": [6.0, 18.0]}, "final_J": 2.2942576660843828, "goal_complete": false, "optimize_days": 29}
{"target": -9129.208333333334, "params": {"ts": 187.8955193048339, "optimize_days_cont": 28.57071488588757, "pre_optlux": 1138.1918214453967, "on_time_norm": 0.5986584841970366, "duration_h": [6.0, 18.0]}, "final_J": 2.4562976130225556, "goal_complete": false, "optimize_days": 29}
{"target": -9136.75, "params": {"ts": 187.8955193048339, "optimize_days_cont": 28.57071488588757, "pre_optlux": 1138.1918214453967, "on_time_norm": 0.5986584841970366, "duration_h": [6.0, 18.0]}, "final_J": 2.226600988619365, "goal_complete": false, "optimize_days": 29}
{"target": -9909.916666666666, "params": {"ts": 78.84126564776513, "optimize_days_cont": 2.6844247528777845, "pre_optlux": 1319.3377967961626, "on_time_norm": 0.6011150117432088, "duration_h": [6.0, 18.0]}, "final_J": 4.2876825540264445, "goal_complete": false, "optimize_days": 3}
{"target": -9130.416666666666, "params": {"ts": 187.8955193048339, "optimize_days_cont": 28.57071488588757, "pre_optlux": 1138.1918214453967, "on_time_norm": 0.5986584841970366, "duration_h": [6.0, 18.0]}, "final_J": 0.8709773721030718, "goal_complete": false, "optimize_days": 29}
{"target": -9134.25, "params": {"ts": 11.271662653605421, "optimize_days_cont": 29.127385712697837, "pre_optlux": 1273.7975650805693, "on_time_norm": 0.21233911067827616, "duration_h": [6.0, 18.0]}, "final_J": 2.562228418964344, "goal_complete": false, "optimize_days": 29}
{"target": -9702.375, "params": {"ts": 92.51885041686347, "optimize_days_cont": 9.823025045826594, "pre_optlux": 858.4211827035211, "on_time_norm": 0.43194501864211576, "duration_h": [6.0, 18.0]}, "final_J": 3.585183881175698, "goal_complete": false, "optimize_days": 10}
{"target": -9136.75, "params": {"ts": 187.8955193048339, "optimize_days_cont": 28.57071488588757, "pre_optlux": 1138.1918214453967, "on_time_norm": 0.5986584841970366, "duration_h": [6.0, 18.0]}, "final_J": 2.226600988619365, "goal_complete": false, "optimize_days": 29}
{"target": -9130.416666666666, "params": {"ts": 187.8955193048339, "optimize_days_cont": 28.57071488588757, "pre_optlux": 1138.1918214453967, "on_time_norm": 0.5986584841970366, "duration_h": [6.0, 18.0]}, "final_J": 0.8710258418156344, "goal_complete": false, "optimize_days": 29}
{"target": -9910.0, "params": {"ts": 78.84126564776513, "optimize_days_cont": 2.6844247528777845, "pre_optlux": 1319.3377967961626, "on_time_norm": 0.6011150117432088, "duration_h": [6.0, 18.0]}, "final_J": 4.516925188640412, "goal_complete": false, "optimize_days": 3}
