{"target": -9999.0, "params": {"ts": 33.12258915034465, "optimize_days_cont": 17.429497347114907, "pre_optlux": 754.1420534887301, "on_time_norm": 0.5482299063500942, "duration_h": [6.0, 16.0]}, "final_J": 1.7732156065926141, "goal_complete": false, "optimize_days": 17}
{"target": -9999.0, "params": {"ts": 12.11889051387827, "optimize_days_cont": 3.6960459421176455, "pre_optlux": 750.6947535614496, "on_time_norm": 0.7319802251869119, "duration_h": [6.0, 16.0]}, "final_J": 1.8183846770903858, "goal_complete": false, "optimize_days": 4}
{"target": -9999.0, "params": {"ts": 59.68169648856187, "optimize_days_cont": 7.397563291152543, "pre_optlux": 763.4775581181913, "on_time_norm": 0.18712777283052473, "duration_h": [6.0, 16.0]}, "final_J": 1.947921369682413, "goal_complete": false, "optimize_days": 7}
{"target": -9999.0, "params": {"ts": 14.07810195464569, "optimize_days_cont": 1.705095984711934, "pre_optlux": 260.68357151399994, "on_time_norm": 0.2134399510803413, "duration_h": [6.0, 16.0]}, "final_J": 1.752990163908567, "goal_complete": false, "optimize_days": 2}
{"target": -9999.0, "params": {"ts": 65.85156848897378, "optimize_days_cont": 12.18697040043049, "pre_optlux": 926.2278426538624, "on_time_norm": 0.3346853176856943, "duration_h": [6.0, 16.0]}, "final_J": 1.8298860568799693, "goal_complete": false, "optimize_days": 12}
{"target": -9999.0, "params": {"ts": 40.762428500801185, "optimize_days_cont": 13.907171810637996, "pre_optlux": 347.338167787798, "on_time_norm": 0.7887842182981357, "duration_h": [6.0, 16.0]}, "final_J": 1.833310933368767, "goal_complete": false, "optimize_days": 14}
{"target": -9999.0, "params": {"ts": 61.749408361155254, "optimize_days_cont": 3.889288683364499, "pre_optlux": 1192.0340177006228, "on_time_norm": 0.26311903992324415, "duration_h": [6.0, 16.0]}, "final_J": 1.8114761070601586, "goal_complete": false, "optimize_days": 4}
{"target": -9999.0, "params": {"ts": 29.457782494979018, "optimize_days_cont": 13.381908106047511, "pre_optlux": 1433.2949321141712, "on_time_norm": 0.9184743424662997, "duration_h": [6.0, 16.0]}, "final_J": 1.8079430561632814, "goal_complete": false, "optimize_days": 13}
{"target": -9999.0, "params": {"ts": 34.44157734405684, "optimize_days_cont": 2.711272351651346, "pre_optlux": 1085.331748368608, "on_time_norm": 0.679914691937932, "duration_h": [6.0, 16.0]}, "final_J": 1.7809482063702207, "goal_complete": false, "optimize_days": 3}
{"target": -9999.0, "params": {"ts": 99.6539774679136, "optimize_days_cont": 15.152976601093181, "pre_optlux": 173.47133117801314, "on_time_norm": 0.43599235209674114, "duration_h": [6.0, 16.0]}, "final_J": 1.83204170211863, "goal_complete": false, "optimize_days": 15}
{"target": -9999.0, "params": {"ts": 99.8268681944394, "optimize_days_cont": 11.262293214460264, "pre_optlux": 1495.6911660933015, "on_time_norm": 0.19536781283307925, "duration_h": [6.0, 16.0]}, "final_J": 1.8559538144851502, "goal_complete": false, "optimize_days": 11}
{"target": -9999.0, "params": {"ts": 99.95890289350058, "optimize_days_cont": 7.424147121396995, "pre_optlux": 150.3194984778437, "on_time_norm": 0.03540168231775653, "duration_h": [6.0, 16.0]}, "final_J": 1.9204004384337456, "goal_complete": false, "optimize_days": 7}
{"target": -9999.0, "params": {"ts": 97.51185836139342, "optimize_days_cont": 19.390796182824662, "pre_optlux": 1499.831190001934, "on_time_norm": 0.2742538853465887, "duration_h": [6.0, 16.0]}, "final_J": 1.8749742777806275, "goal_complete": false, "optimize_days": 19}
{"target": -9999.0, "params": {"ts": 1.3895799436076994, "optimize_days_cont": 4.890662939816586, "pre_optlux": 1493.487151688885, "on_time_norm": 0.9372242102133478, "duration_h": [6.0, 16.0]}, "final_J": 1.8370728889164996, "goal_complete": false, "optimize_days": 5}
{"target": -9999.0, "params": {"ts": 2.6917961914870223, "optimize_days_cont": 16.082609699317366, "pre_optlux": 150.36733166361003, "on_time_norm": 0.41969514625738036, "duration_h": [6.0, 16.0]}, "final_J": 1.8241512378141254, "goal_complete": false, "optimize_days": 16}
{"target": -9999.0, "params": {"ts": 97.63110175702612, "optimize_days_cont": 2.0872508410870636, "pre_optlux": 165.32842517281995, "on_time_norm": 0.2067670264097643, "duration_h": [6.0, 16.0]}, "final_J": 1.7556978768154257, "goal_complete": false, "optimize_days": 2}
{"target": -9999.0, "params": {"ts": 99.24805821494613, "optimize_days_cont": 1.8824989488398, "pre_optlux": 1491.9522998100506, "on_time_norm": 0.7447187309031601, "duration_h": [6.0, 16.0]}, "final_J": 1.6562623732370112, "goal_complete": false, "optimize_days": 2}
{"target": -9999.0, "params": {"ts": 2.228772255551314, "optimize_days_cont": 5.9214687146125, "pre_optlux": 1498.6677668008406, "on_time_norm": 0.3770203613277914, "duration_h": [6.0, 16.0]}, "final_J": 1.896766659354078, "goal_complete": false, "optimize_days": 6}
{"target": -9999.0, "params": {"ts": 99.39685452971109, "optimize_days_cont": 18.876118972195485, "pre_optlux": 155.43235490136516, "on_time_norm": 0.7759095373419124, "duration_h": [6.0, 16.0]}, "final_J": 1.7991310056514018, "goal_complete": false, "optimize_days": 19}
{"target": -9999.0, "params": {"ts": 2.6347398885378825, "optimize_days_cont": 4.837698917880993, "pre_optlux": 156.0003527585637, "on_time_norm": 0.1138303581409843, "duration_h": [6.0, 16.0]}, "final_J": 1.8695064992392807, "goal_complete": false, "optimize_days": 5}
{"target": -9999.0, "params": {"ts": 1.0091977868496473, "optimize_days_cont": 19.483990658797676, "pre_optlux": 1455.9871298146538, "on_time_norm": 0.9961263889632818, "duration_h": [6.0, 16.0]}, "final_J": 1.7481227270948299, "goal_complete": false, "optimize_days": 19}
{"target": -9999.0, "params": {"ts": 7.345428905280819, "optimize_days_cont": 10.312143522941907, "pre_optlux": 498.48309975073636, "on_time_norm": 0.7058161528317821, "duration_h": [6.0, 16.0]}, "final_J": 1.8339197155118794, "goal_complete": false, "optimize_days": 10}
{"target": -9999.0, "params": {"ts": 98.29696835118321, "optimize_days_cont": 19.699097399585852, "pre_optlux": 1484.7181550719292, "on_time_norm": 0.11540046855578723, "duration_h": [6.0, 16.0]}, "final_J": 1.8331935887829618, "goal_complete": false, "optimize_days": 20}
{"target": -9999.0, "params": {"ts": 99.50642268396813, "optimize_days_cont": 3.869982989176226, "pre_optlux": 154.39315788277761, "on_time_norm": 0.6830086802222735, "duration_h": [6.0, 16.0]}, "final_J": 1.8350826512991738, "goal_complete": false, "optimize_days": 4}
{"target": -9999.0, "params": {"ts": 84.99073878334454, "optimize_days_cont": 1.8157428132239395, "pre_optlux": 650.7864965105484, "on_time_norm": 0.7434140553957862, "duration_h": [6.0, 16.0]}, "final_J": 1.7498344629989966, "goal_complete": false, "optimize_days": 2}
{"target": -9999.0, "params": {"ts": 99.92960663151196, "optimize_days_cont": 3.122782294701969, "pre_optlux": 1493.9904639648012, "on_time_norm": 0.17800152332408864, "duration_h": [6.0, 16.0]}, "final_J": 1.8773773990438556, "goal_complete": false, "optimize_days": 3}
{"target": -9999.0, "params": {"ts": 1.2485044360011515, "optimize_days_cont": 18.120113097779413, "pre_optlux": 1491.6319455859439, "on_time_norm": 0.07762496563735989, "duration_h": [6.0, 16.0]}, "final_J": 1.9061389992987097, "goal_complete": false, "optimize_days": 18}
{"target": -9999.0, "params": {"ts": 3.2121146607891613, "optimize_days_cont": 19.131419152868887, "pre_optlux": 154.08633265171378, "on_time_norm": 0.3482704460454267, "duration_h": [6.0, 16.0]}, "final_J": 1.7927498463936784, "goal_complete": false, "optimize_days": 19}
{"target": -9999.0, "params": {"ts": 99.8788324492233, "optimize_days_cont": 19.024084337413456, "pre_optlux": 1488.6866587046034, "on_time_norm": 0.12060560752026295, "duration_h": [6.0, 16.0]}, "final_J": 1.8453253312754467, "goal_complete": false, "optimize_days": 19}
{"target": -9999.0, "params": {"ts": 1.5752049273169448, "optimize_days_cont": 2.264003556921666, "pre_optlux": 1482.45766373367, "on_time_norm": 0.9355774769878292, "duration_h": [6.0, 16.0]}, "final_J": 1.7438999782239053, "goal_complete": false, "optimize_days": 2}
{"target": -9999.0, "params": {"ts": 35.3682748416401, "optimize_days_cont": 17.080815844170655, "pre_optlux": 1377.3100362614118, "on_time_norm": 0.5162771845410801, "duration_h": [6.0, 16.0]}, "final_J": 1.758740345362154, "goal_complete": false, "optimize_days": 17}
{"target": -9836.291666666666, "params": {"ts": 2.7315368221841103, "optimize_days_cont": 17.93989207642491, "pre_optlux": 534.5625760897897, "on_time_norm": 0.2989763774589579, "duration_h": [6.0, 16.0]}, "final_J": 1.8161217659186855, "goal_complete": false, "optimize_days": 18}
{"target": -9819.0, "params": {"ts": 2.7315368221841103, "optimize_days_cont": 17.93989207642491, "pre_optlux": 534.5625760897897, "on_time_norm": 0.2989763774589579, "duration_h": [6.0, 16.0]}, "final_J": 0.0510386221283173, "goal_complete": false, "optimize_days": 18}
{"target": -9819.0, "params": {"ts": 2.7315368221841103, "optimize_days_cont": 17.93989207642491, "pre_optlux": 534.5625760897897, "on_time_norm": 0.2989763774589579, "duration_h": [6.0, 16.0]}, "final_J": 0.04627853498780268, "goal_complete": false, "optimize_days": 18}
{"target": -9829.0, "params": {"ts": 33.12258915034465, "optimize_days_cont": 17.429497347114907, "pre_optlux": 754.1420534887301, "on_time_norm": 0.5482299063500942, "duration_h": [6.0, 16.0]}, "final_J": 0.0644882877350449, "goal_complete": false, "optimize_days": 17}
{"target": -9999.0, "params": {"ts": 12.11889051387827, "optimize_days_cont": 3.6960459421176455, "pre_optlux": 750.6947535614496, "on_time_norm": 0.7319802251869119, "duration_h": [6.0, 16.0]}, "final_J": 0.6979282219226448, "goal_complete": false, "optimize_days": 4}
{"target": -9929.0, "params": {"ts": 59.68169648856187, "optimize_days_cont": 7.397563291152543, "pre_optlux": 763.4775581181913, "on_time_norm": 0.18712777283052473, "duration_h": [6.0, 16.0]}, "final_J": 0.16110655398307874, "goal_complete": false, "optimize_days": 7}
{"target": -9999.0, "params": {"ts": 14.07810195464569, "optimize_days_cont": 1.705095984711934, "pre_optlux": 260.68357151399994, "on_time_norm": 0.2134399510803413, "duration_h": [6.0, 16.0]}, "final_J": 1.1424174993137632, "goal_complete": false, "optimize_days": 2}
{"target": -9879.0, "params": {"ts": 65.85156848897378, "optimize_days_cont": 12.18697040043049, "pre_optlux": 926.2278426538624, "on_time_norm": 0.3346853176856943, "duration_h": [6.0, 16.0]}, "final_J": 0.03971458636038953, "goal_complete": false, "optimize_days": 12}
{"target": -0.0, "params": {"ts": 2.7315368221841103, "optimize_days_cont": 17.93989207642491, "pre_optlux": 534.5625760897897, "on_time_norm": 0.2989763774589579, "duration_h": [6.0, 16.0]}, "final_J": 0.04627853498780268, "goal_complete": true, "optimize_days": 18}
{"target": -0.0, "params": {"ts": 33.12258915034465, "optimize_days_cont": 17.429497347114907, "pre_optlux": 754.1420534887301, "on_time_norm": 0.5482299063500942, "duration_h": [6.0, 16.0]}, "final_J": 0.0644882877350449, "goal_complete": true, "optimize_days": 17}
{"target": -9999.0, "params": {"ts": 12.11889051387827, "optimize_days_cont": 3.6960459421176455, "pre_optlux": 750.6947535614496, "on_time_norm": 0.7319802251869119, "duration_h": [6.0, 16.0]}, "final_J": 0.6979282219226448, "goal_complete": false, "optimize_days": 4}
{"target": -0.0, "params": {"ts": 59.68169648856187, "optimize_days_cont": 7.397563291152543, "pre_optlux": 763.4775581181913, "on_time_norm": 0.18712777283052473, "duration_h": [6.0, 16.0]}, "final_J": 0.16110655398307874, "goal_complete": true, "optimize_days": 7}
{"target": -9999.0, "params": {"ts": 14.07810195464569, "optimize_days_cont": 1.705095984711934, "pre_optlux": 260.68357151399994, "on_time_norm": 0.2134399510803413, "duration_h": [6.0, 16.0]}, "final_J": 1.1424174993137632, "goal_complete": false, "optimize_days": 2}
{"target": -0.0, "params": {"ts": 65.85156848897378, "optimize_days_cont": 12.18697040043049, "pre_optlux": 926.2278426538624, "on_time_norm": 0.3346853176856943, "duration_h": [6.0, 16.0]}, "final_J": 0.03971458636038953, "goal_complete": true, "optimize_days": 12}
{"target": -0.0, "params": {"ts": 40.762428500801185, "optimize_days_cont": 13.907171810637996, "pre_optlux": 347.338167787798, "on_time_norm": 0.7887842182981357, "duration_h": [6.0, 16.0]}, "final_J": 0.08275531607696159, "goal_complete": true, "optimize_days": 14}
{"target": -9999.0, "params": {"ts": 61.749408361155254, "optimize_days_cont": 3.889288683364499, "pre_optlux": 1192.0340177006228, "on_time_norm": 0.26311903992324415, "duration_h": [6.0, 16.0]}, "final_J": 0.6709091593865596, "goal_complete": false, "optimize_days": 4}
{"target": -1.3, "params": {"ts": 2.7315368221841103, "optimize_days_cont": 17.93989207642491, "pre_optlux": 534.5625760897897, "on_time_norm": 0.2989763774589579, "duration_h": [6.0, 16.0]}, "final_J": 0.04627853498780268, "goal_complete": true, "optimize_days": 18}
{"target": -1.1, "params": {"ts": 33.12258915034465, "optimize_days_cont": 17.429497347114907, "pre_optlux": 754.1420534887301, "on_time_norm": 0.5482299063500942, "duration_h": [6.0, 16.0]}, "final_J": 0.0644882877350449, "goal_complete": true, "optimize_days": 17}
{"target": -1.3, "params": {"ts": 2.7315368221841103, "optimize_days_cont": 17.93989207642491, "pre_optlux": 534.5625760897897, "on_time_norm": 0.2989763774589579, "duration_h": [6.0, 16.0]}, "final_J": 0.04627853498780268, "goal_complete": true, "optimize_days": 18}
{"target": -13.0, "params": {"ts": 2.7315368221841103, "optimize_days_cont": 17.93989207642491, "pre_optlux": 534.5625760897897, "on_time_norm": 0.2989763774589579, "duration_h": [6.0, 16.0]}, "final_J": 0.04627853498780268, "goal_complete": true, "optimize_days": 18}
{"target": -11.0, "params": {"ts": 33.12258915034465, "optimize_days_cont": 17.429497347114907, "pre_optlux": 754.1420534887301, "on_time_norm": 0.5482299063500942, "duration_h": [6.0, 16.0]}, "final_J": 0.0644882877350449, "goal_complete": true, "optimize_days": 17}
{"target": -9999.0, "params": {"ts": 12.11889051387827, "optimize_days_cont": 3.6960459421176455, "pre_optlux": 750.6947535614496, "on_time_norm": 0.7319802251869119, "duration_h": [6.0, 16.0]}, "final_J": 0.6979282219226448, "goal_complete": false, "optimize_days": 4}
{"target": -6.916666666666667, "params": {"ts": 59.68169648856187, "optimize_days_cont": 7.397563291152543, "pre_optlux": 763.4775581181913, "on_time_norm": 0.18712777283052473, "duration_h": [6.0, 16.0]}, "final_J": 0.16110655398307874, "goal_complete": true, "optimize_days": 7}
{"target": -9999.0, "params": {"ts": 14.07810195464569, "optimize_days_cont": 1.705095984711934, "pre_optlux": 260.68357151399994, "on_time_norm": 0.2134399510803413, "duration_h": [6.0, 16.0]}, "final_J": 1.1424174993137632, "goal_complete": false, "optimize_days": 2}
{"target": -8.958333333333334, "params": {"ts": 65.85156848897378, "optimize_days_cont": 12.18697040043049, "pre_optlux": 926.2278426538624, "on_time_norm": 0.3346853176856943, "duration_h": [6.0, 16.0]}, "final_J": 0.03971458636038953, "goal_complete": true, "optimize_days": 12}
{"target": -12.0, "params": {"ts": 40.762428500801185, "optimize_days_cont": 13.907171810637996, "pre_optlux": 347.338167787798, "on_time_norm": 0.7887842182981357, "duration_h": [6.0, 16.0]}, "final_J": 0.08275531607696159, "goal_complete": true, "optimize_days": 14}
{"target": -9999.0, "params": {"ts": 61.749408361155254, "optimize_days_cont": 3.889288683364499, "pre_optlux": 1192.0340177006228, "on_time_norm": 0.26311903992324415, "duration_h": [6.0, 16.0]}, "final_J": 0.6709091593865596, "goal_complete": false, "optimize_days": 4}
{"target": -10.0, "params": {"ts": 29.457782494979018, "optimize_days_cont": 13.381908106047511, "pre_optlux": 1433.2949321141712, "on_time_norm": 0.9184743424662997, "duration_h": [6.0, 16.0]}, "final_J": 0.05915372655591398, "goal_complete": true, "optimize_days": 13}
{"target": -9999.0, "params": {"ts": 34.44157734405684, "optimize_days_cont": 2.711272351651346, "pre_optlux": 1085.331748368608, "on_time_norm": 0.679914691937932, "duration_h": [6.0, 16.0]}, "final_J": 0.9464666181771896, "goal_complete": false, "optimize_days": 3}
{"target": -6.958333333333333, "params": {"ts": 59.021375812396414, "optimize_days_cont": 7.668525201185398, "pre_optlux": 762.2571522348269, "on_time_norm": 0.24415776396023325, "duration_h": [6.0, 16.0]}, "final_J": 0.04620276158284803, "goal_complete": true, "optimize_days": 8}
{"target": -12.291666666666666, "params": {"ts": 42.52290515725753, "optimize_days_cont": 20.0, "pre_optlux": 781.390773973159, "on_time_norm": 1.0, "duration_h": [6.0, 16.0]}, "final_J": 0.07716143685263005, "goal_complete": true, "optimize_days": 20}
{"target": -13.0, "params": {"ts": 50.39161761118598, "optimize_days_cont": 18.651769762127845, "pre_optlux": 383.3003983508894, "on_time_norm": 0.9991668954071725, "duration_h": [6.0, 16.0]}, "final_J": 0.05757621686976164, "goal_complete": true, "optimize_days": 19}
{"target": -13.291666666666666, "params": {"ts": 80.08157917125094, "optimize_days_cont": 20.0, "pre_optlux": 355.723314113769, "on_time_norm": 0.9665910244549154, "duration_h": [6.0, 16.0]}, "final_J": 0.062081547495363584, "goal_complete": true, "optimize_days": 20}
{"target": -9999.0, "params": {"ts": 89.21663325549414, "optimize_days_cont": 1.0, "pre_optlux": 393.52746522405516, "on_time_norm": 0.0, "duration_h": [6.0, 16.0]}, "final_J": 1.3975040443596796, "goal_complete": false, "optimize_days": 1}
{"target": -12.291666666666666, "params": {"ts": 16.484686827448527, "optimize_days_cont": 20.0, "pre_optlux": 375.28719643990354, "on_time_norm": 1.0, "duration_h": [6.0, 16.0]}, "final_J": 0.01661252604050997, "goal_complete": true, "optimize_days": 20}
{"target": -13.291666666666666, "params": {"ts": 75.0944088467836, "optimize_days_cont": 20.0, "pre_optlux": 320.2305978620477, "on_time_norm": 1.0, "duration_h": [6.0, 16.0]}, "final_J": 0.06835936197167133, "goal_complete": true, "optimize_days": 20}
{"target": -8.958333333333334, "params": {"ts": 63.12138915981869, "optimize_days_cont": 14.078856611261681, "pre_optlux": 884.4468707034201, "on_time_norm": 0.34516470118045794, "duration_h": [6.0, 16.0]}, "final_J": 0.03797197055696603, "goal_complete": true, "optimize_days": 14}
{"target": -9999.0, "params": {"ts": 99.99862760063161, "optimize_days_cont": 1.0, "pre_optlux": 902.4317506235433, "on_time_norm": 0.9438639276013538, "duration_h": [6.0, 16.0]}, "final_J": 1.3979595514074004, "goal_complete": false, "optimize_days": 1}
{"target": -14.0, "params": {"ts": 37.782234475186335, "optimize_days_cont": 20.0, "pre_optlux": 907.4123779074204, "on_time_norm": 0.0, "duration_h": [6.0, 16.0]}, "final_J": 0.006274541035898111, "goal_complete": true, "optimize_days": 20}
{"target": -14.0, "params": {"ts": 33.00239382453684, "optimize_days_cont": 20.0, "pre_optlux": 864.4246052647293, "on_time_norm": 0.0, "duration_h": [6.0, 16.0]}, "final_J": 0.009199397393630687, "goal_complete": true, "optimize_days": 20}
{"target": -14.0, "params": {"ts": 40.02757472049007, "optimize_days_cont": 20.0, "pre_optlux": 952.8928635474155, "on_time_norm": 0.0, "duration_h": [6.0, 16.0]}, "final_J": 0.008253861675268126, "goal_complete": true, "optimize_days": 20}
{"target": -12.0, "params": {"ts": 63.04865240777433, "optimize_days_cont": 20.0, "pre_optlux": 832.7463114201363, "on_time_norm": 0.0, "duration_h": [6.0, 16.0]}, "final_J": 0.00716426399403804, "goal_complete": true, "optimize_days": 20}
{"target": -12.958333333333334, "params": {"ts": 93.86110301214761, "optimize_days_cont": 20.0, "pre_optlux": 797.994110510758, "on_time_norm": 1.0, "duration_h": [6.0, 16.0]}, "final_J": 0.08802297871450772, "goal_complete": true, "optimize_days": 20}
{"target": -14.0, "params": {"ts": 1.0, "optimize_days_cont": 20.0, "pre_optlux": 489.621889177126, "on_time_norm": 0.9014794500887104, "duration_h": [6.0, 16.0]}, "final_J": 0.03533746785959104, "goal_complete": true, "optimize_days": 20}
{"target": -12.291666666666666, "params": {"ts": 41.29959404871132, "optimize_days_cont": 20.0, "pre_optlux": 511.42630393112375, "on_time_norm": 1.0, "duration_h": [6.0, 16.0]}, "final_J": 0.06996044767567955, "goal_complete": true, "optimize_days": 20}
{"target": -9999.0, "params": {"ts": 41.90897194470913, "optimize_days_cont": 1.0, "pre_optlux": 555.2323330400365, "on_time_norm": 1.0, "duration_h": [6.0, 16.0]}, "final_J": 1.3473894312193453, "goal_complete": false, "optimize_days": 1}
{"target": -12.291666666666666, "params": {"ts": 39.89016813018487, "optimize_days_cont": 20.0, "pre_optlux": 472.798628337956, "on_time_norm": 0.0, "duration_h": [6.0, 16.0]}, "final_J": 0.07205887338323824, "goal_complete": true, "optimize_days": 20}
{"target": -12.0, "params": {"ts": 14.984488676685892, "optimize_days_cont": 20.0, "pre_optlux": 425.72600233041186, "on_time_norm": 1.0, "duration_h": [6.0, 16.0]}, "final_J": 0.08398170991925596, "goal_complete": true, "optimize_days": 20}
{"target": -12.0, "params": {"ts": 15.639892612294796, "optimize_days_cont": 19.067829710370525, "pre_optlux": 1475.2042794142321, "on_time_norm": 0.9123407493110894, "duration_h": [6.0, 16.0]}, "final_J": 0.09603056072616054, "goal_complete": true, "optimize_days": 19}
{"target": -11.0, "params": {"ts": 59.5503745108952, "optimize_days_cont": 11.994639795247952, "pre_optlux": 1467.181771945603, "on_time_norm": 0.7369490015057355, "duration_h": [6.0, 16.0]}, "final_J": 0.08190383287382036, "goal_complete": true, "optimize_days": 12}
{"target": -12.0, "params": {"ts": 74.86951034600958, "optimize_days_cont": 20.0, "pre_optlux": 1423.391928855755, "on_time_norm": 0.0, "duration_h": [6.0, 16.0]}, "final_J": 0.11614403176037622, "goal_complete": true, "optimize_days": 20}
