{"target": -9999.0, "params": {"ts": 49.36937071832515, "optimize_days_cont": 1.0, "pre_optlux": 1389.4432883073196, "on_time_norm": 1.0, "duration_h": [6.0, 16.0]}, "final_J": 1.3477300479349787, "goal_complete": false, "optimize_days": 1}
{"target": -12.958333333333334, "params": {"ts": 100.0, "optimize_days_cont": 20.0, "pre_optlux": 1453.332029374403, "on_time_norm": 0.0, "duration_h": [6.0, 16.0]}, "final_J": 0.11666956963313269, "goal_complete": true, "optimize_days": 20}
{"target": -12.958333333333334, "params": {"ts": 100.0, "optimize_days_cont": 20.0, "pre_optlux": 750.7287191188684, "on_time_norm": 1.0, "duration_h": [6.0, 16.0]}, "final_J": 0.08116094415746311, "goal_complete": true, "optimize_days": 20}
{"target": -12.291666666666666, "params": {"ts": 65.06879441047813, "optimize_days_cont": 20.0, "pre_optlux": 717.6607819828796, "on_time_norm": 0.0, "duration_h": [6.0, 16.0]}, "final_J": 0.08444434026876367, "goal_complete": true, "optimize_days": 20}
{"target": -9999.0, "params": {"ts": 100.0, "optimize_days_cont": 1.0, "pre_optlux": 701.2330594511128, "on_time_norm": 1.0, "duration_h": [6.0, 16.0]}, "final_J": 1.3978066498492236, "goal_complete": false, "optimize_days": 1}
{"target": -9999.0, "params": {"ts": 3.697688620182031, "optimize_days_cont": 1.0, "pre_optlux": 934.5860367696905, "on_time_norm": 1.0, "duration_h": [6.0, 16.0]}, "final_J": 1.3490192189257728, "goal_complete": false, "optimize_days": 1}
{"target": -14.0, "params": {"ts": 73.3627453915415, "optimize_days_cont": 20.0, "pre_optlux": 970.1432236228651, "on_time_norm": 0.0, "duration_h": [6.0, 16.0]}, "final_J": 0.00839274144009669, "goal_complete": true, "optimize_days": 20}
{"target": -9999.0, "params": {"ts": 1.0, "optimize_days_cont": 1.0, "pre_optlux": 455.17735401927325, "on_time_norm": 0.0, "duration_h": [6.0, 16.0]}, "final_J": 1.396570755195544, "goal_complete": false, "optimize_days": 1}
{"target": -8.958333333333334, "params": {"ts": 23.105816836200347, "optimize_days_cont": 10.940103486612847, "pre_optlux": 893.4469663845945, "on_time_norm": 0.045601950132806324, "duration_h": [6.0, 16.0]}, "final_J": 0.027867917371887294, "goal_complete": true, "optimize_days": 11}
{"target": -11.291666666666666, "params": {"ts": 23.08501322743759, "optimize_days_cont": 14.085797074605773, "pre_optlux": 371.03742375121396, "on_time_norm": 0.07032486680550032, "duration_h": [6.0, 16.0]}, "final_J": 0.06257013426681238, "goal_complete": true, "optimize_days": 14}
{"target": -9999.0, "params": {"ts": 56.804456643247704, "optimize_days_cont": 2.481854448409754, "pre_optlux": 1125.5646900185338, "on_time_norm": 0.15845217352316643, "duration_h": [6.0, 16.0]}, "final_J": 1.1237654649502546, "goal_complete": false, "optimize_days": 2}
{"target": -10.0, "params": {"ts": 30.055238354117552, "optimize_days_cont": 14.235603569963303, "pre_optlux": 776.7565188542048, "on_time_norm": 0.21506214371433952, "duration_h": [6.0, 16.0]}, "final_J": 0.032135231618508536, "goal_complete": true, "optimize_days": 14}
{"target": -8.0, "params": {"ts": 12.966996402356731, "optimize_days_cont": 18.436053147149774, "pre_optlux": 914.702543770914, "on_time_norm": 0.47201931574192724, "duration_h": [6.0, 16.0]}, "final_J": 0.008165377598289527, "goal_complete": true, "optimize_days": 18}
{"target": -11.0, "params": {"ts": 5.278357243925987, "optimize_days_cont": 15.296453422239487, "pre_optlux": 883.4132092262794, "on_time_norm": 0.7671904257147006, "duration_h": [6.0, 16.0]}, "final_J": 0.06863202105073317, "goal_complete": true, "optimize_days": 15}
{"target": -11.0, "params": {"ts": 8.149916558088384, "optimize_days_cont": 13.534600853749103, "pre_optlux": 221.95410676473352, "on_time_norm": 0.6850244527227007, "duration_h": [6.0, 16.0]}, "final_J": 0.01200366435607525, "goal_complete": true, "optimize_days": 14}
{"target": -10.0, "params": {"ts": 47.331618590616145, "optimize_days_cont": 13.56012736053423, "pre_optlux": 1081.454953100926, "on_time_norm": 0.2633294844455638, "duration_h": [6.0, 16.0]}, "final_J": 0.024639479398416875, "goal_complete": true, "optimize_days": 14}
{"target": -10.958333333333334, "params": {"ts": 77.35815021585175, "optimize_days_cont": 16.50670419948814, "pre_optlux": 338.51616506019934, "on_time_norm": 0.5780067455748411, "duration_h": [6.0, 16.0]}, "final_J": 0.06306476269621682, "goal_complete": true, "optimize_days": 17}
{"target": -9999.0, "params": {"ts": 23.989333259437583, "optimize_days_cont": 4.774231318116989, "pre_optlux": 516.5125439397189, "on_time_norm": 0.976852764010693, "duration_h": [6.0, 16.0]}, "final_J": 0.4664233396590482, "goal_complete": false, "optimize_days": 5}
{"target": -9999.0, "params": {"ts": 36.28433428914752, "optimize_days_cont": 1.3495989859817095, "pre_optlux": 982.6668639532691, "on_time_norm": 0.23040538778108444, "duration_h": [6.0, 16.0]}, "final_J": 1.3475575018976598, "goal_complete": false, "optimize_days": 1}
{"target": -8.0, "params": {"ts": 58.84077063109376, "optimize_days_cont": 8.981967537205383, "pre_optlux": 1107.491323463064, "on_time_norm": 0.9720455259033695, "duration_h": [6.0, 16.0]}, "final_J": 0.06170542254571388, "goal_complete": true, "optimize_days": 9}
{"target": -12.291666666666666, "params": {"ts": 43.63486278650694, "optimize_days_cont": 19.196843396417563, "pre_optlux": 214.47343649160942, "on_time_norm": 0.7327818008916883, "duration_h": [6.0, 16.0]}, "final_J": 0.03173652444744499, "goal_complete": true, "optimize_days": 19}
{"target": -10.958333333333334, "params": {"ts": 53.17351161162144, "optimize_days_cont": 11.772761585575223, "pre_optlux": 1125.9760864836403, "on_time_norm": 0.6826033501652629, "duration_h": [6.0, 16.0]}, "final_J": 0.07238608475236147, "goal_complete": true, "optimize_days": 12}
{"target": -9999.0, "params": {"ts": 12.171706697977584, "optimize_days_cont": 4.784090011256047, "pre_optlux": 1123.7809591132172, "on_time_norm": 0.39386732248283196, "duration_h": [6.0, 16.0]}, "final_J": 0.5386960373712142, "goal_complete": false, "optimize_days": 5}
{"target": -9999.0, "params": {"ts": 16.19112292109049, "optimize_days_cont": 2.910906277613152, "pre_optlux": 699.7835942543549, "on_time_norm": 0.5829154644665038, "duration_h": [6.0, 16.0]}, "final_J": 0.9667233119253756, "goal_complete": false, "optimize_days": 3}
{"target": -11.0, "params": {"ts": 87.16572333579319, "optimize_days_cont": 19.36399704765088, "pre_optlux": 765.0125547254927, "on_time_norm": 0.4004229990716831, "duration_h": [6.0, 16.0]}, "final_J": 0.04704192105665646, "goal_complete": true, "optimize_days": 19}
{"target": -10.958333333333334, "params": {"ts": 83.00764660756872, "optimize_days_cont": 18.28698222982436, "pre_optlux": 1184.2845115892483, "on_time_norm": 0.06831478431392501, "duration_h": [6.0, 16.0]}, "final_J": 0.010572247678406154, "goal_complete": true, "optimize_days": 18}
{"target": -9999.0, "params": {"ts": 93.98239711040948, "optimize_days_cont": 2.940710497156282, "pre_optlux": 1469.6783471939355, "on_time_norm": 0.35668872437448984, "duration_h": [6.0, 16.0]}, "final_J": 0.9296994144433459, "goal_complete": false, "optimize_days": 3}
{"target": -12.875, "params": {"ts": 13.155784921739329, "optimize_days_cont": 19.265691674858058, "pre_optlux": 1029.0949266816813, "on_time_norm": 0.9366778098943237, "duration_h": [6.0, 16.0]}, "final_J": 0.0898010376199956, "goal_complete": true, "optimize_days": 19}
{"target": -11.041666666666666, "params": {"ts": 3.755999989112609, "optimize_days_cont": 14.653376179389122, "pre_optlux": 885.6899359223313, "on_time_norm": 0.4711666767597189, "duration_h": [6.0, 16.0]}, "final_J": 0.05618585719064972, "goal_complete": true, "optimize_days": 15}
{"target": -9.958333333333334, "params": {"ts": 13.028227846610502, "optimize_days_cont": 13.409086394849702, "pre_optlux": 890.7457917555278, "on_time_norm": 0.3323459294294404, "duration_h": [6.0, 16.0]}, "final_J": 0.06370314504766705, "goal_complete": true, "optimize_days": 13}
{"target": -12.0, "params": {"ts": 51.495123426134725, "optimize_days_cont": 20.0, "pre_optlux": 1117.55122468888, "on_time_norm": 1.0, "duration_h": [6.0, 16.0]}, "final_J": 0.10634371701472221, "goal_complete": true, "optimize_days": 20}
{"target": -12.333333333333334, "params": {"ts": 52.1625916580062, "optimize_days_cont": 17.500135555440135, "pre_optlux": 1095.7299786031454, "on_time_norm": 1.0, "duration_h": [6.0, 16.0]}, "final_J": 0.0818833038369353, "goal_complete": true, "optimize_days": 18}
{"target": -12.0, "params": {"ts": 46.62876150130472, "optimize_days_cont": 20.0, "pre_optlux": 1134.5763293427306, "on_time_norm": 1.0, "duration_h": [6.0, 16.0]}, "final_J": 0.08652024225601715, "goal_complete": true, "optimize_days": 20}
{"target": -9999.0, "params": {"ts": 64.66985434490847, "optimize_days_cont": 5.8959762259806086, "pre_optlux": 1088.6206041173741, "on_time_norm": 1.0, "duration_h": [6.0, 16.0]}, "final_J": 0.30319511823043643, "goal_complete": false, "optimize_days": 6}
{"target": -10.958333333333334, "params": {"ts": 43.364137821857774, "optimize_days_cont": 11.810802041820864, "pre_optlux": 1105.822905896864, "on_time_norm": 1.0, "duration_h": [6.0, 16.0]}, "final_J": 0.07754955280357652, "goal_complete": true, "optimize_days": 12}
{"target": -14.0, "params": {"ts": 37.39477467101778, "optimize_days_cont": 20.0, "pre_optlux": 1091.650987651488, "on_time_norm": 0.0, "duration_h": [6.0, 16.0]}, "final_J": 0.022863121233937023, "goal_complete": true, "optimize_days": 20}
{"target": -9999.0, "params": {"ts": 11.860274090292828, "optimize_days_cont": 2.9255226917428545, "pre_optlux": 905.4568689192068, "on_time_norm": 1.0, "duration_h": [6.0, 16.0]}, "final_J": 0.9201531118127602, "goal_complete": false, "optimize_days": 3}
{"target": -13.291666666666666, "params": {"ts": 40.771977922529395, "optimize_days_cont": 14.692424266475513, "pre_optlux": 1123.2496466430032, "on_time_norm": 1.0, "duration_h": [6.0, 16.0]}, "final_J": 0.08460475170932936, "goal_complete": true, "optimize_days": 15}
{"target": -11.916666666666666, "params": {"ts": 23.55035250469136, "optimize_days_cont": 20.0, "pre_optlux": 883.4155400698613, "on_time_norm": 0.0, "duration_h": [6.0, 16.0]}, "final_J": 0.11444979821361664, "goal_complete": true, "optimize_days": 20}
{"target": -9999.0, "params": {"ts": 20.534523440882747, "optimize_days_cont": 5.099901862753517, "pre_optlux": 879.0026446669353, "on_time_norm": 0.0, "duration_h": [6.0, 16.0]}, "final_J": 0.4889139527712464, "goal_complete": false, "optimize_days": 5}
{"target": -12.0, "params": {"ts": 21.293868603369887, "optimize_days_cont": 20.0, "pre_optlux": 896.9896903861389, "on_time_norm": 0.0, "duration_h": [6.0, 16.0]}, "final_J": 0.0999737513852053, "goal_complete": true, "optimize_days": 20}
{"target": -6.958333333333333, "params": {"ts": 39.80300998940668, "optimize_days_cont": 8.084536167578742, "pre_optlux": 1090.3296773454574, "on_time_norm": 1.0, "duration_h": [6.0, 16.0]}, "final_J": 0.00724689491014781, "goal_complete": true, "optimize_days": 8}
{"target": -12.0, "params": {"ts": 33.03325630186441, "optimize_days_cont": 20.0, "pre_optlux": 892.1477153109574, "on_time_norm": 1.0, "duration_h": [6.0, 16.0]}, "final_J": 0.09870563214614281, "goal_complete": true, "optimize_days": 20}
{"target": -12.0, "params": {"ts": 36.38520259951717, "optimize_days_cont": 18.28198156404877, "pre_optlux": 1076.736767429941, "on_time_norm": 1.0, "duration_h": [6.0, 16.0]}, "final_J": 0.07773944095879667, "goal_complete": true, "optimize_days": 18}
{"target": -11.041666666666666, "params": {"ts": 25.88950386118772, "optimize_days_cont": 16.365236227091852, "pre_optlux": 218.21439140161738, "on_time_norm": 0.708967678804868, "duration_h": [6.0, 16.0]}, "final_J": 0.04458979130590808, "goal_complete": true, "optimize_days": 16}
{"target": -9999.0, "params": {"ts": 31.52107553054139, "optimize_days_cont": 5.429167653895249, "pre_optlux": 1078.2431704086757, "on_time_norm": 0.0, "duration_h": [6.0, 16.0]}, "final_J": 0.49519207132783083, "goal_complete": false, "optimize_days": 5}
{"target": -12.291666666666666, "params": {"ts": 45.494297322718786, "optimize_days_cont": 20.0, "pre_optlux": 1084.6394276536578, "on_time_norm": 1.0, "duration_h": [6.0, 16.0]}, "final_J": 0.0944868573514296, "goal_complete": true, "optimize_days": 20}
{"target": -13.0, "params": {"ts": 13.844246901799682, "optimize_days_cont": 17.67024148984383, "pre_optlux": 207.97176081652407, "on_time_norm": 0.38340936175291784, "duration_h": [6.0, 16.0]}, "final_J": 0.03716256845401223, "goal_complete": true, "optimize_days": 18}
{"target": -9999.0, "params": {"ts": 17.5056874269829, "optimize_days_cont": 2.9584535159259584, "pre_optlux": 213.56783190684396, "on_time_norm": 0.06078568688363467, "duration_h": [6.0, 16.0]}, "final_J": 0.909893266700738, "goal_complete": false, "optimize_days": 3}
{"target": -14.0, "params": {"ts": 49.31340370617121, "optimize_days_cont": 20.0, "pre_optlux": 1105.1180313032462, "on_time_norm": 0.0, "duration_h": [6.0, 16.0]}, "final_J": 0.008322775130202627, "goal_complete": true, "optimize_days": 20}
{"target": -14.0, "params": {"ts": 17.05186805161062, "optimize_days_cont": 20.0, "pre_optlux": 228.35057907907097, "on_time_norm": 1.0, "duration_h": [6.0, 16.0]}, "final_J": 0.03298263104845667, "goal_complete": true, "optimize_days": 20}
{"target": -13.291666666666666, "params": {"ts": 35.41929117508539, "optimize_days_cont": 20.0, "pre_optlux": 228.13797940387587, "on_time_norm": 1.0, "duration_h": [6.0, 16.0]}, "final_J": 0.06796564920815733, "goal_complete": true, "optimize_days": 20}
{"target": -13.291666666666666, "params": {"ts": 31.089071331731873, "optimize_days_cont": 20.0, "pre_optlux": 204.4592441108933, "on_time_norm": 1.0, "duration_h": [6.0, 16.0]}, "final_J": 0.05075730479531817, "goal_complete": true, "optimize_days": 20}
{"target": -14.291666666666666, "params": {"ts": 1.8982856651782385, "optimize_days_cont": 20.0, "pre_optlux": 232.72763309869967, "on_time_norm": 1.0, "duration_h": [6.0, 16.0]}, "final_J": 0.014812728351798296, "goal_complete": true, "optimize_days": 20}
{"target": -15.0, "params": {"ts": 1.0, "optimize_days_cont": 20.0, "pre_optlux": 213.00620287530944, "on_time_norm": 1.0, "duration_h": [6.0, 16.0]}, "final_J": 0.03777628552195296, "goal_complete": true, "optimize_days": 20}
{"target": -12.0, "params": {"ts": 18.898896842487936, "optimize_days_cont": 20.0, "pre_optlux": 928.1168835415194, "on_time_norm": 0.0, "duration_h": [6.0, 16.0]}, "final_J": 0.05243735236926802, "goal_complete": true, "optimize_days": 20}
{"target": -14.0, "params": {"ts": 30.162105616297143, "optimize_days_cont": 20.0, "pre_optlux": 915.1464302396519, "on_time_norm": 0.0, "duration_h": [6.0, 16.0]}, "final_J": 0.008402407138277147, "goal_complete": true, "optimize_days": 20}
{"target": -15.958333333333334, "params": {"ts": 3.7314404698356345, "optimize_days_cont": 20.0, "pre_optlux": 929.346484314147, "on_time_norm": 0.0, "duration_h": [6.0, 16.0]}, "final_J": 0.04740335246851694, "goal_complete": true, "optimize_days": 20}
{"target": -15.0, "params": {"ts": 22.598608535994483, "optimize_days_cont": 20.0, "pre_optlux": 242.9089869436663, "on_time_norm": 0.0, "duration_h": [6.0, 16.0]}, "final_J": 0.02578983038690937, "goal_complete": true, "optimize_days": 20}
{"target": -9.958333333333334, "params": {"ts": 8.933979537580681, "optimize_days_cont": 11.50212188898409, "pre_optlux": 244.63273664377826, "on_time_norm": 1.0, "duration_h": [6.0, 16.0]}, "final_J": 0.005402087525630656, "goal_complete": true, "optimize_days": 12}
{"target": -15.291666666666666, "params": {"ts": 9.772189283975989, "optimize_days_cont": 20.0, "pre_optlux": 257.02662428126746, "on_time_norm": 0.0, "duration_h": [6.0, 16.0]}, "final_J": 0.018979916180214915, "goal_complete": true, "optimize_days": 20}
{"target": -9.916666666666666, "params": {"ts": 23.37884250917507, "optimize_days_cont": 10.877445363827167, "pre_optlux": 256.77173734492374, "on_time_norm": 1.0, "duration_h": [6.0, 16.0]}, "final_J": 0.07335363223957922, "goal_complete": true, "optimize_days": 11}
{"target": -9999.0, "params": {"ts": 10.429033208971681, "optimize_days_cont": 1.4313744498500198, "pre_optlux": 257.6905581853066, "on_time_norm": 0.0, "duration_h": [6.0, 16.0]}, "final_J": 1.347712488188552, "goal_complete": false, "optimize_days": 1}
{"target": -13.291666666666666, "params": {"ts": 34.5711055215207, "optimize_days_cont": 20.0, "pre_optlux": 251.48721225296435, "on_time_norm": 1.0, "duration_h": [6.0, 16.0]}, "final_J": 0.06265561055071807, "goal_complete": true, "optimize_days": 20}
{"target": -7.0, "params": {"ts": 30.644731705797906, "optimize_days_cont": 8.165924339673676, "pre_optlux": 241.3165803958371, "on_time_norm": 1.0, "duration_h": [6.0, 16.0]}, "final_J": 0.06028637480212309, "goal_complete": true, "optimize_days": 8}
{"target": -11.958333333333334, "params": {"ts": 46.07055161640148, "optimize_days_cont": 13.66027981518013, "pre_optlux": 240.0058503801098, "on_time_norm": 0.0, "duration_h": [6.0, 16.0]}, "final_J": 0.06743062873585896, "goal_complete": true, "optimize_days": 14}
{"target": -9999.0, "params": {"ts": 42.33093874872926, "optimize_days_cont": 4.9306483243054045, "pre_optlux": 255.08465429883375, "on_time_norm": 1.0, "duration_h": [6.0, 16.0]}, "final_J": 0.44965372248279867, "goal_complete": false, "optimize_days": 5}
{"target": -7.0, "params": {"ts": 43.2764074570563, "optimize_days_cont": 8.329710324418352, "pre_optlux": 225.9249394662424, "on_time_norm": 0.0, "duration_h": [6.0, 16.0]}, "final_J": 0.08055172797184551, "goal_complete": true, "optimize_days": 8}
{"target": -13.010708514003086, "params": {"ts": 2.7315368221841103, "optimize_days_cont": 17.93989207642491, "pre_optlux": 534.5625760897897, "on_time_norm": 0.2989763774589579, "duration_h": [6.0, 16.0]}, "final_J": 0.04627853498780268, "goal_complete": true, "optimize_days": 18}
