{"target": -9134.25, "params": {"ts": 11.271662653605421, "optimize_days_cont": 29.127385712697837, "pre_optlux": 1273.7975650805693, "on_time_norm": 0.21233911067827616, "duration_h": [6.0, 18.0]}, "final_J": 2.562228418964344, "goal_complete": false, "optimize_days": 29}
{"target": -9130.416666666666, "params": {"ts": 187.8955193048339, "optimize_days_cont": 28.57071488588757, "pre_optlux": 1138.1918214453967, "on_time_norm": 0.5986584841970366, "duration_h": [6.0, 18.0]}, "final_J": 0.835665175413677, "goal_complete": false, "optimize_days": 29}
{"target": -9429.916666666666, "params": {"ts": 187.8955193048339, "optimize_days_cont": 19.063571821788408, "pre_optlux": 1138.1918214453967, "on_time_norm": 0.5986584841970366, "duration_h": [6.0, 18.0]}, "final_J": 1.8198783393588849, "goal_complete": false, "optimize_days": 19}
{"target": -9940.5, "params": {"ts": 78.84126564776513, "optimize_days_cont": 2.1035886311957896, "pre_optlux": 1319.3377967961626, "on_time_norm": 0.6011150117432088, "duration_h": [6.0, 18.0]}, "final_J": 4.506144997218359, "goal_complete": false, "optimize_days": 2}
{"target": -9429.25, "params": {"ts": 11.271662653605421, "optimize_days_cont": 19.428287191077892, "pre_optlux": 1273.7975650805693, "on_time_norm": 0.21233911067827616, "duration_h": [6.0, 18.0]}, "final_J": 3.0591426139791706, "goal_complete": false, "optimize_days": 19}
{"target": -9790.458333333334, "params": {"ts": 92.51885041686347, "optimize_days_cont": 6.780602616231217, "pre_optlux": 858.4211827035211, "on_time_norm": 0.43194501864211576, "duration_h": [6.0, 18.0]}, "final_J": 3.9304590783867184, "goal_complete": false, "optimize_days": 7}
{"target": -9880.958333333334, "params": {"ts": 306.3145944664674, "optimize_days_cont": 3.6503833523887947, "pre_optlux": 544.3952755225446, "on_time_norm": 0.3663618432936917, "duration_h": [6.0, 18.0]}, "final_J": 4.5364005837214325, "goal_complete": false, "optimize_days": 4}
{"target": -9429.916666666666, "params": {"ts": 38.07947176588889, "optimize_days_cont": 19.063571821788408, "pre_optlux": 1138.1918214453967, "on_time_norm": 0.5986584841970366, "duration_h": [6.0, 18.0]}, "final_J": 1.8198783393588849, "goal_complete": false, "optimize_days": 19}
{"target": -9940.5, "params": {"ts": 16.443457513284063, "optimize_days_cont": 2.1035886311957896, "pre_optlux": 1319.3377967961626, "on_time_norm": 0.6011150117432088, "duration_h": [6.0, 18.0]}, "final_J": 4.506144997218359, "goal_complete": false, "optimize_days": 2}
{"target": -9429.25, "params": {"ts": 3.0378649352844422, "optimize_days_cont": 19.428287191077892, "pre_optlux": 1273.7975650805693, "on_time_norm": 0.21233911067827616, "duration_h": [6.0, 18.0]}, "final_J": 3.0591426139791706, "goal_complete": false, "optimize_days": 19}
{"target": -9790.458333333334, "params": {"ts": 19.15704647548995, "optimize_days_cont": 6.780602616231217, "pre_optlux": 858.4211827035211, "on_time_norm": 0.43194501864211576, "duration_h": [6.0, 18.0]}, "final_J": 3.9304590783867184, "goal_complete": false, "optimize_days": 7}
{"target": -9880.958333333334, "params": {"ts": 61.573436577515565, "optimize_days_cont": 3.6503833523887947, "pre_optlux": 544.3952755225446, "on_time_norm": 0.3663618432936917, "duration_h": [6.0, 18.0]}, "final_J": 4.5364005837214325, "goal_complete": false, "optimize_days": 4}
{"target": -9849.458333333334, "params": {"ts": 78.73242017790835, "optimize_days_cont": 4.793801861008835, "pre_optlux": 844.2164918583757, "on_time_norm": 0.5924145688620425, "duration_h": [6.0, 18.0]}, "final_J": 4.260448376009007, "goal_complete": false, "optimize_days": 5}
{"target": -9922.291666666666, "params": {"ts": 61.146940338242395, "optimize_days_cont": 4.239958350058539, "pre_optlux": 237.81965053012735, "on_time_norm": 0.9488855372533332, "duration_h": [6.0, 18.0]}, "final_J": 4.7409613082283775, "goal_complete": false, "optimize_days": 4}
{"target": -9799.458333333334, "params": {"ts": 81.03133746352965, "optimize_days_cont": 6.787661614294043, "pre_optlux": 281.8573539086182, "on_time_norm": 0.6842330265121569, "duration_h": [6.0, 18.0]}, "final_J": 4.459847479313014, "goal_complete": false, "optimize_days": 7}
{"target": -9700.958333333334, "params": {"ts": 13.081785249633104, "optimize_days_cont": 10.408361292114133, "pre_optlux": 196.42450350554483, "on_time_norm": 0.9093204020787821, "duration_h": [6.0, 18.0]}, "final_J": 4.226482807378106, "goal_complete": false, "optimize_days": 10}
{"target": -9789.958333333334, "params": {"ts": 66.58970615104421, "optimize_days_cont": 6.9225104456988085, "pre_optlux": 852.0918285900445, "on_time_norm": 0.5467102793432796, "duration_h": [6.0, 18.0]}, "final_J": 3.9410343468751776, "goal_complete": false, "optimize_days": 7}
{"target": -9399.375, "params": {"ts": 1.0, "optimize_days_cont": 20.0, "pre_optlux": 1256.1872653520331, "on_time_norm": 0.06724510092551365, "duration_h": [6.0, 18.0]}, "final_J": 4.085817475037017, "goal_complete": false, "optimize_days": 20}
{"target": -9402.791666666666, "params": {"ts": 1.2567025144258495, "optimize_days_cont": 19.77749619427799, "pre_optlux": 1257.0252705180264, "on_time_norm": 0.22972222011643337, "duration_h": [6.0, 18.0]}, "final_J": 3.398712832549719, "goal_complete": false, "optimize_days": 20}
{"target": -9399.375, "params": {"ts": 8.550382326202927, "optimize_days_cont": 20.0, "pre_optlux": 1191.8498632145804, "on_time_norm": 0.0, "duration_h": [6.0, 18.0]}, "final_J": 4.160219907428924, "goal_complete": false, "optimize_days": 20}
{"target": -9429.916666666666, "params": {"ts": 38.07947176588889, "optimize_days_cont": 19.063571821788408, "pre_optlux": 1138.1918214453967, "on_time_norm": 0.5986584841970366, "duration_h": [6.0, 18.0]}, "final_J": 1.9956194076799336, "goal_complete": false, "optimize_days": 19}
{"target": -9959.791666666666, "params": {"ts": 16.443457513284063, "optimize_days_cont": 2.1035886311957896, "pre_optlux": 1319.3377967961626, "on_time_norm": 0.6011150117432088, "duration_h": [6.0, 18.0]}, "final_J": 4.68358351083058, "goal_complete": false, "optimize_days": 2}
{"target": -9432.458333333334, "params": {"ts": 38.07947176588889, "optimize_days_cont": 19.063571821788408, "pre_optlux": 1138.1918214453967, "on_time_norm": 0.5986584841970366, "duration_h": [6.0, 18.0]}, "final_J": 1.400651963888432, "goal_complete": false, "optimize_days": 19}
{"target": -9959.791666666666, "params": {"ts": 16.443457513284063, "optimize_days_cont": 2.1035886311957896, "pre_optlux": 1319.3377967961626, "on_time_norm": 0.6011150117432088, "duration_h": [6.0, 18.0]}, "final_J": 4.641790826637718, "goal_complete": false, "optimize_days": 2}
{"target": -9432.458333333334, "params": {"ts": 38.07947176588889, "optimize_days_cont": 19.063571821788408, "pre_optlux": 1138.1918214453967, "on_time_norm": 0.5986584841970366, "duration_h": [6.0, 18.0]}, "final_J": 1.400651963888432, "goal_complete": false, "optimize_days": 19}
{"target": -9430.0, "params": {"ts": 38.07947176588889, "optimize_days_cont": 19.063571821788408, "pre_optlux": 1138.1918214453967, "on_time_norm": 0.5986584841970366, "duration_h": [6.0, 18.0]}, "final_J": 1.0554375557391003, "goal_complete": false, "optimize_days": 19}
{"target": -9960.291666666666, "params": {"ts": 16.443457513284063, "optimize_days_cont": 2.1035886311957896, "pre_optlux": 1319.3377967961626, "on_time_norm": 0.6011150117432088, "duration_h": [6.0, 18.0]}, "final_J": 4.5767069549560695, "goal_complete": false, "optimize_days": 2}
{"target": -9429.208333333334, "params": {"ts": 3.0378649352844422, "optimize_days_cont": 19.428287191077892, "pre_optlux": 1273.7975650805693, "on_time_norm": 0.21233911067827616, "duration_h": [6.0, 18.0]}, "final_J": 2.3736246615796, "goal_complete": false, "optimize_days": 19}
{"target": -9792.833333333334, "params": {"ts": 19.15704647548995, "optimize_days_cont": 6.780602616231217, "pre_optlux": 858.4211827035211, "on_time_norm": 0.43194501864211576, "duration_h": [6.0, 18.0]}, "final_J": 3.459203759524506, "goal_complete": false, "optimize_days": 7}
{"target": -9879.916666666666, "params": {"ts": 61.573436577515565, "optimize_days_cont": 3.6503833523887947, "pre_optlux": 544.3952755225446, "on_time_norm": 0.3663618432936917, "duration_h": [6.0, 18.0]}, "final_J": 4.016247227514736, "goal_complete": false, "optimize_days": 4}
{"target": -9899.708333333334, "params": {"ts": 78.73242017790835, "optimize_days_cont": 4.793801861008835, "pre_optlux": 844.2164918583757, "on_time_norm": 0.5924145688620425, "duration_h": [6.0, 18.0]}, "final_J": 3.9159849325162885, "goal_complete": false, "optimize_days": 5}
{"target": -9879.416666666666, "params": {"ts": 61.146940338242395, "optimize_days_cont": 4.239958350058539, "pre_optlux": 237.81965053012735, "on_time_norm": 0.9488855372533332, "duration_h": [6.0, 18.0]}, "final_J": 4.463723775630974, "goal_complete": false, "optimize_days": 4}
{"target": -9792.375, "params": {"ts": 81.03133746352965, "optimize_days_cont": 6.787661614294043, "pre_optlux": 281.8573539086182, "on_time_norm": 0.6842330265121569, "duration_h": [6.0, 18.0]}, "final_J": 3.45105076042899, "goal_complete": false, "optimize_days": 7}
{"target": -9699.791666666666, "params": {"ts": 13.081785249633104, "optimize_days_cont": 10.408361292114133, "pre_optlux": 196.42450350554483, "on_time_norm": 0.9093204020787821, "duration_h": [6.0, 18.0]}, "final_J": 3.036329853735244, "goal_complete": false, "optimize_days": 10}
{"target": -9789.875, "params": {"ts": 66.58970615104421, "optimize_days_cont": 6.9225104456988085, "pre_optlux": 852.0918285900445, "on_time_norm": 0.5467102793432796, "duration_h": [6.0, 18.0]}, "final_J": 3.526034410113623, "goal_complete": false, "optimize_days": 7}
{"target": -9400.833333333334, "params": {"ts": 1.0, "optimize_days_cont": 20.0, "pre_optlux": 1259.706065899206, "on_time_norm": 0.09275631780094723, "duration_h": [6.0, 18.0]}, "final_J": 3.239236302833769, "goal_complete": false, "optimize_days": 20}
{"target": -9401.833333333334, "params": {"ts": 1.420129115142166, "optimize_days_cont": 19.588333024287003, "pre_optlux": 1260.288234250537, "on_time_norm": 0.3050511897576023, "duration_h": [6.0, 18.0]}, "final_J": 2.533351761070472, "goal_complete": false, "optimize_days": 20}
{"target": -9400.708333333334, "params": {"ts": 23.712402472003543, "optimize_days_cont": 20.0, "pre_optlux": 1190.9947357892402, "on_time_norm": 0.0, "duration_h": [6.0, 18.0]}, "final_J": 2.032312405407264, "goal_complete": false, "optimize_days": 20}
{"target": -9402.208333333334, "params": {"ts": 78.7355505689397, "optimize_days_cont": 20.0, "pre_optlux": 1184.1479078895834, "on_time_norm": 0.0, "duration_h": [6.0, 18.0]}, "final_J": 1.9055811066971335, "goal_complete": false, "optimize_days": 20}
{"target": -9402.208333333334, "params": {"ts": 63.0687062657775, "optimize_days_cont": 20.0, "pre_optlux": 1238.6448046673088, "on_time_norm": 0.0, "duration_h": [6.0, 18.0]}, "final_J": 1.9017667079137521, "goal_complete": false, "optimize_days": 20}
{"target": -9970.5, "params": {"ts": 100.0, "optimize_days_cont": 1.0, "pre_optlux": 1110.121046618826, "on_time_norm": 0.0, "duration_h": [6.0, 18.0]}, "final_J": 4.68893133370071, "goal_complete": false, "optimize_days": 1}
{"target": -9970.0, "params": {"ts": 1.0, "optimize_days_cont": 1.0, "pre_optlux": 1148.9340449136912, "on_time_norm": 1.0, "duration_h": [6.0, 18.0]}, "final_J": 4.736355317199388, "goal_complete": false, "optimize_days": 1}
{"target": -9970.5, "params": {"ts": 51.720679616592136, "optimize_days_cont": 1.0, "pre_optlux": 1207.8182856670117, "on_time_norm": 0.0, "duration_h": [6.0, 18.0]}, "final_J": 4.703990377613085, "goal_complete": false, "optimize_days": 1}
{"target": -9402.208333333334, "params": {"ts": 50.47620545771192, "optimize_days_cont": 20.0, "pre_optlux": 1165.926695124859, "on_time_norm": 0.13472471937873856, "duration_h": [6.0, 18.0]}, "final_J": 1.9602757248331037, "goal_complete": false, "optimize_days": 20}
{"target": -9401.708333333334, "params": {"ts": 37.210656734680285, "optimize_days_cont": 20.0, "pre_optlux": 1256.7876801731738, "on_time_norm": 0.0, "duration_h": [6.0, 18.0]}, "final_J": 1.9963885685057892, "goal_complete": false, "optimize_days": 20}
{"target": -9402.208333333334, "params": {"ts": 72.26516616148253, "optimize_days_cont": 20.0, "pre_optlux": 1267.6161946228444, "on_time_norm": 0.0, "duration_h": [6.0, 18.0]}, "final_J": 1.9269632380352832, "goal_complete": false, "optimize_days": 20}
{"target": -9402.208333333334, "params": {"ts": 100.0, "optimize_days_cont": 20.0, "pre_optlux": 1239.4621809173836, "on_time_norm": 0.0, "duration_h": [6.0, 18.0]}, "final_J": 1.8869851841334504, "goal_complete": false, "optimize_days": 20}
{"target": -9401.958333333334, "params": {"ts": 1.0, "optimize_days_cont": 20.0, "pre_optlux": 1217.4599193514368, "on_time_norm": 1.0, "duration_h": [6.0, 18.0]}, "final_J": 4.014629037819276, "goal_complete": false, "optimize_days": 20}
{"target": -9970.0, "params": {"ts": 100.0, "optimize_days_cont": 1.0, "pre_optlux": 1279.246997897856, "on_time_norm": 1.0, "duration_h": [6.0, 18.0]}, "final_J": 4.76684551441394, "goal_complete": false, "optimize_days": 1}
{"target": -9399.958333333334, "params": {"ts": 100.0, "optimize_days_cont": 20.0, "pre_optlux": 1206.6309086549716, "on_time_norm": 1.0, "duration_h": [6.0, 18.0]}, "final_J": 3.140132393349115, "goal_complete": false, "optimize_days": 20}
{"target": -9431.416666666666, "params": {"ts": 96.882374001496, "optimize_days_cont": 18.636692626552538, "pre_optlux": 1499.9324326269575, "on_time_norm": 0.4283549420333743, "duration_h": [6.0, 18.0]}, "final_J": 1.978495763422646, "goal_complete": false, "optimize_days": 19}
{"target": -9970.5, "params": {"ts": 56.617713625196636, "optimize_days_cont": 1.0, "pre_optlux": 1500.0, "on_time_norm": 0.6401681437313655, "duration_h": [6.0, 18.0]}, "final_J": 4.641952099615228, "goal_complete": false, "optimize_days": 1}
{"target": -9400.958333333334, "params": {"ts": 100.0, "optimize_days_cont": 20.0, "pre_optlux": 1459.5553407599857, "on_time_norm": 0.0, "duration_h": [6.0, 18.0]}, "final_J": 1.6238744516518084, "goal_complete": false, "optimize_days": 20}
{"target": -9400.5, "params": {"ts": 100.0, "optimize_days_cont": 20.0, "pre_optlux": 1416.3678900817874, "on_time_norm": 1.0, "duration_h": [6.0, 18.0]}, "final_J": 2.92585931201818, "goal_complete": false, "optimize_days": 20}
{"target": -9399.875, "params": {"ts": 61.62307541175005, "optimize_days_cont": 20.0, "pre_optlux": 1423.501921171008, "on_time_norm": 0.0, "duration_h": [6.0, 18.0]}, "final_J": 2.3867370289682195, "goal_complete": false, "optimize_days": 20}
{"target": -9970.5, "params": {"ts": 75.660846567402, "optimize_days_cont": 1.0, "pre_optlux": 1392.9030645466642, "on_time_norm": 0.0, "duration_h": [6.0, 18.0]}, "final_J": 4.611524638248517, "goal_complete": false, "optimize_days": 1}
{"target": -9399.958333333334, "params": {"ts": 80.0641845933482, "optimize_days_cont": 20.0, "pre_optlux": 1441.7148212165755, "on_time_norm": 1.0, "duration_h": [6.0, 18.0]}, "final_J": 2.331735799876164, "goal_complete": false, "optimize_days": 20}
{"target": -9401.958333333334, "params": {"ts": 19.827435812375366, "optimize_days_cont": 20.0, "pre_optlux": 1434.1517327231156, "on_time_norm": 1.0, "duration_h": [6.0, 18.0]}, "final_J": 2.061857002830485, "goal_complete": false, "optimize_days": 20}
{"target": -9969.5, "params": {"ts": 1.0, "optimize_days_cont": 1.0, "pre_optlux": 1411.3552509066596, "on_time_norm": 0.0, "duration_h": [6.0, 18.0]}, "final_J": 4.771339723239334, "goal_complete": false, "optimize_days": 1}
{"target": -9400.958333333334, "params": {"ts": 45.556415840995776, "optimize_days_cont": 20.0, "pre_optlux": 1450.4813580201203, "on_time_norm": 1.0, "duration_h": [6.0, 18.0]}, "final_J": 2.1499818618354913, "goal_complete": false, "optimize_days": 20}
{"target": -9399.875, "params": {"ts": 1.0, "optimize_days_cont": 20.0, "pre_optlux": 693.0681730611384, "on_time_norm": 0.0, "duration_h": [6.0, 18.0]}, "final_J": 2.7586656395692923, "goal_complete": false, "optimize_days": 20}
{"target": -9399.375, "params": {"ts": 42.38939271140612, "optimize_days_cont": 20.0, "pre_optlux": 692.7404849583083, "on_time_norm": 0.8165182229460118, "duration_h": [6.0, 18.0]}, "final_J": 2.1492735526539737, "goal_complete": false, "optimize_days": 20}
{"target": -9970.5, "params": {"ts": 19.91484382347558, "optimize_days_cont": 1.0, "pre_optlux": 726.4444142343494, "on_time_norm": 1.0, "duration_h": [6.0, 18.0]}, "final_J": 4.689339846899842, "goal_complete": false, "optimize_days": 1}
{"target": -9399.916666666666, "params": {"ts": 23.030305982210734, "optimize_days_cont": 20.0, "pre_optlux": 662.0993954656828, "on_time_norm": 0.0, "duration_h": [6.0, 18.0]}, "final_J": 1.76439313738209, "goal_complete": false, "optimize_days": 20}
{"target": -9401.791666666666, "params": {"ts": 68.52559601656777, "optimize_days_cont": 20.0, "pre_optlux": 665.7485949390924, "on_time_norm": 0.0, "duration_h": [6.0, 18.0]}, "final_J": 2.3754773529115445, "goal_complete": false, "optimize_days": 20}
{"target": -9430.0, "params": {"ts": 38.07947176588889, "optimize_days_cont": 19.063571821788408, "pre_optlux": 1138.1918214453967, "on_time_norm": 0.5986584841970366, "duration_h": [6.0, 18.0]}, "final_J": 1.0554375557391003, "goal_complete": false, "optimize_days": 19}
{"target": -9960.291666666666, "params": {"ts": 16.443457513284063, "optimize_days_cont": 2.1035886311957896, "pre_optlux": 1319.3377967961626, "on_time_norm": 0.6011150117432088, "duration_h": [6.0, 18.0]}, "final_J": 4.5767069549560695, "goal_complete": false, "optimize_days": 2}
{"target": -9429.208333333334, "params": {"ts": 3.0378649352844422, "optimize_days_cont": 19.428287191077892, "pre_optlux": 1273.7975650805693, "on_time_norm": 0.21233911067827616, "duration_h": [6.0, 18.0]}, "final_J": 2.3736246615796, "goal_complete": false, "optimize_days": 19}
{"target": -9792.833333333334, "params": {"ts": 19.15704647548995, "optimize_days_cont": 6.780602616231217, "pre_optlux": 858.4211827035211, "on_time_norm": 0.43194501864211576, "duration_h": [6.0, 18.0]}, "final_J": 3.459203759524506, "goal_complete": false, "optimize_days": 7}
{"target": -9430.416666666666, "params": {"ts": 38.07947176588889, "optimize_days_cont": 19.063571821788408, "pre_optlux": 1138.1918214453967, "on_time_norm": 0.5986584841970366, "duration_h": [6.0, 18.0]}, "final_J": 1.6124727011531008, "goal_complete": false, "optimize_days": 19}
{"target": -9960.291666666666, "params": {"ts": 16.443457513284063, "optimize_days_cont": 2.1035886311957896, "pre_optlux": 1319.3377967961626, "on_time_norm": 0.6011150117432088, "duration_h": [6.0, 18.0]}, "final_J": 4.588761711929509, "goal_complete": false, "optimize_days": 2}
{"target": -9429.708333333334, "params": {"ts": 38.07947176588889, "optimize_days_cont": 19.063571821788408, "pre_optlux": 1138.1918214453967, "on_time_norm": 0.5986584841970366, "duration_h": [6.0, 18.0]}, "final_J": 2.223613505142814, "goal_complete": false, "optimize_days": 19}
{"target": -9959.833333333334, "params": {"ts": 16.443457513284063, "optimize_days_cont": 2.1035886311957896, "pre_optlux": 1319.3377967961626, "on_time_norm": 0.6011150117432088, "duration_h": [6.0, 18.0]}, "final_J": 5.168010391097808, "goal_complete": false, "optimize_days": 2}
{"target": -9429.5, "params": {"ts": 38.07947176588889, "optimize_days_cont": 19.063571821788408, "pre_optlux": 1138.1918214453967, "on_time_norm": 0.5986584841970366, "duration_h": [6.0, 18.0]}, "final_J": 0.8739295437445085, "goal_complete": false, "optimize_days": 19}
{"target": -9940.5, "params": {"ts": 16.443457513284063, "optimize_days_cont": 2.1035886311957896, "pre_optlux": 1319.3377967961626, "on_time_norm": 0.6011150117432088, "duration_h": [6.0, 18.0]}, "final_J": 4.764135538543003, "goal_complete": false, "optimize_days": 2}
{"target": -9442.75, "params": {"ts": 3.0378649352844422, "optimize_days_cont": 19.428287191077892, "pre_optlux": 1273.7975650805693, "on_time_norm": 0.21233911067827616, "duration_h": [6.0, 18.0]}, "final_J": 2.3797339544051277, "goal_complete": false, "optimize_days": 19}
{"target": -9791.375, "params": {"ts": 19.15704647548995, "optimize_days_cont": 6.780602616231217, "pre_optlux": 858.4211827035211, "on_time_norm": 0.43194501864211576, "duration_h": [6.0, 18.0]}, "final_J": 3.5750767709135625, "goal_complete": false, "optimize_days": 7}
{"target": -9879.916666666666, "params": {"ts": 61.573436577515565, "optimize_days_cont": 3.6503833523887947, "pre_optlux": 544.3952755225446, "on_time_norm": 0.3663618432936917, "duration_h": [6.0, 18.0]}, "final_J": 4.148384639057811, "goal_complete": false, "optimize_days": 4}
{"target": -9850.916666666666, "params": {"ts": 78.73242017790835, "optimize_days_cont": 4.793801861008835, "pre_optlux": 844.2164918583757, "on_time_norm": 0.5924145688620425, "duration_h": [6.0, 18.0]}, "final_J": 3.9978021801655306, "goal_complete": false, "optimize_days": 5}
{"target": -9879.916666666666, "params": {"ts": 61.146940338242395, "optimize_days_cont": 4.239958350058539, "pre_optlux": 237.81965053012735, "on_time_norm": 0.9488855372533332, "duration_h": [6.0, 18.0]}, "final_J": 4.163974646226047, "goal_complete": false, "optimize_days": 4}
{"target": -9794.375, "params": {"ts": 81.03133746352965, "optimize_days_cont": 6.787661614294043, "pre_optlux": 281.8573539086182, "on_time_norm": 0.6842330265121569, "duration_h": [6.0, 18.0]}, "final_J": 3.57798562823906, "goal_complete": false, "optimize_days": 7}
{"target": -9699.791666666666, "params": {"ts": 13.081785249633104, "optimize_days_cont": 10.408361292114133, "pre_optlux": 196.42450350554483, "on_time_norm": 0.9093204020787821, "duration_h": [6.0, 18.0]}, "final_J": 3.1375811486557996, "goal_complete": false, "optimize_days": 10}
