{"target": -6.916666666666667, "params": {"ts": 39.413686779328955, "optimize_days_cont": 14.526750837411077, "pre_optlux": 720.2995278302468, "on_time_norm": 0.73021125980925, "duration_h": [6.0, 16.0]}, "final_J": 0.07477217055328773, "goal_complete": true, "optimize_days": 15}
{"target": -9999.0, "params": {"ts": 13.870958069173788, "optimize_days_cont": 2.7092539164461558, "pre_optlux": 1183.7175321647862, "on_time_norm": 0.8598134039871732, "duration_h": [6.0, 16.0]}, "final_J": 0.31049420937811506, "goal_complete": false, "optimize_days": 3}
{"target": -6.0, "params": {"ts": 17.068811982647002, "optimize_days_cont": 10.839800018758364, "pre_optlux": 1479.8653960323627, "on_time_norm": 0.9653006386557058, "duration_h": [6.0, 16.0]}, "final_J": 0.07471999902257985, "goal_complete": true, "optimize_days": 11}
{"target": -9999.0, "params": {"ts": 11.886409504138518, "optimize_days_cont": 2.1957333556401153, "pre_optlux": 403.27398651653857, "on_time_norm": 0.8892813301180539, "duration_h": [6.0, 16.0]}, "final_J": 0.4674289268531679, "goal_complete": false, "optimize_days": 2}
{"target": -9999.0, "params": {"ts": 12.872912786360851, "optimize_days_cont": 2.3023934680354863, "pre_optlux": 1104.874121167853, "on_time_norm": 0.24783261525292632, "duration_h": [6.0, 16.0]}, "final_J": 0.5303971452245154, "goal_complete": false, "optimize_days": 2}
{"target": -7.041666666666667, "params": {"ts": 33.37130510136186, "optimize_days_cont": 10.410424315481096, "pre_optlux": 1241.2489473923947, "on_time_norm": 0.521864180658914, "duration_h": [6.0, 16.0]}, "final_J": 0.06266689408489093, "goal_complete": true, "optimize_days": 10}
{"target": -5.291666666666667, "params": {"ts": 44.29055762476635, "optimize_days_cont": 14.184512489764789, "pre_optlux": 1431.6571100361325, "on_time_norm": 0.1595291253023271, "duration_h": [6.0, 16.0]}, "final_J": 0.04272242652073773, "goal_complete": true, "optimize_days": 14}
{"target": -8.0, "params": {"ts": 88.2119680784001, "optimize_days_cont": 10.866489696007687, "pre_optlux": 429.583682601011, "on_time_norm": 0.44072525202003665, "duration_h": [6.0, 16.0]}, "final_J": 0.07483935546100783, "goal_complete": true, "optimize_days": 11}
{"target": -7.291666666666667, "params": {"ts": 1.579200179229061, "optimize_days_cont": 10.329306108838555, "pre_optlux": 312.20360526041486, "on_time_norm": 0.8411875755969358, "duration_h": [6.0, 16.0]}, "final_J": 0.0137386472887879, "goal_complete": true, "optimize_days": 10}
{"target": -3.9583333333333335, "params": {"ts": 19.282503033799447, "optimize_days_cont": 5.303877879814539, "pre_optlux": 1445.0863187461541, "on_time_norm": 0.7503222101080398, "duration_h": [6.0, 16.0]}, "final_J": 0.04154562876329476, "goal_complete": true, "optimize_days": 5}
{"target": -7.291666666666667, "params": {"ts": 30.769589487978042, "optimize_days_cont": 18.221194001655977, "pre_optlux": 843.5115019838869, "on_time_norm": 0.8086654221998302, "duration_h": [6.0, 16.0]}, "final_J": 0.08558075896350195, "goal_complete": true, "optimize_days": 18}
{"target": -6.958333333333333, "params": {"ts": 50.57733031854432, "optimize_days_cont": 9.044977392119634, "pre_optlux": 769.7942688184828, "on_time_norm": 0.9471981130130156, "duration_h": [6.0, 16.0]}, "final_J": 0.06374597949744289, "goal_complete": true, "optimize_days": 9}
{"target": -9999.0, "params": {"ts": 61.430399991777755, "optimize_days_cont": 2.386116011392091, "pre_optlux": 899.147692268913, "on_time_norm": 0.34321498874992706, "duration_h": [6.0, 16.0]}, "final_J": 0.48607824178980835, "goal_complete": false, "optimize_days": 2}
{"target": -8.0, "params": {"ts": 25.548091492976575, "optimize_days_cont": 13.142908735410794, "pre_optlux": 546.3170786906023, "on_time_norm": 0.03587588189381008, "duration_h": [6.0, 16.0]}, "final_J": 0.013693731542960939, "goal_complete": true, "optimize_days": 13}
{"target": -7.0, "params": {"ts": 29.561273159533595, "optimize_days_cont": 10.195424444873952, "pre_optlux": 1318.4145493136677, "on_time_norm": 0.8854022109609112, "duration_h": [6.0, 16.0]}, "final_J": 0.045007394920006175, "goal_complete": true, "optimize_days": 10}
{"target": -7.0, "params": {"ts": 88.24399382050558, "optimize_days_cont": 8.985113360670788, "pre_optlux": 495.6140938584022, "on_time_norm": 0.9740598476465726, "duration_h": [6.0, 16.0]}, "final_J": 0.07988364039063099, "goal_complete": true, "optimize_days": 9}
{"target": -4.875, "params": {"ts": 54.96478329215315, "optimize_days_cont": 6.209976343204083, "pre_optlux": 318.93857907211896, "on_time_norm": 0.3441400649005154, "duration_h": [6.0, 16.0]}, "final_J": 0.040588901985490596, "goal_complete": true, "optimize_days": 6}
{"target": -7.000514234740257, "params": {"ts": 23.105816836200347, "optimize_days_cont": 10.940103486612847, "pre_optlux": 893.4469663845945, "on_time_norm": 0.045601950132806324, "duration_h": [6.0, 16.0]}, "final_J": 0.010141348433588588, "goal_complete": true, "optimize_days": 11}
{"target": -7.020447900346538, "params": {"ts": 23.08501322743759, "optimize_days_cont": 14.085797074605773, "pre_optlux": 371.03742375121396, "on_time_norm": 0.07032486680550032, "duration_h": [6.0, 16.0]}, "final_J": 0.06394982462296163, "goal_complete": true, "optimize_days": 14}
{"target": -3.0886207062059436, "params": {"ts": 56.804456643247704, "optimize_days_cont": 2.481854448409754, "pre_optlux": 1125.5646900185338, "on_time_norm": 0.15845217352316643, "duration_h": [6.0, 16.0]}, "final_J": 0.46660919541002266, "goal_complete": false, "optimize_days": 2}
{"target": -7.004156116783619, "params": {"ts": 30.055238354117552, "optimize_days_cont": 14.235603569963303, "pre_optlux": 776.7565188542048, "on_time_norm": 0.21506214371433952, "duration_h": [6.0, 16.0]}, "final_J": 0.02883094442996574, "goal_complete": true, "optimize_days": 14}
{"target": -4.917490817834838, "params": {"ts": 12.966996402356731, "optimize_days_cont": 18.436053147149774, "pre_optlux": 914.702543770914, "on_time_norm": 0.47201931574192724, "duration_h": [6.0, 16.0]}, "final_J": 0.012838622731202159, "goal_complete": true, "optimize_days": 18}
{"target": -8.021014760384503, "params": {"ts": 5.278357243925987, "optimize_days_cont": 15.296453422239487, "pre_optlux": 883.4132092262794, "on_time_norm": 0.7671904257147006, "duration_h": [6.0, 16.0]}, "final_J": 0.06483017875110805, "goal_complete": true, "optimize_days": 15}
{"target": -8.01168772269769, "params": {"ts": 8.149916558088384, "optimize_days_cont": 13.534600853749103, "pre_optlux": 221.95410676473352, "on_time_norm": 0.6850244527227007, "duration_h": [6.0, 16.0]}, "final_J": 0.04834815962927884, "goal_complete": true, "optimize_days": 14}
{"target": -8.002281584214375, "params": {"ts": 47.331618590616145, "optimize_days_cont": 13.56012736053423, "pre_optlux": 1081.454953100926, "on_time_norm": 0.2633294844455638, "duration_h": [6.0, 16.0]}, "final_J": 0.021361573979342584, "goal_complete": true, "optimize_days": 14}
{"target": -6.978380232804559, "params": {"ts": 77.35815021585175, "optimize_days_cont": 16.50670419948814, "pre_optlux": 338.51616506019934, "on_time_norm": 0.5780067455748411, "duration_h": [6.0, 16.0]}, "final_J": 0.06331966435670021, "goal_complete": true, "optimize_days": 17}
{"target": -3.9618417028339286, "params": {"ts": 23.989333259437583, "optimize_days_cont": 4.774231318116989, "pre_optlux": 516.5125439397189, "on_time_norm": 0.976852764010693, "duration_h": [6.0, 16.0]}, "final_J": 0.026489127960712833, "goal_complete": true, "optimize_days": 5}
{"target": -3.281836250831539, "params": {"ts": 36.28433428914752, "optimize_days_cont": 1.3495989859817095, "pre_optlux": 982.6668639532691, "on_time_norm": 0.23040538778108444, "duration_h": [6.0, 16.0]}, "final_J": 0.6755495911969067, "goal_complete": false, "optimize_days": 1}
{"target": -7.021031804145812, "params": {"ts": 58.84077063109376, "optimize_days_cont": 8.981967537205383, "pre_optlux": 1107.491323463064, "on_time_norm": 0.9720455259033695, "duration_h": [6.0, 16.0]}, "final_J": 0.06485646327978749, "goal_complete": true, "optimize_days": 9}
{"target": -8.012674680275353, "params": {"ts": 43.63486278650694, "optimize_days_cont": 19.196843396417563, "pre_optlux": 214.47343649160942, "on_time_norm": 0.7327818008916883, "duration_h": [6.0, 16.0]}, "final_J": 0.050348148477084936, "goal_complete": true, "optimize_days": 19}
{"target": -9.034673390330058, "params": {"ts": 53.17351161162144, "optimize_days_cont": 11.772761585575223, "pre_optlux": 1125.9760864836403, "on_time_norm": 0.6826033501652629, "duration_h": [6.0, 16.0]}, "final_J": 0.08327471444569105, "goal_complete": true, "optimize_days": 12}
{"target": -4.979158943309928, "params": {"ts": 12.171706697977584, "optimize_days_cont": 4.784090011256047, "pre_optlux": 1123.7809591132172, "on_time_norm": 0.39386732248283196, "duration_h": [6.0, 16.0]}, "final_J": 0.14433221629970752, "goal_complete": true, "optimize_days": 5}
{"target": -3.4267069902195653, "params": {"ts": 16.19112292109049, "optimize_days_cont": 2.910906277613152, "pre_optlux": 699.7835942543549, "on_time_norm": 0.5829154644665038, "duration_h": [6.0, 16.0]}, "final_J": 0.2921325008346607, "goal_complete": false, "optimize_days": 3}
{"target": -6.007512187931105, "params": {"ts": 87.16572333579319, "optimize_days_cont": 19.36399704765088, "pre_optlux": 765.0125547254927, "on_time_norm": 0.4004229990716831, "duration_h": [6.0, 16.0]}, "final_J": 0.038761289790471914, "goal_complete": true, "optimize_days": 19}
{"target": -8.00034307096712, "params": {"ts": 83.00764660756872, "optimize_days_cont": 18.28698222982436, "pre_optlux": 1184.2845115892483, "on_time_norm": 0.06831478431392501, "duration_h": [6.0, 16.0]}, "final_J": 0.008283368482920637, "goal_complete": true, "optimize_days": 18}
{"target": -3.437056079059553, "params": {"ts": 93.98239711040948, "optimize_days_cont": 2.940710497156282, "pre_optlux": 1469.6783471939355, "on_time_norm": 0.35668872437448984, "duration_h": [6.0, 16.0]}, "final_J": 0.2956538783982218, "goal_complete": false, "optimize_days": 3}
{"target": -8.000738244519443, "params": {"ts": 13.155784921739329, "optimize_days_cont": 19.265691674858058, "pre_optlux": 1029.0949266816813, "on_time_norm": 0.9366778098943237, "duration_h": [6.0, 16.0]}, "final_J": 0.012151086531192574, "goal_complete": true, "optimize_days": 19}
{"target": -3.434137952518347, "params": {"ts": 15.969910700987775, "optimize_days_cont": 2.8477365743297707, "pre_optlux": 699.8195125917409, "on_time_norm": 0.5904945216691267, "duration_h": [6.0, 16.0]}, "final_J": 0.2946652176685762, "goal_complete": false, "optimize_days": 3}
{"target": -4.924182217159998, "params": {"ts": 38.41800089717213, "optimize_days_cont": 5.652357341158972, "pre_optlux": 980.852936239092, "on_time_norm": 0.6863605699439436, "duration_h": [6.0, 16.0]}, "final_J": 0.0387699638723862, "goal_complete": true, "optimize_days": 6}
{"target": -3.2910435753336693, "params": {"ts": 61.36497677860953, "optimize_days_cont": 1.0, "pre_optlux": 1125.7477273345155, "on_time_norm": 0.0, "duration_h": [6.0, 16.0]}, "final_J": 0.6769111574399803, "goal_complete": false, "optimize_days": 1}
{"target": -3.2814664850571535, "params": {"ts": 30.790038303066677, "optimize_days_cont": 1.0, "pre_optlux": 987.3390152544405, "on_time_norm": 0.0, "duration_h": [6.0, 16.0]}, "final_J": 0.6754948534307502, "goal_complete": false, "optimize_days": 1}
{"target": -3.281997952812717, "params": {"ts": 28.263211127104825, "optimize_days_cont": 1.0, "pre_optlux": 978.5328440826421, "on_time_norm": 0.0, "duration_h": [6.0, 16.0]}, "final_J": 0.6755735271327196, "goal_complete": false, "optimize_days": 1}
{"target": -3.4643172671534312, "params": {"ts": 14.14279081435966, "optimize_days_cont": 3.1238540589754438, "pre_optlux": 690.075818927454, "on_time_norm": 0.8201483814587394, "duration_h": [6.0, 16.0]}, "final_J": 0.3047350544828839, "goal_complete": false, "optimize_days": 3}
{"target": -8.020986573516035, "params": {"ts": 13.042648576627062, "optimize_days_cont": 13.60086416735099, "pre_optlux": 695.7297368058283, "on_time_norm": 0.5014523898229137, "duration_h": [6.0, 16.0]}, "final_J": 0.064786686157011, "goal_complete": true, "optimize_days": 14}
{"target": -3.292298791724404, "params": {"ts": 57.006465146973916, "optimize_days_cont": 1.0, "pre_optlux": 1133.3062341658583, "on_time_norm": 0.0, "duration_h": [6.0, 16.0]}, "final_J": 0.6770965650074448, "goal_complete": false, "optimize_days": 1}
{"target": -3.2829817668753547, "params": {"ts": 21.289649362414906, "optimize_days_cont": 1.0, "pre_optlux": 690.5181641987933, "on_time_norm": 1.0, "duration_h": [6.0, 16.0]}, "final_J": 0.6757191379375539, "goal_complete": false, "optimize_days": 1}
{"target": -3.290443341829977, "params": {"ts": 22.36183962256961, "optimize_days_cont": 1.0, "pre_optlux": 682.0821380350397, "on_time_norm": 0.0, "duration_h": [6.0, 16.0]}, "final_J": 0.6768224792114956, "goal_complete": false, "optimize_days": 1}
{"target": -3.2860553463907363, "params": {"ts": 13.696344471833717, "optimize_days_cont": 1.0, "pre_optlux": 678.8468221430991, "on_time_norm": 1.0, "duration_h": [6.0, 16.0]}, "final_J": 0.6761738454555509, "goal_complete": false, "optimize_days": 1}
{"target": -3.284033616101469, "params": {"ts": 25.560114961200586, "optimize_days_cont": 1.0, "pre_optlux": 671.3996725100886, "on_time_norm": 1.0, "duration_h": [6.0, 16.0]}, "final_J": 0.6758747836842959, "goal_complete": false, "optimize_days": 1}
{"target": -3.290138133101905, "params": {"ts": 15.445289522356028, "optimize_days_cont": 1.0, "pre_optlux": 667.318855647272, "on_time_norm": 0.0, "duration_h": [6.0, 16.0]}, "final_J": 0.6767773833546604, "goal_complete": false, "optimize_days": 1}
{"target": -6.347645188830277, "params": {"ts": 20.97674344408801, "optimize_days_cont": 13.268468556256723, "pre_optlux": 668.6901202919188, "on_time_norm": 1.0, "duration_h": [6.0, 16.0]}, "final_J": 0.05350113175801747, "goal_complete": true, "optimize_days": 13}
{"target": -4.0086054122312875, "params": {"ts": 95.57291958026926, "optimize_days_cont": 5.775630692411847, "pre_optlux": 1456.7405989212982, "on_time_norm": 0.5788633807219186, "duration_h": [6.0, 16.0]}, "final_J": 0.04148593070255846, "goal_complete": true, "optimize_days": 6}
{"target": -3.353290786589647, "params": {"ts": 2.632183219403428, "optimize_days_cont": 1.0, "pre_optlux": 674.7863250471742, "on_time_norm": 0.0, "duration_h": [6.0, 16.0]}, "final_J": 0.6860453026717181, "goal_complete": false, "optimize_days": 1}
{"target": -3.300536875334746, "params": {"ts": 3.713108856263322, "optimize_days_cont": 1.0, "pre_optlux": 662.3638729086753, "on_time_norm": 0.0, "duration_h": [6.0, 16.0]}, "final_J": 0.6783121516432897, "goal_complete": false, "optimize_days": 1}
{"target": -3.2836644671421737, "params": {"ts": 28.39288719708218, "optimize_days_cont": 1.0, "pre_optlux": 709.463662441065, "on_time_norm": 1.0, "duration_h": [6.0, 16.0]}, "final_J": 0.6758201635260928, "goal_complete": false, "optimize_days": 1}
{"target": -3.2840022910264217, "params": {"ts": 34.65787067632673, "optimize_days_cont": 1.0, "pre_optlux": 697.4868764311118, "on_time_norm": 1.0, "duration_h": [6.0, 16.0]}, "final_J": 0.6758701489230637, "goal_complete": false, "optimize_days": 1}
{"target": -3.2870026867324498, "params": {"ts": 40.87847019691255, "optimize_days_cont": 1.0, "pre_optlux": 682.4722489799906, "on_time_norm": 0.0, "duration_h": [6.0, 16.0]}, "final_J": 0.6763139340176941, "goal_complete": false, "optimize_days": 1}
{"target": -3.2839132200298247, "params": {"ts": 49.339443952461814, "optimize_days_cont": 1.0, "pre_optlux": 700.2241690575439, "on_time_norm": 0.0, "duration_h": [6.0, 16.0]}, "final_J": 0.6758569700801826, "goal_complete": false, "optimize_days": 1}
{"target": -3.2841032691308287, "params": {"ts": 56.68973085337018, "optimize_days_cont": 1.0, "pre_optlux": 686.3871709107016, "on_time_norm": 1.0, "duration_h": [6.0, 16.0]}, "final_J": 0.6758850892172172, "goal_complete": false, "optimize_days": 1}
{"target": -6.987847210831687, "params": {"ts": 52.494834673391246, "optimize_days_cont": 15.647710243467353, "pre_optlux": 690.3761496001546, "on_time_norm": 1.0, "duration_h": [6.0, 16.0]}, "final_J": 0.07682952231838158, "goal_complete": true, "optimize_days": 16}
{"target": -3.290153542018469, "params": {"ts": 44.510106969996, "optimize_days_cont": 1.0, "pre_optlux": 714.3970945600092, "on_time_norm": 0.0, "duration_h": [6.0, 16.0]}, "final_J": 0.6767796601580855, "goal_complete": false, "optimize_days": 1}
{"target": -3.2905864841786068, "params": {"ts": 62.62571813107564, "optimize_days_cont": 1.0, "pre_optlux": 707.9946983091459, "on_time_norm": 0.0, "duration_h": [6.0, 16.0]}, "final_J": 0.6768436280528327, "goal_complete": false, "optimize_days": 1}
{"target": -3.2841604043813417, "params": {"ts": 58.1126512209148, "optimize_days_cont": 1.0, "pre_optlux": 723.415328814726, "on_time_norm": 1.0, "duration_h": [6.0, 16.0]}, "final_J": 0.6758935425614513, "goal_complete": false, "optimize_days": 1}
{"target": -3.2840324919128085, "params": {"ts": 39.311588188825645, "optimize_days_cont": 1.0, "pre_optlux": 730.8225936868657, "on_time_norm": 1.0, "duration_h": [6.0, 16.0]}, "final_J": 0.6758746173533681, "goal_complete": false, "optimize_days": 1}
{"target": -9.00217423150238, "params": {"ts": 49.73920316215641, "optimize_days_cont": 14.871057761583119, "pre_optlux": 728.8519843963821, "on_time_norm": 0.0, "duration_h": [6.0, 16.0]}, "final_J": 0.020852968625019123, "goal_complete": true, "optimize_days": 15}
{"target": -3.2826130228823702, "params": {"ts": 22.587858596933515, "optimize_days_cont": 1.0, "pre_optlux": 727.6809396144946, "on_time_norm": 1.0, "duration_h": [6.0, 16.0]}, "final_J": 0.6756645651330799, "goal_complete": false, "optimize_days": 1}
{"target": -3.2916841469458045, "params": {"ts": 47.19487753163938, "optimize_days_cont": 1.0, "pre_optlux": 668.068817440135, "on_time_norm": 0.0, "duration_h": [6.0, 16.0]}, "final_J": 0.6770057823897525, "goal_complete": false, "optimize_days": 1}
{"target": -3.28432141508992, "params": {"ts": 76.0804034258575, "optimize_days_cont": 1.0, "pre_optlux": 717.787316373202, "on_time_norm": 1.0, "duration_h": [6.0, 16.0]}, "final_J": 0.6759173640453277, "goal_complete": false, "optimize_days": 1}
{"target": -3.284645172829694, "params": {"ts": 77.69008008027748, "optimize_days_cont": 1.0, "pre_optlux": 698.0152815530108, "on_time_norm": 1.0, "duration_h": [6.0, 16.0]}, "final_J": 0.6759652613603296, "goal_complete": false, "optimize_days": 1}
{"target": -3.28991341715073, "params": {"ts": 70.08410521340056, "optimize_days_cont": 1.0, "pre_optlux": 672.1803492929778, "on_time_norm": 0.0, "duration_h": [6.0, 16.0]}, "final_J": 0.6767441787190681, "goal_complete": false, "optimize_days": 1}
{"target": -3.290183804939929, "params": {"ts": 87.46084464846486, "optimize_days_cont": 1.0, "pre_optlux": 682.599204176371, "on_time_norm": 0.0, "duration_h": [6.0, 16.0]}, "final_J": 0.6767841317495452, "goal_complete": false, "optimize_days": 1}
{"target": -3.2905510791570043, "params": {"ts": 93.93046637633353, "optimize_days_cont": 1.0, "pre_optlux": 704.5697896078347, "on_time_norm": 0.0, "duration_h": [6.0, 16.0]}, "final_J": 0.6768383971313986, "goal_complete": false, "optimize_days": 1}
{"target": -6.04592523183883, "params": {"ts": 89.59442837876963, "optimize_days_cont": 17.434494524169256, "pre_optlux": 695.0009379441602, "on_time_norm": 1.0, "duration_h": [6.0, 16.0]}, "final_J": 0.09583864756853605, "goal_complete": true, "optimize_days": 17}
{"target": -3.2849469866042265, "params": {"ts": 87.29040987779334, "optimize_days_cont": 1.0, "pre_optlux": 664.3234192120112, "on_time_norm": 0.0, "duration_h": [6.0, 16.0]}, "final_J": 0.676009909188353, "goal_complete": false, "optimize_days": 1}
{"target": -3.280430175589648, "params": {"ts": 66.22901538035643, "optimize_days_cont": 1.0, "pre_optlux": 654.0590430909975, "on_time_norm": 1.0, "duration_h": [6.0, 16.0]}, "final_J": 0.6753414211477996, "goal_complete": false, "optimize_days": 1}
{"target": -8.29467917906546, "params": {"ts": 78.18578040455925, "optimize_days_cont": 14.448662449854307, "pre_optlux": 655.4008673597923, "on_time_norm": 0.0, "duration_h": [6.0, 16.0]}, "final_J": 0.024545925929950533, "goal_complete": true, "optimize_days": 14}
{"target": -3.289079318473012, "params": {"ts": 48.40950048020615, "optimize_days_cont": 1.0, "pre_optlux": 650.8943377730672, "on_time_norm": 1.0, "duration_h": [6.0, 16.0]}, "final_J": 0.6766209157974666, "goal_complete": false, "optimize_days": 1}
