{"target": -8.291666666666666, "params": {"ts": 2.7315368221841103, "optimize_days_cont": 17.93989207642491, "pre_optlux": 534.5625760897897, "on_time_norm": 0.2989763774589579, "duration_h": [6.0, 16.0]}, "final_J": 0.01708702041442561, "goal_complete": true, "optimize_days": 18}
{"target": -6.0, "params": {"ts": 33.12258915034465, "optimize_days_cont": 17.429497347114907, "pre_optlux": 754.1420534887301, "on_time_norm": 0.5482299063500942, "duration_h": [6.0, 16.0]}, "final_J": 0.06661225727898384, "goal_complete": true, "optimize_days": 17}
{"target": -3.9583333333333335, "params": {"ts": 12.11889051387827, "optimize_days_cont": 3.6960459421176455, "pre_optlux": 750.6947535614496, "on_time_norm": 0.7319802251869119, "duration_h": [6.0, 16.0]}, "final_J": 0.14859420960674286, "goal_complete": true, "optimize_days": 4}
{"target": -4.958333333333333, "params": {"ts": 59.68169648856187, "optimize_days_cont": 7.397563291152543, "pre_optlux": 763.4775581181913, "on_time_norm": 0.18712777283052473, "duration_h": [6.0, 16.0]}, "final_J": 0.020240797940821235, "goal_complete": true, "optimize_days": 7}
{"target": -9999.0, "params": {"ts": 14.07810195464569, "optimize_days_cont": 1.705095984711934, "pre_optlux": 260.68357151399994, "on_time_norm": 0.2134399510803413, "duration_h": [6.0, 16.0]}, "final_J": 0.47835541799953873, "goal_complete": false, "optimize_days": 2}
{"target": -6.0, "params": {"ts": 65.85156848897378, "optimize_days_cont": 12.18697040043049, "pre_optlux": 926.2278426538624, "on_time_norm": 0.3346853176856943, "duration_h": [6.0, 16.0]}, "final_J": 0.04973049389497584, "goal_complete": true, "optimize_days": 12}
{"target": -7.0, "params": {"ts": 40.762428500801185, "optimize_days_cont": 13.907171810637996, "pre_optlux": 347.338167787798, "on_time_norm": 0.7887842182981357, "duration_h": [6.0, 16.0]}, "final_J": 0.06045543642472245, "goal_complete": true, "optimize_days": 14}
{"target": -3.875, "params": {"ts": 61.749408361155254, "optimize_days_cont": 3.889288683364499, "pre_optlux": 1192.0340177006228, "on_time_norm": 0.26311903992324415, "duration_h": [6.0, 16.0]}, "final_J": 0.11429817128968843, "goal_complete": true, "optimize_days": 4}
{"target": -6.333333333333333, "params": {"ts": 29.457782494979018, "optimize_days_cont": 13.381908106047511, "pre_optlux": 1433.2949321141712, "on_time_norm": 0.9184743424662997, "duration_h": [6.0, 16.0]}, "final_J": 0.07309306380464689, "goal_complete": true, "optimize_days": 13}
{"target": -9999.0, "params": {"ts": 34.44157734405684, "optimize_days_cont": 2.711272351651346, "pre_optlux": 1085.331748368608, "on_time_norm": 0.679914691937932, "duration_h": [6.0, 16.0]}, "final_J": 0.28711223232363375, "goal_complete": false, "optimize_days": 3}
{"target": -3.9583333333333335, "params": {"ts": 61.62753268075664, "optimize_days_cont": 5.4364138596915845, "pre_optlux": 1191.33009669815, "on_time_norm": 0.6863608021999181, "duration_h": [6.0, 16.0]}, "final_J": 0.034330605171862955, "goal_complete": true, "optimize_days": 5}
{"target": -7.291666666666667, "params": {"ts": 64.93811524355547, "optimize_days_cont": 20.0, "pre_optlux": 434.34133500345285, "on_time_norm": 1.0, "duration_h": [6.0, 16.0]}, "final_J": 0.09833184964713138, "goal_complete": true, "optimize_days": 20}
{"target": -6.958333333333333, "params": {"ts": 58.88182808497817, "optimize_days_cont": 20.0, "pre_optlux": 1297.5960338838831, "on_time_norm": 1.0, "duration_h": [6.0, 16.0]}, "final_J": 0.05200520201713941, "goal_complete": true, "optimize_days": 20}
{"target": -9999.0, "params": {"ts": 73.83608459722483, "optimize_days_cont": 1.0, "pre_optlux": 637.0482169746781, "on_time_norm": 1.0, "duration_h": [6.0, 16.0]}, "final_J": 0.6754609131626347, "goal_complete": false, "optimize_days": 1}
{"target": -10.0, "params": {"ts": 6.395985183210519, "optimize_days_cont": 15.385495335131697, "pre_optlux": 844.4976494659959, "on_time_norm": 0.0, "duration_h": [6.0, 16.0]}, "final_J": 0.017070033014133183, "goal_complete": true, "optimize_days": 15}
{"target": -6.958333333333333, "params": {"ts": 100.0, "optimize_days_cont": 20.0, "pre_optlux": 847.3869015142615, "on_time_norm": 1.0, "duration_h": [6.0, 16.0]}, "final_J": 0.09473927711797554, "goal_complete": true, "optimize_days": 20}
{"target": -9999.0, "params": {"ts": 100.0, "optimize_days_cont": 1.0, "pre_optlux": 1500.0, "on_time_norm": 0.0, "duration_h": [6.0, 16.0]}, "final_J": 0.6753462063588346, "goal_complete": false, "optimize_days": 1}
{"target": -9999.0, "params": {"ts": 1.0, "optimize_days_cont": 1.0, "pre_optlux": 1359.8329195128827, "on_time_norm": 0.0, "duration_h": [6.0, 16.0]}, "final_J": 0.769488623740713, "goal_complete": false, "optimize_days": 1}
{"target": -6.875, "params": {"ts": 100.0, "optimize_days_cont": 20.0, "pre_optlux": 1246.769612506979, "on_time_norm": 1.0, "duration_h": [6.0, 16.0]}, "final_J": 0.08001000403180245, "goal_complete": true, "optimize_days": 20}
{"target": -9999.0, "params": {"ts": 1.0, "optimize_days_cont": 1.0, "pre_optlux": 414.372666546106, "on_time_norm": 0.0, "duration_h": [6.0, 16.0]}, "final_J": 0.712456355170537, "goal_complete": false, "optimize_days": 1}
{"target": -7.0, "params": {"ts": 98.12932910027371, "optimize_days_cont": 20.0, "pre_optlux": 377.92183229601903, "on_time_norm": 1.0, "duration_h": [6.0, 16.0]}, "final_J": 0.06991629308388529, "goal_complete": true, "optimize_days": 20}
{"target": -7.958333333333333, "params": {"ts": 29.729417557700533, "optimize_days_cont": 20.0, "pre_optlux": 1240.8970022779433, "on_time_norm": 1.0, "duration_h": [6.0, 16.0]}, "final_J": 0.06494002222688462, "goal_complete": true, "optimize_days": 20}
{"target": -7.0, "params": {"ts": 100.0, "optimize_days_cont": 20.0, "pre_optlux": 487.56432173350424, "on_time_norm": 1.0, "duration_h": [6.0, 16.0]}, "final_J": 0.08123064407583755, "goal_complete": true, "optimize_days": 20}
{"target": -9999.0, "params": {"ts": 1.0, "optimize_days_cont": 1.0, "pre_optlux": 915.2793824881137, "on_time_norm": 1.0, "duration_h": [6.0, 16.0]}, "final_J": 0.7130764827180631, "goal_complete": false, "optimize_days": 1}
{"target": -9999.0, "params": {"ts": 48.29312724952728, "optimize_days_cont": 1.0, "pre_optlux": 816.8151887238018, "on_time_norm": 1.0, "duration_h": [6.0, 16.0]}, "final_J": 0.6756210324421804, "goal_complete": false, "optimize_days": 1}
{"target": -9999.0, "params": {"ts": 63.913936692174765, "optimize_days_cont": 1.0, "pre_optlux": 1255.6066509861796, "on_time_norm": 1.0, "duration_h": [6.0, 16.0]}, "final_J": 0.6753292814102365, "goal_complete": false, "optimize_days": 1}
{"target": -7.041666666666667, "params": {"ts": 83.83475015276325, "optimize_days_cont": 20.0, "pre_optlux": 459.9784473655842, "on_time_norm": 1.0, "duration_h": [6.0, 16.0]}, "final_J": 0.0721526800806935, "goal_complete": true, "optimize_days": 20}
{"target": -7.0, "params": {"ts": 94.45417710101742, "optimize_days_cont": 20.0, "pre_optlux": 416.19758016894247, "on_time_norm": 1.0, "duration_h": [6.0, 16.0]}, "final_J": 0.08119791206864747, "goal_complete": true, "optimize_days": 20}
{"target": -7.0, "params": {"ts": 64.26745105148754, "optimize_days_cont": 20.0, "pre_optlux": 386.5638774157359, "on_time_norm": 1.0, "duration_h": [6.0, 16.0]}, "final_J": 0.07178157762737293, "goal_complete": true, "optimize_days": 20}
{"target": -7.291666666666667, "params": {"ts": 22.47156171796215, "optimize_days_cont": 20.0, "pre_optlux": 1204.9500466466307, "on_time_norm": 0.0, "duration_h": [6.0, 16.0]}, "final_J": 0.0787279578798715, "goal_complete": true, "optimize_days": 20}
{"target": -6.958333333333333, "params": {"ts": 93.42701501565915, "optimize_days_cont": 20.0, "pre_optlux": 891.8323056836566, "on_time_norm": 0.5759362602954667, "duration_h": [6.0, 16.0]}, "final_J": 0.0935680163741783, "goal_complete": true, "optimize_days": 20}
{"target": -9999.0, "params": {"ts": 78.6113064605333, "optimize_days_cont": 1.0, "pre_optlux": 346.5931401616529, "on_time_norm": 0.0, "duration_h": [6.0, 16.0]}, "final_J": 0.6764592714897936, "goal_complete": false, "optimize_days": 1}
{"target": -9999.0, "params": {"ts": 47.771211537166934, "optimize_days_cont": 1.0, "pre_optlux": 730.3928960467889, "on_time_norm": 0.0, "duration_h": [6.0, 16.0]}, "final_J": 0.6757987239628843, "goal_complete": false, "optimize_days": 1}
{"target": -9999.0, "params": {"ts": 74.39947017601152, "optimize_days_cont": 1.8128057054372022, "pre_optlux": 408.1368176412624, "on_time_norm": 1.0, "duration_h": [6.0, 16.0]}, "final_J": 0.4573421069304964, "goal_complete": false, "optimize_days": 2}
{"target": -7.0, "params": {"ts": 87.58406243866531, "optimize_days_cont": 20.0, "pre_optlux": 438.1925385650572, "on_time_norm": 1.0, "duration_h": [6.0, 16.0]}, "final_J": 0.09201775933569742, "goal_complete": true, "optimize_days": 20}
{"target": -7.0, "params": {"ts": 44.729169621602615, "optimize_days_cont": 13.885398694840708, "pre_optlux": 1211.3551656312088, "on_time_norm": 0.49536668885032437, "duration_h": [6.0, 16.0]}, "final_J": 0.0770356674700636, "goal_complete": true, "optimize_days": 14}
{"target": -9999.0, "params": {"ts": 21.10191020611607, "optimize_days_cont": 2.178017300111865, "pre_optlux": 1223.1352706624104, "on_time_norm": 1.0, "duration_h": [6.0, 16.0]}, "final_J": 0.479422436666173, "goal_complete": false, "optimize_days": 2}
{"target": -7.0, "params": {"ts": 39.55885109522063, "optimize_days_cont": 18.95104051869611, "pre_optlux": 1193.2730806549125, "on_time_norm": 0.0, "duration_h": [6.0, 16.0]}, "final_J": 0.015576911411267708, "goal_complete": true, "optimize_days": 19}
{"target": -9999.0, "params": {"ts": 28.48794065879569, "optimize_days_cont": 3.026050413212666, "pre_optlux": 768.516376704316, "on_time_norm": 0.6164622331127529, "duration_h": [6.0, 16.0]}, "final_J": 0.33907841433258146, "goal_complete": false, "optimize_days": 3}
{"target": -7.0, "params": {"ts": 73.87500947301952, "optimize_days_cont": 20.0, "pre_optlux": 447.299633628793, "on_time_norm": 0.9256902561193024, "duration_h": [6.0, 16.0]}, "final_J": 0.07797106648758681, "goal_complete": true, "optimize_days": 20}
{"target": -7.0, "params": {"ts": 23.105816836200347, "optimize_days_cont": 10.940103486612847, "pre_optlux": 893.4469663845945, "on_time_norm": 0.045601950132806324, "duration_h": [6.0, 16.0]}, "final_J": 0.010141348433588588, "goal_complete": true, "optimize_days": 11}
{"target": -7.0, "params": {"ts": 23.08501322743759, "optimize_days_cont": 14.085797074605773, "pre_optlux": 371.03742375121396, "on_time_norm": 0.07032486680550032, "duration_h": [6.0, 16.0]}, "final_J": 0.06394982462296163, "goal_complete": true, "optimize_days": 14}
{"target": -9999.0, "params": {"ts": 56.804456643247704, "optimize_days_cont": 2.481854448409754, "pre_optlux": 1125.5646900185338, "on_time_norm": 0.15845217352316643, "duration_h": [6.0, 16.0]}, "final_J": 0.46660919541002266, "goal_complete": false, "optimize_days": 2}
{"target": -7.0, "params": {"ts": 30.055238354117552, "optimize_days_cont": 14.235603569963303, "pre_optlux": 776.7565188542048, "on_time_norm": 0.21506214371433952, "duration_h": [6.0, 16.0]}, "final_J": 0.02883094442996574, "goal_complete": true, "optimize_days": 14}
{"target": -4.916666666666667, "params": {"ts": 12.966996402356731, "optimize_days_cont": 18.436053147149774, "pre_optlux": 914.702543770914, "on_time_norm": 0.47201931574192724, "duration_h": [6.0, 16.0]}, "final_J": 0.012838622731202159, "goal_complete": true, "optimize_days": 18}
{"target": -8.0, "params": {"ts": 5.278357243925987, "optimize_days_cont": 15.296453422239487, "pre_optlux": 883.4132092262794, "on_time_norm": 0.7671904257147006, "duration_h": [6.0, 16.0]}, "final_J": 0.06483017875110805, "goal_complete": true, "optimize_days": 15}
{"target": -8.0, "params": {"ts": 8.149916558088384, "optimize_days_cont": 13.534600853749103, "pre_optlux": 221.95410676473352, "on_time_norm": 0.6850244527227007, "duration_h": [6.0, 16.0]}, "final_J": 0.04834815962927884, "goal_complete": true, "optimize_days": 14}
{"target": -8.0, "params": {"ts": 47.331618590616145, "optimize_days_cont": 13.56012736053423, "pre_optlux": 1081.454953100926, "on_time_norm": 0.2633294844455638, "duration_h": [6.0, 16.0]}, "final_J": 0.021361573979342584, "goal_complete": true, "optimize_days": 14}
{"target": -6.958333333333333, "params": {"ts": 77.35815021585175, "optimize_days_cont": 16.50670419948814, "pre_optlux": 338.51616506019934, "on_time_norm": 0.5780067455748411, "duration_h": [6.0, 16.0]}, "final_J": 0.06331966435670021, "goal_complete": true, "optimize_days": 17}
{"target": -3.9583333333333335, "params": {"ts": 23.989333259437583, "optimize_days_cont": 4.774231318116989, "pre_optlux": 516.5125439397189, "on_time_norm": 0.976852764010693, "duration_h": [6.0, 16.0]}, "final_J": 0.026489127960712833, "goal_complete": true, "optimize_days": 5}
{"target": -9999.0, "params": {"ts": 36.28433428914752, "optimize_days_cont": 1.3495989859817095, "pre_optlux": 982.6668639532691, "on_time_norm": 0.23040538778108444, "duration_h": [6.0, 16.0]}, "final_J": 0.6755495911969067, "goal_complete": false, "optimize_days": 1}
{"target": -7.0, "params": {"ts": 58.84077063109376, "optimize_days_cont": 8.981967537205383, "pre_optlux": 1107.491323463064, "on_time_norm": 0.9720455259033695, "duration_h": [6.0, 16.0]}, "final_J": 0.06485646327978749, "goal_complete": true, "optimize_days": 9}
{"target": -8.0, "params": {"ts": 43.63486278650694, "optimize_days_cont": 19.196843396417563, "pre_optlux": 214.47343649160942, "on_time_norm": 0.7327818008916883, "duration_h": [6.0, 16.0]}, "final_J": 0.050348148477084936, "goal_complete": true, "optimize_days": 19}
{"target": -9.0, "params": {"ts": 53.17351161162144, "optimize_days_cont": 11.772761585575223, "pre_optlux": 1125.9760864836403, "on_time_norm": 0.6826033501652629, "duration_h": [6.0, 16.0]}, "final_J": 0.08327471444569105, "goal_complete": true, "optimize_days": 12}
{"target": -4.875, "params": {"ts": 12.171706697977584, "optimize_days_cont": 4.784090011256047, "pre_optlux": 1123.7809591132172, "on_time_norm": 0.39386732248283196, "duration_h": [6.0, 16.0]}, "final_J": 0.14433221629970752, "goal_complete": true, "optimize_days": 5}
{"target": -9999.0, "params": {"ts": 16.19112292109049, "optimize_days_cont": 2.910906277613152, "pre_optlux": 699.7835942543549, "on_time_norm": 0.5829154644665038, "duration_h": [6.0, 16.0]}, "final_J": 0.2921325008346607, "goal_complete": false, "optimize_days": 3}
{"target": -6.0, "params": {"ts": 87.16572333579319, "optimize_days_cont": 19.36399704765088, "pre_optlux": 765.0125547254927, "on_time_norm": 0.4004229990716831, "duration_h": [6.0, 16.0]}, "final_J": 0.038761289790471914, "goal_complete": true, "optimize_days": 19}
{"target": -8.0, "params": {"ts": 83.00764660756872, "optimize_days_cont": 18.28698222982436, "pre_optlux": 1184.2845115892483, "on_time_norm": 0.06831478431392501, "duration_h": [6.0, 16.0]}, "final_J": 0.008283368482920637, "goal_complete": true, "optimize_days": 18}
{"target": -9999.0, "params": {"ts": 93.98239711040948, "optimize_days_cont": 2.940710497156282, "pre_optlux": 1469.6783471939355, "on_time_norm": 0.35668872437448984, "duration_h": [6.0, 16.0]}, "final_J": 0.2956538783982218, "goal_complete": false, "optimize_days": 3}
{"target": -8.0, "params": {"ts": 13.155784921739329, "optimize_days_cont": 19.265691674858058, "pre_optlux": 1029.0949266816813, "on_time_norm": 0.9366778098943237, "duration_h": [6.0, 16.0]}, "final_J": 0.012151086531192574, "goal_complete": true, "optimize_days": 19}
{"target": -9999.0, "params": {"ts": 24.03431972771983, "optimize_days_cont": 3.464603426645518, "pre_optlux": 516.7157308224615, "on_time_norm": 0.286763667403258, "duration_h": [6.0, 16.0]}, "final_J": 0.31692575997463124, "goal_complete": false, "optimize_days": 3}
{"target": -6.958333333333333, "params": {"ts": 71.06075377929265, "optimize_days_cont": 10.834209230834503, "pre_optlux": 697.6126357811883, "on_time_norm": 0.1821656960004856, "duration_h": [6.0, 16.0]}, "final_J": 0.025692943015475304, "goal_complete": true, "optimize_days": 11}
{"target": -5.0, "params": {"ts": 95.36666773510326, "optimize_days_cont": 7.402148881255965, "pre_optlux": 522.9919416733685, "on_time_norm": 0.9818998646692884, "duration_h": [6.0, 16.0]}, "final_J": 0.048912120626924425, "goal_complete": true, "optimize_days": 7}
{"target": -7.0, "params": {"ts": 82.96430837043908, "optimize_days_cont": 18.166234056688662, "pre_optlux": 1089.3571274736905, "on_time_norm": 0.9772761070910743, "duration_h": [6.0, 16.0]}, "final_J": 0.11709230250755165, "goal_complete": true, "optimize_days": 18}
{"target": -5.875, "params": {"ts": 80.03382316855014, "optimize_days_cont": 13.145394703570366, "pre_optlux": 822.6009718947456, "on_time_norm": 0.5914600248905477, "duration_h": [6.0, 16.0]}, "final_J": 0.035602211377495495, "goal_complete": true, "optimize_days": 13}
{"target": -8.0, "params": {"ts": 87.114025620575, "optimize_days_cont": 12.343144909459884, "pre_optlux": 169.53751008347774, "on_time_norm": 0.6083295605986577, "duration_h": [6.0, 16.0]}, "final_J": 0.07282705363271505, "goal_complete": true, "optimize_days": 12}
{"target": -6.333333333333333, "params": {"ts": 46.12771787274602, "optimize_days_cont": 12.134875042552729, "pre_optlux": 1047.0570477030346, "on_time_norm": 0.2300838483251404, "duration_h": [6.0, 16.0]}, "final_J": 0.030093285898252956, "goal_complete": true, "optimize_days": 12}
{"target": -7.0, "params": {"ts": 5.028219263583043, "optimize_days_cont": 10.9368393550141, "pre_optlux": 207.47249997408184, "on_time_norm": 0.2495093468533479, "duration_h": [6.0, 16.0]}, "final_J": 0.014319568768562116, "goal_complete": true, "optimize_days": 11}
{"target": -4.958333333333333, "params": {"ts": 88.3565899148993, "optimize_days_cont": 13.711712231220474, "pre_optlux": 1162.1948248083459, "on_time_norm": 0.07700746170429051, "duration_h": [6.0, 16.0]}, "final_J": 0.007939203528434127, "goal_complete": true, "optimize_days": 14}
{"target": -3.8333333333333335, "params": {"ts": 90.14990262217131, "optimize_days_cont": 4.02829238516922, "pre_optlux": 1042.691523305497, "on_time_norm": 0.8003625068933602, "duration_h": [6.0, 16.0]}, "final_J": 0.09077431016793187, "goal_complete": true, "optimize_days": 4}
{"target": -8.291666666666666, "params": {"ts": 10.228105383248298, "optimize_days_cont": 19.978982904836627, "pre_optlux": 1467.197187077192, "on_time_norm": 0.480678483955025, "duration_h": [6.0, 16.0]}, "final_J": 0.020484543845827017, "goal_complete": true, "optimize_days": 20}
{"target": -6.916666666666667, "params": {"ts": 47.76446316475183, "optimize_days_cont": 15.924538856556964, "pre_optlux": 1414.4115761683902, "on_time_norm": 0.7753465115461101, "duration_h": [6.0, 16.0]}, "final_J": 0.09156778474399056, "goal_complete": true, "optimize_days": 16}
{"target": -6.958333333333333, "params": {"ts": 26.118366188827032, "optimize_days_cont": 13.940088990052013, "pre_optlux": 493.7959233889882, "on_time_norm": 0.23823726575513748, "duration_h": [6.0, 16.0]}, "final_J": 0.02754037967625332, "goal_complete": true, "optimize_days": 14}
{"target": -7.0, "params": {"ts": 27.03516840466136, "optimize_days_cont": 14.968769528798422, "pre_optlux": 1494.3003545490699, "on_time_norm": 0.22396201181776176, "duration_h": [6.0, 16.0]}, "final_J": 0.06182952205199335, "goal_complete": true, "optimize_days": 15}
{"target": -4.291666666666667, "params": {"ts": 14.69831864178427, "optimize_days_cont": 6.450384406939103, "pre_optlux": 1239.471554661081, "on_time_norm": 0.707383855767748, "duration_h": [6.0, 16.0]}, "final_J": 0.013733995706577733, "goal_complete": true, "optimize_days": 6}
{"target": -7.0, "params": {"ts": 84.33119462099006, "optimize_days_cont": 13.913364433193088, "pre_optlux": 972.3321068569286, "on_time_norm": 0.4889231645079689, "duration_h": [6.0, 16.0]}, "final_J": 0.07737643278896825, "goal_complete": true, "optimize_days": 14}
{"target": -7.291666666666667, "params": {"ts": 22.351414070657334, "optimize_days_cont": 15.53991148267178, "pre_optlux": 1442.2207119131697, "on_time_norm": 0.8196290558774258, "duration_h": [6.0, 16.0]}, "final_J": 0.0775705150212453, "goal_complete": true, "optimize_days": 16}
{"target": -4.958333333333333, "params": {"ts": 16.81320633583612, "optimize_days_cont": 7.479635130687264, "pre_optlux": 1080.111613662933, "on_time_norm": 0.18733033018951195, "duration_h": [6.0, 16.0]}, "final_J": 0.02380297293049318, "goal_complete": true, "optimize_days": 7}
{"target": -5.291666666666667, "params": {"ts": 8.886388302758036, "optimize_days_cont": 16.595389863900895, "pre_optlux": 779.1981201243677, "on_time_norm": 0.44874394398701245, "duration_h": [6.0, 16.0]}, "final_J": 0.02901998924886872, "goal_complete": true, "optimize_days": 17}
{"target": -9999.0, "params": {"ts": 8.454840786523803, "optimize_days_cont": 4.4370422823617055, "pre_optlux": 340.9193927644661, "on_time_norm": 0.663485796246682, "duration_h": [6.0, 16.0]}, "final_J": 0.21731513484157974, "goal_complete": false, "optimize_days": 4}
{"target": -6.0, "params": {"ts": 34.32600874562803, "optimize_days_cont": 11.585850526281899, "pre_optlux": 828.7963017961462, "on_time_norm": 0.16228716054949965, "duration_h": [6.0, 16.0]}, "final_J": 0.032013152722274105, "goal_complete": true, "optimize_days": 12}
{"target": -7.0, "params": {"ts": 19.57827556282596, "optimize_days_cont": 11.549442496748988, "pre_optlux": 667.5623958892577, "on_time_norm": 0.5513332653196833, "duration_h": [6.0, 16.0]}, "final_J": 0.04942733443336681, "goal_complete": true, "optimize_days": 12}
{"target": -6.916666666666667, "params": {"ts": 21.54937963972865, "optimize_days_cont": 16.247998472844756, "pre_optlux": 952.4235558852326, "on_time_norm": 0.5284441936559874, "duration_h": [6.0, 16.0]}, "final_J": 0.07411216004936681, "goal_complete": true, "optimize_days": 16}
