{"target": -15.333333333333334, "params": {"ts": 1.0, "optimize_days_cont": 20.0, "pre_optlux": 230.30733163199233, "on_time_norm": 1.0, "duration_h": [6.0, 16.0]}, "final_J": 0.012195478216432458, "goal_complete": true, "optimize_days": 20}
{"target": -14.0, "params": {"ts": 31.114354840532542, "optimize_days_cont": 20.0, "pre_optlux": 205.19452452473163, "on_time_norm": 0.0, "duration_h": [6.0, 16.0]}, "final_J": 0.03717964902468571, "goal_complete": true, "optimize_days": 20}
{"target": -12.0, "params": {"ts": 10.2845859280124, "optimize_days_cont": 14.711764350008588, "pre_optlux": 238.56965886283479, "on_time_norm": 1.0, "duration_h": [6.0, 16.0]}, "final_J": 0.024134647191866046, "goal_complete": true, "optimize_days": 15}
{"target": -9999.0, "params": {"ts": 1.0, "optimize_days_cont": 4.85170322684838, "pre_optlux": 235.39395996864968, "on_time_norm": 0.0, "duration_h": [6.0, 16.0]}, "final_J": 0.851056781654346, "goal_complete": false, "optimize_days": 5}
{"target": -16.0, "params": {"ts": 1.0, "optimize_days_cont": 20.0, "pre_optlux": 215.01146071169242, "on_time_norm": 1.0, "duration_h": [6.0, 16.0]}, "final_J": 0.02240479580104257, "goal_complete": true, "optimize_days": 20}
{"target": -13.958333333333334, "params": {"ts": 24.16483679817792, "optimize_days_cont": 20.0, "pre_optlux": 237.93987025049975, "on_time_norm": 1.0, "duration_h": [6.0, 16.0]}, "final_J": 0.03036673724748583, "goal_complete": true, "optimize_days": 20}
{"target": -14.958333333333334, "params": {"ts": 29.893151602278728, "optimize_days_cont": 20.0, "pre_optlux": 910.4221859756077, "on_time_norm": 0.0, "duration_h": [6.0, 16.0]}, "final_J": 0.012005495279667796, "goal_complete": true, "optimize_days": 20}
{"target": -13.0, "params": {"ts": 23.44842484533446, "optimize_days_cont": 20.0, "pre_optlux": 924.2544187476785, "on_time_norm": 0.0, "duration_h": [6.0, 16.0]}, "final_J": 0.060156994518064735, "goal_complete": true, "optimize_days": 20}
{"target": -10.958333333333334, "params": {"ts": 39.245173189738324, "optimize_days_cont": 12.323736685834511, "pre_optlux": 902.465109137945, "on_time_norm": 0.0, "duration_h": [6.0, 16.0]}, "final_J": 0.06636724925924087, "goal_complete": true, "optimize_days": 12}
{"target": -15.291666666666666, "params": {"ts": 41.724565901573946, "optimize_days_cont": 19.093114303172793, "pre_optlux": 919.4440885284438, "on_time_norm": 1.0, "duration_h": [6.0, 16.0]}, "final_J": 0.06176384151022529, "goal_complete": true, "optimize_days": 19}
{"target": -13.958333333333334, "params": {"ts": 50.111358604034976, "optimize_days_cont": 20.0, "pre_optlux": 906.7968085033511, "on_time_norm": 1.0, "duration_h": [6.0, 16.0]}, "final_J": 0.08124698438979297, "goal_complete": true, "optimize_days": 20}
{"target": -9999.0, "params": {"ts": 45.51070460439556, "optimize_days_cont": 5.52716451809146, "pre_optlux": 915.2047085287686, "on_time_norm": 0.0, "duration_h": [6.0, 16.0]}, "final_J": 0.4007359970184843, "goal_complete": false, "optimize_days": 6}
{"target": -13.291666666666666, "params": {"ts": 48.09428380458843, "optimize_days_cont": 20.0, "pre_optlux": 893.8223724359015, "on_time_norm": 1.0, "duration_h": [6.0, 16.0]}, "final_J": 0.05448614524147005, "goal_complete": true, "optimize_days": 20}
{"target": -15.0, "params": {"ts": 9.922404586855842, "optimize_days_cont": 20.0, "pre_optlux": 930.0060843700976, "on_time_norm": 0.0, "duration_h": [6.0, 16.0]}, "final_J": 0.02008876884961258, "goal_complete": true, "optimize_days": 20}
{"target": -10.291666666666666, "params": {"ts": 71.02076096635687, "optimize_days_cont": 17.91550963639317, "pre_optlux": 768.3350141658998, "on_time_norm": 0.3465892165740183, "duration_h": [6.0, 16.0]}, "final_J": 0.03099551881851148, "goal_complete": true, "optimize_days": 18}
{"target": -7.0, "params": {"ts": 81.87319574415174, "optimize_days_cont": 7.58168212509752, "pre_optlux": 775.4680717798421, "on_time_norm": 0.7498052464780498, "duration_h": [6.0, 16.0]}, "final_J": 0.05995927673489868, "goal_complete": true, "optimize_days": 8}
{"target": -9999.0, "params": {"ts": 78.87304294658891, "optimize_days_cont": 6.537926153748451, "pre_optlux": 759.8785079574021, "on_time_norm": 0.3584045975422145, "duration_h": [6.0, 16.0]}, "final_J": 0.18093189918821398, "goal_complete": false, "optimize_days": 7}
{"target": -9.007762390727201, "params": {"ts": 23.105816836200347, "optimize_days_cont": 10.940103486612847, "pre_optlux": 893.4469663845945, "on_time_norm": 0.045601950132806324, "duration_h": [6.0, 16.0]}, "final_J": 0.03940149927909262, "goal_complete": true, "optimize_days": 11}
{"target": -11.012041168987619, "params": {"ts": 23.08501322743759, "optimize_days_cont": 14.085797074605773, "pre_optlux": 371.03742375121396, "on_time_norm": 0.07032486680550032, "duration_h": [6.0, 16.0]}, "final_J": 0.04907375874664312, "goal_complete": true, "optimize_days": 14}
{"target": -9.80721474903685, "params": {"ts": 56.804456643247704, "optimize_days_cont": 2.481854448409754, "pre_optlux": 1125.5646900185338, "on_time_norm": 0.15845217352316643, "duration_h": [6.0, 16.0]}, "final_J": 1.2495771083880218, "goal_complete": false, "optimize_days": 2}
{"target": -10.296614228764025, "params": {"ts": 30.055238354117552, "optimize_days_cont": 14.235603569963303, "pre_optlux": 776.7565188542048, "on_time_norm": 0.21506214371433952, "duration_h": [6.0, 16.0]}, "final_J": 0.0314565163276517, "goal_complete": true, "optimize_days": 14}
{"target": -9.294345306987164, "params": {"ts": 12.966996402356731, "optimize_days_cont": 18.436053147149774, "pre_optlux": 914.702543770914, "on_time_norm": 0.47201931574192724, "duration_h": [6.0, 16.0]}, "final_J": 0.023145800139539544, "goal_complete": true, "optimize_days": 18}
{"target": -12.0151464702522, "params": {"ts": 5.278357243925987, "optimize_days_cont": 15.296453422239487, "pre_optlux": 883.4132092262794, "on_time_norm": 0.7671904257147006, "duration_h": [6.0, 16.0]}, "final_J": 0.05503902297860966, "goal_complete": true, "optimize_days": 15}
{"target": -12.320362981950414, "params": {"ts": 8.149916558088384, "optimize_days_cont": 13.534600853749103, "pre_optlux": 221.95410676473352, "on_time_norm": 0.6850244527227007, "duration_h": [6.0, 16.0]}, "final_J": 0.07575792405253458, "goal_complete": true, "optimize_days": 14}
{"target": -10.29544893960883, "params": {"ts": 47.331618590616145, "optimize_days_cont": 13.56012736053423, "pre_optlux": 1081.454953100926, "on_time_norm": 0.2633294844455638, "duration_h": [6.0, 16.0]}, "final_J": 0.02750371953814212, "goal_complete": true, "optimize_days": 14}
{"target": -15.10338930420741, "params": {"ts": 77.35815021585175, "optimize_days_cont": 16.50670419948814, "pre_optlux": 338.51616506019934, "on_time_norm": 0.5780067455748411, "duration_h": [6.0, 16.0]}, "final_J": 0.11110592922139019, "goal_complete": true, "optimize_days": 17}
{"target": -7.00742439593647, "params": {"ts": 23.989333259437583, "optimize_days_cont": 4.774231318116989, "pre_optlux": 516.5125439397189, "on_time_norm": 0.976852764010693, "duration_h": [6.0, 16.0]}, "final_J": 0.633628344684243, "goal_complete": false, "optimize_days": 5}
{"target": -12.249015602953357, "params": {"ts": 36.28433428914752, "optimize_days_cont": 1.3495989859817095, "pre_optlux": 982.6668639532691, "on_time_norm": 0.23040538778108444, "duration_h": [6.0, 16.0]}, "final_J": 1.4999343720945497, "goal_complete": false, "optimize_days": 1}
{"target": -7.8763215432965215, "params": {"ts": 58.84077063109376, "optimize_days_cont": 8.981967537205383, "pre_optlux": 1107.491323463064, "on_time_norm": 0.9720455259033695, "duration_h": [6.0, 16.0]}, "final_J": 0.016257572368111345, "goal_complete": true, "optimize_days": 9}
{"target": -14.013553407725846, "params": {"ts": 43.63486278650694, "optimize_days_cont": 19.196843396417563, "pre_optlux": 214.47343649160942, "on_time_norm": 0.7327818008916883, "duration_h": [6.0, 16.0]}, "final_J": 0.0520642059880783, "goal_complete": true, "optimize_days": 19}
{"target": -10.981364436940686, "params": {"ts": 53.17351161162144, "optimize_days_cont": 11.772761585575223, "pre_optlux": 1125.9760864836403, "on_time_norm": 0.6826033501652629, "duration_h": [6.0, 16.0]}, "final_J": 0.06786914410444804, "goal_complete": true, "optimize_days": 12}
{"target": -7.034508912445213, "params": {"ts": 12.171706697977584, "optimize_days_cont": 4.784090011256047, "pre_optlux": 1123.7809591132172, "on_time_norm": 0.39386732248283196, "duration_h": [6.0, 16.0]}, "final_J": 0.6378885345333013, "goal_complete": false, "optimize_days": 5}
{"target": -8.39702899623991, "params": {"ts": 16.19112292109049, "optimize_days_cont": 2.910906277613152, "pre_optlux": 699.7835942543549, "on_time_norm": 0.5829154644665038, "duration_h": [6.0, 16.0]}, "final_J": 1.0389445602379281, "goal_complete": false, "optimize_days": 3}
{"target": -10.301679549420049, "params": {"ts": 87.16572333579319, "optimize_days_cont": 19.36399704765088, "pre_optlux": 765.0125547254927, "on_time_norm": 0.4004229990716831, "duration_h": [6.0, 16.0]}, "final_J": 0.04475015699052391, "goal_complete": true, "optimize_days": 19}
{"target": -11.000384144225915, "params": {"ts": 83.00764660756872, "optimize_days_cont": 18.28698222982436, "pre_optlux": 1184.2845115892483, "on_time_norm": 0.06831478431392501, "duration_h": [6.0, 16.0]}, "final_J": 0.008765206511151384, "goal_complete": true, "optimize_days": 18}
{"target": -8.675194566683155, "params": {"ts": 93.98239711040948, "optimize_days_cont": 2.940710497156282, "pre_optlux": 1469.6783471939355, "on_time_norm": 0.35668872437448984, "duration_h": [6.0, 16.0]}, "final_J": 1.0653820504103826, "goal_complete": false, "optimize_days": 3}
{"target": -12.329245231333614, "params": {"ts": 13.155784921739329, "optimize_days_cont": 19.265691674858058, "pre_optlux": 1029.0949266816813, "on_time_norm": 0.9366778098943237, "duration_h": [6.0, 16.0]}, "final_J": 0.08669321157616433, "goal_complete": true, "optimize_days": 19}
{"target": -8.40761955299022, "params": {"ts": 15.907962673730246, "optimize_days_cont": 2.8309892266453955, "pre_optlux": 699.8296302879367, "on_time_norm": 0.5923483517922669, "duration_h": [6.0, 16.0]}, "final_J": 1.0399634179133628, "goal_complete": false, "optimize_days": 3}
{"target": -12.46146696674573, "params": {"ts": 1.0, "optimize_days_cont": 1.0, "pre_optlux": 1107.5277148508794, "on_time_norm": 1.0, "duration_h": [6.0, 16.0]}, "final_J": 1.514032163908398, "goal_complete": false, "optimize_days": 1}
{"target": -7.3543095609588445, "params": {"ts": 16.600115718189198, "optimize_days_cont": 6.157660490047902, "pre_optlux": 1133.6688478007106, "on_time_norm": 0.0, "duration_h": [6.0, 16.0]}, "final_J": 0.5204439568212594, "goal_complete": false, "optimize_days": 6}
{"target": -12.70821420069551, "params": {"ts": 24.99556877045556, "optimize_days_cont": 1.0, "pre_optlux": 1121.7945186501322, "on_time_norm": 0.0, "duration_h": [6.0, 16.0]}, "final_J": 1.530242738959771, "goal_complete": false, "optimize_days": 1}
{"target": -8.550404275509994, "params": {"ts": 8.389186889467663, "optimize_days_cont": 7.962169259253195, "pre_optlux": 1130.7131741344547, "on_time_norm": 0.3865672785625906, "duration_h": [6.0, 16.0]}, "final_J": 0.3317843502969944, "goal_complete": false, "optimize_days": 8}
{"target": -9.87846003513933, "params": {"ts": 13.168811260084558, "optimize_days_cont": 10.787796953901896, "pre_optlux": 1127.0833933713673, "on_time_norm": 0.0, "duration_h": [6.0, 16.0]}, "final_J": 0.026306026455283443, "goal_complete": true, "optimize_days": 11}
{"target": -8.408025052414235, "params": {"ts": 26.322404904974235, "optimize_days_cont": 3.299338661377733, "pre_optlux": 522.5940370131166, "on_time_norm": 0.41021671360902107, "duration_h": [6.0, 16.0]}, "final_J": 1.0400024088831945, "goal_complete": false, "optimize_days": 3}
{"target": -12.30349962935753, "params": {"ts": 13.97112571221709, "optimize_days_cont": 1.0, "pre_optlux": 1129.6380207721465, "on_time_norm": 1.0, "duration_h": [6.0, 16.0]}, "final_J": 1.503562411698133, "goal_complete": false, "optimize_days": 1}
{"target": -8.598816411396967, "params": {"ts": 9.151367846065, "optimize_days_cont": 7.847170399211648, "pre_optlux": 1123.427900493592, "on_time_norm": 0.0, "duration_h": [6.0, 16.0]}, "final_J": 0.34606832024817513, "goal_complete": false, "optimize_days": 8}
{"target": -7.888547800957322, "params": {"ts": 22.821067518264357, "optimize_days_cont": 7.669794318067902, "pre_optlux": 519.1503568472863, "on_time_norm": 0.3381479202117736, "duration_h": [6.0, 16.0]}, "final_J": 0.10508517271621973, "goal_complete": true, "optimize_days": 8}
{"target": -7.2163047251262356, "params": {"ts": 27.817835521434304, "optimize_days_cont": 6.583436060577609, "pre_optlux": 518.7317736301254, "on_time_norm": 0.825896918177147, "duration_h": [6.0, 16.0]}, "final_J": 0.20799265618104684, "goal_complete": false, "optimize_days": 7}
{"target": -6.8498505648152115, "params": {"ts": 28.386972403673337, "optimize_days_cont": 6.007270739971863, "pre_optlux": 515.1690841233642, "on_time_norm": 0.6990497279609119, "duration_h": [6.0, 16.0]}, "final_J": 0.4122743176127301, "goal_complete": false, "optimize_days": 6}
{"target": -8.019713699675476, "params": {"ts": 26.40567625281168, "optimize_days_cont": 9.105891820206816, "pre_optlux": 512.5481149582578, "on_time_norm": 0.0, "duration_h": [6.0, 16.0]}, "final_J": 0.06279124091061787, "goal_complete": true, "optimize_days": 9}
{"target": -11.928545363819007, "params": {"ts": 29.505372759687173, "optimize_days_cont": 1.094319105062759, "pre_optlux": 514.4918307176471, "on_time_norm": 0.0, "duration_h": [6.0, 16.0]}, "final_J": 1.4784143778940333, "goal_complete": false, "optimize_days": 1}
{"target": -9.032736681652132, "params": {"ts": 28.369139604100372, "optimize_days_cont": 10.10621483007547, "pre_optlux": 517.5956697764575, "on_time_norm": 1.0, "duration_h": [6.0, 16.0]}, "final_J": 0.08091561240222102, "goal_complete": true, "optimize_days": 10}
{"target": -7.013876555649265, "params": {"ts": 24.07397497776817, "optimize_days_cont": 6.217882797292144, "pre_optlux": 513.7285919015511, "on_time_norm": 1.0, "duration_h": [6.0, 16.0]}, "final_J": 0.45030579735314646, "goal_complete": false, "optimize_days": 6}
{"target": -9.066763333718447, "params": {"ts": 14.555919453733079, "optimize_days_cont": 10.207176823519829, "pre_optlux": 1136.6925576218805, "on_time_norm": 0.0, "duration_h": [6.0, 16.0]}, "final_J": 0.11555373963524279, "goal_complete": true, "optimize_days": 10}
{"target": -8.474006579525975, "params": {"ts": 11.194448442691673, "optimize_days_cont": 3.312196277260909, "pre_optlux": 1120.0193381548172, "on_time_norm": 0.6427215691834561, "duration_h": [6.0, 16.0]}, "final_J": 1.04632753758333, "goal_complete": false, "optimize_days": 3}
{"target": -7.29429415589446, "params": {"ts": 28.388323468065366, "optimize_days_cont": 7.3827863482661495, "pre_optlux": 510.776731073296, "on_time_norm": 1.0, "duration_h": [6.0, 16.0]}, "final_J": 0.2426083905780918, "goal_complete": false, "optimize_days": 7}
{"target": -7.455961858848731, "params": {"ts": 26.09773709675414, "optimize_days_cont": 3.5776531862565513, "pre_optlux": 516.5942565768695, "on_time_norm": 1.0, "duration_h": [6.0, 16.0]}, "final_J": 0.8313797999529133, "goal_complete": false, "optimize_days": 4}
{"target": -7.355178718589616, "params": {"ts": 20.494345505576394, "optimize_days_cont": 5.563586596164655, "pre_optlux": 1136.5320058953182, "on_time_norm": 0.0, "duration_h": [6.0, 16.0]}, "final_J": 0.5206109331525061, "goal_complete": false, "optimize_days": 6}
{"target": -9.057765937062932, "params": {"ts": 22.6168254317776, "optimize_days_cont": 8.677006544713157, "pre_optlux": 1134.023936502593, "on_time_norm": 0.0, "duration_h": [6.0, 16.0]}, "final_J": 0.16798766049699412, "goal_complete": true, "optimize_days": 9}
{"target": -7.641504838564586, "params": {"ts": 18.40640564577282, "optimize_days_cont": 7.256169945800581, "pre_optlux": 513.8755685880388, "on_time_norm": 1.0, "duration_h": [6.0, 16.0]}, "final_J": 0.3581912446067285, "goal_complete": false, "optimize_days": 7}
{"target": -8.03502757880526, "params": {"ts": 21.11159788930159, "optimize_days_cont": 7.826844888032542, "pre_optlux": 506.9897071087363, "on_time_norm": 1.0, "duration_h": [6.0, 16.0]}, "final_J": 0.15385766938218723, "goal_complete": true, "optimize_days": 8}
{"target": -8.979826709535185, "params": {"ts": 14.851789452860862, "optimize_days_cont": 2.846850315529713, "pre_optlux": 1138.1341856684846, "on_time_norm": 0.0, "duration_h": [6.0, 16.0]}, "final_J": 1.093602003430424, "goal_complete": false, "optimize_days": 3}
{"target": -10.492677583955128, "params": {"ts": 17.38638366340594, "optimize_days_cont": 2.434237689727736, "pre_optlux": 514.8881297319105, "on_time_norm": 1.0, "duration_h": [6.0, 16.0]}, "final_J": 1.3032787563645107, "goal_complete": false, "optimize_days": 2}
{"target": -11.014001892127048, "params": {"ts": 23.348896122727112, "optimize_days_cont": 12.735834799048433, "pre_optlux": 510.26685005323003, "on_time_norm": 0.0, "duration_h": [6.0, 16.0]}, "final_J": 0.05291860188449352, "goal_complete": true, "optimize_days": 13}
{"target": -7.367041073934134, "params": {"ts": 20.86425825003294, "optimize_days_cont": 3.5288272161867362, "pre_optlux": 1140.0575999009716, "on_time_norm": 0.0, "duration_h": [6.0, 16.0]}, "final_J": 0.8206145348376586, "goal_complete": false, "optimize_days": 4}
{"target": -8.260811978953086, "params": {"ts": 24.691764334976934, "optimize_days_cont": 3.316336883431096, "pre_optlux": 1142.015890757104, "on_time_norm": 0.0, "duration_h": [6.0, 16.0]}, "final_J": 1.025749675013654, "goal_complete": false, "optimize_days": 3}
{"target": -8.717247748162418, "params": {"ts": 25.726803452355913, "optimize_days_cont": 2.804083707351625, "pre_optlux": 507.6416460195426, "on_time_norm": 1.0, "duration_h": [6.0, 16.0]}, "final_J": 1.0693220046517717, "goal_complete": false, "optimize_days": 3}
{"target": -8.462757179383347, "params": {"ts": 20.4673388365296, "optimize_days_cont": 8.49142725333897, "pre_optlux": 1143.6124425074443, "on_time_norm": 0.0, "duration_h": [6.0, 16.0]}, "final_J": 0.3042226748233431, "goal_complete": false, "optimize_days": 8}
{"target": -7.210195533243407, "params": {"ts": 63.37312238466759, "optimize_days_cont": 7.403191719697506, "pre_optlux": 1101.8573608480942, "on_time_norm": 1.0, "duration_h": [6.0, 16.0]}, "final_J": 0.20503440357335506, "goal_complete": false, "optimize_days": 7}
{"target": -9.97711712728713, "params": {"ts": 63.457979730844166, "optimize_days_cont": 11.171121903678596, "pre_optlux": 1102.776166073858, "on_time_norm": 1.0, "duration_h": [6.0, 16.0]}, "final_J": 0.06129240402169891, "goal_complete": true, "optimize_days": 11}
{"target": -9.318634722693151, "params": {"ts": 60.261614423301225, "optimize_days_cont": 2.5678759466611747, "pre_optlux": 1104.0354149932398, "on_time_norm": 0.9857383817518851, "duration_h": [6.0, 16.0]}, "final_J": 1.1241561032786462, "goal_complete": false, "optimize_days": 3}
{"target": -7.004898901854903, "params": {"ts": 66.3525861049667, "optimize_days_cont": 7.61003447531649, "pre_optlux": 1107.3516709787186, "on_time_norm": 0.7284562853207037, "duration_h": [6.0, 16.0]}, "final_J": 0.03130144359259606, "goal_complete": true, "optimize_days": 8}
{"target": -6.890605549784674, "params": {"ts": 69.66380962505716, "optimize_days_cont": 5.679175735537939, "pre_optlux": 1102.4065213313327, "on_time_norm": 0.762998785376574, "duration_h": [6.0, 16.0]}, "final_J": 0.4220439668529036, "goal_complete": false, "optimize_days": 6}
{"target": -10.028106898412041, "params": {"ts": 71.86862714353579, "optimize_days_cont": 10.708277951827554, "pre_optlux": 1105.1720971251927, "on_time_norm": 0.0, "duration_h": [6.0, 16.0]}, "final_J": 0.0749758606646701, "goal_complete": true, "optimize_days": 11}
{"target": -10.605702579983841, "params": {"ts": 68.68646889094019, "optimize_days_cont": 1.8657036565489542, "pre_optlux": 1106.3512893472805, "on_time_norm": 1.0, "duration_h": [6.0, 16.0]}, "final_J": 1.3119224504507758, "goal_complete": false, "optimize_days": 2}
{"target": -7.234944082182308, "params": {"ts": 67.91802654478111, "optimize_days_cont": 6.197387133792716, "pre_optlux": 1097.707805853904, "on_time_norm": 1.0, "duration_h": [6.0, 16.0]}, "final_J": 0.49697969418927124, "goal_complete": false, "optimize_days": 6}
{"target": -9.021034359452521, "params": {"ts": 63.44274212431407, "optimize_days_cont": 10.31526547297736, "pre_optlux": 1111.726830951236, "on_time_norm": 1.0, "duration_h": [6.0, 16.0]}, "final_J": 0.06486040310161635, "goal_complete": true, "optimize_days": 10}
