{"target": -13.0, "params": {"ts": 2.7315368221841103, "optimize_days_cont": 17.93989207642491, "pre_optlux": 534.5625760897897, "on_time_norm": 0.2989763774589579, "duration_h": [6.0, 16.0]}, "final_J": 0.07224880894782122, "goal_complete": true, "optimize_days": 18}
{"target": -12.0, "params": {"ts": 33.12258915034465, "optimize_days_cont": 17.429497347114907, "pre_optlux": 754.1420534887301, "on_time_norm": 0.5482299063500942, "duration_h": [6.0, 16.0]}, "final_J": 0.06813814471582906, "goal_complete": true, "optimize_days": 17}
{"target": -9999.0, "params": {"ts": 12.11889051387827, "optimize_days_cont": 3.6960459421176455, "pre_optlux": 750.6947535614496, "on_time_norm": 0.7319802251869119, "duration_h": [6.0, 16.0]}, "final_J": 0.9101164769051286, "goal_complete": false, "optimize_days": 4}
{"target": -9999.0, "params": {"ts": 59.68169648856187, "optimize_days_cont": 7.397563291152543, "pre_optlux": 763.4775581181913, "on_time_norm": 0.18712777283052473, "duration_h": [6.0, 16.0]}, "final_J": 0.24942440548690403, "goal_complete": false, "optimize_days": 7}
{"target": -9999.0, "params": {"ts": 14.07810195464569, "optimize_days_cont": 1.705095984711934, "pre_optlux": 260.68357151399994, "on_time_norm": 0.2134399510803413, "duration_h": [6.0, 16.0]}, "final_J": 1.300990106979005, "goal_complete": false, "optimize_days": 2}
{"target": -8.958333333333334, "params": {"ts": 65.85156848897378, "optimize_days_cont": 12.18697040043049, "pre_optlux": 926.2278426538624, "on_time_norm": 0.3346853176856943, "duration_h": [6.0, 16.0]}, "final_J": 0.033209811497941666, "goal_complete": true, "optimize_days": 12}
{"target": -12.0, "params": {"ts": 40.762428500801185, "optimize_days_cont": 13.907171810637996, "pre_optlux": 347.338167787798, "on_time_norm": 0.7887842182981357, "duration_h": [6.0, 16.0]}, "final_J": 0.05791080548216961, "goal_complete": true, "optimize_days": 14}
{"target": -9999.0, "params": {"ts": 61.749408361155254, "optimize_days_cont": 3.889288683364499, "pre_optlux": 1192.0340177006228, "on_time_norm": 0.26311903992324415, "duration_h": [6.0, 16.0]}, "final_J": 0.8431758012760703, "goal_complete": false, "optimize_days": 4}
{"target": -12.0, "params": {"ts": 29.457782494979018, "optimize_days_cont": 13.381908106047511, "pre_optlux": 1433.2949321141712, "on_time_norm": 0.9184743424662997, "duration_h": [6.0, 16.0]}, "final_J": 0.07540419101470915, "goal_complete": true, "optimize_days": 13}
{"target": -9999.0, "params": {"ts": 34.44157734405684, "optimize_days_cont": 2.711272351651346, "pre_optlux": 1085.331748368608, "on_time_norm": 0.679914691937932, "duration_h": [6.0, 16.0]}, "final_J": 1.1184879558614587, "goal_complete": false, "optimize_days": 3}
{"target": -10.958333333333334, "params": {"ts": 65.95020284843491, "optimize_days_cont": 12.086452736445752, "pre_optlux": 925.7632788387484, "on_time_norm": 0.5420505120973843, "duration_h": [6.0, 16.0]}, "final_J": 0.06753354436566153, "goal_complete": true, "optimize_days": 12}
{"target": -8.833333333333334, "params": {"ts": 82.0779418373742, "optimize_days_cont": 9.787941841716039, "pre_optlux": 933.6065083304317, "on_time_norm": 0.06294759966704556, "duration_h": [6.0, 16.0]}, "final_J": 0.025319335457612866, "goal_complete": true, "optimize_days": 10}
{"target": -14.0, "params": {"ts": 82.90444499446951, "optimize_days_cont": 20.0, "pre_optlux": 914.6971353295204, "on_time_norm": 0.0, "duration_h": [6.0, 16.0]}, "final_J": 0.012760446385726166, "goal_complete": true, "optimize_days": 20}
{"target": -9999.0, "params": {"ts": 74.82254388583948, "optimize_days_cont": 1.0, "pre_optlux": 905.9941603851794, "on_time_norm": 0.0, "duration_h": [6.0, 16.0]}, "final_J": 1.4783752514833233, "goal_complete": false, "optimize_days": 1}
{"target": -17.291666666666668, "params": {"ts": 70.3354762537843, "optimize_days_cont": 20.0, "pre_optlux": 939.1074460965979, "on_time_norm": 1.0, "duration_h": [6.0, 16.0]}, "final_J": 0.0704975079219782, "goal_complete": true, "optimize_days": 20}
{"target": -18.0, "params": {"ts": 98.53066834586348, "optimize_days_cont": 20.0, "pre_optlux": 926.2579368262366, "on_time_norm": 1.0, "duration_h": [6.0, 16.0]}, "final_J": 0.08050864832436984, "goal_complete": true, "optimize_days": 20}
{"target": -12.958333333333334, "params": {"ts": 48.86816283655955, "optimize_days_cont": 16.002823258402813, "pre_optlux": 369.8513566010371, "on_time_norm": 0.4809615965007043, "duration_h": [6.0, 16.0]}, "final_J": 0.05035099780186882, "goal_complete": true, "optimize_days": 16}
{"target": -14.291666666666666, "params": {"ts": 23.76079130940926, "optimize_days_cont": 20.0, "pre_optlux": 365.70758733058057, "on_time_norm": 1.0, "duration_h": [6.0, 16.0]}, "final_J": 0.06239371984466484, "goal_complete": true, "optimize_days": 20}
{"target": -9999.0, "params": {"ts": 32.82687424032262, "optimize_days_cont": 1.0, "pre_optlux": 365.59993771271644, "on_time_norm": 0.0, "duration_h": [6.0, 16.0]}, "final_J": 1.5013406362870751, "goal_complete": false, "optimize_days": 1}
{"target": -14.291666666666666, "params": {"ts": 58.06731074750707, "optimize_days_cont": 20.0, "pre_optlux": 353.39463481331103, "on_time_norm": 1.0, "duration_h": [6.0, 16.0]}, "final_J": 0.07027317725803525, "goal_complete": true, "optimize_days": 20}
{"target": -18.0, "params": {"ts": 93.87380204796173, "optimize_days_cont": 20.0, "pre_optlux": 947.3642750802679, "on_time_norm": 1.0, "duration_h": [6.0, 16.0]}, "final_J": 0.07534227385596362, "goal_complete": true, "optimize_days": 20}
{"target": -14.291666666666666, "params": {"ts": 18.24183857644759, "optimize_days_cont": 20.0, "pre_optlux": 341.6963146069964, "on_time_norm": 1.0, "duration_h": [6.0, 16.0]}, "final_J": 0.04683864257899585, "goal_complete": true, "optimize_days": 20}
{"target": -13.291666666666666, "params": {"ts": 40.20417893218587, "optimize_days_cont": 20.0, "pre_optlux": 324.9231346672868, "on_time_norm": 1.0, "duration_h": [6.0, 16.0]}, "final_J": 0.05805828528370546, "goal_complete": true, "optimize_days": 20}
{"target": -16.0, "params": {"ts": 71.67468320597415, "optimize_days_cont": 20.0, "pre_optlux": 378.5708977508727, "on_time_norm": 1.0, "duration_h": [6.0, 16.0]}, "final_J": 0.08506125383041359, "goal_complete": true, "optimize_days": 20}
{"target": -9999.0, "params": {"ts": 64.44067587564643, "optimize_days_cont": 6.908802262596532, "pre_optlux": 327.00971080706734, "on_time_norm": 0.0, "duration_h": [6.0, 16.0]}, "final_J": 0.2705975837629731, "goal_complete": false, "optimize_days": 7}
{"target": -13.916666666666666, "params": {"ts": 19.564391572600044, "optimize_days_cont": 20.0, "pre_optlux": 317.788849791427, "on_time_norm": 1.0, "duration_h": [6.0, 16.0]}, "final_J": 0.044224635278137976, "goal_complete": true, "optimize_days": 20}
{"target": -9999.0, "params": {"ts": 14.118317290302171, "optimize_days_cont": 1.4847419369499428, "pre_optlux": 1449.485835547436, "on_time_norm": 0.5604772597998593, "duration_h": [6.0, 16.0]}, "final_J": 1.539152712253221, "goal_complete": false, "optimize_days": 1}
{"target": -13.958333333333334, "params": {"ts": 43.206271599823836, "optimize_days_cont": 20.0, "pre_optlux": 1418.7834122375666, "on_time_norm": 1.0, "duration_h": [6.0, 16.0]}, "final_J": 0.0845114358462973, "goal_complete": true, "optimize_days": 20}
{"target": -13.291666666666666, "params": {"ts": 20.793584817054, "optimize_days_cont": 20.0, "pre_optlux": 1411.9480618540404, "on_time_norm": 1.0, "duration_h": [6.0, 16.0]}, "final_J": 0.08670714338801146, "goal_complete": true, "optimize_days": 20}
{"target": -9999.0, "params": {"ts": 34.52298627469343, "optimize_days_cont": 1.0, "pre_optlux": 1411.556365156857, "on_time_norm": 0.0, "duration_h": [6.0, 16.0]}, "final_J": 1.520437902496259, "goal_complete": false, "optimize_days": 1}
{"target": -14.0, "params": {"ts": 47.82941231564337, "optimize_days_cont": 20.0, "pre_optlux": 1439.1587554903679, "on_time_norm": 1.0, "duration_h": [6.0, 16.0]}, "final_J": 0.10287485692598543, "goal_complete": true, "optimize_days": 20}
{"target": -9999.0, "params": {"ts": 23.88539182663865, "optimize_days_cont": 2.9061696355360893, "pre_optlux": 325.91867505805754, "on_time_norm": 1.0, "duration_h": [6.0, 16.0]}, "final_J": 1.0971985995719247, "goal_complete": false, "optimize_days": 3}
{"target": -7.041666666666667, "params": {"ts": 66.4775677981765, "optimize_days_cont": 7.713898901581481, "pre_optlux": 366.5484159241568, "on_time_norm": 1.0, "duration_h": [6.0, 16.0]}, "final_J": 0.0768176093924098, "goal_complete": true, "optimize_days": 8}
{"target": -15.291666666666666, "params": {"ts": 4.416940035858145, "optimize_days_cont": 20.0, "pre_optlux": 357.8629328021314, "on_time_norm": 1.0, "duration_h": [6.0, 16.0]}, "final_J": 0.019251826710523945, "goal_complete": true, "optimize_days": 20}
{"target": -9999.0, "params": {"ts": 76.0750689079537, "optimize_days_cont": 6.674959041016391, "pre_optlux": 955.8356672204419, "on_time_norm": 1.0, "duration_h": [6.0, 16.0]}, "final_J": 0.24828190761315105, "goal_complete": false, "optimize_days": 7}
{"target": -16.291666666666668, "params": {"ts": 74.78215144142423, "optimize_days_cont": 20.0, "pre_optlux": 362.4908347732613, "on_time_norm": 0.0, "duration_h": [6.0, 16.0]}, "final_J": 0.09186286856118618, "goal_complete": true, "optimize_days": 20}
{"target": -9999.0, "params": {"ts": 85.1538266798118, "optimize_days_cont": 6.292931303034471, "pre_optlux": 375.7106155818045, "on_time_norm": 0.0, "duration_h": [6.0, 16.0]}, "final_J": 0.3825627698374123, "goal_complete": false, "optimize_days": 6}
{"target": -15.291666666666666, "params": {"ts": 60.82433213825381, "optimize_days_cont": 20.0, "pre_optlux": 369.02027001108655, "on_time_norm": 1.0, "duration_h": [6.0, 16.0]}, "final_J": 0.07620425805395134, "goal_complete": true, "optimize_days": 20}
{"target": -15.0, "params": {"ts": 55.253695182803725, "optimize_days_cont": 20.0, "pre_optlux": 388.03637394281685, "on_time_norm": 1.0, "duration_h": [6.0, 16.0]}, "final_J": 0.07344144946465572, "goal_complete": true, "optimize_days": 20}
{"target": -13.0, "params": {"ts": 15.823102413713572, "optimize_days_cont": 17.925992908760822, "pre_optlux": 519.7848171206768, "on_time_norm": 0.21167325480827873, "duration_h": [6.0, 16.0]}, "final_J": 0.023929649065269388, "goal_complete": true, "optimize_days": 18}
{"target": -9.0, "params": {"ts": 23.105816836200347, "optimize_days_cont": 10.940103486612847, "pre_optlux": 893.4469663845945, "on_time_norm": 0.045601950132806324, "duration_h": [6.0, 16.0]}, "final_J": 0.03940149927909262, "goal_complete": true, "optimize_days": 11}
{"target": -11.0, "params": {"ts": 23.08501322743759, "optimize_days_cont": 14.085797074605773, "pre_optlux": 371.03742375121396, "on_time_norm": 0.07032486680550032, "duration_h": [6.0, 16.0]}, "final_J": 0.04907375874664312, "goal_complete": true, "optimize_days": 14}
{"target": -9999.0, "params": {"ts": 56.804456643247704, "optimize_days_cont": 2.481854448409754, "pre_optlux": 1125.5646900185338, "on_time_norm": 0.15845217352316643, "duration_h": [6.0, 16.0]}, "final_J": 1.2495771083880218, "goal_complete": false, "optimize_days": 2}
{"target": -10.291666666666666, "params": {"ts": 30.055238354117552, "optimize_days_cont": 14.235603569963303, "pre_optlux": 776.7565188542048, "on_time_norm": 0.21506214371433952, "duration_h": [6.0, 16.0]}, "final_J": 0.0314565163276517, "goal_complete": true, "optimize_days": 14}
{"target": -9.291666666666666, "params": {"ts": 12.966996402356731, "optimize_days_cont": 18.436053147149774, "pre_optlux": 914.702543770914, "on_time_norm": 0.47201931574192724, "duration_h": [6.0, 16.0]}, "final_J": 0.023145800139539544, "goal_complete": true, "optimize_days": 18}
{"target": -12.0, "params": {"ts": 5.278357243925987, "optimize_days_cont": 15.296453422239487, "pre_optlux": 883.4132092262794, "on_time_norm": 0.7671904257147006, "duration_h": [6.0, 16.0]}, "final_J": 0.05503902297860966, "goal_complete": true, "optimize_days": 15}
{"target": -12.291666666666666, "params": {"ts": 8.149916558088384, "optimize_days_cont": 13.534600853749103, "pre_optlux": 221.95410676473352, "on_time_norm": 0.6850244527227007, "duration_h": [6.0, 16.0]}, "final_J": 0.07575792405253458, "goal_complete": true, "optimize_days": 14}
{"target": -10.291666666666666, "params": {"ts": 47.331618590616145, "optimize_days_cont": 13.56012736053423, "pre_optlux": 1081.454953100926, "on_time_norm": 0.2633294844455638, "duration_h": [6.0, 16.0]}, "final_J": 0.02750371953814212, "goal_complete": true, "optimize_days": 14}
{"target": -15.041666666666666, "params": {"ts": 77.35815021585175, "optimize_days_cont": 16.50670419948814, "pre_optlux": 338.51616506019934, "on_time_norm": 0.5780067455748411, "duration_h": [6.0, 16.0]}, "final_J": 0.11110592922139019, "goal_complete": true, "optimize_days": 17}
{"target": -9999.0, "params": {"ts": 23.989333259437583, "optimize_days_cont": 4.774231318116989, "pre_optlux": 516.5125439397189, "on_time_norm": 0.976852764010693, "duration_h": [6.0, 16.0]}, "final_J": 0.633628344684243, "goal_complete": false, "optimize_days": 5}
{"target": -9999.0, "params": {"ts": 36.28433428914752, "optimize_days_cont": 1.3495989859817095, "pre_optlux": 982.6668639532691, "on_time_norm": 0.23040538778108444, "duration_h": [6.0, 16.0]}, "final_J": 1.4999343720945497, "goal_complete": false, "optimize_days": 1}
{"target": -7.875, "params": {"ts": 58.84077063109376, "optimize_days_cont": 8.981967537205383, "pre_optlux": 1107.491323463064, "on_time_norm": 0.9720455259033695, "duration_h": [6.0, 16.0]}, "final_J": 0.016257572368111345, "goal_complete": true, "optimize_days": 9}
{"target": -14.0, "params": {"ts": 43.63486278650694, "optimize_days_cont": 19.196843396417563, "pre_optlux": 214.47343649160942, "on_time_norm": 0.7327818008916883, "duration_h": [6.0, 16.0]}, "final_J": 0.0520642059880783, "goal_complete": true, "optimize_days": 19}
{"target": -10.958333333333334, "params": {"ts": 53.17351161162144, "optimize_days_cont": 11.772761585575223, "pre_optlux": 1125.9760864836403, "on_time_norm": 0.6826033501652629, "duration_h": [6.0, 16.0]}, "final_J": 0.06786914410444804, "goal_complete": true, "optimize_days": 12}
{"target": -9999.0, "params": {"ts": 12.171706697977584, "optimize_days_cont": 4.784090011256047, "pre_optlux": 1123.7809591132172, "on_time_norm": 0.39386732248283196, "duration_h": [6.0, 16.0]}, "final_J": 0.6378885345333013, "goal_complete": false, "optimize_days": 5}
{"target": -9999.0, "params": {"ts": 16.19112292109049, "optimize_days_cont": 2.910906277613152, "pre_optlux": 699.7835942543549, "on_time_norm": 0.5829154644665038, "duration_h": [6.0, 16.0]}, "final_J": 1.0389445602379281, "goal_complete": false, "optimize_days": 3}
{"target": -10.291666666666666, "params": {"ts": 87.16572333579319, "optimize_days_cont": 19.36399704765088, "pre_optlux": 765.0125547254927, "on_time_norm": 0.4004229990716831, "duration_h": [6.0, 16.0]}, "final_J": 0.04475015699052391, "goal_complete": true, "optimize_days": 19}
{"target": -11.0, "params": {"ts": 83.00764660756872, "optimize_days_cont": 18.28698222982436, "pre_optlux": 1184.2845115892483, "on_time_norm": 0.06831478431392501, "duration_h": [6.0, 16.0]}, "final_J": 0.008765206511151384, "goal_complete": true, "optimize_days": 18}
{"target": -9999.0, "params": {"ts": 93.98239711040948, "optimize_days_cont": 2.940710497156282, "pre_optlux": 1469.6783471939355, "on_time_norm": 0.35668872437448984, "duration_h": [6.0, 16.0]}, "final_J": 1.0653820504103826, "goal_complete": false, "optimize_days": 3}
{"target": -12.291666666666666, "params": {"ts": 13.155784921739329, "optimize_days_cont": 19.265691674858058, "pre_optlux": 1029.0949266816813, "on_time_norm": 0.9366778098943237, "duration_h": [6.0, 16.0]}, "final_J": 0.08669321157616433, "goal_complete": true, "optimize_days": 19}
{"target": -12.291666666666666, "params": {"ts": 3.755999989112609, "optimize_days_cont": 14.653376179389122, "pre_optlux": 885.6899359223313, "on_time_norm": 0.4711666767597189, "duration_h": [6.0, 16.0]}, "final_J": 0.01146344906078079, "goal_complete": true, "optimize_days": 15}
{"target": -10.875, "params": {"ts": 13.030417978836066, "optimize_days_cont": 13.406878667647605, "pre_optlux": 890.742791160184, "on_time_norm": 0.3320592496439557, "duration_h": [6.0, 16.0]}, "final_J": 0.03619842572372841, "goal_complete": true, "optimize_days": 13}
{"target": -13.958333333333334, "params": {"ts": 51.49838604096821, "optimize_days_cont": 20.0, "pre_optlux": 1117.5524858808046, "on_time_norm": 1.0, "duration_h": [6.0, 16.0]}, "final_J": 0.09729105087434813, "goal_complete": true, "optimize_days": 20}
{"target": -15.0, "params": {"ts": 52.15871253142024, "optimize_days_cont": 17.487949430189214, "pre_optlux": 1095.729209376773, "on_time_norm": 1.0, "duration_h": [6.0, 16.0]}, "final_J": 0.05917468816746672, "goal_complete": true, "optimize_days": 17}
{"target": -13.291666666666666, "params": {"ts": 46.630693776943716, "optimize_days_cont": 20.0, "pre_optlux": 1134.5729455578148, "on_time_norm": 1.0, "duration_h": [6.0, 16.0]}, "final_J": 0.09686670540000406, "goal_complete": true, "optimize_days": 20}
{"target": -9999.0, "params": {"ts": 64.66886811282737, "optimize_days_cont": 5.89807524773097, "pre_optlux": 1088.6282387599538, "on_time_norm": 1.0, "duration_h": [6.0, 16.0]}, "final_J": 0.3938591891969784, "goal_complete": false, "optimize_days": 6}
{"target": -10.958333333333334, "params": {"ts": 43.370159309380625, "optimize_days_cont": 11.804564422449303, "pre_optlux": 1105.8351867773408, "on_time_norm": 1.0, "duration_h": [6.0, 16.0]}, "final_J": 0.06794108895228876, "goal_complete": true, "optimize_days": 12}
{"target": -14.0, "params": {"ts": 37.382376713533176, "optimize_days_cont": 20.0, "pre_optlux": 1091.6329248297473, "on_time_norm": 0.0, "duration_h": [6.0, 16.0]}, "final_J": 0.017350160225515002, "goal_complete": true, "optimize_days": 20}
{"target": -9999.0, "params": {"ts": 11.866060761004487, "optimize_days_cont": 2.9301258058153543, "pre_optlux": 905.4543358227733, "on_time_norm": 1.0, "duration_h": [6.0, 16.0]}, "final_J": 1.1251725604431924, "goal_complete": false, "optimize_days": 3}
{"target": -14.0, "params": {"ts": 40.77637240210807, "optimize_days_cont": 14.69073394346639, "pre_optlux": 1123.248311455834, "on_time_norm": 1.0, "duration_h": [6.0, 16.0]}, "final_J": 0.08490207328863549, "goal_complete": true, "optimize_days": 15}
{"target": -13.0, "params": {"ts": 23.551357650833502, "optimize_days_cont": 20.0, "pre_optlux": 883.4213766282041, "on_time_norm": 0.0, "duration_h": [6.0, 16.0]}, "final_J": 0.07462932153072571, "goal_complete": true, "optimize_days": 20}
{"target": -9999.0, "params": {"ts": 20.539173766018333, "optimize_days_cont": 5.103578763171667, "pre_optlux": 879.0071297770622, "on_time_norm": 0.0, "duration_h": [6.0, 16.0]}, "final_J": 0.5908881468813939, "goal_complete": false, "optimize_days": 5}
{"target": -13.0, "params": {"ts": 21.29060730460477, "optimize_days_cont": 20.0, "pre_optlux": 896.9841071203056, "on_time_norm": 0.0, "duration_h": [6.0, 16.0]}, "final_J": 0.09668669282279545, "goal_complete": true, "optimize_days": 20}
{"target": -7.833333333333333, "params": {"ts": 39.81983012203781, "optimize_days_cont": 8.066796222235949, "pre_optlux": 1090.3468446087766, "on_time_norm": 1.0, "duration_h": [6.0, 16.0]}, "final_J": 0.08101665892383877, "goal_complete": true, "optimize_days": 8}
{"target": -13.958333333333334, "params": {"ts": 33.02596786048298, "optimize_days_cont": 20.0, "pre_optlux": 892.1521579010325, "on_time_norm": 1.0, "duration_h": [6.0, 16.0]}, "final_J": 0.07512483578830655, "goal_complete": true, "optimize_days": 20}
{"target": -16.0, "params": {"ts": 36.34707719388089, "optimize_days_cont": 18.16822349628173, "pre_optlux": 1076.7090497434228, "on_time_norm": 1.0, "duration_h": [6.0, 16.0]}, "final_J": 0.08031940694666148, "goal_complete": true, "optimize_days": 18}
{"target": -13.0, "params": {"ts": 25.88857171389492, "optimize_days_cont": 16.365078048433777, "pre_optlux": 218.21459939697118, "on_time_norm": 0.7088397040253166, "duration_h": [6.0, 16.0]}, "final_J": 0.045443002773666544, "goal_complete": true, "optimize_days": 16}
{"target": -9999.0, "params": {"ts": 31.523255910931958, "optimize_days_cont": 5.325396469040042, "pre_optlux": 1078.312087011675, "on_time_norm": 0.0, "duration_h": [6.0, 16.0]}, "final_J": 0.6300112833168516, "goal_complete": false, "optimize_days": 5}
{"target": -13.291666666666666, "params": {"ts": 45.48466408058853, "optimize_days_cont": 20.0, "pre_optlux": 1084.5840407663643, "on_time_norm": 1.0, "duration_h": [6.0, 16.0]}, "final_J": 0.06603506767887685, "goal_complete": true, "optimize_days": 20}
{"target": -13.291666666666666, "params": {"ts": 13.842356562835185, "optimize_days_cont": 17.669618121635715, "pre_optlux": 207.97356494121564, "on_time_norm": 0.3835220662544161, "duration_h": [6.0, 16.0]}, "final_J": 0.042594706838639286, "goal_complete": true, "optimize_days": 18}
{"target": -9999.0, "params": {"ts": 17.349783486126974, "optimize_days_cont": 4.155586112118908, "pre_optlux": 212.48368812771741, "on_time_norm": 0.7565947070860033, "duration_h": [6.0, 16.0]}, "final_J": 0.8245225645585443, "goal_complete": false, "optimize_days": 4}
{"target": -14.0, "params": {"ts": 16.827822618343937, "optimize_days_cont": 20.0, "pre_optlux": 226.38733020467126, "on_time_norm": 0.0, "duration_h": [6.0, 16.0]}, "final_J": 0.02968568022090214, "goal_complete": true, "optimize_days": 20}
{"target": -14.0, "params": {"ts": 35.2072254824266, "optimize_days_cont": 20.0, "pre_optlux": 227.17109884645856, "on_time_norm": 0.0, "duration_h": [6.0, 16.0]}, "final_J": 0.07247721811777513, "goal_complete": true, "optimize_days": 20}
