{"target": -15.041666666666666, "params": {"ts": 2.7315368221841103, "optimize_days_cont": 17.93989207642491, "pre_optlux": 534.5625760897897, "on_time_norm": 0.2989763774589579, "duration_h": [6.0, 16.0]}, "final_J": 0.00893912804393438, "goal_complete": true, "optimize_days": 18}
{"target": -13.916666666666666, "params": {"ts": 33.12258915034465, "optimize_days_cont": 17.429497347114907, "pre_optlux": 754.1420534887301, "on_time_norm": 0.5482299063500942, "duration_h": [6.0, 16.0]}, "final_J": 0.05779409364882327, "goal_complete": true, "optimize_days": 17}
{"target": -9999.0, "params": {"ts": 12.11889051387827, "optimize_days_cont": 3.6960459421176455, "pre_optlux": 750.6947535614496, "on_time_norm": 0.7319802251869119, "duration_h": [6.0, 16.0]}, "final_J": 1.18324121876985, "goal_complete": false, "optimize_days": 4}
{"target": -9999.0, "params": {"ts": 59.68169648856187, "optimize_days_cont": 7.397563291152543, "pre_optlux": 763.4775581181913, "on_time_norm": 0.18712777283052473, "duration_h": [6.0, 16.0]}, "final_J": 0.5515604649919884, "goal_complete": false, "optimize_days": 7}
{"target": -9999.0, "params": {"ts": 14.07810195464569, "optimize_days_cont": 1.705095984711934, "pre_optlux": 260.68357151399994, "on_time_norm": 0.2134399510803413, "duration_h": [6.0, 16.0]}, "final_J": 1.5555748820278035, "goal_complete": false, "optimize_days": 2}
{"target": -10.291666666666666, "params": {"ts": 65.85156848897378, "optimize_days_cont": 12.18697040043049, "pre_optlux": 926.2278426538624, "on_time_norm": 0.3346853176856943, "duration_h": [6.0, 16.0]}, "final_J": 0.07098238632453481, "goal_complete": true, "optimize_days": 12}
{"target": -12.916666666666666, "params": {"ts": 40.762428500801185, "optimize_days_cont": 13.907171810637996, "pre_optlux": 347.338167787798, "on_time_norm": 0.7887842182981357, "duration_h": [6.0, 16.0]}, "final_J": 0.0611698675885829, "goal_complete": true, "optimize_days": 14}
{"target": -9999.0, "params": {"ts": 61.749408361155254, "optimize_days_cont": 3.889288683364499, "pre_optlux": 1192.0340177006228, "on_time_norm": 0.26311903992324415, "duration_h": [6.0, 16.0]}, "final_J": 1.1772300300362617, "goal_complete": false, "optimize_days": 4}
{"target": -11.958333333333334, "params": {"ts": 29.457782494979018, "optimize_days_cont": 13.381908106047511, "pre_optlux": 1433.2949321141712, "on_time_norm": 0.9184743424662997, "duration_h": [6.0, 16.0]}, "final_J": 0.05855679255932126, "goal_complete": true, "optimize_days": 13}
{"target": -9999.0, "params": {"ts": 34.44157734405684, "optimize_days_cont": 2.711272351651346, "pre_optlux": 1085.331748368608, "on_time_norm": 0.679914691937932, "duration_h": [6.0, 16.0]}, "final_J": 1.3482691088179792, "goal_complete": false, "optimize_days": 3}
{"target": -11.0, "params": {"ts": 65.9505939682147, "optimize_days_cont": 12.086469798544293, "pre_optlux": 925.7633096638418, "on_time_norm": 0.5420517879305952, "duration_h": [6.0, 16.0]}, "final_J": 0.06370073242115525, "goal_complete": true, "optimize_days": 12}
{"target": -9.0, "params": {"ts": 82.08141581541858, "optimize_days_cont": 9.785057959518491, "pre_optlux": 933.5943634640674, "on_time_norm": 0.06667379687737508, "duration_h": [6.0, 16.0]}, "final_J": 0.07336190674949962, "goal_complete": true, "optimize_days": 10}
{"target": -15.958333333333334, "params": {"ts": 82.90369626411021, "optimize_days_cont": 20.0, "pre_optlux": 914.689344497586, "on_time_norm": 0.0, "duration_h": [6.0, 16.0]}, "final_J": 0.01161870354110167, "goal_complete": true, "optimize_days": 20}
{"target": -9999.0, "params": {"ts": 74.80314090228079, "optimize_days_cont": 1.0, "pre_optlux": 905.9849227745041, "on_time_norm": 0.0, "duration_h": [6.0, 16.0]}, "final_J": 1.678808256314336, "goal_complete": false, "optimize_days": 1}
{"target": -19.0, "params": {"ts": 70.33962063858073, "optimize_days_cont": 20.0, "pre_optlux": 939.1050086936326, "on_time_norm": 1.0, "duration_h": [6.0, 16.0]}, "final_J": 0.10416400222267608, "goal_complete": true, "optimize_days": 20}
{"target": -19.291666666666668, "params": {"ts": 98.54083032856906, "optimize_days_cont": 20.0, "pre_optlux": 926.2414838614388, "on_time_norm": 1.0, "duration_h": [6.0, 16.0]}, "final_J": 0.12061333742650902, "goal_complete": true, "optimize_days": 20}
{"target": -14.291666666666666, "params": {"ts": 47.86522473384058, "optimize_days_cont": 16.506858817839372, "pre_optlux": 370.13697922749174, "on_time_norm": 0.682116525568966, "duration_h": [6.0, 16.0]}, "final_J": 0.043190536135453546, "goal_complete": true, "optimize_days": 17}
{"target": -16.0, "params": {"ts": 23.681797998881443, "optimize_days_cont": 18.63348865035109, "pre_optlux": 364.82071866696083, "on_time_norm": 0.3283582014200362, "duration_h": [6.0, 16.0]}, "final_J": 0.04262803111510059, "goal_complete": true, "optimize_days": 19}
{"target": -9999.0, "params": {"ts": 29.46605243212914, "optimize_days_cont": 1.0, "pre_optlux": 381.1881052135964, "on_time_norm": 1.0, "duration_h": [6.0, 16.0]}, "final_J": 1.6795711813907748, "goal_complete": false, "optimize_days": 1}
{"target": -17.291666666666668, "params": {"ts": 59.26423363459212, "optimize_days_cont": 20.0, "pre_optlux": 354.93737766025026, "on_time_norm": 0.0, "duration_h": [6.0, 16.0]}, "final_J": 0.06886281600420906, "goal_complete": true, "optimize_days": 20}
{"target": -15.958333333333334, "params": {"ts": 17.600233005312774, "optimize_days_cont": 20.0, "pre_optlux": 342.6492958491373, "on_time_norm": 0.0, "duration_h": [6.0, 16.0]}, "final_J": 0.039862089013798487, "goal_complete": true, "optimize_days": 20}
{"target": -15.291666666666666, "params": {"ts": 40.25638441206193, "optimize_days_cont": 19.702352387862145, "pre_optlux": 1455.9959683579364, "on_time_norm": 0.7527820060579714, "duration_h": [6.0, 16.0]}, "final_J": 0.09824443347678835, "goal_complete": true, "optimize_days": 20}
{"target": -9999.0, "params": {"ts": 15.81922887453351, "optimize_days_cont": 9.275046094214186, "pre_optlux": 1455.757955320519, "on_time_norm": 0.19248438897787265, "duration_h": [6.0, 16.0]}, "final_J": 0.3493752951578427, "goal_complete": false, "optimize_days": 9}
{"target": -15.958333333333334, "params": {"ts": 50.33576043134491, "optimize_days_cont": 20.0, "pre_optlux": 1436.1896972280995, "on_time_norm": 1.0, "duration_h": [6.0, 16.0]}, "final_J": 0.07217858897374262, "goal_complete": true, "optimize_days": 20}
{"target": -15.0, "params": {"ts": 37.65098171571344, "optimize_days_cont": 20.0, "pre_optlux": 1412.5748921046093, "on_time_norm": 1.0, "duration_h": [6.0, 16.0]}, "final_J": 0.10524042175722506, "goal_complete": true, "optimize_days": 20}
{"target": -9999.0, "params": {"ts": 46.149486715516055, "optimize_days_cont": 1.0, "pre_optlux": 1422.1170158831571, "on_time_norm": 0.0, "duration_h": [6.0, 16.0]}, "final_J": 1.680094417368117, "goal_complete": false, "optimize_days": 1}
{"target": -15.0, "params": {"ts": 17.896198063314387, "optimize_days_cont": 20.0, "pre_optlux": 1416.8415251438494, "on_time_norm": 1.0, "duration_h": [6.0, 16.0]}, "final_J": 0.08607388656604004, "goal_complete": true, "optimize_days": 20}
{"target": -19.041666666666668, "params": {"ts": 61.82998780029885, "optimize_days_cont": 20.0, "pre_optlux": 1457.332372392962, "on_time_norm": 1.0, "duration_h": [6.0, 16.0]}, "final_J": 0.0929778380019008, "goal_complete": true, "optimize_days": 20}
{"target": -18.291666666666668, "params": {"ts": 71.7321115145053, "optimize_days_cont": 20.0, "pre_optlux": 374.4200268299688, "on_time_norm": 1.0, "duration_h": [6.0, 16.0]}, "final_J": 0.11468577873071648, "goal_complete": true, "optimize_days": 20}
{"target": -9999.0, "params": {"ts": 68.32311699962762, "optimize_days_cont": 1.0, "pre_optlux": 359.328066426886, "on_time_norm": 1.0, "duration_h": [6.0, 16.0]}, "final_J": 1.6795269048430332, "goal_complete": false, "optimize_days": 1}
{"target": -14.958333333333334, "params": {"ts": 36.47211418980036, "optimize_days_cont": 20.0, "pre_optlux": 329.23832279328286, "on_time_norm": 0.0, "duration_h": [6.0, 16.0]}, "final_J": 0.04455290008545555, "goal_complete": true, "optimize_days": 20}
{"target": -9999.0, "params": {"ts": 25.85119761930182, "optimize_days_cont": 1.0, "pre_optlux": 334.85309424049996, "on_time_norm": 0.0, "duration_h": [6.0, 16.0]}, "final_J": 1.6796843233037582, "goal_complete": false, "optimize_days": 1}
{"target": -16.958333333333332, "params": {"ts": 40.06616167778423, "optimize_days_cont": 20.0, "pre_optlux": 358.14878189251704, "on_time_norm": 0.0, "duration_h": [6.0, 16.0]}, "final_J": 0.06165428223002692, "goal_complete": true, "optimize_days": 20}
{"target": -17.0, "params": {"ts": 54.73697236553803, "optimize_days_cont": 20.0, "pre_optlux": 334.33264806999495, "on_time_norm": 0.0, "duration_h": [6.0, 16.0]}, "final_J": 0.07401240898267529, "goal_complete": true, "optimize_days": 20}
{"target": -17.0, "params": {"ts": 60.55399841257892, "optimize_days_cont": 20.0, "pre_optlux": 388.5197658229193, "on_time_norm": 0.0, "duration_h": [6.0, 16.0]}, "final_J": 0.06428035550197944, "goal_complete": true, "optimize_days": 20}
{"target": -19.0, "params": {"ts": 81.58596992055519, "optimize_days_cont": 20.0, "pre_optlux": 395.884657689201, "on_time_norm": 1.0, "duration_h": [6.0, 16.0]}, "final_J": 0.11642151287676687, "goal_complete": true, "optimize_days": 20}
{"target": -19.916666666666668, "params": {"ts": 95.31432025801028, "optimize_days_cont": 20.0, "pre_optlux": 949.8626012456002, "on_time_norm": 1.0, "duration_h": [6.0, 16.0]}, "final_J": 0.12204477321832997, "goal_complete": true, "optimize_days": 20}
{"target": -9999.0, "params": {"ts": 76.10063485516196, "optimize_days_cont": 4.5012846748230535, "pre_optlux": 959.1840311733779, "on_time_norm": 1.0, "duration_h": [6.0, 16.0]}, "final_J": 1.058441773517947, "goal_complete": false, "optimize_days": 5}
{"target": -14.0, "params": {"ts": 23.59923342207421, "optimize_days_cont": 15.643551176258018, "pre_optlux": 542.7941666984526, "on_time_norm": 0.9377323031401502, "duration_h": [6.0, 16.0]}, "final_J": 0.04478506144662647, "goal_complete": true, "optimize_days": 16}
{"target": -12.958333333333334, "params": {"ts": 5.710314183780213, "optimize_days_cont": 14.465120708371973, "pre_optlux": 557.3133427349801, "on_time_norm": 0.6735094916120469, "duration_h": [6.0, 16.0]}, "final_J": 0.05761868794624996, "goal_complete": true, "optimize_days": 14}
{"target": -10.291666666666666, "params": {"ts": 23.105816836200347, "optimize_days_cont": 10.940103486612847, "pre_optlux": 893.4469663845945, "on_time_norm": 0.045601950132806324, "duration_h": [6.0, 16.0]}, "final_J": 0.12853327414978605, "goal_complete": true, "optimize_days": 11}
{"target": -11.958333333333334, "params": {"ts": 23.08501322743759, "optimize_days_cont": 14.085797074605773, "pre_optlux": 371.03742375121396, "on_time_norm": 0.07032486680550032, "duration_h": [6.0, 16.0]}, "final_J": 0.02726502444011858, "goal_complete": true, "optimize_days": 14}
{"target": -9999.0, "params": {"ts": 56.804456643247704, "optimize_days_cont": 2.481854448409754, "pre_optlux": 1125.5646900185338, "on_time_norm": 0.15845217352316643, "duration_h": [6.0, 16.0]}, "final_J": 1.5402365199488064, "goal_complete": false, "optimize_days": 2}
{"target": -11.875, "params": {"ts": 30.055238354117552, "optimize_days_cont": 14.235603569963303, "pre_optlux": 776.7565188542048, "on_time_norm": 0.21506214371433952, "duration_h": [6.0, 16.0]}, "final_J": 0.03445893392227484, "goal_complete": true, "optimize_days": 14}
{"target": -11.291666666666666, "params": {"ts": 12.966996402356731, "optimize_days_cont": 18.436053147149774, "pre_optlux": 914.702543770914, "on_time_norm": 0.47201931574192724, "duration_h": [6.0, 16.0]}, "final_J": 0.02320977000596768, "goal_complete": true, "optimize_days": 18}
{"target": -13.0, "params": {"ts": 5.278357243925987, "optimize_days_cont": 15.296453422239487, "pre_optlux": 883.4132092262794, "on_time_norm": 0.7671904257147006, "duration_h": [6.0, 16.0]}, "final_J": 0.006248429321281868, "goal_complete": true, "optimize_days": 15}
{"target": -12.291666666666666, "params": {"ts": 8.149916558088384, "optimize_days_cont": 13.534600853749103, "pre_optlux": 221.95410676473352, "on_time_norm": 0.6850244527227007, "duration_h": [6.0, 16.0]}, "final_J": 0.018291886843019786, "goal_complete": true, "optimize_days": 14}
{"target": -11.291666666666666, "params": {"ts": 47.331618590616145, "optimize_days_cont": 13.56012736053423, "pre_optlux": 1081.454953100926, "on_time_norm": 0.2633294844455638, "duration_h": [6.0, 16.0]}, "final_J": 0.029978754927053337, "goal_complete": true, "optimize_days": 14}
{"target": -15.0, "params": {"ts": 77.35815021585175, "optimize_days_cont": 16.50670419948814, "pre_optlux": 338.51616506019934, "on_time_norm": 0.5780067455748411, "duration_h": [6.0, 16.0]}, "final_J": 0.06847824884903866, "goal_complete": true, "optimize_days": 17}
{"target": -9999.0, "params": {"ts": 23.989333259437583, "optimize_days_cont": 4.774231318116989, "pre_optlux": 516.5125439397189, "on_time_norm": 0.976852764010693, "duration_h": [6.0, 16.0]}, "final_J": 0.9944794983955038, "goal_complete": false, "optimize_days": 5}
{"target": -9999.0, "params": {"ts": 36.28433428914752, "optimize_days_cont": 1.3495989859817095, "pre_optlux": 982.6668639532691, "on_time_norm": 0.23040538778108444, "duration_h": [6.0, 16.0]}, "final_J": 1.6797917635636275, "goal_complete": false, "optimize_days": 1}
{"target": -8.958333333333334, "params": {"ts": 58.84077063109376, "optimize_days_cont": 8.981967537205383, "pre_optlux": 1107.491323463064, "on_time_norm": 0.9720455259033695, "duration_h": [6.0, 16.0]}, "final_J": 0.16787387217967553, "goal_complete": true, "optimize_days": 9}
{"target": -14.958333333333334, "params": {"ts": 43.63486278650694, "optimize_days_cont": 19.196843396417563, "pre_optlux": 214.47343649160942, "on_time_norm": 0.7327818008916883, "duration_h": [6.0, 16.0]}, "final_J": 0.03140124798383888, "goal_complete": true, "optimize_days": 19}
{"target": -10.875, "params": {"ts": 53.17351161162144, "optimize_days_cont": 11.772761585575223, "pre_optlux": 1125.9760864836403, "on_time_norm": 0.6826033501652629, "duration_h": [6.0, 16.0]}, "final_J": 0.004421535440591113, "goal_complete": true, "optimize_days": 12}
{"target": -9999.0, "params": {"ts": 12.171706697977584, "optimize_days_cont": 4.784090011256047, "pre_optlux": 1123.7809591132172, "on_time_norm": 0.39386732248283196, "duration_h": [6.0, 16.0]}, "final_J": 0.9820834403695045, "goal_complete": false, "optimize_days": 5}
{"target": -9999.0, "params": {"ts": 16.19112292109049, "optimize_days_cont": 2.910906277613152, "pre_optlux": 699.7835942543549, "on_time_norm": 0.5829154644665038, "duration_h": [6.0, 16.0]}, "final_J": 1.395171038261388, "goal_complete": false, "optimize_days": 3}
{"target": -13.291666666666666, "params": {"ts": 87.16572333579319, "optimize_days_cont": 19.36399704765088, "pre_optlux": 765.0125547254927, "on_time_norm": 0.4004229990716831, "duration_h": [6.0, 16.0]}, "final_J": 0.04927104898827092, "goal_complete": true, "optimize_days": 19}
{"target": -12.291666666666666, "params": {"ts": 83.00764660756872, "optimize_days_cont": 18.28698222982436, "pre_optlux": 1184.2845115892483, "on_time_norm": 0.06831478431392501, "duration_h": [6.0, 16.0]}, "final_J": 0.00624277657535206, "goal_complete": true, "optimize_days": 18}
{"target": -9999.0, "params": {"ts": 93.98239711040948, "optimize_days_cont": 2.940710497156282, "pre_optlux": 1469.6783471939355, "on_time_norm": 0.35668872437448984, "duration_h": [6.0, 16.0]}, "final_J": 1.421185934040515, "goal_complete": false, "optimize_days": 3}
{"target": -15.291666666666666, "params": {"ts": 13.155784921739329, "optimize_days_cont": 19.265691674858058, "pre_optlux": 1029.0949266816813, "on_time_norm": 0.9366778098943237, "duration_h": [6.0, 16.0]}, "final_J": 0.021879705655177058, "goal_complete": true, "optimize_days": 19}
{"target": -13.291666666666666, "params": {"ts": 3.755999989112609, "optimize_days_cont": 14.653376179389122, "pre_optlux": 885.6899359223313, "on_time_norm": 0.4711666767597189, "duration_h": [6.0, 16.0]}, "final_J": 0.01415702809455488, "goal_complete": true, "optimize_days": 15}
{"target": -11.291666666666666, "params": {"ts": 13.031840253865235, "optimize_days_cont": 13.40308010508981, "pre_optlux": 890.7380006062233, "on_time_norm": 0.3314742941670689, "duration_h": [6.0, 16.0]}, "final_J": 0.022839671254011693, "goal_complete": true, "optimize_days": 13}
{"target": -15.291666666666666, "params": {"ts": 51.500108431436665, "optimize_days_cont": 20.0, "pre_optlux": 1117.5564029094553, "on_time_norm": 1.0, "duration_h": [6.0, 16.0]}, "final_J": 0.09401100295076448, "goal_complete": true, "optimize_days": 20}
{"target": -15.958333333333334, "params": {"ts": 52.1506094230949, "optimize_days_cont": 17.4803720649857, "pre_optlux": 1095.7311078394794, "on_time_norm": 1.0, "duration_h": [6.0, 16.0]}, "final_J": 0.07544039297231246, "goal_complete": true, "optimize_days": 17}
{"target": -18.291666666666668, "params": {"ts": 46.6342983310591, "optimize_days_cont": 20.0, "pre_optlux": 1134.5717465535074, "on_time_norm": 1.0, "duration_h": [6.0, 16.0]}, "final_J": 0.06885124750881265, "goal_complete": true, "optimize_days": 20}
{"target": -9999.0, "params": {"ts": 64.66945072743732, "optimize_days_cont": 5.9149401483952975, "pre_optlux": 1088.6348902291647, "on_time_norm": 1.0, "duration_h": [6.0, 16.0]}, "final_J": 0.7627952653440584, "goal_complete": false, "optimize_days": 6}
{"target": -10.833333333333334, "params": {"ts": 43.37998337317916, "optimize_days_cont": 11.802666100558099, "pre_optlux": 1105.8489378270663, "on_time_norm": 1.0, "duration_h": [6.0, 16.0]}, "final_J": 0.014646106690655192, "goal_complete": true, "optimize_days": 12}
{"target": -15.0, "params": {"ts": 37.38089790127351, "optimize_days_cont": 20.0, "pre_optlux": 1091.6294424338503, "on_time_norm": 0.0, "duration_h": [6.0, 16.0]}, "final_J": 0.02064491311108432, "goal_complete": true, "optimize_days": 20}
{"target": -9999.0, "params": {"ts": 11.857138390115912, "optimize_days_cont": 2.941327954393092, "pre_optlux": 905.4453196144091, "on_time_norm": 1.0, "duration_h": [6.0, 16.0]}, "final_J": 1.406976558575039, "goal_complete": false, "optimize_days": 3}
{"target": -13.916666666666666, "params": {"ts": 40.78249888707314, "optimize_days_cont": 14.686780570321183, "pre_optlux": 1123.245881040822, "on_time_norm": 1.0, "duration_h": [6.0, 16.0]}, "final_J": 0.05163166462849587, "goal_complete": true, "optimize_days": 15}
{"target": -15.291666666666666, "params": {"ts": 23.545227095132333, "optimize_days_cont": 20.0, "pre_optlux": 883.4265842667553, "on_time_norm": 0.0, "duration_h": [6.0, 16.0]}, "final_J": 0.08225722998695802, "goal_complete": true, "optimize_days": 20}
{"target": -9999.0, "params": {"ts": 20.538008143724987, "optimize_days_cont": 5.107284690815018, "pre_optlux": 879.0130007239101, "on_time_norm": 0.0, "duration_h": [6.0, 16.0]}, "final_J": 0.982268719673074, "goal_complete": false, "optimize_days": 5}
{"target": -16.0, "params": {"ts": 21.278455597567827, "optimize_days_cont": 20.0, "pre_optlux": 896.9769406889097, "on_time_norm": 0.0, "duration_h": [6.0, 16.0]}, "final_J": 0.04819786066899121, "goal_complete": true, "optimize_days": 20}
{"target": -9999.0, "params": {"ts": 39.839860914299535, "optimize_days_cont": 8.063074305566346, "pre_optlux": 1090.3680206312524, "on_time_norm": 1.0, "duration_h": [6.0, 16.0]}, "final_J": 0.3552076416791212, "goal_complete": false, "optimize_days": 8}
{"target": -11.916666666666666, "params": {"ts": 51.58952973209277, "optimize_days_cont": 17.897818835178782, "pre_optlux": 1106.273796439473, "on_time_norm": 0.3346142143539693, "duration_h": [6.0, 16.0]}, "final_J": 0.00963943716130755, "goal_complete": true, "optimize_days": 18}
{"target": -15.291666666666666, "params": {"ts": 48.00245903286756, "optimize_days_cont": 20.0, "pre_optlux": 1125.8415343534805, "on_time_norm": 0.0, "duration_h": [6.0, 16.0]}, "final_J": 0.010513887351993463, "goal_complete": true, "optimize_days": 20}
{"target": -15.0, "params": {"ts": 29.7714262648017, "optimize_days_cont": 20.0, "pre_optlux": 891.3234859332631, "on_time_norm": 1.0, "duration_h": [6.0, 16.0]}, "final_J": 0.08907730370374299, "goal_complete": true, "optimize_days": 20}
{"target": -15.958333333333334, "params": {"ts": 37.69166172562321, "optimize_days_cont": 20.0, "pre_optlux": 1107.7704929459112, "on_time_norm": 0.0, "duration_h": [6.0, 16.0]}, "final_J": 0.017813700031298698, "goal_complete": true, "optimize_days": 20}
{"target": -15.958333333333334, "params": {"ts": 41.81595860077437, "optimize_days_cont": 20.0, "pre_optlux": 1072.2897858378958, "on_time_norm": 0.0, "duration_h": [6.0, 16.0]}, "final_J": 0.009709282697732751, "goal_complete": true, "optimize_days": 20}
{"target": -14.0, "params": {"ts": 25.878528202842915, "optimize_days_cont": 16.363517463998445, "pre_optlux": 218.21669395572155, "on_time_norm": 0.7088725137456587, "duration_h": [6.0, 16.0]}, "final_J": 0.048910220276489134, "goal_complete": true, "optimize_days": 16}
{"target": -9999.0, "params": {"ts": 16.478592089628656, "optimize_days_cont": 5.916056398756967, "pre_optlux": 211.84221992459862, "on_time_norm": 0.07226792656267135, "duration_h": [6.0, 16.0]}, "final_J": 0.7837230281738907, "goal_complete": false, "optimize_days": 6}
{"target": -17.0, "params": {"ts": 17.791341124806266, "optimize_days_cont": 20.0, "pre_optlux": 228.19664628913625, "on_time_norm": 1.0, "duration_h": [6.0, 16.0]}, "final_J": 0.06000236371296039, "goal_complete": true, "optimize_days": 20}
{"target": -17.0, "params": {"ts": 34.77641392318297, "optimize_days_cont": 20.0, "pre_optlux": 226.03647171670968, "on_time_norm": 1.0, "duration_h": [6.0, 16.0]}, "final_J": 0.06311758825687756, "goal_complete": true, "optimize_days": 20}
