{"target": -17.958333333333332, "params": {"ts": 1.9011600389683123, "optimize_days_cont": 20.0, "pre_optlux": 231.0918574654594, "on_time_norm": 1.0, "duration_h": [6.0, 16.0]}, "final_J": 0.0574699240411723, "goal_complete": true, "optimize_days": 20}
{"target": -11.0, "params": {"ts": 9.795854107555728, "optimize_days_cont": 12.171702415529872, "pre_optlux": 236.25329909056683, "on_time_norm": 1.0, "duration_h": [6.0, 16.0]}, "final_J": 0.09051488658989486, "goal_complete": true, "optimize_days": 12}
{"target": -12.0, "params": {"ts": 27.4346898897692, "optimize_days_cont": 12.766724121139461, "pre_optlux": 234.83120879377176, "on_time_norm": 0.0, "duration_h": [6.0, 16.0]}, "final_J": 0.10436755561758652, "goal_complete": true, "optimize_days": 13}
{"target": -9999.0, "params": {"ts": 41.34577219553451, "optimize_days_cont": 8.156633008477037, "pre_optlux": 225.63165615296467, "on_time_norm": 1.0, "duration_h": [6.0, 16.0]}, "final_J": 0.3448669647673625, "goal_complete": false, "optimize_days": 8}
{"target": -17.291666666666668, "params": {"ts": 20.3902751980262, "optimize_days_cont": 20.0, "pre_optlux": 242.80159626188254, "on_time_norm": 0.0, "duration_h": [6.0, 16.0]}, "final_J": 0.05495392761026788, "goal_complete": true, "optimize_days": 20}
{"target": -17.0, "params": {"ts": 34.036751005396766, "optimize_days_cont": 20.0, "pre_optlux": 208.77162530824546, "on_time_norm": 1.0, "duration_h": [6.0, 16.0]}, "final_J": 0.07529307708754096, "goal_complete": true, "optimize_days": 20}
{"target": -9999.0, "params": {"ts": 19.133551394079, "optimize_days_cont": 5.845037625644222, "pre_optlux": 240.7860339705467, "on_time_norm": 0.0, "duration_h": [6.0, 16.0]}, "final_J": 0.7684806103951891, "goal_complete": false, "optimize_days": 6}
{"target": -17.041666666666668, "params": {"ts": 10.138797530207563, "optimize_days_cont": 20.0, "pre_optlux": 229.496088483001, "on_time_norm": 0.0, "duration_h": [6.0, 16.0]}, "final_J": 0.05148658693284949, "goal_complete": true, "optimize_days": 20}
{"target": -15.0, "params": {"ts": 47.66339184048641, "optimize_days_cont": 20.0, "pre_optlux": 202.88114255864105, "on_time_norm": 0.0, "duration_h": [6.0, 16.0]}, "final_J": 0.02270246755560093, "goal_complete": true, "optimize_days": 20}
{"target": -15.958333333333334, "params": {"ts": 28.001554044171105, "optimize_days_cont": 20.0, "pre_optlux": 908.3566751642259, "on_time_norm": 0.0, "duration_h": [6.0, 16.0]}, "final_J": 0.013464827687763718, "goal_complete": true, "optimize_days": 20}
{"target": -19.0, "params": {"ts": 59.8752915433418, "optimize_days_cont": 20.0, "pre_optlux": 1130.4006979076687, "on_time_norm": 1.0, "duration_h": [6.0, 16.0]}, "final_J": 0.09842977632559394, "goal_complete": true, "optimize_days": 20}
{"target": -14.958333333333334, "params": {"ts": 24.201304119291056, "optimize_days_cont": 20.0, "pre_optlux": 921.4518209817012, "on_time_norm": 0.0, "duration_h": [6.0, 16.0]}, "final_J": 0.09694394946507029, "goal_complete": true, "optimize_days": 20}
{"target": -12.916666666666666, "params": {"ts": 36.826838704419586, "optimize_days_cont": 14.269490590714994, "pre_optlux": 900.6375987157963, "on_time_norm": 0.0, "duration_h": [6.0, 16.0]}, "final_J": 0.05132119538040912, "goal_complete": true, "optimize_days": 14}
{"target": -18.0, "params": {"ts": 1.7581340064280666, "optimize_days_cont": 20.0, "pre_optlux": 244.9796152088762, "on_time_norm": 1.0, "duration_h": [6.0, 16.0]}, "final_J": 0.07892678959839959, "goal_complete": true, "optimize_days": 20}
{"target": -17.958333333333332, "params": {"ts": 40.18881994000984, "optimize_days_cont": 20.0, "pre_optlux": 915.9475030826999, "on_time_norm": 1.0, "duration_h": [6.0, 16.0]}, "final_J": 0.055987037594052984, "goal_complete": true, "optimize_days": 20}
{"target": -16.0, "params": {"ts": 12.680342413065548, "optimize_days_cont": 20.0, "pre_optlux": 929.8242512765225, "on_time_norm": 0.0, "duration_h": [6.0, 16.0]}, "final_J": 0.019359651789889243, "goal_complete": true, "optimize_days": 20}
{"target": -14.958333333333334, "params": {"ts": 34.18301722358984, "optimize_days_cont": 20.0, "pre_optlux": 930.2616063646801, "on_time_norm": 1.0, "duration_h": [6.0, 16.0]}, "final_J": 0.08211090081120466, "goal_complete": true, "optimize_days": 20}
{"target": -10.374270679484987, "params": {"ts": 23.105816836200347, "optimize_days_cont": 10.940103486612847, "pre_optlux": 893.4469663845945, "on_time_norm": 0.045601950132806324, "duration_h": [6.0, 16.0]}, "final_J": 0.12853327414978605, "goal_complete": true, "optimize_days": 11}
{"target": -11.962050241121934, "params": {"ts": 23.08501322743759, "optimize_days_cont": 14.085797074605773, "pre_optlux": 371.03742375121396, "on_time_norm": 0.07032486680550032, "duration_h": [6.0, 16.0]}, "final_J": 0.02726502444011858, "goal_complete": true, "optimize_days": 14}
{"target": -13.86164268692005, "params": {"ts": 56.804456643247704, "optimize_days_cont": 2.481854448409754, "pre_optlux": 1125.5646900185338, "on_time_norm": 0.15845217352316643, "duration_h": [6.0, 16.0]}, "final_J": 1.5402365199488064, "goal_complete": false, "optimize_days": 2}
{"target": -11.880937090635298, "params": {"ts": 30.055238354117552, "optimize_days_cont": 14.235603569963303, "pre_optlux": 776.7565188542048, "on_time_norm": 0.21506214371433952, "duration_h": [6.0, 16.0]}, "final_J": 0.03445893392227484, "goal_complete": true, "optimize_days": 14}
{"target": -11.294360133785316, "params": {"ts": 12.966996402356731, "optimize_days_cont": 18.436053147149774, "pre_optlux": 914.702543770914, "on_time_norm": 0.47201931574192724, "duration_h": [6.0, 16.0]}, "final_J": 0.02320977000596768, "goal_complete": true, "optimize_days": 18}
{"target": -13.000195214344915, "params": {"ts": 5.278357243925987, "optimize_days_cont": 15.296453422239487, "pre_optlux": 883.4132092262794, "on_time_norm": 0.7671904257147006, "duration_h": [6.0, 16.0]}, "final_J": 0.006248429321281868, "goal_complete": true, "optimize_days": 15}
{"target": -12.293339632288056, "params": {"ts": 8.149916558088384, "optimize_days_cont": 13.534600853749103, "pre_optlux": 221.95410676473352, "on_time_norm": 0.6850244527227007, "duration_h": [6.0, 16.0]}, "final_J": 0.018291886843019786, "goal_complete": true, "optimize_days": 14}
{"target": -11.296160295401547, "params": {"ts": 47.331618590616145, "optimize_days_cont": 13.56012736053423, "pre_optlux": 1081.454953100926, "on_time_norm": 0.2633294844455638, "duration_h": [6.0, 16.0]}, "final_J": 0.029978754927053337, "goal_complete": true, "optimize_days": 14}
{"target": -15.023446352827154, "params": {"ts": 77.35815021585175, "optimize_days_cont": 16.50670419948814, "pre_optlux": 338.51616506019934, "on_time_norm": 0.5780067455748411, "duration_h": [6.0, 16.0]}, "final_J": 0.06847824884903866, "goal_complete": true, "optimize_days": 17}
{"target": -9.944947363644864, "params": {"ts": 23.989333259437583, "optimize_days_cont": 4.774231318116989, "pre_optlux": 516.5125439397189, "on_time_norm": 0.976852764010693, "duration_h": [6.0, 16.0]}, "final_J": 0.9944794983955038, "goal_complete": false, "optimize_days": 5}
{"target": -15.10850184468101, "params": {"ts": 36.28433428914752, "optimize_days_cont": 1.3495989859817095, "pre_optlux": 982.6668639532691, "on_time_norm": 0.23040538778108444, "duration_h": [6.0, 16.0]}, "final_J": 1.6797917635636275, "goal_complete": false, "optimize_days": 1}
{"target": -9.099241518136324, "params": {"ts": 58.84077063109376, "optimize_days_cont": 8.981967537205383, "pre_optlux": 1107.491323463064, "on_time_norm": 0.9720455259033695, "duration_h": [6.0, 16.0]}, "final_J": 0.16787387217967553, "goal_complete": true, "optimize_days": 9}
{"target": -14.963263525208047, "params": {"ts": 43.63486278650694, "optimize_days_cont": 19.196843396417563, "pre_optlux": 214.47343649160942, "on_time_norm": 0.7327818008916883, "duration_h": [6.0, 16.0]}, "final_J": 0.03140124798383888, "goal_complete": true, "optimize_days": 19}
{"target": -10.875097749878263, "params": {"ts": 53.17351161162144, "optimize_days_cont": 11.772761585575223, "pre_optlux": 1125.9760864836403, "on_time_norm": 0.6826033501652629, "duration_h": [6.0, 16.0]}, "final_J": 0.004421535440591113, "goal_complete": true, "optimize_days": 12}
{"target": -9.822439419240009, "params": {"ts": 12.171706697977584, "optimize_days_cont": 4.784090011256047, "pre_optlux": 1123.7809591132172, "on_time_norm": 0.39386732248283196, "duration_h": [6.0, 16.0]}, "final_J": 0.9820834403695045, "goal_complete": false, "optimize_days": 5}
{"target": -12.732511130016796, "params": {"ts": 16.19112292109049, "optimize_days_cont": 2.910906277613152, "pre_optlux": 699.7835942543549, "on_time_norm": 0.5829154644665038, "duration_h": [6.0, 16.0]}, "final_J": 1.395171038261388, "goal_complete": false, "optimize_days": 3}
{"target": -13.303804848008689, "params": {"ts": 87.16572333579319, "optimize_days_cont": 19.36399704765088, "pre_optlux": 765.0125547254927, "on_time_norm": 0.4004229990716831, "duration_h": [6.0, 16.0]}, "final_J": 0.04927104898827092, "goal_complete": true, "optimize_days": 19}
{"target": -12.291861527963515, "params": {"ts": 83.00764660756872, "optimize_days_cont": 18.28698222982436, "pre_optlux": 1184.2845115892483, "on_time_norm": 0.06831478431392501, "duration_h": [6.0, 16.0]}, "final_J": 0.00624277657535206, "goal_complete": true, "optimize_days": 18}
{"target": -13.098847295573057, "params": {"ts": 93.98239711040948, "optimize_days_cont": 2.940710497156282, "pre_optlux": 1469.6783471939355, "on_time_norm": 0.35668872437448984, "duration_h": [6.0, 16.0]}, "final_J": 1.421185934040515, "goal_complete": false, "optimize_days": 3}
{"target": -15.294060274264451, "params": {"ts": 13.155784921739329, "optimize_days_cont": 19.265691674858058, "pre_optlux": 1029.0949266816813, "on_time_norm": 0.9366778098943237, "duration_h": [6.0, 16.0]}, "final_J": 0.021879705655177058, "goal_complete": true, "optimize_days": 19}
{"target": -12.560796264392096, "params": {"ts": 24.03431972771983, "optimize_days_cont": 3.4638758308796778, "pre_optlux": 516.7157308224615, "on_time_norm": 0.2863998695223573, "duration_h": [6.0, 16.0]}, "final_J": 1.382808465724165, "goal_complete": false, "optimize_days": 3}
{"target": -9.928387002687538, "params": {"ts": 71.06075377929265, "optimize_days_cont": 10.834209230834503, "pre_optlux": 697.6126357811883, "on_time_norm": 0.1821656960004856, "duration_h": [6.0, 16.0]}, "final_J": 0.04841556778738022, "goal_complete": true, "optimize_days": 11}
{"target": -8.555666173331087, "params": {"ts": 95.36666773510326, "optimize_days_cont": 7.402148881255965, "pre_optlux": 522.9919416733685, "on_time_norm": 0.9818998646692884, "duration_h": [6.0, 16.0]}, "final_J": 0.5577931826996608, "goal_complete": false, "optimize_days": 7}
{"target": -17.35299284588248, "params": {"ts": 82.96430837043908, "optimize_days_cont": 18.166234056688662, "pre_optlux": 1089.3571274736905, "on_time_norm": 0.9772761070910743, "duration_h": [6.0, 16.0]}, "final_J": 0.11074852524147642, "goal_complete": true, "optimize_days": 18}
{"target": -11.316034429810763, "params": {"ts": 80.03382316855014, "optimize_days_cont": 13.145394703570366, "pre_optlux": 822.6009718947456, "on_time_norm": 0.5914600248905477, "duration_h": [6.0, 16.0]}, "final_J": 0.06981083460910324, "goal_complete": true, "optimize_days": 13}
{"target": -10.988926860207025, "params": {"ts": 87.114025620575, "optimize_days_cont": 12.343144909459884, "pre_optlux": 169.53751008347774, "on_time_norm": 0.6083295605986577, "duration_h": [6.0, 16.0]}, "final_J": 0.07822215398937955, "goal_complete": true, "optimize_days": 12}
{"target": -10.951231232129675, "params": {"ts": 46.12771787274602, "optimize_days_cont": 12.134875042552729, "pre_optlux": 1047.0570477030346, "on_time_norm": 0.2300838483251404, "duration_h": [6.0, 16.0]}, "final_J": 0.0831439299804971, "goal_complete": true, "optimize_days": 12}
{"target": -11.323239512358036, "params": {"ts": 5.028219263583043, "optimize_days_cont": 10.9368393550141, "pre_optlux": 207.47249997408184, "on_time_norm": 0.2495093468533479, "duration_h": [6.0, 16.0]}, "final_J": 0.2542595179567667, "goal_complete": false, "optimize_days": 11}
{"target": -11.291921484488768, "params": {"ts": 88.3565899148993, "optimize_days_cont": 13.711712231220474, "pre_optlux": 1162.1948248083459, "on_time_norm": 0.07700746170429051, "duration_h": [6.0, 16.0]}, "final_J": 0.007138876971926794, "goal_complete": true, "optimize_days": 14}
{"target": -10.885821629353266, "params": {"ts": 90.14990262217131, "optimize_days_cont": 4.02829238516922, "pre_optlux": 1042.691523305497, "on_time_norm": 0.8003625068933602, "duration_h": [6.0, 16.0]}, "final_J": 1.1735264487307704, "goal_complete": false, "optimize_days": 4}
{"target": -16.00131981667622, "params": {"ts": 10.228105383248298, "optimize_days_cont": 19.978982904836627, "pre_optlux": 1467.197187077192, "on_time_norm": 0.480678483955025, "duration_h": [6.0, 16.0]}, "final_J": 0.016246948490211143, "goal_complete": true, "optimize_days": 20}
{"target": -15.335592920513465, "params": {"ts": 47.76446316475183, "optimize_days_cont": 15.924538856556964, "pre_optlux": 1414.4115761683902, "on_time_norm": 0.7753465115461101, "duration_h": [6.0, 16.0]}, "final_J": 0.09372966856529247, "goal_complete": true, "optimize_days": 16}
{"target": -11.961283831190205, "params": {"ts": 26.118366188827032, "optimize_days_cont": 13.940088990052013, "pre_optlux": 493.7959233889882, "on_time_norm": 0.23823726575513748, "duration_h": [6.0, 16.0]}, "final_J": 0.024291965160813292, "goal_complete": true, "optimize_days": 14}
{"target": -13.969868755593463, "params": {"ts": 27.03516840466136, "optimize_days_cont": 14.968769528798422, "pre_optlux": 1494.3003545490699, "on_time_norm": 0.22396201181776176, "duration_h": [6.0, 16.0]}, "final_J": 0.04803211896247983, "goal_complete": true, "optimize_days": 15}
{"target": -9.039709598142249, "params": {"ts": 14.69831864178427, "optimize_days_cont": 6.450384406939103, "pre_optlux": 1239.471554661081, "on_time_norm": 0.707383855767748, "duration_h": [6.0, 16.0]}, "final_J": 0.7797063034428091, "goal_complete": false, "optimize_days": 6}
{"target": -13.04155484867619, "params": {"ts": 84.33119462099006, "optimize_days_cont": 13.913364433193088, "pre_optlux": 972.3321068569286, "on_time_norm": 0.4889231645079689, "duration_h": [6.0, 16.0]}, "final_J": 0.09116452015580345, "goal_complete": true, "optimize_days": 14}
{"target": -13.313121130307525, "params": {"ts": 22.351414070657334, "optimize_days_cont": 15.53991148267178, "pre_optlux": 1442.2207119131697, "on_time_norm": 0.8196290558774258, "duration_h": [6.0, 16.0]}, "final_J": 0.06550490613817996, "goal_complete": true, "optimize_days": 16}
{"target": -8.737436386692288, "params": {"ts": 16.81320633583612, "optimize_days_cont": 7.479635130687264, "pre_optlux": 1080.111613662933, "on_time_norm": 0.18733033018951195, "duration_h": [6.0, 16.0]}, "final_J": 0.5894805148081297, "goal_complete": false, "optimize_days": 7}
{"target": -12.004650426516257, "params": {"ts": 8.886388302758036, "optimize_days_cont": 16.595389863900895, "pre_optlux": 779.1981201243677, "on_time_norm": 0.44874394398701245, "duration_h": [6.0, 16.0]}, "final_J": 0.03049729993378928, "goal_complete": true, "optimize_days": 17}
{"target": -11.464008348825068, "params": {"ts": 8.454840786523803, "optimize_days_cont": 4.4370422823617055, "pre_optlux": 340.9193927644661, "on_time_norm": 0.663485796246682, "duration_h": [6.0, 16.0]}, "final_J": 1.2218026312645647, "goal_complete": false, "optimize_days": 4}
{"target": -10.889302118345611, "params": {"ts": 34.32600874562803, "optimize_days_cont": 11.585850526281899, "pre_optlux": 828.7963017961462, "on_time_norm": 0.16228716054949965, "duration_h": [6.0, 16.0]}, "final_J": 0.0534829287635072, "goal_complete": true, "optimize_days": 12}
{"target": -10.917814884313668, "params": {"ts": 19.57827556282596, "optimize_days_cont": 11.549442496748988, "pre_optlux": 667.5623958892577, "on_time_norm": 0.5513332653196833, "duration_h": [6.0, 16.0]}, "final_J": 0.015153993843217365, "goal_complete": true, "optimize_days": 12}
{"target": -13.019026495079142, "params": {"ts": 21.54937963972865, "optimize_days_cont": 16.247998472844756, "pre_optlux": 952.4235558852326, "on_time_norm": 0.5284441936559874, "duration_h": [6.0, 16.0]}, "final_J": 0.06168710575013612, "goal_complete": true, "optimize_days": 16}
{"target": -13.932440365033395, "params": {"ts": 39.413686779328955, "optimize_days_cont": 14.526750837411077, "pre_optlux": 720.2995278302468, "on_time_norm": 0.73021125980925, "duration_h": [6.0, 16.0]}, "final_J": 0.05616706929639436, "goal_complete": true, "optimize_days": 15}
{"target": -13.109307800869235, "params": {"ts": 13.870958069173788, "optimize_days_cont": 2.7092539164461558, "pre_optlux": 1183.7175321647862, "on_time_norm": 0.8598134039871732, "duration_h": [6.0, 16.0]}, "final_J": 1.421921784126626, "goal_complete": false, "optimize_days": 3}
{"target": -10.020752249053997, "params": {"ts": 17.068811982647002, "optimize_days_cont": 10.839800018758364, "pre_optlux": 1479.8653960323627, "on_time_norm": 0.9653006386557058, "duration_h": [6.0, 16.0]}, "final_J": 0.06442398474791436, "goal_complete": true, "optimize_days": 11}
{"target": -14.248375078647866, "params": {"ts": 11.886409504138518, "optimize_days_cont": 2.1957333556401153, "pre_optlux": 403.27398651653857, "on_time_norm": 0.8892813301180539, "duration_h": [6.0, 16.0]}, "final_J": 1.5651437683898477, "goal_complete": false, "optimize_days": 2}
{"target": -13.359231977711948, "params": {"ts": 12.872912786360851, "optimize_days_cont": 2.3023934680354863, "pre_optlux": 1104.874121167853, "on_time_norm": 0.24783261525292632, "duration_h": [6.0, 16.0]}, "final_J": 1.507264540663778, "goal_complete": false, "optimize_days": 2}
{"target": -9.868403536257087, "params": {"ts": 33.37130510136186, "optimize_days_cont": 10.410424315481096, "pre_optlux": 1241.2489473923947, "on_time_norm": 0.521864180658914, "duration_h": [6.0, 16.0]}, "final_J": 0.08374986916258804, "goal_complete": true, "optimize_days": 10}
{"target": -10.92791652012075, "params": {"ts": 44.29055762476635, "optimize_days_cont": 14.184512489764789, "pre_optlux": 1431.6571100361325, "on_time_norm": 0.1595291253023271, "duration_h": [6.0, 16.0]}, "final_J": 0.04743385595560083, "goal_complete": true, "optimize_days": 14}
{"target": -10.031561451026855, "params": {"ts": 88.2119680784001, "optimize_days_cont": 10.866489696007687, "pre_optlux": 429.583682601011, "on_time_norm": 0.44072525202003665, "duration_h": [6.0, 16.0]}, "final_J": 0.07944992262658976, "goal_complete": true, "optimize_days": 11}
{"target": -11.42535963138799, "params": {"ts": 1.579200179229061, "optimize_days_cont": 10.329306108838555, "pre_optlux": 312.20360526041486, "on_time_norm": 0.8411875755969358, "duration_h": [6.0, 16.0]}, "final_J": 0.5339212734828963, "goal_complete": false, "optimize_days": 10}
{"target": -9.752362441040102, "params": {"ts": 19.282503033799447, "optimize_days_cont": 5.303877879814539, "pre_optlux": 1445.0863187461541, "on_time_norm": 0.7503222101080398, "duration_h": [6.0, 16.0]}, "final_J": 0.9749217856874572, "goal_complete": false, "optimize_days": 5}
{"target": -14.31031510283449, "params": {"ts": 30.769589487978042, "optimize_days_cont": 18.221194001655977, "pre_optlux": 843.5115019838869, "on_time_norm": 0.8086654221998302, "duration_h": [6.0, 16.0]}, "final_J": 0.061071165320181246, "goal_complete": true, "optimize_days": 18}
{"target": -9.108765616486583, "params": {"ts": 50.57733031854432, "optimize_days_cont": 9.044977392119634, "pre_optlux": 769.7942688184828, "on_time_norm": 0.9471981130130156, "duration_h": [6.0, 16.0]}, "final_J": 0.17345447999590533, "goal_complete": true, "optimize_days": 9}
{"target": -13.418370377247918, "params": {"ts": 61.430399991777755, "optimize_days_cont": 2.386116011392091, "pre_optlux": 899.147692268913, "on_time_norm": 0.34321498874992706, "duration_h": [6.0, 16.0]}, "final_J": 1.5111830052808242, "goal_complete": false, "optimize_days": 2}
{"target": -11.294571787268161, "params": {"ts": 25.548091492976575, "optimize_days_cont": 13.142908735410794, "pre_optlux": 546.3170786906023, "on_time_norm": 0.03587588189381008, "duration_h": [6.0, 16.0]}, "final_J": 0.02410444192050868, "goal_complete": true, "optimize_days": 13}
{"target": -9.309235813372842, "params": {"ts": 29.561273159533595, "optimize_days_cont": 10.195424444873952, "pre_optlux": 1318.4145493136677, "on_time_norm": 0.8854022109609112, "duration_h": [6.0, 16.0]}, "final_J": 0.05927756186986123, "goal_complete": true, "optimize_days": 10}
{"target": -9.034829527065172, "params": {"ts": 88.24399382050558, "optimize_days_cont": 8.985113360670788, "pre_optlux": 495.6140938584022, "on_time_norm": 0.9740598476465726, "duration_h": [6.0, 16.0]}, "final_J": 0.1537288914931123, "goal_complete": true, "optimize_days": 9}
{"target": -8.904714062487875, "params": {"ts": 54.96478329215315, "optimize_days_cont": 6.209976343204083, "pre_optlux": 318.93857907211896, "on_time_norm": 0.3441400649005154, "duration_h": [6.0, 16.0]}, "final_J": 0.7621960459734588, "goal_complete": false, "optimize_days": 6}
