{"target": -13.0, "params": {"ts": 2.7315368221841103, "optimize_days_cont": 17.93989207642491, "pre_optlux": 534.5625760897897, "on_time_norm": 0.2989763774589579, "duration_h": [6.0, 16.0]}, "final_J": 0.04627853498780268, "goal_complete": true, "optimize_days": 18}
{"target": -11.0, "params": {"ts": 33.12258915034465, "optimize_days_cont": 17.429497347114907, "pre_optlux": 754.1420534887301, "on_time_norm": 0.5482299063500942, "duration_h": [6.0, 16.0]}, "final_J": 0.0644882877350449, "goal_complete": true, "optimize_days": 17}
{"target": -9999.0, "params": {"ts": 12.11889051387827, "optimize_days_cont": 3.6960459421176455, "pre_optlux": 750.6947535614496, "on_time_norm": 0.7319802251869119, "duration_h": [6.0, 16.0]}, "final_J": 0.6979282219226448, "goal_complete": false, "optimize_days": 4}
{"target": -6.916666666666667, "params": {"ts": 59.68169648856187, "optimize_days_cont": 7.397563291152543, "pre_optlux": 763.4775581181913, "on_time_norm": 0.18712777283052473, "duration_h": [6.0, 16.0]}, "final_J": 0.16110655398307874, "goal_complete": true, "optimize_days": 7}
{"target": -9999.0, "params": {"ts": 14.07810195464569, "optimize_days_cont": 1.705095984711934, "pre_optlux": 260.68357151399994, "on_time_norm": 0.2134399510803413, "duration_h": [6.0, 16.0]}, "final_J": 1.1424174993137632, "goal_complete": false, "optimize_days": 2}
{"target": -8.958333333333334, "params": {"ts": 65.85156848897378, "optimize_days_cont": 12.18697040043049, "pre_optlux": 926.2278426538624, "on_time_norm": 0.3346853176856943, "duration_h": [6.0, 16.0]}, "final_J": 0.03971458636038953, "goal_complete": true, "optimize_days": 12}
{"target": -12.0, "params": {"ts": 40.762428500801185, "optimize_days_cont": 13.907171810637996, "pre_optlux": 347.338167787798, "on_time_norm": 0.7887842182981357, "duration_h": [6.0, 16.0]}, "final_J": 0.08275531607696159, "goal_complete": true, "optimize_days": 14}
{"target": -9999.0, "params": {"ts": 61.749408361155254, "optimize_days_cont": 3.889288683364499, "pre_optlux": 1192.0340177006228, "on_time_norm": 0.26311903992324415, "duration_h": [6.0, 16.0]}, "final_J": 0.6709091593865596, "goal_complete": false, "optimize_days": 4}
{"target": -10.0, "params": {"ts": 29.457782494979018, "optimize_days_cont": 13.381908106047511, "pre_optlux": 1433.2949321141712, "on_time_norm": 0.9184743424662997, "duration_h": [6.0, 16.0]}, "final_J": 0.05915372655591398, "goal_complete": true, "optimize_days": 13}
{"target": -9999.0, "params": {"ts": 34.44157734405684, "optimize_days_cont": 2.711272351651346, "pre_optlux": 1085.331748368608, "on_time_norm": 0.679914691937932, "duration_h": [6.0, 16.0]}, "final_J": 0.9464666181771896, "goal_complete": false, "optimize_days": 3}
{"target": -6.958333333333333, "params": {"ts": 59.021375812396414, "optimize_days_cont": 7.668525201185398, "pre_optlux": 762.2571522348269, "on_time_norm": 0.24415776396023325, "duration_h": [6.0, 16.0]}, "final_J": 0.04620276158284803, "goal_complete": true, "optimize_days": 8}
{"target": -12.291666666666666, "params": {"ts": 42.52290515725753, "optimize_days_cont": 20.0, "pre_optlux": 781.390773973159, "on_time_norm": 1.0, "duration_h": [6.0, 16.0]}, "final_J": 0.07716143685263005, "goal_complete": true, "optimize_days": 20}
{"target": -13.0, "params": {"ts": 50.39161761118598, "optimize_days_cont": 18.651769762127845, "pre_optlux": 383.3003983508894, "on_time_norm": 0.9991668954071725, "duration_h": [6.0, 16.0]}, "final_J": 0.05757621686976164, "goal_complete": true, "optimize_days": 19}
{"target": -13.291666666666666, "params": {"ts": 80.08157917125094, "optimize_days_cont": 20.0, "pre_optlux": 355.723314113769, "on_time_norm": 0.9665910244549154, "duration_h": [6.0, 16.0]}, "final_J": 0.062081547495363584, "goal_complete": true, "optimize_days": 20}
{"target": -9999.0, "params": {"ts": 89.21663325549414, "optimize_days_cont": 1.0, "pre_optlux": 393.52746522405516, "on_time_norm": 0.0, "duration_h": [6.0, 16.0]}, "final_J": 1.3975040443596796, "goal_complete": false, "optimize_days": 1}
{"target": -12.291666666666666, "params": {"ts": 16.484686827448527, "optimize_days_cont": 20.0, "pre_optlux": 375.28719643990354, "on_time_norm": 1.0, "duration_h": [6.0, 16.0]}, "final_J": 0.01661252604050997, "goal_complete": true, "optimize_days": 20}
{"target": -13.291666666666666, "params": {"ts": 75.0944088467836, "optimize_days_cont": 20.0, "pre_optlux": 320.2305978620477, "on_time_norm": 1.0, "duration_h": [6.0, 16.0]}, "final_J": 0.06835936197167133, "goal_complete": true, "optimize_days": 20}
{"target": -8.958333333333334, "params": {"ts": 63.12138915981869, "optimize_days_cont": 14.078856611261681, "pre_optlux": 884.4468707034201, "on_time_norm": 0.34516470118045794, "duration_h": [6.0, 16.0]}, "final_J": 0.03797197055696603, "goal_complete": true, "optimize_days": 14}
{"target": -9999.0, "params": {"ts": 99.99862760063161, "optimize_days_cont": 1.0, "pre_optlux": 902.4317506235433, "on_time_norm": 0.9438639276013538, "duration_h": [6.0, 16.0]}, "final_J": 1.3979595514074004, "goal_complete": false, "optimize_days": 1}
{"target": -14.0, "params": {"ts": 37.782234475186335, "optimize_days_cont": 20.0, "pre_optlux": 907.4123779074204, "on_time_norm": 0.0, "duration_h": [6.0, 16.0]}, "final_J": 0.006274541035898111, "goal_complete": true, "optimize_days": 20}
{"target": -14.0, "params": {"ts": 33.00239382453684, "optimize_days_cont": 20.0, "pre_optlux": 864.4246052647293, "on_time_norm": 0.0, "duration_h": [6.0, 16.0]}, "final_J": 0.009199397393630687, "goal_complete": true, "optimize_days": 20}
{"target": -14.0, "params": {"ts": 40.02757472049007, "optimize_days_cont": 20.0, "pre_optlux": 952.8928635474155, "on_time_norm": 0.0, "duration_h": [6.0, 16.0]}, "final_J": 0.008253861675268126, "goal_complete": true, "optimize_days": 20}
{"target": -12.0, "params": {"ts": 63.04865240777433, "optimize_days_cont": 20.0, "pre_optlux": 832.7463114201363, "on_time_norm": 0.0, "duration_h": [6.0, 16.0]}, "final_J": 0.00716426399403804, "goal_complete": true, "optimize_days": 20}
{"target": -12.958333333333334, "params": {"ts": 93.86110301214761, "optimize_days_cont": 20.0, "pre_optlux": 797.994110510758, "on_time_norm": 1.0, "duration_h": [6.0, 16.0]}, "final_J": 0.08802297871450772, "goal_complete": true, "optimize_days": 20}
{"target": -14.0, "params": {"ts": 1.0, "optimize_days_cont": 20.0, "pre_optlux": 489.621889177126, "on_time_norm": 0.9014794500887104, "duration_h": [6.0, 16.0]}, "final_J": 0.03533746785959104, "goal_complete": true, "optimize_days": 20}
{"target": -12.291666666666666, "params": {"ts": 41.29959404871132, "optimize_days_cont": 20.0, "pre_optlux": 511.42630393112375, "on_time_norm": 1.0, "duration_h": [6.0, 16.0]}, "final_J": 0.06996044767567955, "goal_complete": true, "optimize_days": 20}
{"target": -9999.0, "params": {"ts": 41.90897194470913, "optimize_days_cont": 1.0, "pre_optlux": 555.2323330400365, "on_time_norm": 1.0, "duration_h": [6.0, 16.0]}, "final_J": 1.3473894312193453, "goal_complete": false, "optimize_days": 1}
{"target": -12.291666666666666, "params": {"ts": 39.89016813018487, "optimize_days_cont": 20.0, "pre_optlux": 472.798628337956, "on_time_norm": 0.0, "duration_h": [6.0, 16.0]}, "final_J": 0.07205887338323824, "goal_complete": true, "optimize_days": 20}
{"target": -12.0, "params": {"ts": 14.984488676685892, "optimize_days_cont": 20.0, "pre_optlux": 425.72600233041186, "on_time_norm": 1.0, "duration_h": [6.0, 16.0]}, "final_J": 0.08398170991925596, "goal_complete": true, "optimize_days": 20}
{"target": -12.0, "params": {"ts": 15.639892612294796, "optimize_days_cont": 19.067829710370525, "pre_optlux": 1475.2042794142321, "on_time_norm": 0.9123407493110894, "duration_h": [6.0, 16.0]}, "final_J": 0.09603056072616054, "goal_complete": true, "optimize_days": 19}
{"target": -11.0, "params": {"ts": 59.5503745108952, "optimize_days_cont": 11.994639795247952, "pre_optlux": 1467.181771945603, "on_time_norm": 0.7369490015057355, "duration_h": [6.0, 16.0]}, "final_J": 0.08190383287382036, "goal_complete": true, "optimize_days": 12}
{"target": -12.0, "params": {"ts": 74.86951034600958, "optimize_days_cont": 20.0, "pre_optlux": 1423.391928855755, "on_time_norm": 0.0, "duration_h": [6.0, 16.0]}, "final_J": 0.11614403176037622, "goal_complete": true, "optimize_days": 20}
{"target": -9999.0, "params": {"ts": 49.36937071832515, "optimize_days_cont": 1.0, "pre_optlux": 1389.4432883073196, "on_time_norm": 1.0, "duration_h": [6.0, 16.0]}, "final_J": 1.3477300479349787, "goal_complete": false, "optimize_days": 1}
{"target": -12.958333333333334, "params": {"ts": 100.0, "optimize_days_cont": 20.0, "pre_optlux": 1453.332029374403, "on_time_norm": 0.0, "duration_h": [6.0, 16.0]}, "final_J": 0.11666956963313269, "goal_complete": true, "optimize_days": 20}
{"target": -12.958333333333334, "params": {"ts": 100.0, "optimize_days_cont": 20.0, "pre_optlux": 750.7287191188684, "on_time_norm": 1.0, "duration_h": [6.0, 16.0]}, "final_J": 0.08116094415746311, "goal_complete": true, "optimize_days": 20}
{"target": -12.291666666666666, "params": {"ts": 65.06879441047813, "optimize_days_cont": 20.0, "pre_optlux": 717.6607819828796, "on_time_norm": 0.0, "duration_h": [6.0, 16.0]}, "final_J": 0.08444434026876367, "goal_complete": true, "optimize_days": 20}
{"target": -9999.0, "params": {"ts": 100.0, "optimize_days_cont": 1.0, "pre_optlux": 701.2330594511128, "on_time_norm": 1.0, "duration_h": [6.0, 16.0]}, "final_J": 1.3978066498492236, "goal_complete": false, "optimize_days": 1}
{"target": -9999.0, "params": {"ts": 3.697688620182031, "optimize_days_cont": 1.0, "pre_optlux": 934.5860367696905, "on_time_norm": 1.0, "duration_h": [6.0, 16.0]}, "final_J": 1.3490192189257728, "goal_complete": false, "optimize_days": 1}
{"target": -14.0, "params": {"ts": 73.3627453915415, "optimize_days_cont": 20.0, "pre_optlux": 970.1432236228651, "on_time_norm": 0.0, "duration_h": [6.0, 16.0]}, "final_J": 0.00839274144009669, "goal_complete": true, "optimize_days": 20}
{"target": -9999.0, "params": {"ts": 1.0, "optimize_days_cont": 1.0, "pre_optlux": 455.17735401927325, "on_time_norm": 0.0, "duration_h": [6.0, 16.0]}, "final_J": 1.396570755195544, "goal_complete": false, "optimize_days": 1}
{"target": -8.958333333333334, "params": {"ts": 23.105816836200347, "optimize_days_cont": 10.940103486612847, "pre_optlux": 893.4469663845945, "on_time_norm": 0.045601950132806324, "duration_h": [6.0, 16.0]}, "final_J": 0.027867917371887294, "goal_complete": true, "optimize_days": 11}
{"target": -11.291666666666666, "params": {"ts": 23.08501322743759, "optimize_days_cont": 14.085797074605773, "pre_optlux": 371.03742375121396, "on_time_norm": 0.07032486680550032, "duration_h": [6.0, 16.0]}, "final_J": 0.06257013426681238, "goal_complete": true, "optimize_days": 14}
{"target": -9999.0, "params": {"ts": 56.804456643247704, "optimize_days_cont": 2.481854448409754, "pre_optlux": 1125.5646900185338, "on_time_norm": 0.15845217352316643, "duration_h": [6.0, 16.0]}, "final_J": 1.1237654649502546, "goal_complete": false, "optimize_days": 2}
{"target": -10.0, "params": {"ts": 30.055238354117552, "optimize_days_cont": 14.235603569963303, "pre_optlux": 776.7565188542048, "on_time_norm": 0.21506214371433952, "duration_h": [6.0, 16.0]}, "final_J": 0.032135231618508536, "goal_complete": true, "optimize_days": 14}
{"target": -8.0, "params": {"ts": 12.966996402356731, "optimize_days_cont": 18.436053147149774, "pre_optlux": 914.702543770914, "on_time_norm": 0.47201931574192724, "duration_h": [6.0, 16.0]}, "final_J": 0.008165377598289527, "goal_complete": true, "optimize_days": 18}
{"target": -11.0, "params": {"ts": 5.278357243925987, "optimize_days_cont": 15.296453422239487, "pre_optlux": 883.4132092262794, "on_time_norm": 0.7671904257147006, "duration_h": [6.0, 16.0]}, "final_J": 0.06863202105073317, "goal_complete": true, "optimize_days": 15}
{"target": -11.0, "params": {"ts": 8.149916558088384, "optimize_days_cont": 13.534600853749103, "pre_optlux": 221.95410676473352, "on_time_norm": 0.6850244527227007, "duration_h": [6.0, 16.0]}, "final_J": 0.01200366435607525, "goal_complete": true, "optimize_days": 14}
{"target": -10.0, "params": {"ts": 47.331618590616145, "optimize_days_cont": 13.56012736053423, "pre_optlux": 1081.454953100926, "on_time_norm": 0.2633294844455638, "duration_h": [6.0, 16.0]}, "final_J": 0.024639479398416875, "goal_complete": true, "optimize_days": 14}
{"target": -10.958333333333334, "params": {"ts": 77.35815021585175, "optimize_days_cont": 16.50670419948814, "pre_optlux": 338.51616506019934, "on_time_norm": 0.5780067455748411, "duration_h": [6.0, 16.0]}, "final_J": 0.06306476269621682, "goal_complete": true, "optimize_days": 17}
{"target": -9999.0, "params": {"ts": 23.989333259437583, "optimize_days_cont": 4.774231318116989, "pre_optlux": 516.5125439397189, "on_time_norm": 0.976852764010693, "duration_h": [6.0, 16.0]}, "final_J": 0.4664233396590482, "goal_complete": false, "optimize_days": 5}
{"target": -9999.0, "params": {"ts": 36.28433428914752, "optimize_days_cont": 1.3495989859817095, "pre_optlux": 982.6668639532691, "on_time_norm": 0.23040538778108444, "duration_h": [6.0, 16.0]}, "final_J": 1.3475575018976598, "goal_complete": false, "optimize_days": 1}
{"target": -8.0, "params": {"ts": 58.84077063109376, "optimize_days_cont": 8.981967537205383, "pre_optlux": 1107.491323463064, "on_time_norm": 0.9720455259033695, "duration_h": [6.0, 16.0]}, "final_J": 0.06170542254571388, "goal_complete": true, "optimize_days": 9}
{"target": -12.291666666666666, "params": {"ts": 43.63486278650694, "optimize_days_cont": 19.196843396417563, "pre_optlux": 214.47343649160942, "on_time_norm": 0.7327818008916883, "duration_h": [6.0, 16.0]}, "final_J": 0.03173652444744499, "goal_complete": true, "optimize_days": 19}
{"target": -10.958333333333334, "params": {"ts": 53.17351161162144, "optimize_days_cont": 11.772761585575223, "pre_optlux": 1125.9760864836403, "on_time_norm": 0.6826033501652629, "duration_h": [6.0, 16.0]}, "final_J": 0.07238608475236147, "goal_complete": true, "optimize_days": 12}
{"target": -9999.0, "params": {"ts": 12.171706697977584, "optimize_days_cont": 4.784090011256047, "pre_optlux": 1123.7809591132172, "on_time_norm": 0.39386732248283196, "duration_h": [6.0, 16.0]}, "final_J": 0.5386960373712142, "goal_complete": false, "optimize_days": 5}
{"target": -9999.0, "params": {"ts": 16.19112292109049, "optimize_days_cont": 2.910906277613152, "pre_optlux": 699.7835942543549, "on_time_norm": 0.5829154644665038, "duration_h": [6.0, 16.0]}, "final_J": 0.9667233119253756, "goal_complete": false, "optimize_days": 3}
{"target": -11.0, "params": {"ts": 87.16572333579319, "optimize_days_cont": 19.36399704765088, "pre_optlux": 765.0125547254927, "on_time_norm": 0.4004229990716831, "duration_h": [6.0, 16.0]}, "final_J": 0.04704192105665646, "goal_complete": true, "optimize_days": 19}
{"target": -10.958333333333334, "params": {"ts": 83.00764660756872, "optimize_days_cont": 18.28698222982436, "pre_optlux": 1184.2845115892483, "on_time_norm": 0.06831478431392501, "duration_h": [6.0, 16.0]}, "final_J": 0.010572247678406154, "goal_complete": true, "optimize_days": 18}
{"target": -9999.0, "params": {"ts": 93.98239711040948, "optimize_days_cont": 2.940710497156282, "pre_optlux": 1469.6783471939355, "on_time_norm": 0.35668872437448984, "duration_h": [6.0, 16.0]}, "final_J": 0.9296994144433459, "goal_complete": false, "optimize_days": 3}
{"target": -12.875, "params": {"ts": 13.155784921739329, "optimize_days_cont": 19.265691674858058, "pre_optlux": 1029.0949266816813, "on_time_norm": 0.9366778098943237, "duration_h": [6.0, 16.0]}, "final_J": 0.0898010376199956, "goal_complete": true, "optimize_days": 19}
{"target": -11.041666666666666, "params": {"ts": 3.755999989112609, "optimize_days_cont": 14.653376179389122, "pre_optlux": 885.6899359223313, "on_time_norm": 0.4711666767597189, "duration_h": [6.0, 16.0]}, "final_J": 0.05618585719064972, "goal_complete": true, "optimize_days": 15}
{"target": -9.958333333333334, "params": {"ts": 13.028227846610502, "optimize_days_cont": 13.409086394849702, "pre_optlux": 890.7457917555278, "on_time_norm": 0.3323459294294404, "duration_h": [6.0, 16.0]}, "final_J": 0.06370314504766705, "goal_complete": true, "optimize_days": 13}
{"target": -12.0, "params": {"ts": 51.495123426134725, "optimize_days_cont": 20.0, "pre_optlux": 1117.55122468888, "on_time_norm": 1.0, "duration_h": [6.0, 16.0]}, "final_J": 0.10634371701472221, "goal_complete": true, "optimize_days": 20}
{"target": -12.333333333333334, "params": {"ts": 52.1625916580062, "optimize_days_cont": 17.500135555440135, "pre_optlux": 1095.7299786031454, "on_time_norm": 1.0, "duration_h": [6.0, 16.0]}, "final_J": 0.0818833038369353, "goal_complete": true, "optimize_days": 18}
{"target": -12.0, "params": {"ts": 46.62876150130472, "optimize_days_cont": 20.0, "pre_optlux": 1134.5763293427306, "on_time_norm": 1.0, "duration_h": [6.0, 16.0]}, "final_J": 0.08652024225601715, "goal_complete": true, "optimize_days": 20}
{"target": -9999.0, "params": {"ts": 64.66985434490847, "optimize_days_cont": 5.8959762259806086, "pre_optlux": 1088.6206041173741, "on_time_norm": 1.0, "duration_h": [6.0, 16.0]}, "final_J": 0.30319511823043643, "goal_complete": false, "optimize_days": 6}
{"target": -10.958333333333334, "params": {"ts": 43.364137821857774, "optimize_days_cont": 11.810802041820864, "pre_optlux": 1105.822905896864, "on_time_norm": 1.0, "duration_h": [6.0, 16.0]}, "final_J": 0.07754955280357652, "goal_complete": true, "optimize_days": 12}
{"target": -14.0, "params": {"ts": 37.39477467101778, "optimize_days_cont": 20.0, "pre_optlux": 1091.650987651488, "on_time_norm": 0.0, "duration_h": [6.0, 16.0]}, "final_J": 0.022863121233937023, "goal_complete": true, "optimize_days": 20}
{"target": -9999.0, "params": {"ts": 11.860274090292828, "optimize_days_cont": 2.9255226917428545, "pre_optlux": 905.4568689192068, "on_time_norm": 1.0, "duration_h": [6.0, 16.0]}, "final_J": 0.9201531118127602, "goal_complete": false, "optimize_days": 3}
{"target": -13.291666666666666, "params": {"ts": 40.771977922529395, "optimize_days_cont": 14.692424266475513, "pre_optlux": 1123.2496466430032, "on_time_norm": 1.0, "duration_h": [6.0, 16.0]}, "final_J": 0.08460475170932936, "goal_complete": true, "optimize_days": 15}
{"target": -11.916666666666666, "params": {"ts": 23.55035250469136, "optimize_days_cont": 20.0, "pre_optlux": 883.4155400698613, "on_time_norm": 0.0, "duration_h": [6.0, 16.0]}, "final_J": 0.11444979821361664, "goal_complete": true, "optimize_days": 20}
{"target": -9999.0, "params": {"ts": 20.534523440882747, "optimize_days_cont": 5.099901862753517, "pre_optlux": 879.0026446669353, "on_time_norm": 0.0, "duration_h": [6.0, 16.0]}, "final_J": 0.4889139527712464, "goal_complete": false, "optimize_days": 5}
{"target": -12.0, "params": {"ts": 21.293868603369887, "optimize_days_cont": 20.0, "pre_optlux": 896.9896903861389, "on_time_norm": 0.0, "duration_h": [6.0, 16.0]}, "final_J": 0.0999737513852053, "goal_complete": true, "optimize_days": 20}
{"target": -6.958333333333333, "params": {"ts": 39.80300998940668, "optimize_days_cont": 8.084536167578742, "pre_optlux": 1090.3296773454574, "on_time_norm": 1.0, "duration_h": [6.0, 16.0]}, "final_J": 0.00724689491014781, "goal_complete": true, "optimize_days": 8}
{"target": -12.0, "params": {"ts": 33.03325630186441, "optimize_days_cont": 20.0, "pre_optlux": 892.1477153109574, "on_time_norm": 1.0, "duration_h": [6.0, 16.0]}, "final_J": 0.09870563214614281, "goal_complete": true, "optimize_days": 20}
{"target": -12.0, "params": {"ts": 36.38520259951717, "optimize_days_cont": 18.28198156404877, "pre_optlux": 1076.736767429941, "on_time_norm": 1.0, "duration_h": [6.0, 16.0]}, "final_J": 0.07773944095879667, "goal_complete": true, "optimize_days": 18}
{"target": -11.041666666666666, "params": {"ts": 25.88950386118772, "optimize_days_cont": 16.365236227091852, "pre_optlux": 218.21439140161738, "on_time_norm": 0.708967678804868, "duration_h": [6.0, 16.0]}, "final_J": 0.04458979130590808, "goal_complete": true, "optimize_days": 16}
{"target": -9999.0, "params": {"ts": 31.52107553054139, "optimize_days_cont": 5.429167653895249, "pre_optlux": 1078.2431704086757, "on_time_norm": 0.0, "duration_h": [6.0, 16.0]}, "final_J": 0.49519207132783083, "goal_complete": false, "optimize_days": 5}
{"target": -12.291666666666666, "params": {"ts": 45.494297322718786, "optimize_days_cont": 20.0, "pre_optlux": 1084.6394276536578, "on_time_norm": 1.0, "duration_h": [6.0, 16.0]}, "final_J": 0.0944868573514296, "goal_complete": true, "optimize_days": 20}
{"target": -13.0, "params": {"ts": 13.844246901799682, "optimize_days_cont": 17.67024148984383, "pre_optlux": 207.97176081652407, "on_time_norm": 0.38340936175291784, "duration_h": [6.0, 16.0]}, "final_J": 0.03716256845401223, "goal_complete": true, "optimize_days": 18}
{"target": -9999.0, "params": {"ts": 17.5056874269829, "optimize_days_cont": 2.9584535159259584, "pre_optlux": 213.56783190684396, "on_time_norm": 0.06078568688363467, "duration_h": [6.0, 16.0]}, "final_J": 0.909893266700738, "goal_complete": false, "optimize_days": 3}
{"target": -14.0, "params": {"ts": 49.31340370617121, "optimize_days_cont": 20.0, "pre_optlux": 1105.1180313032462, "on_time_norm": 0.0, "duration_h": [6.0, 16.0]}, "final_J": 0.008322775130202627, "goal_complete": true, "optimize_days": 20}
{"target": -14.0, "params": {"ts": 17.05186805161062, "optimize_days_cont": 20.0, "pre_optlux": 228.35057907907097, "on_time_norm": 1.0, "duration_h": [6.0, 16.0]}, "final_J": 0.03298263104845667, "goal_complete": true, "optimize_days": 20}
{"target": -13.291666666666666, "params": {"ts": 35.41929117508539, "optimize_days_cont": 20.0, "pre_optlux": 228.13797940387587, "on_time_norm": 1.0, "duration_h": [6.0, 16.0]}, "final_J": 0.06796564920815733, "goal_complete": true, "optimize_days": 20}
