{"target": -13.291666666666666, "params": {"ts": 31.089071331731873, "optimize_days_cont": 20.0, "pre_optlux": 204.4592441108933, "on_time_norm": 1.0, "duration_h": [6.0, 16.0]}, "final_J": 0.05075730479531817, "goal_complete": true, "optimize_days": 20}
{"target": -14.291666666666666, "params": {"ts": 1.8982856651782385, "optimize_days_cont": 20.0, "pre_optlux": 232.72763309869967, "on_time_norm": 1.0, "duration_h": [6.0, 16.0]}, "final_J": 0.014812728351798296, "goal_complete": true, "optimize_days": 20}
{"target": -15.0, "params": {"ts": 1.0, "optimize_days_cont": 20.0, "pre_optlux": 213.00620287530944, "on_time_norm": 1.0, "duration_h": [6.0, 16.0]}, "final_J": 0.03777628552195296, "goal_complete": true, "optimize_days": 20}
{"target": -12.0, "params": {"ts": 18.898896842487936, "optimize_days_cont": 20.0, "pre_optlux": 928.1168835415194, "on_time_norm": 0.0, "duration_h": [6.0, 16.0]}, "final_J": 0.05243735236926802, "goal_complete": true, "optimize_days": 20}
{"target": -14.0, "params": {"ts": 30.162105616297143, "optimize_days_cont": 20.0, "pre_optlux": 915.1464302396519, "on_time_norm": 0.0, "duration_h": [6.0, 16.0]}, "final_J": 0.008402407138277147, "goal_complete": true, "optimize_days": 20}
{"target": -15.958333333333334, "params": {"ts": 3.7314404698356345, "optimize_days_cont": 20.0, "pre_optlux": 929.346484314147, "on_time_norm": 0.0, "duration_h": [6.0, 16.0]}, "final_J": 0.04740335246851694, "goal_complete": true, "optimize_days": 20}
{"target": -15.0, "params": {"ts": 22.598608535994483, "optimize_days_cont": 20.0, "pre_optlux": 242.9089869436663, "on_time_norm": 0.0, "duration_h": [6.0, 16.0]}, "final_J": 0.02578983038690937, "goal_complete": true, "optimize_days": 20}
{"target": -9.958333333333334, "params": {"ts": 8.933979537580681, "optimize_days_cont": 11.50212188898409, "pre_optlux": 244.63273664377826, "on_time_norm": 1.0, "duration_h": [6.0, 16.0]}, "final_J": 0.005402087525630656, "goal_complete": true, "optimize_days": 12}
{"target": -15.291666666666666, "params": {"ts": 9.772189283975989, "optimize_days_cont": 20.0, "pre_optlux": 257.02662428126746, "on_time_norm": 0.0, "duration_h": [6.0, 16.0]}, "final_J": 0.018979916180214915, "goal_complete": true, "optimize_days": 20}
{"target": -9.916666666666666, "params": {"ts": 23.37884250917507, "optimize_days_cont": 10.877445363827167, "pre_optlux": 256.77173734492374, "on_time_norm": 1.0, "duration_h": [6.0, 16.0]}, "final_J": 0.07335363223957922, "goal_complete": true, "optimize_days": 11}
{"target": -9999.0, "params": {"ts": 10.429033208971681, "optimize_days_cont": 1.4313744498500198, "pre_optlux": 257.6905581853066, "on_time_norm": 0.0, "duration_h": [6.0, 16.0]}, "final_J": 1.347712488188552, "goal_complete": false, "optimize_days": 1}
{"target": -13.291666666666666, "params": {"ts": 34.5711055215207, "optimize_days_cont": 20.0, "pre_optlux": 251.48721225296435, "on_time_norm": 1.0, "duration_h": [6.0, 16.0]}, "final_J": 0.06265561055071807, "goal_complete": true, "optimize_days": 20}
{"target": -7.0, "params": {"ts": 30.644731705797906, "optimize_days_cont": 8.165924339673676, "pre_optlux": 241.3165803958371, "on_time_norm": 1.0, "duration_h": [6.0, 16.0]}, "final_J": 0.06028637480212309, "goal_complete": true, "optimize_days": 8}
{"target": -11.958333333333334, "params": {"ts": 46.07055161640148, "optimize_days_cont": 13.66027981518013, "pre_optlux": 240.0058503801098, "on_time_norm": 0.0, "duration_h": [6.0, 16.0]}, "final_J": 0.06743062873585896, "goal_complete": true, "optimize_days": 14}
{"target": -9999.0, "params": {"ts": 42.33093874872926, "optimize_days_cont": 4.9306483243054045, "pre_optlux": 255.08465429883375, "on_time_norm": 1.0, "duration_h": [6.0, 16.0]}, "final_J": 0.44965372248279867, "goal_complete": false, "optimize_days": 5}
{"target": -7.0, "params": {"ts": 43.2764074570563, "optimize_days_cont": 8.329710324418352, "pre_optlux": 225.9249394662424, "on_time_norm": 0.0, "duration_h": [6.0, 16.0]}, "final_J": 0.08055172797184551, "goal_complete": true, "optimize_days": 8}
{"target": -8.962216437426566, "params": {"ts": 23.105816836200347, "optimize_days_cont": 10.940103486612847, "pre_optlux": 893.4469663845945, "on_time_norm": 0.045601950132806324, "duration_h": [6.0, 16.0]}, "final_J": 0.027867917371887294, "goal_complete": true, "optimize_days": 11}
{"target": -11.3112417751775, "params": {"ts": 23.08501322743759, "optimize_days_cont": 14.085797074605773, "pre_optlux": 371.03742375121396, "on_time_norm": 0.07032486680550032, "duration_h": [6.0, 16.0]}, "final_J": 0.06257013426681238, "goal_complete": true, "optimize_days": 14}
{"target": -8.31424410107431, "params": {"ts": 56.804456643247704, "optimize_days_cont": 2.481854448409754, "pre_optlux": 1125.5646900185338, "on_time_norm": 0.15845217352316643, "duration_h": [6.0, 16.0]}, "final_J": 1.1237654649502546, "goal_complete": false, "optimize_days": 2}
{"target": -10.005163365555877, "params": {"ts": 30.055238354117552, "optimize_days_cont": 14.235603569963303, "pre_optlux": 776.7565188542048, "on_time_norm": 0.21506214371433952, "duration_h": [6.0, 16.0]}, "final_J": 0.032135231618508536, "goal_complete": true, "optimize_days": 14}
{"target": -8.000333366956614, "params": {"ts": 12.966996402356731, "optimize_days_cont": 18.436053147149774, "pre_optlux": 914.702543770914, "on_time_norm": 0.47201931574192724, "duration_h": [6.0, 16.0]}, "final_J": 0.008165377598289527, "goal_complete": true, "optimize_days": 18}
{"target": -11.023551771567542, "params": {"ts": 5.278357243925987, "optimize_days_cont": 15.296453422239487, "pre_optlux": 883.4132092262794, "on_time_norm": 0.7671904257147006, "duration_h": [6.0, 16.0]}, "final_J": 0.06863202105073317, "goal_complete": true, "optimize_days": 15}
{"target": -11.000720439789866, "params": {"ts": 8.149916558088384, "optimize_days_cont": 13.534600853749103, "pre_optlux": 221.95410676473352, "on_time_norm": 0.6850244527227007, "duration_h": [6.0, 16.0]}, "final_J": 0.01200366435607525, "goal_complete": true, "optimize_days": 14}
{"target": -10.003035519725126, "params": {"ts": 47.331618590616145, "optimize_days_cont": 13.56012736053423, "pre_optlux": 1081.454953100926, "on_time_norm": 0.2633294844455638, "duration_h": [6.0, 16.0]}, "final_J": 0.024639479398416875, "goal_complete": true, "optimize_days": 14}
{"target": -10.978219154802984, "params": {"ts": 77.35815021585175, "optimize_days_cont": 16.50670419948814, "pre_optlux": 338.51616506019934, "on_time_norm": 0.5780067455748411, "duration_h": [6.0, 16.0]}, "final_J": 0.06306476269621682, "goal_complete": true, "optimize_days": 17}
{"target": -6.087753658893499, "params": {"ts": 23.989333259437583, "optimize_days_cont": 4.774231318116989, "pre_optlux": 516.5125439397189, "on_time_norm": 0.976852764010693, "duration_h": [6.0, 16.0]}, "final_J": 0.4664233396590482, "goal_complete": false, "optimize_days": 5}
{"target": -10.079556104603308, "params": {"ts": 36.28433428914752, "optimize_days_cont": 1.3495989859817095, "pre_optlux": 982.6668639532691, "on_time_norm": 0.23040538778108444, "duration_h": [6.0, 16.0]}, "final_J": 1.3475575018976598, "goal_complete": false, "optimize_days": 1}
{"target": -8.019037795857725, "params": {"ts": 58.84077063109376, "optimize_days_cont": 8.981967537205383, "pre_optlux": 1107.491323463064, "on_time_norm": 0.9720455259033695, "duration_h": [6.0, 16.0]}, "final_J": 0.06170542254571388, "goal_complete": true, "optimize_days": 9}
{"target": -12.296702701586682, "params": {"ts": 43.63486278650694, "optimize_days_cont": 19.196843396417563, "pre_optlux": 214.47343649160942, "on_time_norm": 0.7327818008916883, "duration_h": [6.0, 16.0]}, "final_J": 0.03173652444744499, "goal_complete": true, "optimize_days": 19}
{"target": -10.984532059662214, "params": {"ts": 53.17351161162144, "optimize_days_cont": 11.772761585575223, "pre_optlux": 1125.9760864836403, "on_time_norm": 0.6826033501652629, "duration_h": [6.0, 16.0]}, "final_J": 0.07238608475236147, "goal_complete": true, "optimize_days": 12}
{"target": -6.450967103397243, "params": {"ts": 12.171706697977584, "optimize_days_cont": 4.784090011256047, "pre_optlux": 1123.7809591132172, "on_time_norm": 0.39386732248283196, "duration_h": [6.0, 16.0]}, "final_J": 0.5386960373712142, "goal_complete": false, "optimize_days": 5}
{"target": -7.672769809099836, "params": {"ts": 16.19112292109049, "optimize_days_cont": 2.910906277613152, "pre_optlux": 699.7835942543549, "on_time_norm": 0.5829154644665038, "duration_h": [6.0, 16.0]}, "final_J": 0.9667233119253756, "goal_complete": false, "optimize_days": 3}
{"target": -11.011064711683504, "params": {"ts": 87.16572333579319, "optimize_days_cont": 19.36399704765088, "pre_optlux": 765.0125547254927, "on_time_norm": 0.4004229990716831, "duration_h": [6.0, 16.0]}, "final_J": 0.04704192105665646, "goal_complete": true, "optimize_days": 19}
{"target": -10.958892195438201, "params": {"ts": 83.00764660756872, "optimize_days_cont": 18.28698222982436, "pre_optlux": 1184.2845115892483, "on_time_norm": 0.06831478431392501, "duration_h": [6.0, 16.0]}, "final_J": 0.010572247678406154, "goal_complete": true, "optimize_days": 18}
{"target": -7.321705006081501, "params": {"ts": 93.98239711040948, "optimize_days_cont": 2.940710497156282, "pre_optlux": 1469.6783471939355, "on_time_norm": 0.35668872437448984, "duration_h": [6.0, 16.0]}, "final_J": 0.9296994144433459, "goal_complete": false, "optimize_days": 3}
{"target": -12.91532113178814, "params": {"ts": 13.155784921739329, "optimize_days_cont": 19.265691674858058, "pre_optlux": 1029.0949266816813, "on_time_norm": 0.9366778098943237, "duration_h": [6.0, 16.0]}, "final_J": 0.0898010376199956, "goal_complete": true, "optimize_days": 19}
{"target": -7.08135261418025, "params": {"ts": 15.920539091777245, "optimize_days_cont": 2.8340488704583855, "pre_optlux": 699.8287723089652, "on_time_norm": 0.592401168471697, "duration_h": [6.0, 16.0]}, "final_J": 0.9034769077491964, "goal_complete": false, "optimize_days": 3}
{"target": -6.247658014272394, "params": {"ts": 23.94342398763636, "optimize_days_cont": 3.6937917118097134, "pre_optlux": 516.32585604972, "on_time_norm": 0.9443326070950138, "duration_h": [6.0, 16.0]}, "final_J": 0.6704711797344304, "goal_complete": false, "optimize_days": 4}
{"target": -6.3433511588806235, "params": {"ts": 24.958500864925046, "optimize_days_cont": 4.11082545704149, "pre_optlux": 517.8557135583719, "on_time_norm": 0.977444271388855, "duration_h": [6.0, 16.0]}, "final_J": 0.6845949399288054, "goal_complete": false, "optimize_days": 4}
{"target": -8.150304089968309, "params": {"ts": 13.553446470221944, "optimize_days_cont": 2.1616925873522925, "pre_optlux": 700.2239769357841, "on_time_norm": 0.6753825784763581, "duration_h": [6.0, 16.0]}, "final_J": 1.1090810691710782, "goal_complete": false, "optimize_days": 2}
{"target": -6.069818030816636, "params": {"ts": 23.061188889973625, "optimize_days_cont": 4.518377967575867, "pre_optlux": 517.7754099786755, "on_time_norm": 0.39495448981781867, "duration_h": [6.0, 16.0]}, "final_J": 0.4625620025070447, "goal_complete": false, "optimize_days": 5}
{"target": -6.693403608661934, "params": {"ts": 22.65811885858623, "optimize_days_cont": 3.98633960031016, "pre_optlux": 518.1457816012728, "on_time_norm": 1.0, "duration_h": [6.0, 16.0]}, "final_J": 0.7339487187347539, "goal_complete": false, "optimize_days": 4}
{"target": -6.309095623437242, "params": {"ts": 25.257716905735972, "optimize_days_cont": 5.235717718605201, "pre_optlux": 516.2421888865701, "on_time_norm": 0.0, "duration_h": [6.0, 16.0]}, "final_J": 0.5116826405961498, "goal_complete": false, "optimize_days": 5}
{"target": -7.1833016758353905, "params": {"ts": 24.212353901965624, "optimize_days_cont": 7.107636710962476, "pre_optlux": 518.4530367435552, "on_time_norm": 0.0, "duration_h": [6.0, 16.0]}, "final_J": 0.1914688882483997, "goal_complete": false, "optimize_days": 7}
{"target": -6.6010322876026795, "params": {"ts": 22.136178770628828, "optimize_days_cont": 5.737180057708252, "pre_optlux": 515.0611327951851, "on_time_norm": 0.0, "duration_h": [6.0, 16.0]}, "final_J": 0.34670802921267313, "goal_complete": false, "optimize_days": 6}
{"target": -6.679522578411488, "params": {"ts": 20.129582098051696, "optimize_days_cont": 6.262394696299847, "pre_optlux": 517.4264719707699, "on_time_norm": 1.0, "duration_h": [6.0, 16.0]}, "final_J": 0.3686522964560203, "goal_complete": false, "optimize_days": 6}
{"target": -7.272336618167252, "params": {"ts": 20.156749354512904, "optimize_days_cont": 2.906438060137333, "pre_optlux": 516.3285650305078, "on_time_norm": 1.0, "duration_h": [6.0, 16.0]}, "final_J": 0.9243740171778144, "goal_complete": false, "optimize_days": 3}
{"target": -6.445571006797646, "params": {"ts": 11.948400160669134, "optimize_days_cont": 3.6441306098850013, "pre_optlux": 1126.647971783926, "on_time_norm": 0.7335819654938924, "duration_h": [6.0, 16.0]}, "final_J": 0.6993670004793829, "goal_complete": false, "optimize_days": 4}
{"target": -6.240040794756951, "params": {"ts": 8.966697946947017, "optimize_days_cont": 3.981038777517102, "pre_optlux": 1125.2103170423075, "on_time_norm": 0.5988855355650056, "duration_h": [6.0, 16.0]}, "final_J": 0.6693341160820881, "goal_complete": false, "optimize_days": 4}
{"target": -7.403538451102573, "params": {"ts": 10.71138893789657, "optimize_days_cont": 6.687007024038984, "pre_optlux": 1126.6918437455436, "on_time_norm": 0.36045495553820067, "duration_h": [6.0, 16.0]}, "final_J": 0.28409098933354915, "goal_complete": false, "optimize_days": 7}
{"target": -8.2639604676302, "params": {"ts": 11.344988470654195, "optimize_days_cont": 1.9592620736843118, "pre_optlux": 1125.4420140099542, "on_time_norm": 0.6997243529405952, "duration_h": [6.0, 16.0]}, "final_J": 1.1192819544359858, "goal_complete": false, "optimize_days": 2}
{"target": -6.101129836591635, "params": {"ts": 10.10210983051534, "optimize_days_cont": 4.773138483619757, "pre_optlux": 1124.14414333318, "on_time_norm": 0.5853057865169708, "duration_h": [6.0, 16.0]}, "final_J": 0.4692823961308659, "goal_complete": false, "optimize_days": 5}
{"target": -6.781688940042652, "params": {"ts": 8.35723727931963, "optimize_days_cont": 3.605174602905405, "pre_optlux": 1127.0979220206054, "on_time_norm": 0.0, "duration_h": [6.0, 16.0]}, "final_J": 0.7458805454015611, "goal_complete": false, "optimize_days": 4}
{"target": -8.156667493238688, "params": {"ts": 10.119260213273165, "optimize_days_cont": 1.529365987361922, "pre_optlux": 1123.611872921161, "on_time_norm": 0.0, "duration_h": [6.0, 16.0]}, "final_J": 1.1096546754048024, "goal_complete": false, "optimize_days": 2}
{"target": -7.397796351853886, "params": {"ts": 8.609096537396574, "optimize_days_cont": 6.664085459971108, "pre_optlux": 1122.6360407865486, "on_time_norm": 1.0, "duration_h": [6.0, 16.0]}, "final_J": 0.282062529185954, "goal_complete": false, "optimize_days": 7}
{"target": -6.574295614972335, "params": {"ts": 13.202853530811026, "optimize_days_cont": 6.409932336789392, "pre_optlux": 1125.0334071240052, "on_time_norm": 1.0, "duration_h": [6.0, 16.0]}, "final_J": 0.3389087236918915, "goal_complete": false, "optimize_days": 6}
{"target": -7.298323519890982, "params": {"ts": 9.81787312107016, "optimize_days_cont": 7.056161677169811, "pre_optlux": 1126.8872232272565, "on_time_norm": 1.0, "duration_h": [6.0, 16.0]}, "final_J": 0.24426359527812636, "goal_complete": false, "optimize_days": 7}
{"target": -6.259478958620625, "params": {"ts": 12.758129960872918, "optimize_days_cont": 3.6203476845561617, "pre_optlux": 1126.944949662183, "on_time_norm": 0.0, "duration_h": [6.0, 16.0]}, "final_J": 0.6722319478603536, "goal_complete": false, "optimize_days": 4}
{"target": -7.006913550640176, "params": {"ts": 15.854408551506117, "optimize_days_cont": 3.3094746886513655, "pre_optlux": 1125.123980743196, "on_time_norm": 0.0, "duration_h": [6.0, 16.0]}, "final_J": 0.8951998157551392, "goal_complete": false, "optimize_days": 3}
{"target": -6.497859935724739, "params": {"ts": 14.616099858944317, "optimize_days_cont": 5.25594986287956, "pre_optlux": 1129.477702174149, "on_time_norm": 0.0, "duration_h": [6.0, 16.0]}, "final_J": 0.5473316975518117, "goal_complete": false, "optimize_days": 5}
{"target": -8.610204885330074, "params": {"ts": 11.92639304368408, "optimize_days_cont": 2.4522833279058247, "pre_optlux": 1130.6809102032018, "on_time_norm": 1.0, "duration_h": [6.0, 16.0]}, "final_J": 1.1498004074908021, "goal_complete": false, "optimize_days": 2}
{"target": -7.22896933942659, "params": {"ts": 16.593290746727867, "optimize_days_cont": 6.929188530876879, "pre_optlux": 1127.2223722792269, "on_time_norm": 0.0, "duration_h": [6.0, 16.0]}, "final_J": 0.21399501836565746, "goal_complete": false, "optimize_days": 7}
{"target": -6.717856259326964, "params": {"ts": 16.040905091783003, "optimize_days_cont": 6.189288699194786, "pre_optlux": 1127.237166972172, "on_time_norm": 0.0, "duration_h": [6.0, 16.0]}, "final_J": 0.3789079728184573, "goal_complete": false, "optimize_days": 6}
{"target": -6.202014819145031, "params": {"ts": 26.6309651658308, "optimize_days_cont": 5.097679045854266, "pre_optlux": 513.5900142620117, "on_time_norm": 0.0, "duration_h": [6.0, 16.0]}, "final_J": 0.49030904930360636, "goal_complete": false, "optimize_days": 5}
{"target": -6.548835821336191, "params": {"ts": 22.90342841459223, "optimize_days_cont": 6.194483151575156, "pre_optlux": 513.4514081572346, "on_time_norm": 0.0, "duration_h": [6.0, 16.0]}, "final_J": 0.33131128001810933, "goal_complete": false, "optimize_days": 6}
{"target": -7.016064225714328, "params": {"ts": 25.315537756105837, "optimize_days_cont": 8.039603037251345, "pre_optlux": 512.4904581471641, "on_time_norm": 1.0, "duration_h": [6.0, 16.0]}, "final_J": 0.05668196488183518, "goal_complete": true, "optimize_days": 8}
{"target": -6.965849983609905, "params": {"ts": 24.23337994386427, "optimize_days_cont": 3.3239390911337012, "pre_optlux": 511.1961041633067, "on_time_norm": 0.0, "duration_h": [6.0, 16.0]}, "final_J": 0.8906009188867823, "goal_complete": false, "optimize_days": 3}
{"target": -7.087020190310521, "params": {"ts": 25.372806243020708, "optimize_days_cont": 2.8216039443963554, "pre_optlux": 515.1433862340085, "on_time_norm": 0.0, "duration_h": [6.0, 16.0]}, "final_J": 0.9041039973709353, "goal_complete": false, "optimize_days": 3}
{"target": -6.4007570084248195, "params": {"ts": 26.35005270243094, "optimize_days_cont": 5.900400380752184, "pre_optlux": 510.7294576777262, "on_time_norm": 1.0, "duration_h": [6.0, 16.0]}, "final_J": 0.2831102288596509, "goal_complete": false, "optimize_days": 6}
{"target": -7.334832635841398, "params": {"ts": 29.458214808879497, "optimize_days_cont": 3.3717355553747628, "pre_optlux": 510.8765095762597, "on_time_norm": 1.0, "duration_h": [6.0, 16.0]}, "final_J": 0.9311103732470601, "goal_complete": false, "optimize_days": 3}
{"target": -7.020023817561009, "params": {"ts": 26.85909127933247, "optimize_days_cont": 7.873978263022371, "pre_optlux": 514.7061672102692, "on_time_norm": 1.0, "duration_h": [6.0, 16.0]}, "final_J": 0.06328320086880758, "goal_complete": true, "optimize_days": 8}
{"target": -6.277810971171508, "params": {"ts": 22.61794444177034, "optimize_days_cont": 3.6546895243570714, "pre_optlux": 510.16484813466747, "on_time_norm": 1.0, "duration_h": [6.0, 16.0]}, "final_J": 0.6749534756072463, "goal_complete": false, "optimize_days": 4}
{"target": -7.168558298138007, "params": {"ts": 22.67218192894267, "optimize_days_cont": 6.951053040987649, "pre_optlux": 508.36494347759583, "on_time_norm": 0.0, "duration_h": [6.0, 16.0]}, "final_J": 0.18360735177982757, "goal_complete": false, "optimize_days": 7}
{"target": -6.978953247120854, "params": {"ts": 19.27412301468916, "optimize_days_cont": 3.131378558382672, "pre_optlux": 512.4550644695605, "on_time_norm": 1.0, "duration_h": [6.0, 16.0]}, "final_J": 0.8920709890048947, "goal_complete": false, "optimize_days": 3}
{"target": -8.376802241157066, "params": {"ts": 25.963247461190157, "optimize_days_cont": 2.015901311067423, "pre_optlux": 508.4797054576429, "on_time_norm": 0.0, "duration_h": [6.0, 16.0]}, "final_J": 1.129318576944262, "goal_complete": false, "optimize_days": 2}
{"target": -7.25665627608425, "params": {"ts": 22.252198498795863, "optimize_days_cont": 7.0058261087611635, "pre_optlux": 512.122686914706, "on_time_norm": 1.0, "duration_h": [6.0, 16.0]}, "final_J": 0.22656402012863822, "goal_complete": false, "optimize_days": 7}
