{"target": -8.0, "params": {"ts": 39.413686779328955, "optimize_days_cont": 14.526750837411077, "pre_optlux": 720.2995278302468, "on_time_norm": 0.73021125980925, "duration_h": [6.0, 16.0]}, "final_J": 0.06851210951658156, "goal_complete": true, "optimize_days": 15}
{"target": -9999.0, "params": {"ts": 13.870958069173788, "optimize_days_cont": 2.7092539164461558, "pre_optlux": 1183.7175321647862, "on_time_norm": 0.8598134039871732, "duration_h": [6.0, 16.0]}, "final_J": 0.46709236682875965, "goal_complete": false, "optimize_days": 3}
{"target": -7.0, "params": {"ts": 17.068811982647002, "optimize_days_cont": 10.839800018758364, "pre_optlux": 1479.8653960323627, "on_time_norm": 0.9653006386557058, "duration_h": [6.0, 16.0]}, "final_J": 0.07052730995976951, "goal_complete": true, "optimize_days": 11}
{"target": -9999.0, "params": {"ts": 11.886409504138518, "optimize_days_cont": 2.1957333556401153, "pre_optlux": 403.27398651653857, "on_time_norm": 0.8892813301180539, "duration_h": [6.0, 16.0]}, "final_J": 0.6309738619020568, "goal_complete": false, "optimize_days": 2}
{"target": -9999.0, "params": {"ts": 12.872912786360851, "optimize_days_cont": 2.3023934680354863, "pre_optlux": 1104.874121167853, "on_time_norm": 0.24783261525292632, "duration_h": [6.0, 16.0]}, "final_J": 0.678798333673013, "goal_complete": false, "optimize_days": 2}
{"target": -7.958333333333333, "params": {"ts": 33.37130510136186, "optimize_days_cont": 10.410424315481096, "pre_optlux": 1241.2489473923947, "on_time_norm": 0.521864180658914, "duration_h": [6.0, 16.0]}, "final_J": 0.043292662073931856, "goal_complete": true, "optimize_days": 10}
{"target": -6.291666666666667, "params": {"ts": 44.29055762476635, "optimize_days_cont": 14.184512489764789, "pre_optlux": 1431.6571100361325, "on_time_norm": 0.1595291253023271, "duration_h": [6.0, 16.0]}, "final_J": 0.03989222135853696, "goal_complete": true, "optimize_days": 14}
{"target": -8.291666666666666, "params": {"ts": 88.2119680784001, "optimize_days_cont": 10.866489696007687, "pre_optlux": 429.583682601011, "on_time_norm": 0.44072525202003665, "duration_h": [6.0, 16.0]}, "final_J": 0.0623896841656129, "goal_complete": true, "optimize_days": 11}
{"target": -8.291666666666666, "params": {"ts": 1.579200179229061, "optimize_days_cont": 10.329306108838555, "pre_optlux": 312.20360526041486, "on_time_norm": 0.8411875755969358, "duration_h": [6.0, 16.0]}, "final_J": 0.07483244896916838, "goal_complete": true, "optimize_days": 10}
{"target": -4.875, "params": {"ts": 19.282503033799447, "optimize_days_cont": 5.303877879814539, "pre_optlux": 1445.0863187461541, "on_time_norm": 0.7503222101080398, "duration_h": [6.0, 16.0]}, "final_J": 0.09465086591896782, "goal_complete": true, "optimize_days": 5}
{"target": -7.958333333333333, "params": {"ts": 30.769589487978042, "optimize_days_cont": 18.221194001655977, "pre_optlux": 843.5115019838869, "on_time_norm": 0.8086654221998302, "duration_h": [6.0, 16.0]}, "final_J": 0.05970439195763351, "goal_complete": true, "optimize_days": 18}
{"target": -7.0, "params": {"ts": 50.57733031854432, "optimize_days_cont": 9.044977392119634, "pre_optlux": 769.7942688184828, "on_time_norm": 0.9471981130130156, "duration_h": [6.0, 16.0]}, "final_J": 0.049347613702999275, "goal_complete": true, "optimize_days": 9}
{"target": -9999.0, "params": {"ts": 61.430399991777755, "optimize_days_cont": 2.386116011392091, "pre_optlux": 899.147692268913, "on_time_norm": 0.34321498874992706, "duration_h": [6.0, 16.0]}, "final_J": 0.6302359554086833, "goal_complete": false, "optimize_days": 2}
{"target": -8.291666666666666, "params": {"ts": 25.548091492976575, "optimize_days_cont": 13.142908735410794, "pre_optlux": 546.3170786906023, "on_time_norm": 0.03587588189381008, "duration_h": [6.0, 16.0]}, "final_J": 0.011928791157772482, "goal_complete": true, "optimize_days": 13}
{"target": -7.958333333333333, "params": {"ts": 29.561273159533595, "optimize_days_cont": 10.195424444873952, "pre_optlux": 1318.4145493136677, "on_time_norm": 0.8854022109609112, "duration_h": [6.0, 16.0]}, "final_J": 0.04417915207027841, "goal_complete": true, "optimize_days": 10}
{"target": -7.0, "params": {"ts": 88.24399382050558, "optimize_days_cont": 8.985113360670788, "pre_optlux": 495.6140938584022, "on_time_norm": 0.9740598476465726, "duration_h": [6.0, 16.0]}, "final_J": 0.0635140229320711, "goal_complete": true, "optimize_days": 9}
{"target": -4.916666666666667, "params": {"ts": 54.96478329215315, "optimize_days_cont": 6.209976343204083, "pre_optlux": 318.93857907211896, "on_time_norm": 0.3441400649005154, "duration_h": [6.0, 16.0]}, "final_J": 0.020209674290092294, "goal_complete": true, "optimize_days": 6}
{"target": -7.959140379327153, "params": {"ts": 23.105816836200347, "optimize_days_cont": 10.940103486612847, "pre_optlux": 893.4469663845945, "on_time_norm": 0.045601950132806324, "duration_h": [6.0, 16.0]}, "final_J": 0.012704691997997819, "goal_complete": true, "optimize_days": 11}
{"target": -8.00920200529456, "params": {"ts": 23.08501322743759, "optimize_days_cont": 14.085797074605773, "pre_optlux": 371.03742375121396, "on_time_norm": 0.07032486680550032, "duration_h": [6.0, 16.0]}, "final_J": 0.04289989579138942, "goal_complete": true, "optimize_days": 14}
{"target": -4.002456449253842, "params": {"ts": 56.804456643247704, "optimize_days_cont": 2.481854448409754, "pre_optlux": 1125.5646900185338, "on_time_norm": 0.15845217352316643, "duration_h": [6.0, 16.0]}, "final_J": 0.6328438115765757, "goal_complete": false, "optimize_days": 2}
{"target": -8.003854731998722, "params": {"ts": 30.055238354117552, "optimize_days_cont": 14.235603569963303, "pre_optlux": 776.7565188542048, "on_time_norm": 0.21506214371433952, "duration_h": [6.0, 16.0]}, "final_J": 0.027765921554026046, "goal_complete": true, "optimize_days": 14}
{"target": -5.916820363338818, "params": {"ts": 12.966996402356731, "optimize_days_cont": 18.436053147149774, "pre_optlux": 914.702543770914, "on_time_norm": 0.47201931574192724, "duration_h": [6.0, 16.0]}, "final_J": 0.00554430648775652, "goal_complete": true, "optimize_days": 18}
{"target": -9.29409903822751, "params": {"ts": 5.278357243925987, "optimize_days_cont": 15.296453422239487, "pre_optlux": 883.4132092262794, "on_time_norm": 0.7671904257147006, "duration_h": [6.0, 16.0]}, "final_J": 0.022056162680042082, "goal_complete": true, "optimize_days": 15}
{"target": -9.96305150888323, "params": {"ts": 8.149916558088384, "optimize_days_cont": 13.534600853749103, "pre_optlux": 221.95410676473352, "on_time_norm": 0.6850244527227007, "duration_h": [6.0, 16.0]}, "final_J": 0.030718644338238815, "goal_complete": true, "optimize_days": 14}
{"target": -9.001962313687896, "params": {"ts": 47.331618590616145, "optimize_days_cont": 13.56012736053423, "pre_optlux": 1081.454953100926, "on_time_norm": 0.2633294844455638, "duration_h": [6.0, 16.0]}, "final_J": 0.019810672315175516, "goal_complete": true, "optimize_days": 14}
{"target": -10.02220143285892, "params": {"ts": 77.35815021585175, "optimize_days_cont": 16.50670419948814, "pre_optlux": 338.51616506019934, "on_time_norm": 0.5780067455748411, "duration_h": [6.0, 16.0]}, "final_J": 0.06663547532496428, "goal_complete": true, "optimize_days": 17}
{"target": -4.9416234013392115, "params": {"ts": 23.989333259437583, "optimize_days_cont": 4.774231318116989, "pre_optlux": 516.5125439397189, "on_time_norm": 0.976852764010693, "duration_h": [6.0, 16.0]}, "final_J": 0.1154325788841364, "goal_complete": true, "optimize_days": 5}
{"target": -4.674433306769794, "params": {"ts": 36.28433428914752, "optimize_days_cont": 1.3495989859817095, "pre_optlux": 982.6668639532691, "on_time_norm": 0.23040538778108444, "duration_h": [6.0, 16.0]}, "final_J": 0.8572553069850072, "goal_complete": false, "optimize_days": 1}
{"target": -7.315314074691496, "params": {"ts": 58.84077063109376, "optimize_days_cont": 8.981967537205383, "pre_optlux": 1107.491323463064, "on_time_norm": 0.9720455259033695, "duration_h": [6.0, 16.0]}, "final_J": 0.06877122657744186, "goal_complete": true, "optimize_days": 9}
{"target": -9.972736206197576, "params": {"ts": 43.63486278650694, "optimize_days_cont": 19.196843396417563, "pre_optlux": 214.47343649160942, "on_time_norm": 0.7327818008916883, "duration_h": [6.0, 16.0]}, "final_J": 0.05367098445946559, "goal_complete": true, "optimize_days": 19}
{"target": -10.038957672013582, "params": {"ts": 53.17351161162144, "optimize_days_cont": 11.772761585575223, "pre_optlux": 1125.9760864836403, "on_time_norm": 0.6826033501652629, "duration_h": [6.0, 16.0]}, "final_J": 0.08826966864510406, "goal_complete": true, "optimize_days": 12}
{"target": -5.234731235842506, "params": {"ts": 12.171706697977584, "optimize_days_cont": 4.784090011256047, "pre_optlux": 1123.7809591132172, "on_time_norm": 0.39386732248283196, "duration_h": [6.0, 16.0]}, "final_J": 0.21667082675916796, "goal_complete": false, "optimize_days": 5}
{"target": -4.0648396167711685, "params": {"ts": 16.19112292109049, "optimize_days_cont": 2.910906277613152, "pre_optlux": 699.7835942543549, "on_time_norm": 0.5829154644665038, "duration_h": [6.0, 16.0]}, "final_J": 0.461484477912566, "goal_complete": false, "optimize_days": 3}
{"target": -7.0128610729238225, "params": {"ts": 87.16572333579319, "optimize_days_cont": 19.36399704765088, "pre_optlux": 765.0125547254927, "on_time_norm": 0.4004229990716831, "duration_h": [6.0, 16.0]}, "final_J": 0.05071700488755749, "goal_complete": true, "optimize_days": 19}
{"target": -9.000710739695743, "params": {"ts": 83.00764660756872, "optimize_days_cont": 18.28698222982436, "pre_optlux": 1184.2845115892483, "on_time_norm": 0.06831478431392501, "duration_h": [6.0, 16.0]}, "final_J": 0.011922581060686716, "goal_complete": true, "optimize_days": 18}
{"target": -3.8645685280805124, "params": {"ts": 93.98239711040948, "optimize_days_cont": 2.940710497156282, "pre_optlux": 1469.6783471939355, "on_time_norm": 0.35668872437448984, "duration_h": [6.0, 16.0]}, "final_J": 0.41582893792532344, "goal_complete": false, "optimize_days": 3}
{"target": -9.000463091750925, "params": {"ts": 13.155784921739329, "optimize_days_cont": 19.265691674858058, "pre_optlux": 1029.0949266816813, "on_time_norm": 0.9366778098943237, "duration_h": [6.0, 16.0]}, "final_J": 0.009623842797190344, "goal_complete": true, "optimize_days": 19}
{"target": -3.9982758646842242, "params": {"ts": 15.972284486264632, "optimize_days_cont": 2.8483693743427083, "pre_optlux": 699.819049127234, "on_time_norm": 0.5905187471580844, "duration_h": [6.0, 16.0]}, "final_J": 0.446827900803928, "goal_complete": false, "optimize_days": 3}
{"target": -5.016167459770563, "params": {"ts": 12.125370606212094, "optimize_days_cont": 4.956567986424077, "pre_optlux": 697.5029085508007, "on_time_norm": 0.9382997347960563, "duration_h": [6.0, 16.0]}, "final_J": 0.1410679220119842, "goal_complete": true, "optimize_days": 5}
{"target": -4.689502456405988, "params": {"ts": 62.5663512370954, "optimize_days_cont": 1.0, "pre_optlux": 1125.2882796327679, "on_time_norm": 0.0, "duration_h": [6.0, 16.0]}, "final_J": 0.8590113452575568, "goal_complete": false, "optimize_days": 1}
{"target": -4.687481523654995, "params": {"ts": 12.646014914679538, "optimize_days_cont": 1.0, "pre_optlux": 706.907968505547, "on_time_norm": 0.21144121644016306, "duration_h": [6.0, 16.0]}, "final_J": 0.8587760503943964, "goal_complete": false, "optimize_days": 1}
{"target": -8.992763064587972, "params": {"ts": 92.58016833149077, "optimize_days_cont": 10.074158351952857, "pre_optlux": 1465.4301373217907, "on_time_norm": 0.5976131478757932, "duration_h": [6.0, 16.0]}, "final_J": 0.08298160188215004, "goal_complete": true, "optimize_days": 10}
{"target": -4.682975582077503, "params": {"ts": 95.66638571833953, "optimize_days_cont": 1.0, "pre_optlux": 1474.780131958768, "on_time_norm": 0.06736407316795644, "duration_h": [6.0, 16.0]}, "final_J": 0.8582511965709693, "goal_complete": false, "optimize_days": 1}
{"target": -4.684669944905515, "params": {"ts": 88.76820813153596, "optimize_days_cont": 1.0, "pre_optlux": 1470.5344132944513, "on_time_norm": 0.36056888349468214, "duration_h": [6.0, 16.0]}, "final_J": 0.8584485942565827, "goal_complete": false, "optimize_days": 1}
{"target": -4.689514937268962, "params": {"ts": 57.47938828854381, "optimize_days_cont": 1.0, "pre_optlux": 1132.7080529220898, "on_time_norm": 0.0, "duration_h": [6.0, 16.0]}, "final_J": 0.8590127981897548, "goal_complete": false, "optimize_days": 1}
{"target": -4.2706749130196195, "params": {"ts": 39.66441962279867, "optimize_days_cont": 4.095703660743606, "pre_optlux": 973.76012472967, "on_time_norm": 0.4077920542592052, "duration_h": [6.0, 16.0]}, "final_J": 0.23266925582019626, "goal_complete": false, "optimize_days": 4}
{"target": -4.493951876420566, "params": {"ts": 46.659557148682424, "optimize_days_cont": 3.6666614197917977, "pre_optlux": 980.4690243652784, "on_time_norm": 0.17922041664692262, "duration_h": [6.0, 16.0]}, "final_J": 0.3143093623869853, "goal_complete": false, "optimize_days": 4}
{"target": -7.011059346704799, "params": {"ts": 39.91624140405252, "optimize_days_cont": 10.273462055433916, "pre_optlux": 980.7203673060066, "on_time_norm": 0.28534137441089047, "duration_h": [6.0, 16.0]}, "final_J": 0.04703051499781504, "goal_complete": true, "optimize_days": 10}
{"target": -4.675229406104812, "params": {"ts": 47.32988506993918, "optimize_days_cont": 1.0, "pre_optlux": 971.1303136276373, "on_time_norm": 1.0, "duration_h": [6.0, 16.0]}, "final_J": 0.857348168027997, "goal_complete": false, "optimize_days": 1}
{"target": -4.675265655112764, "params": {"ts": 31.1127893930951, "optimize_days_cont": 1.0, "pre_optlux": 971.9689305765082, "on_time_norm": 1.0, "duration_h": [6.0, 16.0]}, "final_J": 0.85735239605576, "goal_complete": false, "optimize_days": 1}
{"target": -4.682374449840873, "params": {"ts": 38.31987216490401, "optimize_days_cont": 1.0, "pre_optlux": 962.8374900637876, "on_time_norm": 0.0, "duration_h": [6.0, 16.0]}, "final_J": 0.8581811521865151, "goal_complete": false, "optimize_days": 1}
{"target": -8.311621460687455, "params": {"ts": 40.428865936017, "optimize_days_cont": 11.311536719638854, "pre_optlux": 965.3527501931569, "on_time_norm": 1.0, "duration_h": [6.0, 16.0]}, "final_J": 0.06317403583876699, "goal_complete": true, "optimize_days": 11}
{"target": -4.688119172335785, "params": {"ts": 45.77077273893045, "optimize_days_cont": 1.0, "pre_optlux": 972.9507414953434, "on_time_norm": 0.0, "duration_h": [6.0, 16.0]}, "final_J": 0.8588502980538326, "goal_complete": false, "optimize_days": 1}
{"target": -4.674072014598191, "params": {"ts": 88.90414546382785, "optimize_days_cont": 1.0, "pre_optlux": 1475.9039724164331, "on_time_norm": 1.0, "duration_h": [6.0, 16.0]}, "final_J": 0.8572131607247045, "goal_complete": false, "optimize_days": 1}
{"target": -4.6748645063828524, "params": {"ts": 58.392673897795454, "optimize_days_cont": 1.0, "pre_optlux": 979.7096631970626, "on_time_norm": 0.0, "duration_h": [6.0, 16.0]}, "final_J": 0.8573056055319891, "goal_complete": false, "optimize_days": 1}
{"target": -4.675133418781101, "params": {"ts": 52.495746995806044, "optimize_days_cont": 1.0, "pre_optlux": 991.1322343962557, "on_time_norm": 1.0, "duration_h": [6.0, 16.0]}, "final_J": 0.8573369721155272, "goal_complete": false, "optimize_days": 1}
{"target": -4.689261230303259, "params": {"ts": 61.85453398103386, "optimize_days_cont": 1.0, "pre_optlux": 988.902224141166, "on_time_norm": 0.0, "duration_h": [6.0, 16.0]}, "final_J": 0.858983262968873, "goal_complete": false, "optimize_days": 1}
{"target": -9.333656193149642, "params": {"ts": 60.7613868245408, "optimize_days_cont": 11.094734256699573, "pre_optlux": 988.3642577565195, "on_time_norm": 0.0, "duration_h": [6.0, 16.0]}, "final_J": 0.09164008564266579, "goal_complete": true, "optimize_days": 11}
{"target": -4.674960856562571, "params": {"ts": 52.99539594707809, "optimize_days_cont": 1.0, "pre_optlux": 984.1106840568623, "on_time_norm": 1.0, "duration_h": [6.0, 16.0]}, "final_J": 0.8573168441786934, "goal_complete": false, "optimize_days": 1}
{"target": -4.676440460579622, "params": {"ts": 61.536445511774225, "optimize_days_cont": 1.0, "pre_optlux": 971.612601657809, "on_time_norm": 1.0, "duration_h": [6.0, 16.0]}, "final_J": 0.8574894122471276, "goal_complete": false, "optimize_days": 1}
{"target": -7.979947646669424, "params": {"ts": 33.33385708265314, "optimize_days_cont": 14.52064528837222, "pre_optlux": 515.4704901343135, "on_time_norm": 0.42023463196368954, "duration_h": [6.0, 16.0]}, "final_J": 0.06574848034151244, "goal_complete": true, "optimize_days": 15}
{"target": -4.689084724142518, "params": {"ts": 45.962664269351066, "optimize_days_cont": 1.0, "pre_optlux": 997.0546691168173, "on_time_norm": 0.0, "duration_h": [6.0, 16.0]}, "final_J": 0.8589627144576786, "goal_complete": false, "optimize_days": 1}
{"target": -4.674479581823322, "params": {"ts": 38.194993100900135, "optimize_days_cont": 1.0, "pre_optlux": 996.0310686593217, "on_time_norm": 1.0, "duration_h": [6.0, 16.0]}, "final_J": 0.8572607050160788, "goal_complete": false, "optimize_days": 1}
{"target": -4.675106179585856, "params": {"ts": 47.33717795414684, "optimize_days_cont": 1.0, "pre_optlux": 1006.4599212317785, "on_time_norm": 1.0, "duration_h": [6.0, 16.0]}, "final_J": 0.8573337949230575, "goal_complete": false, "optimize_days": 1}
{"target": -4.6752544702398575, "params": {"ts": 57.996850605274645, "optimize_days_cont": 1.0, "pre_optlux": 1003.7358683787319, "on_time_norm": 1.0, "duration_h": [6.0, 16.0]}, "final_J": 0.8573510914718494, "goal_complete": false, "optimize_days": 1}
{"target": -4.67430673864944, "params": {"ts": 36.445702265834576, "optimize_days_cont": 1.0, "pre_optlux": 1008.42469078474, "on_time_norm": 1.0, "duration_h": [6.0, 16.0]}, "final_J": 0.8572405425141114, "goal_complete": false, "optimize_days": 1}
{"target": -8.018505811697436, "params": {"ts": 46.63664905870915, "optimize_days_cont": 10.340284949722172, "pre_optlux": 1010.7237202971305, "on_time_norm": 1.0, "duration_h": [6.0, 16.0]}, "final_J": 0.06083717892446277, "goal_complete": true, "optimize_days": 10}
{"target": -4.690313436267006, "params": {"ts": 27.268023308082363, "optimize_days_cont": 1.0, "pre_optlux": 999.4793201517685, "on_time_norm": 0.0, "duration_h": [6.0, 16.0]}, "final_J": 0.8591057485859359, "goal_complete": false, "optimize_days": 1}
{"target": -4.673922240946659, "params": {"ts": 27.794320751773164, "optimize_days_cont": 1.0, "pre_optlux": 1008.5178076668119, "on_time_norm": 1.0, "duration_h": [6.0, 16.0]}, "final_J": 0.8571956883870403, "goal_complete": false, "optimize_days": 1}
{"target": -4.674272049759436, "params": {"ts": 21.675707101397816, "optimize_days_cont": 1.0, "pre_optlux": 989.4976938657906, "on_time_norm": 1.0, "duration_h": [6.0, 16.0]}, "final_J": 0.8572364959285664, "goal_complete": false, "optimize_days": 1}
{"target": -6.96750143152237, "params": {"ts": 24.286166587625612, "optimize_days_cont": 11.105616753837982, "pre_optlux": 998.726108325224, "on_time_norm": 1.0, "duration_h": [6.0, 16.0]}, "final_J": 0.042820785114326944, "goal_complete": true, "optimize_days": 11}
{"target": -4.691329089648205, "params": {"ts": 21.533572076353163, "optimize_days_cont": 1.0, "pre_optlux": 979.1605910168614, "on_time_norm": 0.0, "duration_h": [6.0, 16.0]}, "final_J": 0.8592239626137304, "goal_complete": false, "optimize_days": 1}
{"target": -4.678099207819572, "params": {"ts": 10.793820033734857, "optimize_days_cont": 1.0, "pre_optlux": 980.1580601746267, "on_time_norm": 1.0, "duration_h": [6.0, 16.0]}, "final_J": 0.8576828327324235, "goal_complete": false, "optimize_days": 1}
{"target": -4.698109993960809, "params": {"ts": 11.091949669809614, "optimize_days_cont": 1.0, "pre_optlux": 990.498307796191, "on_time_norm": 0.0, "duration_h": [6.0, 16.0]}, "final_J": 0.8600127899003375, "goal_complete": false, "optimize_days": 1}
{"target": -8.293601807580432, "params": {"ts": 10.433886275099708, "optimize_days_cont": 11.724349265982879, "pre_optlux": 980.2590359752455, "on_time_norm": 0.0, "duration_h": [6.0, 16.0]}, "final_J": 0.019673031864793515, "goal_complete": true, "optimize_days": 12}
{"target": -4.673627236616079, "params": {"ts": 13.602120878861879, "optimize_days_cont": 1.0, "pre_optlux": 1004.7532076778667, "on_time_norm": 1.0, "duration_h": [6.0, 16.0]}, "final_J": 0.8571612726454783, "goal_complete": false, "optimize_days": 1}
{"target": -4.69181693493624, "params": {"ts": 4.4408462531930635, "optimize_days_cont": 1.0, "pre_optlux": 997.7284169435247, "on_time_norm": 1.0, "duration_h": [6.0, 16.0]}, "final_J": 0.8592807381684102, "goal_complete": false, "optimize_days": 1}
