{"target": -10.0, "params": {"ts": 2.7315368221841103, "optimize_days_cont": 17.93989207642491, "pre_optlux": 534.5625760897897, "on_time_norm": 0.2989763774589579, "duration_h": [6.0, 16.0]}, "final_J": 0.02168933201021115, "goal_complete": true, "optimize_days": 18}
{"target": -8.0, "params": {"ts": 33.12258915034465, "optimize_days_cont": 17.429497347114907, "pre_optlux": 754.1420534887301, "on_time_norm": 0.5482299063500942, "duration_h": [6.0, 16.0]}, "final_J": 0.09502576491733827, "goal_complete": true, "optimize_days": 17}
{"target": -9999.0, "params": {"ts": 12.11889051387827, "optimize_days_cont": 3.6960459421176455, "pre_optlux": 750.6947535614496, "on_time_norm": 0.7319802251869119, "duration_h": [6.0, 16.0]}, "final_J": 0.2752551737162673, "goal_complete": false, "optimize_days": 4}
{"target": -5.291666666666667, "params": {"ts": 59.68169648856187, "optimize_days_cont": 7.397563291152543, "pre_optlux": 763.4775581181913, "on_time_norm": 0.18712777283052473, "duration_h": [6.0, 16.0]}, "final_J": 0.022903176769363976, "goal_complete": true, "optimize_days": 7}
{"target": -9999.0, "params": {"ts": 14.07810195464569, "optimize_days_cont": 1.705095984711934, "pre_optlux": 260.68357151399994, "on_time_norm": 0.2134399510803413, "duration_h": [6.0, 16.0]}, "final_J": 0.6509015591412532, "goal_complete": false, "optimize_days": 2}
{"target": -6.875, "params": {"ts": 65.85156848897378, "optimize_days_cont": 12.18697040043049, "pre_optlux": 926.2278426538624, "on_time_norm": 0.3346853176856943, "duration_h": [6.0, 16.0]}, "final_J": 0.03392648444937502, "goal_complete": true, "optimize_days": 12}
{"target": -9.0, "params": {"ts": 40.762428500801185, "optimize_days_cont": 13.907171810637996, "pre_optlux": 347.338167787798, "on_time_norm": 0.7887842182981357, "duration_h": [6.0, 16.0]}, "final_J": 0.07323082049772647, "goal_complete": true, "optimize_days": 14}
{"target": -9999.0, "params": {"ts": 61.749408361155254, "optimize_days_cont": 3.889288683364499, "pre_optlux": 1192.0340177006228, "on_time_norm": 0.26311903992324415, "duration_h": [6.0, 16.0]}, "final_J": 0.2108153527647939, "goal_complete": false, "optimize_days": 4}
{"target": -9.291666666666666, "params": {"ts": 29.457782494979018, "optimize_days_cont": 13.381908106047511, "pre_optlux": 1433.2949321141712, "on_time_norm": 0.9184743424662997, "duration_h": [6.0, 16.0]}, "final_J": 0.06707973539088186, "goal_complete": true, "optimize_days": 13}
{"target": -9999.0, "params": {"ts": 34.44157734405684, "optimize_days_cont": 2.711272351651346, "pre_optlux": 1085.331748368608, "on_time_norm": 0.679914691937932, "duration_h": [6.0, 16.0]}, "final_J": 0.4227103121377199, "goal_complete": false, "optimize_days": 3}
{"target": -6.0, "params": {"ts": 59.147608795858474, "optimize_days_cont": 7.6757574120105305, "pre_optlux": 764.7566636074888, "on_time_norm": 0.17027611439761878, "duration_h": [6.0, 16.0]}, "final_J": 0.02820301040816367, "goal_complete": true, "optimize_days": 8}
{"target": -12.0, "params": {"ts": 53.62017853270917, "optimize_days_cont": 20.0, "pre_optlux": 735.4072583655004, "on_time_norm": 0.0, "duration_h": [6.0, 16.0]}, "final_J": 0.006433689254586707, "goal_complete": true, "optimize_days": 20}
{"target": -9.0, "params": {"ts": 50.3550837232863, "optimize_days_cont": 18.66090330600177, "pre_optlux": 383.4713017183287, "on_time_norm": 0.9981758079010867, "duration_h": [6.0, 16.0]}, "final_J": 0.06425565813364476, "goal_complete": true, "optimize_days": 19}
{"target": -9.0, "params": {"ts": 80.20829522134936, "optimize_days_cont": 20.0, "pre_optlux": 355.8576187836461, "on_time_norm": 0.9914265876718403, "duration_h": [6.0, 16.0]}, "final_J": 0.07388005684710029, "goal_complete": true, "optimize_days": 20}
{"target": -9999.0, "params": {"ts": 89.31065917139433, "optimize_days_cont": 1.0, "pre_optlux": 393.8427061123971, "on_time_norm": 0.0, "duration_h": [6.0, 16.0]}, "final_J": 0.8577552794704105, "goal_complete": false, "optimize_days": 1}
{"target": -9.291666666666666, "params": {"ts": 16.358456097747474, "optimize_days_cont": 20.0, "pre_optlux": 375.35020411344345, "on_time_norm": 1.0, "duration_h": [6.0, 16.0]}, "final_J": 0.015116477042034459, "goal_complete": true, "optimize_days": 20}
{"target": -9.0, "params": {"ts": 75.33519231948968, "optimize_days_cont": 20.0, "pre_optlux": 320.23531884651663, "on_time_norm": 1.0, "duration_h": [6.0, 16.0]}, "final_J": 0.05717736608828261, "goal_complete": true, "optimize_days": 20}
{"target": -8.0, "params": {"ts": 65.18407518997445, "optimize_days_cont": 15.833718574304346, "pre_optlux": 884.4717058231951, "on_time_norm": 0.29923276361120327, "duration_h": [6.0, 16.0]}, "final_J": 0.05916627489507895, "goal_complete": true, "optimize_days": 16}
{"target": -13.0, "params": {"ts": 28.154498307172904, "optimize_days_cont": 20.0, "pre_optlux": 906.492854246739, "on_time_norm": 0.0008891104926279745, "duration_h": [6.0, 16.0]}, "final_J": 0.011728819908812936, "goal_complete": true, "optimize_days": 20}
{"target": -9999.0, "params": {"ts": 26.398830274066366, "optimize_days_cont": 1.0, "pre_optlux": 865.752480705819, "on_time_norm": 1.0, "duration_h": [6.0, 16.0]}, "final_J": 0.8573533167080287, "goal_complete": false, "optimize_days": 1}
{"target": -12.0, "params": {"ts": 97.35283660374861, "optimize_days_cont": 20.0, "pre_optlux": 901.9621080380964, "on_time_norm": 0.0, "duration_h": [6.0, 16.0]}, "final_J": 0.02173162047853721, "goal_complete": true, "optimize_days": 20}
{"target": -13.0, "params": {"ts": 26.270729098933582, "optimize_days_cont": 20.0, "pre_optlux": 945.4721978131877, "on_time_norm": 0.0, "duration_h": [6.0, 16.0]}, "final_J": 0.012450386986838015, "goal_complete": true, "optimize_days": 20}
{"target": -10.0, "params": {"ts": 1.0, "optimize_days_cont": 20.0, "pre_optlux": 491.2196744506838, "on_time_norm": 0.8287369256729097, "duration_h": [6.0, 16.0]}, "final_J": 0.041429880007946396, "goal_complete": true, "optimize_days": 20}
{"target": -8.958333333333334, "params": {"ts": 40.30232895037274, "optimize_days_cont": 20.0, "pre_optlux": 512.0973171250893, "on_time_norm": 1.0, "duration_h": [6.0, 16.0]}, "final_J": 0.08098565472493675, "goal_complete": true, "optimize_days": 20}
{"target": -9999.0, "params": {"ts": 41.05975745637824, "optimize_days_cont": 1.0, "pre_optlux": 554.9405197305022, "on_time_norm": 1.0, "duration_h": [6.0, 16.0]}, "final_J": 0.8574120499140446, "goal_complete": false, "optimize_days": 1}
{"target": -9.0, "params": {"ts": 38.830906551506125, "optimize_days_cont": 20.0, "pre_optlux": 474.527176136307, "on_time_norm": 0.0, "duration_h": [6.0, 16.0]}, "final_J": 0.0766753959740156, "goal_complete": true, "optimize_days": 20}
{"target": -8.291666666666666, "params": {"ts": 16.668279465490087, "optimize_days_cont": 20.0, "pre_optlux": 424.3593296155623, "on_time_norm": 1.0, "duration_h": [6.0, 16.0]}, "final_J": 0.016937922993715562, "goal_complete": true, "optimize_days": 20}
{"target": -9999.0, "params": {"ts": 1.0, "optimize_days_cont": 1.0, "pre_optlux": 454.6910508129072, "on_time_norm": 0.0, "duration_h": [6.0, 16.0]}, "final_J": 0.875178361721327, "goal_complete": false, "optimize_days": 1}
{"target": -9999.0, "params": {"ts": 25.755700973713573, "optimize_days_cont": 1.0, "pre_optlux": 399.15379584440893, "on_time_norm": 1.0, "duration_h": [6.0, 16.0]}, "final_J": 0.8575503358176045, "goal_complete": false, "optimize_days": 1}
{"target": -10.0, "params": {"ts": 15.480547644671887, "optimize_days_cont": 20.0, "pre_optlux": 510.4521318712228, "on_time_norm": 0.3391113631360371, "duration_h": [6.0, 16.0]}, "final_J": 0.020473296478991, "goal_complete": true, "optimize_days": 20}
{"target": -4.875, "params": {"ts": 39.22358473930192, "optimize_days_cont": 4.703504430961677, "pre_optlux": 925.903105889212, "on_time_norm": 0.0, "duration_h": [6.0, 16.0]}, "final_J": 0.11486724645710777, "goal_complete": true, "optimize_days": 5}
{"target": -9999.0, "params": {"ts": 78.05101492600849, "optimize_days_cont": 1.0, "pre_optlux": 903.165736148876, "on_time_norm": 1.0, "duration_h": [6.0, 16.0]}, "final_J": 0.857414020856273, "goal_complete": false, "optimize_days": 1}
{"target": -8.333333333333334, "params": {"ts": 26.939658351434122, "optimize_days_cont": 20.0, "pre_optlux": 492.6065223166687, "on_time_norm": 0.8620573120514183, "duration_h": [6.0, 16.0]}, "final_J": 0.07798125848142903, "goal_complete": true, "optimize_days": 20}
{"target": -9.041666666666666, "params": {"ts": 57.03749480830955, "optimize_days_cont": 20.0, "pre_optlux": 361.56677474989107, "on_time_norm": 1.0, "duration_h": [6.0, 16.0]}, "final_J": 0.07568667816976132, "goal_complete": true, "optimize_days": 20}
{"target": -12.0, "params": {"ts": 51.41300870014491, "optimize_days_cont": 20.0, "pre_optlux": 941.6716321387272, "on_time_norm": 0.0, "duration_h": [6.0, 16.0]}, "final_J": 0.013046649273652153, "goal_complete": true, "optimize_days": 20}
{"target": -9999.0, "params": {"ts": 65.93538564066618, "optimize_days_cont": 3.376720871677219, "pre_optlux": 339.0981092105871, "on_time_norm": 1.0, "duration_h": [6.0, 16.0]}, "final_J": 0.4207422997213768, "goal_complete": false, "optimize_days": 3}
{"target": -9.0, "params": {"ts": 35.90358913087643, "optimize_days_cont": 20.0, "pre_optlux": 365.9378214902634, "on_time_norm": 0.913581519954855, "duration_h": [6.0, 16.0]}, "final_J": 0.06385351261260733, "goal_complete": true, "optimize_days": 20}
{"target": -8.0, "params": {"ts": 46.290530587446646, "optimize_days_cont": 20.0, "pre_optlux": 919.9303941194981, "on_time_norm": 1.0, "duration_h": [6.0, 16.0]}, "final_J": 0.08104815908161091, "goal_complete": true, "optimize_days": 20}
{"target": -9.0, "params": {"ts": 16.675593634020093, "optimize_days_cont": 20.0, "pre_optlux": 350.44504982398615, "on_time_norm": 0.8552625685991598, "duration_h": [6.0, 16.0]}, "final_J": 0.08580358321216648, "goal_complete": true, "optimize_days": 20}
{"target": -8.291666666666666, "params": {"ts": 15.84964726773224, "optimize_days_cont": 16.222307509377462, "pre_optlux": 925.2900738086987, "on_time_norm": 1.0, "duration_h": [6.0, 16.0]}, "final_J": 0.019230985537409418, "goal_complete": true, "optimize_days": 16}
{"target": -7.958333333333333, "params": {"ts": 23.105816836200347, "optimize_days_cont": 10.940103486612847, "pre_optlux": 893.4469663845945, "on_time_norm": 0.045601950132806324, "duration_h": [6.0, 16.0]}, "final_J": 0.012704691997997819, "goal_complete": true, "optimize_days": 11}
{"target": -8.0, "params": {"ts": 23.08501322743759, "optimize_days_cont": 14.085797074605773, "pre_optlux": 371.03742375121396, "on_time_norm": 0.07032486680550032, "duration_h": [6.0, 16.0]}, "final_J": 0.04289989579138942, "goal_complete": true, "optimize_days": 14}
{"target": -9999.0, "params": {"ts": 56.804456643247704, "optimize_days_cont": 2.481854448409754, "pre_optlux": 1125.5646900185338, "on_time_norm": 0.15845217352316643, "duration_h": [6.0, 16.0]}, "final_J": 0.6328438115765757, "goal_complete": false, "optimize_days": 2}
{"target": -8.0, "params": {"ts": 30.055238354117552, "optimize_days_cont": 14.235603569963303, "pre_optlux": 776.7565188542048, "on_time_norm": 0.21506214371433952, "duration_h": [6.0, 16.0]}, "final_J": 0.027765921554026046, "goal_complete": true, "optimize_days": 14}
{"target": -5.916666666666667, "params": {"ts": 12.966996402356731, "optimize_days_cont": 18.436053147149774, "pre_optlux": 914.702543770914, "on_time_norm": 0.47201931574192724, "duration_h": [6.0, 16.0]}, "final_J": 0.00554430648775652, "goal_complete": true, "optimize_days": 18}
{"target": -9.291666666666666, "params": {"ts": 5.278357243925987, "optimize_days_cont": 15.296453422239487, "pre_optlux": 883.4132092262794, "on_time_norm": 0.7671904257147006, "duration_h": [6.0, 16.0]}, "final_J": 0.022056162680042082, "goal_complete": true, "optimize_days": 15}
{"target": -9.958333333333334, "params": {"ts": 8.149916558088384, "optimize_days_cont": 13.534600853749103, "pre_optlux": 221.95410676473352, "on_time_norm": 0.6850244527227007, "duration_h": [6.0, 16.0]}, "final_J": 0.030718644338238815, "goal_complete": true, "optimize_days": 14}
{"target": -9.0, "params": {"ts": 47.331618590616145, "optimize_days_cont": 13.56012736053423, "pre_optlux": 1081.454953100926, "on_time_norm": 0.2633294844455638, "duration_h": [6.0, 16.0]}, "final_J": 0.019810672315175516, "goal_complete": true, "optimize_days": 14}
{"target": -10.0, "params": {"ts": 77.35815021585175, "optimize_days_cont": 16.50670419948814, "pre_optlux": 338.51616506019934, "on_time_norm": 0.5780067455748411, "duration_h": [6.0, 16.0]}, "final_J": 0.06663547532496428, "goal_complete": true, "optimize_days": 17}
{"target": -4.875, "params": {"ts": 23.989333259437583, "optimize_days_cont": 4.774231318116989, "pre_optlux": 516.5125439397189, "on_time_norm": 0.976852764010693, "duration_h": [6.0, 16.0]}, "final_J": 0.1154325788841364, "goal_complete": true, "optimize_days": 5}
{"target": -9999.0, "params": {"ts": 36.28433428914752, "optimize_days_cont": 1.3495989859817095, "pre_optlux": 982.6668639532691, "on_time_norm": 0.23040538778108444, "duration_h": [6.0, 16.0]}, "final_J": 0.8572553069850072, "goal_complete": false, "optimize_days": 1}
{"target": -7.291666666666667, "params": {"ts": 58.84077063109376, "optimize_days_cont": 8.981967537205383, "pre_optlux": 1107.491323463064, "on_time_norm": 0.9720455259033695, "duration_h": [6.0, 16.0]}, "final_J": 0.06877122657744186, "goal_complete": true, "optimize_days": 9}
{"target": -9.958333333333334, "params": {"ts": 43.63486278650694, "optimize_days_cont": 19.196843396417563, "pre_optlux": 214.47343649160942, "on_time_norm": 0.7327818008916883, "duration_h": [6.0, 16.0]}, "final_J": 0.05367098445946559, "goal_complete": true, "optimize_days": 19}
{"target": -10.0, "params": {"ts": 53.17351161162144, "optimize_days_cont": 11.772761585575223, "pre_optlux": 1125.9760864836403, "on_time_norm": 0.6826033501652629, "duration_h": [6.0, 16.0]}, "final_J": 0.08826966864510406, "goal_complete": true, "optimize_days": 12}
{"target": -9999.0, "params": {"ts": 12.171706697977584, "optimize_days_cont": 4.784090011256047, "pre_optlux": 1123.7809591132172, "on_time_norm": 0.39386732248283196, "duration_h": [6.0, 16.0]}, "final_J": 0.21667082675916796, "goal_complete": false, "optimize_days": 5}
{"target": -9999.0, "params": {"ts": 16.19112292109049, "optimize_days_cont": 2.910906277613152, "pre_optlux": 699.7835942543549, "on_time_norm": 0.5829154644665038, "duration_h": [6.0, 16.0]}, "final_J": 0.461484477912566, "goal_complete": false, "optimize_days": 3}
{"target": -7.0, "params": {"ts": 87.16572333579319, "optimize_days_cont": 19.36399704765088, "pre_optlux": 765.0125547254927, "on_time_norm": 0.4004229990716831, "duration_h": [6.0, 16.0]}, "final_J": 0.05071700488755749, "goal_complete": true, "optimize_days": 19}
{"target": -9.0, "params": {"ts": 83.00764660756872, "optimize_days_cont": 18.28698222982436, "pre_optlux": 1184.2845115892483, "on_time_norm": 0.06831478431392501, "duration_h": [6.0, 16.0]}, "final_J": 0.011922581060686716, "goal_complete": true, "optimize_days": 18}
{"target": -9999.0, "params": {"ts": 93.98239711040948, "optimize_days_cont": 2.940710497156282, "pre_optlux": 1469.6783471939355, "on_time_norm": 0.35668872437448984, "duration_h": [6.0, 16.0]}, "final_J": 0.41582893792532344, "goal_complete": false, "optimize_days": 3}
{"target": -9.0, "params": {"ts": 13.155784921739329, "optimize_days_cont": 19.265691674858058, "pre_optlux": 1029.0949266816813, "on_time_norm": 0.9366778098943237, "duration_h": [6.0, 16.0]}, "final_J": 0.009623842797190344, "goal_complete": true, "optimize_days": 19}
{"target": -9999.0, "params": {"ts": 24.03431972771983, "optimize_days_cont": 3.4647853255869783, "pre_optlux": 516.7157308224615, "on_time_norm": 0.28694556634370827, "duration_h": [6.0, 16.0]}, "final_J": 0.4315082350097648, "goal_complete": false, "optimize_days": 3}
{"target": -7.0, "params": {"ts": 71.06075377929265, "optimize_days_cont": 10.834209230834503, "pre_optlux": 697.6126357811883, "on_time_norm": 0.1821656960004856, "duration_h": [6.0, 16.0]}, "final_J": 0.026759947575708737, "goal_complete": true, "optimize_days": 11}
{"target": -5.0, "params": {"ts": 95.36666773510326, "optimize_days_cont": 7.402148881255965, "pre_optlux": 522.9919416733685, "on_time_norm": 0.9818998646692884, "duration_h": [6.0, 16.0]}, "final_J": 0.01680167114891487, "goal_complete": true, "optimize_days": 7}
{"target": -7.875, "params": {"ts": 82.96430837043908, "optimize_days_cont": 18.166234056688662, "pre_optlux": 1089.3571274736905, "on_time_norm": 0.9772761070910743, "duration_h": [6.0, 16.0]}, "final_J": 0.11267915553182388, "goal_complete": true, "optimize_days": 18}
{"target": -6.291666666666667, "params": {"ts": 80.03382316855014, "optimize_days_cont": 13.145394703570366, "pre_optlux": 822.6009718947456, "on_time_norm": 0.5914600248905477, "duration_h": [6.0, 16.0]}, "final_J": 0.020352549093255724, "goal_complete": true, "optimize_days": 13}
{"target": -8.958333333333334, "params": {"ts": 87.114025620575, "optimize_days_cont": 12.343144909459884, "pre_optlux": 169.53751008347774, "on_time_norm": 0.6083295605986577, "duration_h": [6.0, 16.0]}, "final_J": 0.0592183752740535, "goal_complete": true, "optimize_days": 12}
{"target": -7.0, "params": {"ts": 46.12771787274602, "optimize_days_cont": 12.134875042552729, "pre_optlux": 1047.0570477030346, "on_time_norm": 0.2300838483251404, "duration_h": [6.0, 16.0]}, "final_J": 0.032642560716606955, "goal_complete": true, "optimize_days": 12}
{"target": -8.0, "params": {"ts": 5.028219263583043, "optimize_days_cont": 10.9368393550141, "pre_optlux": 207.47249997408184, "on_time_norm": 0.2495093468533479, "duration_h": [6.0, 16.0]}, "final_J": 0.012574857488438897, "goal_complete": true, "optimize_days": 11}
{"target": -6.0, "params": {"ts": 88.3565899148993, "optimize_days_cont": 13.711712231220474, "pre_optlux": 1162.1948248083459, "on_time_norm": 0.07700746170429051, "duration_h": [6.0, 16.0]}, "final_J": 0.00882970888451235, "goal_complete": true, "optimize_days": 14}
{"target": -9999.0, "params": {"ts": 90.14990262217131, "optimize_days_cont": 4.02829238516922, "pre_optlux": 1042.691523305497, "on_time_norm": 0.8003625068933602, "duration_h": [6.0, 16.0]}, "final_J": 0.23359822802689345, "goal_complete": false, "optimize_days": 4}
{"target": -10.0, "params": {"ts": 10.228105383248298, "optimize_days_cont": 19.978982904836627, "pre_optlux": 1467.197187077192, "on_time_norm": 0.480678483955025, "duration_h": [6.0, 16.0]}, "final_J": 0.013901437688192672, "goal_complete": true, "optimize_days": 20}
{"target": -8.0, "params": {"ts": 47.76446316475183, "optimize_days_cont": 15.924538856556964, "pre_optlux": 1414.4115761683902, "on_time_norm": 0.7753465115461101, "duration_h": [6.0, 16.0]}, "final_J": 0.10563698318182538, "goal_complete": true, "optimize_days": 16}
{"target": -8.0, "params": {"ts": 26.118366188827032, "optimize_days_cont": 13.940088990052013, "pre_optlux": 493.7959233889882, "on_time_norm": 0.23823726575513748, "duration_h": [6.0, 16.0]}, "final_J": 0.020917881808120584, "goal_complete": true, "optimize_days": 14}
{"target": -8.0, "params": {"ts": 27.03516840466136, "optimize_days_cont": 14.968769528798422, "pre_optlux": 1494.3003545490699, "on_time_norm": 0.22396201181776176, "duration_h": [6.0, 16.0]}, "final_J": 0.09925214697250767, "goal_complete": true, "optimize_days": 15}
{"target": -4.958333333333333, "params": {"ts": 14.69831864178427, "optimize_days_cont": 6.450384406939103, "pre_optlux": 1239.471554661081, "on_time_norm": 0.707383855767748, "duration_h": [6.0, 16.0]}, "final_J": 0.02669371280298741, "goal_complete": true, "optimize_days": 6}
{"target": -11.0, "params": {"ts": 84.33119462099006, "optimize_days_cont": 13.913364433193088, "pre_optlux": 972.3321068569286, "on_time_norm": 0.4889231645079689, "duration_h": [6.0, 16.0]}, "final_J": 0.08016791900029717, "goal_complete": true, "optimize_days": 14}
{"target": -10.0, "params": {"ts": 22.351414070657334, "optimize_days_cont": 15.53991148267178, "pre_optlux": 1442.2207119131697, "on_time_norm": 0.8196290558774258, "duration_h": [6.0, 16.0]}, "final_J": 0.031015027932966725, "goal_complete": true, "optimize_days": 16}
{"target": -5.0, "params": {"ts": 16.81320633583612, "optimize_days_cont": 7.479635130687264, "pre_optlux": 1080.111613662933, "on_time_norm": 0.18733033018951195, "duration_h": [6.0, 16.0]}, "final_J": 0.03026389883283333, "goal_complete": true, "optimize_days": 7}
{"target": -6.291666666666667, "params": {"ts": 8.886388302758036, "optimize_days_cont": 16.595389863900895, "pre_optlux": 779.1981201243677, "on_time_norm": 0.44874394398701245, "duration_h": [6.0, 16.0]}, "final_J": 0.030114248624854192, "goal_complete": true, "optimize_days": 17}
{"target": -9999.0, "params": {"ts": 8.454840786523803, "optimize_days_cont": 4.4370422823617055, "pre_optlux": 340.9193927644661, "on_time_norm": 0.663485796246682, "duration_h": [6.0, 16.0]}, "final_J": 0.3141344465918031, "goal_complete": false, "optimize_days": 4}
{"target": -7.0, "params": {"ts": 34.32600874562803, "optimize_days_cont": 11.585850526281899, "pre_optlux": 828.7963017961462, "on_time_norm": 0.16228716054949965, "duration_h": [6.0, 16.0]}, "final_J": 0.028905981036369318, "goal_complete": true, "optimize_days": 12}
{"target": -7.0, "params": {"ts": 19.57827556282596, "optimize_days_cont": 11.549442496748988, "pre_optlux": 667.5623958892577, "on_time_norm": 0.5513332653196833, "duration_h": [6.0, 16.0]}, "final_J": 0.06762403111063112, "goal_complete": true, "optimize_days": 12}
{"target": -8.0, "params": {"ts": 21.54937963972865, "optimize_days_cont": 16.247998472844756, "pre_optlux": 952.4235558852326, "on_time_norm": 0.5284441936559874, "duration_h": [6.0, 16.0]}, "final_J": 0.08039156240198873, "goal_complete": true, "optimize_days": 16}
