{"target": -4.291666666666667, "params": {"ts": 2.7315368221841103, "optimize_days_cont": 17.93989207642491, "pre_optlux": 534.5625760897897, "on_time_norm": 0.2989763774589579, "duration_h": [6.0, 16.0]}, "final_J": 0.011691937070001329, "goal_complete": true, "optimize_days": 18}
{"target": -4.0, "params": {"ts": 33.12258915034465, "optimize_days_cont": 17.429497347114907, "pre_optlux": 754.1420534887301, "on_time_norm": 0.5482299063500942, "duration_h": [6.0, 16.0]}, "final_J": 0.057850086421007405, "goal_complete": true, "optimize_days": 17}
{"target": -2.0, "params": {"ts": 12.11889051387827, "optimize_days_cont": 3.6960459421176455, "pre_optlux": 750.6947535614496, "on_time_norm": 0.7319802251869119, "duration_h": [6.0, 16.0]}, "final_J": 0.005878390313767718, "goal_complete": true, "optimize_days": 4}
{"target": -3.0416666666666665, "params": {"ts": 59.68169648856187, "optimize_days_cont": 7.397563291152543, "pre_optlux": 763.4775581181913, "on_time_norm": 0.18712777283052473, "duration_h": [6.0, 16.0]}, "final_J": 0.015958464947460352, "goal_complete": true, "optimize_days": 7}
{"target": -1.9583333333333333, "params": {"ts": 14.07810195464569, "optimize_days_cont": 1.705095984711934, "pre_optlux": 260.68357151399994, "on_time_norm": 0.2134399510803413, "duration_h": [6.0, 16.0]}, "final_J": 0.16938110757410296, "goal_complete": true, "optimize_days": 2}
{"target": -4.0, "params": {"ts": 65.85156848897378, "optimize_days_cont": 12.18697040043049, "pre_optlux": 926.2278426538624, "on_time_norm": 0.3346853176856943, "duration_h": [6.0, 16.0]}, "final_J": 0.04376867311489259, "goal_complete": true, "optimize_days": 12}
{"target": -4.0, "params": {"ts": 40.762428500801185, "optimize_days_cont": 13.907171810637996, "pre_optlux": 347.338167787798, "on_time_norm": 0.7887842182981357, "duration_h": [6.0, 16.0]}, "final_J": 0.07521884340882982, "goal_complete": true, "optimize_days": 14}
{"target": -2.2916666666666665, "params": {"ts": 61.749408361155254, "optimize_days_cont": 3.889288683364499, "pre_optlux": 1192.0340177006228, "on_time_norm": 0.26311903992324415, "duration_h": [6.0, 16.0]}, "final_J": 0.02750562415103348, "goal_complete": true, "optimize_days": 4}
{"target": -3.0, "params": {"ts": 29.457782494979018, "optimize_days_cont": 13.381908106047511, "pre_optlux": 1433.2949321141712, "on_time_norm": 0.9184743424662997, "duration_h": [6.0, 16.0]}, "final_J": 0.07463972871445895, "goal_complete": true, "optimize_days": 13}
{"target": -1.9583333333333333, "params": {"ts": 34.44157734405684, "optimize_days_cont": 2.711272351651346, "pre_optlux": 1085.331748368608, "on_time_norm": 0.679914691937932, "duration_h": [6.0, 16.0]}, "final_J": 0.008013382901292918, "goal_complete": true, "optimize_days": 3}
{"target": -2.875, "params": {"ts": 34.471275339598186, "optimize_days_cont": 3.613422692890201, "pre_optlux": 1084.7283952072237, "on_time_norm": 0.6702860197202013, "duration_h": [6.0, 16.0]}, "final_J": 0.0458409656875569, "goal_complete": true, "optimize_days": 4}
{"target": -1.9583333333333333, "params": {"ts": 13.160906142364357, "optimize_days_cont": 1.7449871815273836, "pre_optlux": 261.19794048836764, "on_time_norm": 0.2875671306465138, "duration_h": [6.0, 16.0]}, "final_J": 0.165531194512874, "goal_complete": true, "optimize_days": 2}
{"target": -9999.0, "params": {"ts": 34.387996155953566, "optimize_days_cont": 1.0842815213128125, "pre_optlux": 1086.41993043506, "on_time_norm": 0.6972832303928529, "duration_h": [6.0, 16.0]}, "final_J": 0.29237049526169306, "goal_complete": false, "optimize_days": 1}
{"target": -9999.0, "params": {"ts": 13.941853662731335, "optimize_days_cont": 1.1584192837292417, "pre_optlux": 260.96022058874485, "on_time_norm": 0.06788725787903184, "duration_h": [6.0, 16.0]}, "final_J": 0.29633147689114436, "goal_complete": false, "optimize_days": 1}
{"target": -9999.0, "params": {"ts": 13.433300702377503, "optimize_days_cont": 2.0508840785789606, "pre_optlux": 260.92760787024537, "on_time_norm": 0.3546687532932487, "duration_h": [6.0, 16.0]}, "final_J": 0.19024277074176213, "goal_complete": false, "optimize_days": 2}
{"target": -4.0, "params": {"ts": 14.59800135339974, "optimize_days_cont": 15.575897785461605, "pre_optlux": 988.4419773773291, "on_time_norm": 0.46839566158893653, "duration_h": [6.0, 16.0]}, "final_J": 0.08708155278440118, "goal_complete": true, "optimize_days": 16}
{"target": -5.0, "params": {"ts": 23.09556864514812, "optimize_days_cont": 9.87150736912477, "pre_optlux": 335.6496711921088, "on_time_norm": 0.0261866551449631, "duration_h": [6.0, 16.0]}, "final_J": 0.019684433941692732, "goal_complete": true, "optimize_days": 10}
{"target": -4.291666666666667, "params": {"ts": 54.87375465926569, "optimize_days_cont": 9.855465226521769, "pre_optlux": 1127.482080247163, "on_time_norm": 0.5120875733571822, "duration_h": [6.0, 16.0]}, "final_J": 0.04944076437678223, "goal_complete": true, "optimize_days": 10}
{"target": -5.291666666666667, "params": {"ts": 96.80861982908861, "optimize_days_cont": 8.190696755828293, "pre_optlux": 1172.7406885093897, "on_time_norm": 0.8514656171346254, "duration_h": [6.0, 16.0]}, "final_J": 0.0911643054608817, "goal_complete": true, "optimize_days": 8}
{"target": -4.041666666666667, "params": {"ts": 10.286836989714278, "optimize_days_cont": 15.826825724211359, "pre_optlux": 1127.4174229899315, "on_time_norm": 0.9887905158996095, "duration_h": [6.0, 16.0]}, "final_J": 0.07134276387086172, "goal_complete": true, "optimize_days": 16}
{"target": -5.0, "params": {"ts": 23.452137222605113, "optimize_days_cont": 14.071074119694796, "pre_optlux": 193.32393362281908, "on_time_norm": 0.21111694962240002, "duration_h": [6.0, 16.0]}, "final_J": 0.04030811885783979, "goal_complete": true, "optimize_days": 14}
{"target": -2.875, "params": {"ts": 87.69915350550016, "optimize_days_cont": 3.945281460692883, "pre_optlux": 1472.5746206988208, "on_time_norm": 0.6088380278134046, "duration_h": [6.0, 16.0]}, "final_J": 0.03177333003323602, "goal_complete": true, "optimize_days": 4}
{"target": -3.0, "params": {"ts": 7.345428905280819, "optimize_days_cont": 10.312143522941907, "pre_optlux": 498.48309975073636, "on_time_norm": 0.7058161528317821, "duration_h": [6.0, 16.0]}, "final_J": 0.00843855120197003, "goal_complete": true, "optimize_days": 10}
{"target": -4.0, "params": {"ts": 34.31501655700399, "optimize_days_cont": 9.292615380737617, "pre_optlux": 1147.746664513102, "on_time_norm": 0.6503959437042104, "duration_h": [6.0, 16.0]}, "final_J": 0.06478056210770163, "goal_complete": true, "optimize_days": 9}
{"target": -3.2916666666666665, "params": {"ts": 90.40336003444142, "optimize_days_cont": 15.209816956110778, "pre_optlux": 565.1104278814137, "on_time_norm": 0.3104400013977152, "duration_h": [6.0, 16.0]}, "final_J": 0.0864362315476249, "goal_complete": true, "optimize_days": 15}
{"target": -1.9583333333333333, "params": {"ts": 84.99073878334454, "optimize_days_cont": 1.8157428132239395, "pre_optlux": 650.7864965105484, "on_time_norm": 0.7434140553957862, "duration_h": [6.0, 16.0]}, "final_J": 0.16469708008690287, "goal_complete": true, "optimize_days": 2}
{"target": -4.291666666666667, "params": {"ts": 32.956124804219954, "optimize_days_cont": 9.77103106725436, "pre_optlux": 208.8664923023432, "on_time_norm": 0.638300079399356, "duration_h": [6.0, 16.0]}, "final_J": 0.08554196231383719, "goal_complete": true, "optimize_days": 10}
{"target": -2.9583333333333335, "params": {"ts": 76.57364516206636, "optimize_days_cont": 17.351096209997834, "pre_optlux": 380.92164729060187, "on_time_norm": 0.638001598140598, "duration_h": [6.0, 16.0]}, "final_J": 0.029494810817326217, "goal_complete": true, "optimize_days": 17}
{"target": -3.0, "params": {"ts": 71.45954735144178, "optimize_days_cont": 5.088218030532575, "pre_optlux": 869.3554597320162, "on_time_norm": 0.9990537811877916, "duration_h": [6.0, 16.0]}, "final_J": 0.0441203000676147, "goal_complete": true, "optimize_days": 5}
{"target": -4.291666666666667, "params": {"ts": 39.26400817904492, "optimize_days_cont": 18.23109113983041, "pre_optlux": 374.84478394528685, "on_time_norm": 0.8689557077737904, "duration_h": [6.0, 16.0]}, "final_J": 0.07694788991000477, "goal_complete": true, "optimize_days": 18}
{"target": -2.2916666666666665, "params": {"ts": 87.55070737051841, "optimize_days_cont": 4.047971061889668, "pre_optlux": 1251.870098581472, "on_time_norm": 0.5766379346276183, "duration_h": [6.0, 16.0]}, "final_J": 0.031220201524968728, "goal_complete": true, "optimize_days": 4}
{"target": -4.0, "params": {"ts": 35.3682748416401, "optimize_days_cont": 17.080815844170655, "pre_optlux": 1377.3100362614118, "on_time_norm": 0.5162771845410801, "duration_h": [6.0, 16.0]}, "final_J": 0.048814646188947736, "goal_complete": true, "optimize_days": 17}
{"target": -5.291666666666667, "params": {"ts": 6.801788158553803, "optimize_days_cont": 13.210869481481451, "pre_optlux": 1037.2189929468316, "on_time_norm": 0.3838611878576291, "duration_h": [6.0, 16.0]}, "final_J": 0.028232865519425474, "goal_complete": true, "optimize_days": 13}
{"target": -4.291666666666667, "params": {"ts": 22.97611853603994, "optimize_days_cont": 14.548650325830193, "pre_optlux": 305.6015942505065, "on_time_norm": 0.73601447098831, "duration_h": [6.0, 16.0]}, "final_J": 0.05318494463938564, "goal_complete": true, "optimize_days": 15}
{"target": -1.9166666666666667, "params": {"ts": 96.19551093172966, "optimize_days_cont": 2.8802098009203485, "pre_optlux": 911.9850487633414, "on_time_norm": 0.845956628974988, "duration_h": [6.0, 16.0]}, "final_J": 0.01355616879861668, "goal_complete": true, "optimize_days": 3}
{"target": -4.0, "params": {"ts": 43.35767318866717, "optimize_days_cont": 13.77241120790343, "pre_optlux": 183.66214191020978, "on_time_norm": 0.8395989965618623, "duration_h": [6.0, 16.0]}, "final_J": 0.06407602461062553, "goal_complete": true, "optimize_days": 14}
{"target": -4.291666666666667, "params": {"ts": 58.402622228024676, "optimize_days_cont": 12.813752520158298, "pre_optlux": 396.36922039853454, "on_time_norm": 0.29737816289858, "duration_h": [6.0, 16.0]}, "final_J": 0.05957011633219542, "goal_complete": true, "optimize_days": 13}
{"target": -2.9166666666666665, "params": {"ts": 33.96127487068761, "optimize_days_cont": 17.97679555701456, "pre_optlux": 1292.0832001303527, "on_time_norm": 0.3681210909367638, "duration_h": [6.0, 16.0]}, "final_J": 0.01156934542517067, "goal_complete": true, "optimize_days": 18}
{"target": -3.2916666666666665, "params": {"ts": 85.25033210183217, "optimize_days_cont": 11.536932505304867, "pre_optlux": 472.6748964747886, "on_time_norm": 0.5920637525409953, "duration_h": [6.0, 16.0]}, "final_J": 0.0413069225871725, "goal_complete": true, "optimize_days": 12}
{"target": -3.0, "params": {"ts": 83.55015483689803, "optimize_days_cont": 6.094741809500109, "pre_optlux": 154.30019504359856, "on_time_norm": 0.4911603344976747, "duration_h": [6.0, 16.0]}, "final_J": 0.041378494797247346, "goal_complete": true, "optimize_days": 6}
{"target": -5.0, "params": {"ts": 23.105816836200347, "optimize_days_cont": 10.940103486612847, "pre_optlux": 893.4469663845945, "on_time_norm": 0.045601950132806324, "duration_h": [6.0, 16.0]}, "final_J": 0.007172594578065699, "goal_complete": true, "optimize_days": 11}
{"target": -4.291666666666667, "params": {"ts": 23.08501322743759, "optimize_days_cont": 14.085797074605773, "pre_optlux": 371.03742375121396, "on_time_norm": 0.07032486680550032, "duration_h": [6.0, 16.0]}, "final_J": 0.0636757776618913, "goal_complete": true, "optimize_days": 14}
{"target": -9999.0, "params": {"ts": 56.804456643247704, "optimize_days_cont": 2.481854448409754, "pre_optlux": 1125.5646900185338, "on_time_norm": 0.15845217352316643, "duration_h": [6.0, 16.0]}, "final_J": 0.20751632042689772, "goal_complete": false, "optimize_days": 2}
{"target": -4.291666666666667, "params": {"ts": 30.055238354117552, "optimize_days_cont": 14.235603569963303, "pre_optlux": 776.7565188542048, "on_time_norm": 0.21506214371433952, "duration_h": [6.0, 16.0]}, "final_J": 0.03001584768271646, "goal_complete": true, "optimize_days": 14}
{"target": -2.9166666666666665, "params": {"ts": 12.966996402356731, "optimize_days_cont": 18.436053147149774, "pre_optlux": 914.702543770914, "on_time_norm": 0.47201931574192724, "duration_h": [6.0, 16.0]}, "final_J": 0.008534014519785575, "goal_complete": true, "optimize_days": 18}
{"target": -5.0, "params": {"ts": 5.278357243925987, "optimize_days_cont": 15.296453422239487, "pre_optlux": 883.4132092262794, "on_time_norm": 0.7671904257147006, "duration_h": [6.0, 16.0]}, "final_J": 0.01678373503216564, "goal_complete": true, "optimize_days": 15}
{"target": -4.291666666666667, "params": {"ts": 8.149916558088384, "optimize_days_cont": 13.534600853749103, "pre_optlux": 221.95410676473352, "on_time_norm": 0.6850244527227007, "duration_h": [6.0, 16.0]}, "final_J": 0.02745347007618112, "goal_complete": true, "optimize_days": 14}
{"target": -6.0, "params": {"ts": 47.331618590616145, "optimize_days_cont": 13.56012736053423, "pre_optlux": 1081.454953100926, "on_time_norm": 0.2633294844455638, "duration_h": [6.0, 16.0]}, "final_J": 0.03512083365824255, "goal_complete": true, "optimize_days": 14}
{"target": -4.0, "params": {"ts": 77.35815021585175, "optimize_days_cont": 16.50670419948814, "pre_optlux": 338.51616506019934, "on_time_norm": 0.5780067455748411, "duration_h": [6.0, 16.0]}, "final_J": 0.0632949728316119, "goal_complete": true, "optimize_days": 17}
{"target": -2.9583333333333335, "params": {"ts": 23.989333259437583, "optimize_days_cont": 4.774231318116989, "pre_optlux": 516.5125439397189, "on_time_norm": 0.976852764010693, "duration_h": [6.0, 16.0]}, "final_J": 0.032979093233897736, "goal_complete": true, "optimize_days": 5}
{"target": -9999.0, "params": {"ts": 36.28433428914752, "optimize_days_cont": 1.3495989859817095, "pre_optlux": 982.6668639532691, "on_time_norm": 0.23040538778108444, "duration_h": [6.0, 16.0]}, "final_J": 0.29230075844877546, "goal_complete": false, "optimize_days": 1}
{"target": -5.0, "params": {"ts": 58.84077063109376, "optimize_days_cont": 8.981967537205383, "pre_optlux": 1107.491323463064, "on_time_norm": 0.9720455259033695, "duration_h": [6.0, 16.0]}, "final_J": 0.07869874534615909, "goal_complete": true, "optimize_days": 9}
{"target": -4.291666666666667, "params": {"ts": 43.63486278650694, "optimize_days_cont": 19.196843396417563, "pre_optlux": 214.47343649160942, "on_time_norm": 0.7327818008916883, "duration_h": [6.0, 16.0]}, "final_J": 0.044591747703234624, "goal_complete": true, "optimize_days": 19}
{"target": -3.2916666666666665, "params": {"ts": 53.17351161162144, "optimize_days_cont": 11.772761585575223, "pre_optlux": 1125.9760864836403, "on_time_norm": 0.6826033501652629, "duration_h": [6.0, 16.0]}, "final_J": 0.08639811157421994, "goal_complete": true, "optimize_days": 12}
{"target": -2.9166666666666665, "params": {"ts": 12.171706697977584, "optimize_days_cont": 4.784090011256047, "pre_optlux": 1123.7809591132172, "on_time_norm": 0.39386732248283196, "duration_h": [6.0, 16.0]}, "final_J": 0.03369258569948196, "goal_complete": true, "optimize_days": 5}
{"target": -2.0, "params": {"ts": 16.19112292109049, "optimize_days_cont": 2.910906277613152, "pre_optlux": 699.7835942543549, "on_time_norm": 0.5829154644665038, "duration_h": [6.0, 16.0]}, "final_J": 0.07310271673583846, "goal_complete": true, "optimize_days": 3}
{"target": -3.9583333333333335, "params": {"ts": 87.16572333579319, "optimize_days_cont": 19.36399704765088, "pre_optlux": 765.0125547254927, "on_time_norm": 0.4004229990716831, "duration_h": [6.0, 16.0]}, "final_J": 0.041446685881891696, "goal_complete": true, "optimize_days": 19}
{"target": -5.291666666666667, "params": {"ts": 83.00764660756872, "optimize_days_cont": 18.28698222982436, "pre_optlux": 1184.2845115892483, "on_time_norm": 0.06831478431392501, "duration_h": [6.0, 16.0]}, "final_J": 0.011382456766495947, "goal_complete": true, "optimize_days": 18}
{"target": -1.9583333333333333, "params": {"ts": 93.98239711040948, "optimize_days_cont": 2.940710497156282, "pre_optlux": 1469.6783471939355, "on_time_norm": 0.35668872437448984, "duration_h": [6.0, 16.0]}, "final_J": 0.021927818776130956, "goal_complete": true, "optimize_days": 3}
{"target": -4.958333333333333, "params": {"ts": 13.155784921739329, "optimize_days_cont": 19.265691674858058, "pre_optlux": 1029.0949266816813, "on_time_norm": 0.9366778098943237, "duration_h": [6.0, 16.0]}, "final_J": 0.06074295431130674, "goal_complete": true, "optimize_days": 19}
{"target": -1.9583333333333333, "params": {"ts": 15.755896846027655, "optimize_days_cont": 2.786565826173543, "pre_optlux": 699.8550732326704, "on_time_norm": 0.5979593303021615, "duration_h": [6.0, 16.0]}, "final_J": 0.030609483101659857, "goal_complete": true, "optimize_days": 3}
{"target": -4.0, "params": {"ts": 49.903162504675954, "optimize_days_cont": 20.0, "pre_optlux": 1125.8298812493108, "on_time_norm": 1.0, "duration_h": [6.0, 16.0]}, "final_J": 0.0342466131265945, "goal_complete": true, "optimize_days": 20}
{"target": -4.0, "params": {"ts": 53.925308896612385, "optimize_days_cont": 17.449515205626472, "pre_optlux": 1115.7259047499967, "on_time_norm": 1.0, "duration_h": [6.0, 16.0]}, "final_J": 0.05830504207560696, "goal_complete": true, "optimize_days": 17}
{"target": -4.291666666666667, "params": {"ts": 11.310814990821369, "optimize_days_cont": 15.342193052474448, "pre_optlux": 894.9748857178511, "on_time_norm": 0.527944440371739, "duration_h": [6.0, 16.0]}, "final_J": 0.01091156878957558, "goal_complete": true, "optimize_days": 15}
{"target": -5.0, "params": {"ts": 17.890447999023202, "optimize_days_cont": 11.23557374893004, "pre_optlux": 905.2223090789853, "on_time_norm": 0.13663021607168527, "duration_h": [6.0, 16.0]}, "final_J": 0.018816614747073575, "goal_complete": true, "optimize_days": 11}
{"target": -2.0, "params": {"ts": 12.54828303780873, "optimize_days_cont": 3.0467124214089467, "pre_optlux": 894.3676311134953, "on_time_norm": 0.06965091633051115, "duration_h": [6.0, 16.0]}, "final_J": 0.06268810263313901, "goal_complete": true, "optimize_days": 3}
{"target": -3.0, "params": {"ts": 15.603234471792723, "optimize_days_cont": 7.141778894723087, "pre_optlux": 884.2522492786314, "on_time_norm": 1.0, "duration_h": [6.0, 16.0]}, "final_J": 0.036659066883054967, "goal_complete": true, "optimize_days": 7}
{"target": -9.291666666666666, "params": {"ts": 17.23469931170286, "optimize_days_cont": 18.249517047280396, "pre_optlux": 883.1520202710697, "on_time_norm": 0.0, "duration_h": [6.0, 16.0]}, "final_J": 0.013046707981324202, "goal_complete": true, "optimize_days": 18}
{"target": -3.9583333333333335, "params": {"ts": 3.9044284575188235, "optimize_days_cont": 9.379777828333538, "pre_optlux": 906.3338437182005, "on_time_norm": 0.741357823093205, "duration_h": [6.0, 16.0]}, "final_J": 0.05374904129083995, "goal_complete": true, "optimize_days": 9}
{"target": -3.0, "params": {"ts": 52.491467940054676, "optimize_days_cont": 14.058242020918804, "pre_optlux": 1095.8151321507557, "on_time_norm": 0.767998290302475, "duration_h": [6.0, 16.0]}, "final_J": 0.11575055936984655, "goal_complete": true, "optimize_days": 14}
{"target": -3.9583333333333335, "params": {"ts": 63.89169431130946, "optimize_days_cont": 20.0, "pre_optlux": 1101.9539480368367, "on_time_norm": 1.0, "duration_h": [6.0, 16.0]}, "final_J": 0.05122462334779703, "goal_complete": true, "optimize_days": 20}
{"target": -4.0, "params": {"ts": 64.80408561706852, "optimize_days_cont": 7.138276319564555, "pre_optlux": 1094.3777770364613, "on_time_norm": 1.0, "duration_h": [6.0, 16.0]}, "final_J": 0.06782387553773901, "goal_complete": true, "optimize_days": 7}
{"target": -6.291666666666667, "params": {"ts": 62.19256446766849, "optimize_days_cont": 18.296502337580268, "pre_optlux": 1086.1843109799552, "on_time_norm": 0.24718412289588207, "duration_h": [6.0, 16.0]}, "final_J": 0.02449118021541227, "goal_complete": true, "optimize_days": 18}
{"target": -1.9583333333333333, "params": {"ts": 56.584295802321215, "optimize_days_cont": 3.1746890142986914, "pre_optlux": 1086.1433179443086, "on_time_norm": 0.0, "duration_h": [6.0, 16.0]}, "final_J": 0.016392057148925266, "goal_complete": true, "optimize_days": 3}
{"target": -3.9583333333333335, "params": {"ts": 58.89184001476364, "optimize_days_cont": 9.947098550498914, "pre_optlux": 1075.9770397581722, "on_time_norm": 1.0, "duration_h": [6.0, 16.0]}, "final_J": 0.06605059781453676, "goal_complete": true, "optimize_days": 10}
{"target": -3.9583333333333335, "params": {"ts": 71.22863272690668, "optimize_days_cont": 6.392317433749237, "pre_optlux": 1081.3179478645102, "on_time_norm": 1.0, "duration_h": [6.0, 16.0]}, "final_J": 0.059911035589498146, "goal_complete": true, "optimize_days": 6}
{"target": -6.0, "params": {"ts": 75.0914818865979, "optimize_days_cont": 14.919689241717666, "pre_optlux": 1095.0442051875548, "on_time_norm": 0.0, "duration_h": [6.0, 16.0]}, "final_J": 0.011643102378043134, "goal_complete": true, "optimize_days": 15}
{"target": -4.0, "params": {"ts": 75.59516444072742, "optimize_days_cont": 18.90008877527584, "pre_optlux": 1082.225611839997, "on_time_norm": 1.0, "duration_h": [6.0, 16.0]}, "final_J": 0.07968902462118369, "goal_complete": true, "optimize_days": 19}
{"target": -8.041666666666666, "params": {"ts": 67.91494107243152, "optimize_days_cont": 18.46874166534942, "pre_optlux": 1070.8434881399241, "on_time_norm": 0.0, "duration_h": [6.0, 16.0]}, "final_J": 0.016964966433210913, "goal_complete": true, "optimize_days": 18}
{"target": -5.0, "params": {"ts": 75.35888254120711, "optimize_days_cont": 8.086438548334991, "pre_optlux": 1068.539634466749, "on_time_norm": 1.0, "duration_h": [6.0, 16.0]}, "final_J": 0.06994522518512337, "goal_complete": true, "optimize_days": 8}
