{"target": -9999.0, "params": {"ts": 63.54778919444257, "optimize_days_cont": 1.3397502284640612, "pre_optlux": 1067.7374829826126, "on_time_norm": 0.0, "duration_h": [6.0, 16.0]}, "final_J": 0.2949667812544866, "goal_complete": false, "optimize_days": 1}
{"target": -3.0, "params": {"ts": 82.04534974754769, "optimize_days_cont": 14.190321168036716, "pre_optlux": 1074.739175312655, "on_time_norm": 1.0, "duration_h": [6.0, 16.0]}, "final_J": 0.09860682960690142, "goal_complete": true, "optimize_days": 14}
{"target": -3.2916666666666665, "params": {"ts": 80.36661372383963, "optimize_days_cont": 6.453259482184238, "pre_optlux": 1085.8813990022936, "on_time_norm": 1.0, "duration_h": [6.0, 16.0]}, "final_J": 0.043278873941473034, "goal_complete": true, "optimize_days": 6}
{"target": -3.2916666666666665, "params": {"ts": 78.15549564547217, "optimize_days_cont": 20.0, "pre_optlux": 1065.5298438268067, "on_time_norm": 1.0, "duration_h": [6.0, 16.0]}, "final_J": 0.07627104379833066, "goal_complete": true, "optimize_days": 20}
{"target": -4.0, "params": {"ts": 53.868064024321285, "optimize_days_cont": 20.0, "pre_optlux": 1077.1448191905595, "on_time_norm": 1.0, "duration_h": [6.0, 16.0]}, "final_J": 0.026108071613854512, "goal_complete": true, "optimize_days": 20}
{"target": -4.0, "params": {"ts": 89.17844723662458, "optimize_days_cont": 7.964291998756295, "pre_optlux": 1065.6129370158676, "on_time_norm": 1.0, "duration_h": [6.0, 16.0]}, "final_J": 0.050709521130531336, "goal_complete": true, "optimize_days": 8}
{"target": -2.0, "params": {"ts": 12.629448708904944, "optimize_days_cont": 3.0673746631967704, "pre_optlux": 916.1621085027413, "on_time_norm": 1.0, "duration_h": [6.0, 16.0]}, "final_J": 0.07414598553666678, "goal_complete": true, "optimize_days": 3}
{"target": -1.9166666666666667, "params": {"ts": 44.88362128317443, "optimize_days_cont": 2.989827070263817, "pre_optlux": 1089.1185432570699, "on_time_norm": 1.0, "duration_h": [6.0, 16.0]}, "final_J": 0.018560585947052694, "goal_complete": true, "optimize_days": 3}
{"target": -3.0, "params": {"ts": 26.33974191744545, "optimize_days_cont": 11.61444876403102, "pre_optlux": 918.1096654575524, "on_time_norm": 1.0, "duration_h": [6.0, 16.0]}, "final_J": 0.09913648330490435, "goal_complete": true, "optimize_days": 12}
{"target": -5.0, "params": {"ts": 16.483374213454304, "optimize_days_cont": 9.536186593238682, "pre_optlux": 927.4817778942765, "on_time_norm": 0.0, "duration_h": [6.0, 16.0]}, "final_J": 0.009651014742017907, "goal_complete": true, "optimize_days": 10}
{"target": -8.0, "params": {"ts": 1.2321231899904896, "optimize_days_cont": 10.03219596863649, "pre_optlux": 922.5604543194535, "on_time_norm": 0.0, "duration_h": [6.0, 16.0]}, "final_J": 0.15056685406330164, "goal_complete": true, "optimize_days": 10}
{"target": -9999.0, "params": {"ts": 26.86886724088266, "optimize_days_cont": 1.0, "pre_optlux": 905.4434393354535, "on_time_norm": 1.0, "duration_h": [6.0, 16.0]}, "final_J": 0.29282858873131457, "goal_complete": false, "optimize_days": 1}
{"target": -4.291666666666667, "params": {"ts": 21.346709468391563, "optimize_days_cont": 20.0, "pre_optlux": 926.2356924152432, "on_time_norm": 1.0, "duration_h": [6.0, 16.0]}, "final_J": 0.0633097717389185, "goal_complete": true, "optimize_days": 20}
{"target": -7.0, "params": {"ts": 31.63198762148092, "optimize_days_cont": 14.69226743638645, "pre_optlux": 927.551424533836, "on_time_norm": 0.0, "duration_h": [6.0, 16.0]}, "final_J": 0.005578947789043459, "goal_complete": true, "optimize_days": 15}
{"target": -3.0, "params": {"ts": 26.117834063778854, "optimize_days_cont": 6.199301758713588, "pre_optlux": 932.8272052439431, "on_time_norm": 1.0, "duration_h": [6.0, 16.0]}, "final_J": 0.020158472706539057, "goal_complete": true, "optimize_days": 6}
{"target": -9999.0, "params": {"ts": 8.20934205562579, "optimize_days_cont": 1.0, "pre_optlux": 929.808078014085, "on_time_norm": 1.0, "duration_h": [6.0, 16.0]}, "final_J": 0.2956882851202442, "goal_complete": false, "optimize_days": 1}
{"target": -9999.0, "params": {"ts": 53.929751282207405, "optimize_days_cont": 1.2990519558505775, "pre_optlux": 1097.649386070099, "on_time_norm": 0.0, "duration_h": [6.0, 16.0]}, "final_J": 0.29759521410496353, "goal_complete": false, "optimize_days": 1}
{"target": -3.9583333333333335, "params": {"ts": 70.19969362635166, "optimize_days_cont": 11.975489589039828, "pre_optlux": 1087.8970592599362, "on_time_norm": 0.7797934356308777, "duration_h": [6.0, 16.0]}, "final_J": 0.06992782822390335, "goal_complete": true, "optimize_days": 12}
{"target": -3.0, "params": {"ts": 55.23743811920526, "optimize_days_cont": 12.541818671478085, "pre_optlux": 1084.6399512408168, "on_time_norm": 1.0, "duration_h": [6.0, 16.0]}, "final_J": 0.10851010650656784, "goal_complete": true, "optimize_days": 13}
{"target": -3.3333333333333335, "params": {"ts": 65.84726066227039, "optimize_days_cont": 17.214858018072697, "pre_optlux": 1078.066355475966, "on_time_norm": 1.0, "duration_h": [6.0, 16.0]}, "final_J": 0.06980268664112979, "goal_complete": true, "optimize_days": 17}
{"target": -5.000257230564906, "params": {"ts": 23.105816836200347, "optimize_days_cont": 10.940103486612847, "pre_optlux": 893.4469663845945, "on_time_norm": 0.045601950132806324, "duration_h": [6.0, 16.0]}, "final_J": 0.007172594578065699, "goal_complete": true, "optimize_days": 11}
{"target": -4.3119396899709, "params": {"ts": 23.08501322743759, "optimize_days_cont": 14.085797074605773, "pre_optlux": 371.03742375121396, "on_time_norm": 0.07032486680550032, "duration_h": [6.0, 16.0]}, "final_J": 0.0636757776618913, "goal_complete": true, "optimize_days": 14}
{"target": -2.2153151162175946, "params": {"ts": 56.804456643247704, "optimize_days_cont": 2.481854448409754, "pre_optlux": 1125.5646900185338, "on_time_norm": 0.15845217352316643, "duration_h": [6.0, 16.0]}, "final_J": 0.20751632042689772, "goal_complete": false, "optimize_days": 2}
{"target": -4.296171422227227, "params": {"ts": 30.055238354117552, "optimize_days_cont": 14.235603569963303, "pre_optlux": 776.7565188542048, "on_time_norm": 0.21506214371433952, "duration_h": [6.0, 16.0]}, "final_J": 0.03001584768271646, "goal_complete": true, "optimize_days": 14}
{"target": -2.917030813685786, "params": {"ts": 12.966996402356731, "optimize_days_cont": 18.436053147149774, "pre_optlux": 914.702543770914, "on_time_norm": 0.47201931574192724, "duration_h": [6.0, 16.0]}, "final_J": 0.008534014519785575, "goal_complete": true, "optimize_days": 18}
{"target": -5.00140846880815, "params": {"ts": 5.278357243925987, "optimize_days_cont": 15.296453422239487, "pre_optlux": 883.4132092262794, "on_time_norm": 0.7671904257147006, "duration_h": [6.0, 16.0]}, "final_J": 0.01678373503216564, "goal_complete": true, "optimize_days": 15}
{"target": -4.295435131762786, "params": {"ts": 8.149916558088384, "optimize_days_cont": 13.534600853749103, "pre_optlux": 221.95410676473352, "on_time_norm": 0.6850244527227007, "duration_h": [6.0, 16.0]}, "final_J": 0.02745347007618112, "goal_complete": true, "optimize_days": 14}
{"target": -6.0061673647842495, "params": {"ts": 47.331618590616145, "optimize_days_cont": 13.56012736053423, "pre_optlux": 1081.454953100926, "on_time_norm": 0.2633294844455638, "duration_h": [6.0, 16.0]}, "final_J": 0.03512083365824255, "goal_complete": true, "optimize_days": 14}
{"target": -4.020031267928773, "params": {"ts": 77.35815021585175, "optimize_days_cont": 16.50670419948814, "pre_optlux": 338.51616506019934, "on_time_norm": 0.5780067455748411, "duration_h": [6.0, 16.0]}, "final_J": 0.0632949728316119, "goal_complete": true, "optimize_days": 17}
{"target": -2.963771436285984, "params": {"ts": 23.989333259437583, "optimize_days_cont": 4.774231318116989, "pre_optlux": 516.5125439397189, "on_time_norm": 0.976852764010693, "duration_h": [6.0, 16.0]}, "final_J": 0.032979093233897736, "goal_complete": true, "optimize_days": 5}
{"target": -1.427198666948647, "params": {"ts": 36.28433428914752, "optimize_days_cont": 1.3495989859817095, "pre_optlux": 982.6668639532691, "on_time_norm": 0.23040538778108444, "duration_h": [6.0, 16.0]}, "final_J": 0.29230075844877546, "goal_complete": false, "optimize_days": 1}
{"target": -5.030967462595298, "params": {"ts": 58.84077063109376, "optimize_days_cont": 8.981967537205383, "pre_optlux": 1107.491323463064, "on_time_norm": 0.9720455259033695, "duration_h": [6.0, 16.0]}, "final_J": 0.07869874534615909, "goal_complete": true, "optimize_days": 9}
{"target": -4.301608786482811, "params": {"ts": 43.63486278650694, "optimize_days_cont": 19.196843396417563, "pre_optlux": 214.47343649160942, "on_time_norm": 0.7327818008916883, "duration_h": [6.0, 16.0]}, "final_J": 0.044591747703234624, "goal_complete": true, "optimize_days": 19}
{"target": -3.328989835084623, "params": {"ts": 53.17351161162144, "optimize_days_cont": 11.772761585575223, "pre_optlux": 1125.9760864836403, "on_time_norm": 0.6826033501652629, "duration_h": [6.0, 16.0]}, "final_J": 0.08639811157421994, "goal_complete": true, "optimize_days": 12}
{"target": -2.922342618322251, "params": {"ts": 12.171706697977584, "optimize_days_cont": 4.784090011256047, "pre_optlux": 1123.7809591132172, "on_time_norm": 0.39386732248283196, "duration_h": [6.0, 16.0]}, "final_J": 0.03369258569948196, "goal_complete": true, "optimize_days": 5}
{"target": -2.026720035970801, "params": {"ts": 16.19112292109049, "optimize_days_cont": 2.910906277613152, "pre_optlux": 699.7835942543549, "on_time_norm": 0.5829154644665038, "duration_h": [6.0, 16.0]}, "final_J": 0.07310271673583846, "goal_complete": true, "optimize_days": 3}
{"target": -3.9669224721862943, "params": {"ts": 87.16572333579319, "optimize_days_cont": 19.36399704765088, "pre_optlux": 765.0125547254927, "on_time_norm": 0.4004229990716831, "duration_h": [6.0, 16.0]}, "final_J": 0.041446685881891696, "goal_complete": true, "optimize_days": 19}
{"target": -5.292314468276873, "params": {"ts": 83.00764660756872, "optimize_days_cont": 18.28698222982436, "pre_optlux": 1184.2845115892483, "on_time_norm": 0.06831478431392501, "duration_h": [6.0, 16.0]}, "final_J": 0.011382456766495947, "goal_complete": true, "optimize_days": 18}
{"target": -1.9607374795147274, "params": {"ts": 93.98239711040948, "optimize_days_cont": 2.940710497156282, "pre_optlux": 1469.6783471939355, "on_time_norm": 0.35668872437448984, "duration_h": [6.0, 16.0]}, "final_J": 0.021927818776130956, "goal_complete": true, "optimize_days": 3}
{"target": -4.976781865825661, "params": {"ts": 13.155784921739329, "optimize_days_cont": 19.265691674858058, "pre_optlux": 1029.0949266816813, "on_time_norm": 0.9366778098943237, "duration_h": [6.0, 16.0]}, "final_J": 0.06074295431130674, "goal_complete": true, "optimize_days": 19}
{"target": -2.8828608835255265, "params": {"ts": 94.1803341047213, "optimize_days_cont": 3.539945337710625, "pre_optlux": 1469.5731259004056, "on_time_norm": 0.48512747768294207, "duration_h": [6.0, 16.0]}, "final_J": 0.03965068353894207, "goal_complete": true, "optimize_days": 4}
{"target": -2.171555982410122, "params": {"ts": 34.96822214132885, "optimize_days_cont": 1.5687416816587505, "pre_optlux": 982.8492714178913, "on_time_norm": 0.6295084485792174, "duration_h": [6.0, 16.0]}, "final_J": 0.185232816968334, "goal_complete": true, "optimize_days": 2}
{"target": -1.4577882032412688, "params": {"ts": 36.90089070332941, "optimize_days_cont": 1.0, "pre_optlux": 984.3943411420354, "on_time_norm": 0.0, "duration_h": [6.0, 16.0]}, "final_J": 0.30258493129740244, "goal_complete": false, "optimize_days": 1}
{"target": -1.4275531770381986, "params": {"ts": 37.9374199146455, "optimize_days_cont": 1.1128556409429395, "pre_optlux": 983.368320830622, "on_time_norm": 0.4608414843396982, "duration_h": [6.0, 16.0]}, "final_J": 0.2924220159420965, "goal_complete": false, "optimize_days": 1}
{"target": -1.4440328209158568, "params": {"ts": 93.24244844700523, "optimize_days_cont": 1.0, "pre_optlux": 1470.071694533098, "on_time_norm": 0.0, "duration_h": [6.0, 16.0]}, "final_J": 0.29800430228970076, "goal_complete": false, "optimize_days": 1}
{"target": -1.4429171306828485, "params": {"ts": 40.276569751320494, "optimize_days_cont": 1.0, "pre_optlux": 981.8140057810141, "on_time_norm": 0.0, "duration_h": [6.0, 16.0]}, "final_J": 0.29762967952905794, "goal_complete": false, "optimize_days": 1}
{"target": -2.9584339203830563, "params": {"ts": 39.01055147970377, "optimize_days_cont": 5.053309135935506, "pre_optlux": 983.0490875158548, "on_time_norm": 0.0, "duration_h": [6.0, 16.0]}, "final_J": 0.004485243576948954, "goal_complete": true, "optimize_days": 5}
{"target": -1.4549918455118367, "params": {"ts": 96.1464255729421, "optimize_days_cont": 1.0, "pre_optlux": 1472.8325176893024, "on_time_norm": 0.0, "duration_h": [6.0, 16.0]}, "final_J": 0.30165935938135147, "goal_complete": false, "optimize_days": 1}
{"target": -1.459183230404745, "params": {"ts": 91.52015127292171, "optimize_days_cont": 1.0, "pre_optlux": 1473.6317525805307, "on_time_norm": 0.0, "duration_h": [6.0, 16.0]}, "final_J": 0.30304561716175504, "goal_complete": false, "optimize_days": 1}
{"target": -2.959433247752326, "params": {"ts": 93.19003964745343, "optimize_days_cont": 4.65538706254656, "pre_optlux": 1473.3536106244953, "on_time_norm": 0.0, "duration_h": [6.0, 16.0]}, "final_J": 0.014831819975932343, "goal_complete": true, "optimize_days": 5}
{"target": -1.4425149036183744, "params": {"ts": 38.47189692628046, "optimize_days_cont": 1.0, "pre_optlux": 977.7906327039368, "on_time_norm": 0.0, "duration_h": [6.0, 16.0]}, "final_J": 0.29749450536719985, "goal_complete": false, "optimize_days": 1}
{"target": -1.4371750604062656, "params": {"ts": 43.02678627524632, "optimize_days_cont": 1.0, "pre_optlux": 979.3560488184905, "on_time_norm": 0.0, "duration_h": [6.0, 16.0]}, "final_J": 0.29569411911847876, "goal_complete": false, "optimize_days": 1}
{"target": -1.42709350371659, "params": {"ts": 44.185458595009486, "optimize_days_cont": 1.0, "pre_optlux": 975.8547936808783, "on_time_norm": 1.0, "duration_h": [6.0, 16.0]}, "final_J": 0.2922647784857388, "goal_complete": false, "optimize_days": 1}
{"target": -1.4275830186490341, "params": {"ts": 42.491921149720305, "optimize_days_cont": 1.0, "pre_optlux": 973.3032175047938, "on_time_norm": 1.0, "duration_h": [6.0, 16.0]}, "final_J": 0.29243222074492203, "goal_complete": false, "optimize_days": 1}
{"target": -1.4342212511929193, "params": {"ts": 48.4490275169336, "optimize_days_cont": 1.0, "pre_optlux": 975.087713115607, "on_time_norm": 0.0, "duration_h": [6.0, 16.0]}, "final_J": 0.29469348523268013, "goal_complete": false, "optimize_days": 1}
{"target": -3.0008328216885505, "params": {"ts": 45.22374258718472, "optimize_days_cont": 6.2410727610707, "pre_optlux": 974.5142303276228, "on_time_norm": 0.0, "duration_h": [6.0, 16.0]}, "final_J": 0.012905980695401529, "goal_complete": true, "optimize_days": 6}
{"target": -1.4422540466784641, "params": {"ts": 40.398576285562804, "optimize_days_cont": 1.0, "pre_optlux": 970.2560966588688, "on_time_norm": 0.0, "duration_h": [6.0, 16.0]}, "final_J": 0.2974068078166551, "goal_complete": false, "optimize_days": 1}
{"target": -1.426904719584934, "params": {"ts": 46.79393100994781, "optimize_days_cont": 1.0, "pre_optlux": 969.02746648448, "on_time_norm": 1.0, "duration_h": [6.0, 16.0]}, "final_J": 0.29220017781819846, "goal_complete": false, "optimize_days": 1}
{"target": -1.4337927166350217, "params": {"ts": 41.87742475501289, "optimize_days_cont": 1.0, "pre_optlux": 965.7046562158175, "on_time_norm": 0.0, "duration_h": [6.0, 16.0]}, "final_J": 0.29454803229185617, "goal_complete": false, "optimize_days": 1}
{"target": -1.4272472018286146, "params": {"ts": 42.85538196405276, "optimize_days_cont": 1.0, "pre_optlux": 963.2672753865286, "on_time_norm": 1.0, "duration_h": [6.0, 16.0]}, "final_J": 0.29231736240894574, "goal_complete": false, "optimize_days": 1}
{"target": -1.4272606145506253, "params": {"ts": 35.94045214214128, "optimize_days_cont": 1.0, "pre_optlux": 963.9144133571863, "on_time_norm": 1.0, "duration_h": [6.0, 16.0]}, "final_J": 0.2923219507839345, "goal_complete": false, "optimize_days": 1}
{"target": -4.021107493744014, "params": {"ts": 39.823042673382396, "optimize_days_cont": 6.872497351784643, "pre_optlux": 964.0522560176819, "on_time_norm": 1.0, "duration_h": [6.0, 16.0]}, "final_J": 0.0649730617163981, "goal_complete": true, "optimize_days": 7}
{"target": -1.435377554193404, "params": {"ts": 35.13901725246305, "optimize_days_cont": 1.0, "pre_optlux": 969.3972908609047, "on_time_norm": 0.0, "duration_h": [6.0, 16.0]}, "final_J": 0.29508559917197047, "goal_complete": false, "optimize_days": 1}
{"target": -1.4435230351971695, "params": {"ts": 32.05487882444613, "optimize_days_cont": 1.0, "pre_optlux": 969.474788092553, "on_time_norm": 0.0, "duration_h": [6.0, 16.0]}, "final_J": 0.29783318659852853, "goal_complete": false, "optimize_days": 1}
{"target": -1.4438815946158492, "params": {"ts": 28.919216505909937, "optimize_days_cont": 1.0, "pre_optlux": 964.9061942480031, "on_time_norm": 0.0, "duration_h": [6.0, 16.0]}, "final_J": 0.29795355162033205, "goal_complete": false, "optimize_days": 1}
{"target": -1.4269510632012246, "params": {"ts": 29.40356628503846, "optimize_days_cont": 1.0, "pre_optlux": 961.2859721268153, "on_time_norm": 0.0, "duration_h": [6.0, 16.0]}, "final_J": 0.2922160376164267, "goal_complete": false, "optimize_days": 1}
{"target": -1.4282241351881089, "params": {"ts": 24.11853301426433, "optimize_days_cont": 1.0, "pre_optlux": 966.8701105341127, "on_time_norm": 1.0, "duration_h": [6.0, 16.0]}, "final_J": 0.29265137456984847, "goal_complete": false, "optimize_days": 1}
{"target": -3.0004691449401175, "params": {"ts": 26.135641806755746, "optimize_days_cont": 7.3484373120461175, "pre_optlux": 965.0103797060262, "on_time_norm": 0.0, "duration_h": [6.0, 16.0]}, "final_J": 0.009686536430710253, "goal_complete": true, "optimize_days": 7}
{"target": -1.426930018945475, "params": {"ts": 26.213216107842275, "optimize_days_cont": 1.0, "pre_optlux": 972.084089149318, "on_time_norm": 1.0, "duration_h": [6.0, 16.0]}, "final_J": 0.29220883591892804, "goal_complete": false, "optimize_days": 1}
{"target": -1.4291992182676325, "params": {"ts": 20.047173499964526, "optimize_days_cont": 1.0, "pre_optlux": 967.2910133953279, "on_time_norm": 1.0, "duration_h": [6.0, 16.0]}, "final_J": 0.2929843744187162, "goal_complete": false, "optimize_days": 1}
{"target": -1.4456869632980056, "params": {"ts": 18.857072962155208, "optimize_days_cont": 1.0, "pre_optlux": 972.9714202753902, "on_time_norm": 0.0, "duration_h": [6.0, 16.0]}, "final_J": 0.2985588596233599, "goal_complete": false, "optimize_days": 1}
{"target": -1.431560789482457, "params": {"ts": 15.270974674247213, "optimize_days_cont": 1.0, "pre_optlux": 965.8403252818152, "on_time_norm": 1.0, "duration_h": [6.0, 16.0]}, "final_J": 0.29378930868309583, "goal_complete": false, "optimize_days": 1}
{"target": -1.431899548109968, "params": {"ts": 12.048182214981173, "optimize_days_cont": 1.0, "pre_optlux": 970.5829094805816, "on_time_norm": 1.0, "duration_h": [6.0, 16.0]}, "final_J": 0.29390459272014374, "goal_complete": false, "optimize_days": 1}
{"target": -4.00934474437164, "params": {"ts": 14.76163900954623, "optimize_days_cont": 7.57915791270732, "pre_optlux": 970.0747408901832, "on_time_norm": 1.0, "duration_h": [6.0, 16.0]}, "final_J": 0.043231341343151534, "goal_complete": true, "optimize_days": 8}
{"target": -1.428194166738239, "params": {"ts": 20.50500925281911, "optimize_days_cont": 1.0, "pre_optlux": 959.4803060692127, "on_time_norm": 1.0, "duration_h": [6.0, 16.0]}, "final_J": 0.2926411340663643, "goal_complete": false, "optimize_days": 1}
{"target": -1.4340664251749267, "params": {"ts": 13.150503058857375, "optimize_days_cont": 1.0, "pre_optlux": 961.6777054317238, "on_time_norm": 0.0, "duration_h": [6.0, 16.0]}, "final_J": 0.2946409425639711, "goal_complete": false, "optimize_days": 1}
{"target": -1.432110336078095, "params": {"ts": 12.61244476494796, "optimize_days_cont": 1.0, "pre_optlux": 957.5265803284909, "on_time_norm": 1.0, "duration_h": [6.0, 16.0]}, "final_J": 0.2939763038335216, "goal_complete": false, "optimize_days": 1}
{"target": -1.509344772691597, "params": {"ts": 6.551958723107988, "optimize_days_cont": 1.0, "pre_optlux": 963.5995212546272, "on_time_norm": 1.0, "duration_h": [6.0, 16.0]}, "final_J": 0.3191691628875186, "goal_complete": false, "optimize_days": 1}
{"target": -1.4978823073958283, "params": {"ts": 6.974832627014897, "optimize_days_cont": 1.0, "pre_optlux": 955.2353348430427, "on_time_norm": 1.0, "duration_h": [6.0, 16.0]}, "final_J": 0.31555738222891516, "goal_complete": false, "optimize_days": 1}
{"target": -1.430453217455316, "params": {"ts": 15.574682521859915, "optimize_days_cont": 1.0, "pre_optlux": 952.7158130348522, "on_time_norm": 1.0, "duration_h": [6.0, 16.0]}, "final_J": 0.2934120711406795, "goal_complete": false, "optimize_days": 1}
