{"target": -11.0, "params": {"ts": 2.7315368221841103, "optimize_days_cont": 17.93989207642491, "pre_optlux": 534.5625760897897, "on_time_norm": 0.2989763774589579, "duration_h": [6.0, 16.0]}, "final_J": 0.016715069038149937, "goal_complete": true, "optimize_days": 18}
{"target": -9.291666666666666, "params": {"ts": 33.12258915034465, "optimize_days_cont": 17.429497347114907, "pre_optlux": 754.1420534887301, "on_time_norm": 0.5482299063500942, "duration_h": [6.0, 16.0]}, "final_J": 0.06393221026650367, "goal_complete": true, "optimize_days": 17}
{"target": -9999.0, "params": {"ts": 12.11889051387827, "optimize_days_cont": 3.6960459421176455, "pre_optlux": 750.6947535614496, "on_time_norm": 0.7319802251869119, "duration_h": [6.0, 16.0]}, "final_J": 0.38106997203470866, "goal_complete": false, "optimize_days": 4}
{"target": -5.875, "params": {"ts": 59.68169648856187, "optimize_days_cont": 7.397563291152543, "pre_optlux": 763.4775581181913, "on_time_norm": 0.18712777283052473, "duration_h": [6.0, 16.0]}, "final_J": 0.0249151649027998, "goal_complete": true, "optimize_days": 7}
{"target": -9999.0, "params": {"ts": 14.07810195464569, "optimize_days_cont": 1.705095984711934, "pre_optlux": 260.68357151399994, "on_time_norm": 0.2134399510803413, "duration_h": [6.0, 16.0]}, "final_J": 0.7834323860730531, "goal_complete": false, "optimize_days": 2}
{"target": -7.958333333333333, "params": {"ts": 65.85156848897378, "optimize_days_cont": 12.18697040043049, "pre_optlux": 926.2278426538624, "on_time_norm": 0.3346853176856943, "duration_h": [6.0, 16.0]}, "final_J": 0.03578411330615258, "goal_complete": true, "optimize_days": 12}
{"target": -8.958333333333334, "params": {"ts": 40.762428500801185, "optimize_days_cont": 13.907171810637996, "pre_optlux": 347.338167787798, "on_time_norm": 0.7887842182981357, "duration_h": [6.0, 16.0]}, "final_J": 0.04697761358891446, "goal_complete": true, "optimize_days": 14}
{"target": -9999.0, "params": {"ts": 61.749408361155254, "optimize_days_cont": 3.889288683364499, "pre_optlux": 1192.0340177006228, "on_time_norm": 0.26311903992324415, "duration_h": [6.0, 16.0]}, "final_J": 0.3542793004659252, "goal_complete": false, "optimize_days": 4}
{"target": -10.291666666666666, "params": {"ts": 29.457782494979018, "optimize_days_cont": 13.381908106047511, "pre_optlux": 1433.2949321141712, "on_time_norm": 0.9184743424662997, "duration_h": [6.0, 16.0]}, "final_J": 0.05889046496120903, "goal_complete": true, "optimize_days": 13}
{"target": -9999.0, "params": {"ts": 34.44157734405684, "optimize_days_cont": 2.711272351651346, "pre_optlux": 1085.331748368608, "on_time_norm": 0.679914691937932, "duration_h": [6.0, 16.0]}, "final_J": 0.589115750699756, "goal_complete": false, "optimize_days": 3}
{"target": -6.291666666666667, "params": {"ts": 59.021417907874145, "optimize_days_cont": 7.668528704780064, "pre_optlux": 762.25705424044, "on_time_norm": 0.24415757912564848, "duration_h": [6.0, 16.0]}, "final_J": 0.027270968204231284, "goal_complete": true, "optimize_days": 8}
{"target": -8.958333333333334, "params": {"ts": 42.525878320177924, "optimize_days_cont": 20.0, "pre_optlux": 781.3826493344839, "on_time_norm": 1.0, "duration_h": [6.0, 16.0]}, "final_J": 0.09878307820832231, "goal_complete": true, "optimize_days": 20}
{"target": -10.0, "params": {"ts": 50.39150369071436, "optimize_days_cont": 18.637037933722723, "pre_optlux": 383.28888199551875, "on_time_norm": 0.9808083577698999, "duration_h": [6.0, 16.0]}, "final_J": 0.05313299631538629, "goal_complete": true, "optimize_days": 19}
{"target": -9.291666666666666, "params": {"ts": 80.07040659048518, "optimize_days_cont": 20.0, "pre_optlux": 355.71741653035764, "on_time_norm": 1.0, "duration_h": [6.0, 16.0]}, "final_J": 0.05690379071644819, "goal_complete": true, "optimize_days": 20}
{"target": -9999.0, "params": {"ts": 89.21939052765727, "optimize_days_cont": 1.0, "pre_optlux": 393.4988849538031, "on_time_norm": 0.0, "duration_h": [6.0, 16.0]}, "final_J": 1.0169808867510206, "goal_complete": false, "optimize_days": 1}
{"target": -8.958333333333334, "params": {"ts": 16.494391176848215, "optimize_days_cont": 20.0, "pre_optlux": 375.2815323990053, "on_time_norm": 1.0, "duration_h": [6.0, 16.0]}, "final_J": 0.07297665687628319, "goal_complete": true, "optimize_days": 20}
{"target": -10.0, "params": {"ts": 75.08194860326779, "optimize_days_cont": 20.0, "pre_optlux": 320.23783010271865, "on_time_norm": 1.0, "duration_h": [6.0, 16.0]}, "final_J": 0.06674220083483125, "goal_complete": true, "optimize_days": 20}
{"target": -8.0, "params": {"ts": 63.11817392053426, "optimize_days_cont": 14.072407042601837, "pre_optlux": 884.4439774317206, "on_time_norm": 0.3507702842092407, "duration_h": [6.0, 16.0]}, "final_J": 0.05484138957553421, "goal_complete": true, "optimize_days": 14}
{"target": -9999.0, "params": {"ts": 100.0, "optimize_days_cont": 1.0, "pre_optlux": 902.4294184324633, "on_time_norm": 0.923987118912503, "duration_h": [6.0, 16.0]}, "final_J": 1.016968839600343, "goal_complete": false, "optimize_days": 1}
{"target": -13.0, "params": {"ts": 37.77397466469593, "optimize_days_cont": 20.0, "pre_optlux": 907.4120988092048, "on_time_norm": 0.0, "duration_h": [6.0, 16.0]}, "final_J": 0.005346959540656614, "goal_complete": true, "optimize_days": 20}
{"target": -13.0, "params": {"ts": 32.998600425317846, "optimize_days_cont": 20.0, "pre_optlux": 864.4220813308613, "on_time_norm": 0.0, "duration_h": [6.0, 16.0]}, "final_J": 0.0077212090530652784, "goal_complete": true, "optimize_days": 20}
{"target": -13.0, "params": {"ts": 40.02590412820898, "optimize_days_cont": 20.0, "pre_optlux": 952.8910170882181, "on_time_norm": 0.0, "duration_h": [6.0, 16.0]}, "final_J": 0.005348918021780878, "goal_complete": true, "optimize_days": 20}
{"target": -10.0, "params": {"ts": 63.028102188895524, "optimize_days_cont": 20.0, "pre_optlux": 832.7277999786425, "on_time_norm": 0.0, "duration_h": [6.0, 16.0]}, "final_J": 0.006936799176882993, "goal_complete": true, "optimize_days": 20}
{"target": -8.0, "params": {"ts": 93.82179714767578, "optimize_days_cont": 20.0, "pre_optlux": 797.9960022577146, "on_time_norm": 1.0, "duration_h": [6.0, 16.0]}, "final_J": 0.08836557045412399, "goal_complete": true, "optimize_days": 20}
{"target": -11.0, "params": {"ts": 1.0, "optimize_days_cont": 20.0, "pre_optlux": 489.62425019289407, "on_time_norm": 0.8879098461982637, "duration_h": [6.0, 16.0]}, "final_J": 0.017818467738975028, "goal_complete": true, "optimize_days": 20}
{"target": -9.291666666666666, "params": {"ts": 41.293023532487425, "optimize_days_cont": 20.0, "pre_optlux": 511.41804902209725, "on_time_norm": 1.0, "duration_h": [6.0, 16.0]}, "final_J": 0.06867500181714697, "goal_complete": true, "optimize_days": 20}
{"target": -9999.0, "params": {"ts": 41.91664046247687, "optimize_days_cont": 1.0, "pre_optlux": 555.2140888722649, "on_time_norm": 1.0, "duration_h": [6.0, 16.0]}, "final_J": 1.016941995749609, "goal_complete": false, "optimize_days": 1}
{"target": -9.958333333333334, "params": {"ts": 39.884550317470584, "optimize_days_cont": 20.0, "pre_optlux": 472.79594420232553, "on_time_norm": 0.0, "duration_h": [6.0, 16.0]}, "final_J": 0.08262396843821886, "goal_complete": true, "optimize_days": 20}
{"target": -9.916666666666666, "params": {"ts": 15.001124229362848, "optimize_days_cont": 20.0, "pre_optlux": 425.7035812130609, "on_time_norm": 1.0, "duration_h": [6.0, 16.0]}, "final_J": 0.0627136178894439, "goal_complete": true, "optimize_days": 20}
{"target": -11.041666666666666, "params": {"ts": 15.63484784575038, "optimize_days_cont": 19.069645659150353, "pre_optlux": 1475.2186692125244, "on_time_norm": 0.9120677288998226, "duration_h": [6.0, 16.0]}, "final_J": 0.03395661338714229, "goal_complete": true, "optimize_days": 19}
{"target": -11.0, "params": {"ts": 59.5496348008484, "optimize_days_cont": 11.996171065115, "pre_optlux": 1467.2000393183207, "on_time_norm": 0.7364457571235201, "duration_h": [6.0, 16.0]}, "final_J": 0.09598650463320337, "goal_complete": true, "optimize_days": 12}
{"target": -9.0, "params": {"ts": 74.88265459016542, "optimize_days_cont": 20.0, "pre_optlux": 1423.4050047204978, "on_time_norm": 0.0, "duration_h": [6.0, 16.0]}, "final_J": 0.08576237976118285, "goal_complete": true, "optimize_days": 20}
{"target": -9999.0, "params": {"ts": 49.417335989856966, "optimize_days_cont": 1.0, "pre_optlux": 1389.4566081928033, "on_time_norm": 1.0, "duration_h": [6.0, 16.0]}, "final_J": 1.0167512877886062, "goal_complete": false, "optimize_days": 1}
{"target": -9.0, "params": {"ts": 100.0, "optimize_days_cont": 20.0, "pre_optlux": 1453.3366644596022, "on_time_norm": 0.0, "duration_h": [6.0, 16.0]}, "final_J": 0.0766817955785261, "goal_complete": true, "optimize_days": 20}
{"target": -8.291666666666666, "params": {"ts": 100.0, "optimize_days_cont": 20.0, "pre_optlux": 750.7889733722499, "on_time_norm": 1.0, "duration_h": [6.0, 16.0]}, "final_J": 0.11144226371914263, "goal_complete": true, "optimize_days": 20}
{"target": -8.0, "params": {"ts": 65.11710462682693, "optimize_days_cont": 20.0, "pre_optlux": 717.6462347129639, "on_time_norm": 0.0, "duration_h": [6.0, 16.0]}, "final_J": 0.09960648453309039, "goal_complete": true, "optimize_days": 20}
{"target": -9999.0, "params": {"ts": 100.0, "optimize_days_cont": 1.0, "pre_optlux": 701.2795377208521, "on_time_norm": 1.0, "duration_h": [6.0, 16.0]}, "final_J": 1.0166478024300727, "goal_complete": false, "optimize_days": 1}
{"target": -9999.0, "params": {"ts": 3.717656976469195, "optimize_days_cont": 1.0, "pre_optlux": 934.5921400987771, "on_time_norm": 1.0, "duration_h": [6.0, 16.0]}, "final_J": 1.0171815769771748, "goal_complete": false, "optimize_days": 1}
{"target": -13.291666666666666, "params": {"ts": 73.3538486863375, "optimize_days_cont": 20.0, "pre_optlux": 970.1218391338008, "on_time_norm": 0.0, "duration_h": [6.0, 16.0]}, "final_J": 0.02275127632364215, "goal_complete": true, "optimize_days": 20}
{"target": -9999.0, "params": {"ts": 1.0, "optimize_days_cont": 1.0, "pre_optlux": 455.16821698954976, "on_time_norm": 0.0, "duration_h": [6.0, 16.0]}, "final_J": 1.0211413123566915, "goal_complete": false, "optimize_days": 1}
{"target": -7.958333333333333, "params": {"ts": 23.105816836200347, "optimize_days_cont": 10.940103486612847, "pre_optlux": 893.4469663845945, "on_time_norm": 0.045601950132806324, "duration_h": [6.0, 16.0]}, "final_J": 0.01198246751165892, "goal_complete": true, "optimize_days": 11}
{"target": -9.291666666666666, "params": {"ts": 23.08501322743759, "optimize_days_cont": 14.085797074605773, "pre_optlux": 371.03742375121396, "on_time_norm": 0.07032486680550032, "duration_h": [6.0, 16.0]}, "final_J": 0.03782807291447833, "goal_complete": true, "optimize_days": 14}
{"target": -9999.0, "params": {"ts": 56.804456643247704, "optimize_days_cont": 2.481854448409754, "pre_optlux": 1125.5646900185338, "on_time_norm": 0.15845217352316643, "duration_h": [6.0, 16.0]}, "final_J": 0.7844842100272521, "goal_complete": false, "optimize_days": 2}
{"target": -8.333333333333334, "params": {"ts": 30.055238354117552, "optimize_days_cont": 14.235603569963303, "pre_optlux": 776.7565188542048, "on_time_norm": 0.21506214371433952, "duration_h": [6.0, 16.0]}, "final_J": 0.031162092711250252, "goal_complete": true, "optimize_days": 14}
{"target": -6.875, "params": {"ts": 12.966996402356731, "optimize_days_cont": 18.436053147149774, "pre_optlux": 914.702543770914, "on_time_norm": 0.47201931574192724, "duration_h": [6.0, 16.0]}, "final_J": 0.023439844812114682, "goal_complete": true, "optimize_days": 18}
{"target": -9.958333333333334, "params": {"ts": 5.278357243925987, "optimize_days_cont": 15.296453422239487, "pre_optlux": 883.4132092262794, "on_time_norm": 0.7671904257147006, "duration_h": [6.0, 16.0]}, "final_J": 0.04375270783044501, "goal_complete": true, "optimize_days": 15}
{"target": -10.0, "params": {"ts": 8.149916558088384, "optimize_days_cont": 13.534600853749103, "pre_optlux": 221.95410676473352, "on_time_norm": 0.6850244527227007, "duration_h": [6.0, 16.0]}, "final_J": 0.027237832271184866, "goal_complete": true, "optimize_days": 14}
{"target": -9.958333333333334, "params": {"ts": 47.331618590616145, "optimize_days_cont": 13.56012736053423, "pre_optlux": 1081.454953100926, "on_time_norm": 0.2633294844455638, "duration_h": [6.0, 16.0]}, "final_J": 0.0432567922254836, "goal_complete": true, "optimize_days": 14}
{"target": -11.333333333333334, "params": {"ts": 77.35815021585175, "optimize_days_cont": 16.50670419948814, "pre_optlux": 338.51616506019934, "on_time_norm": 0.5780067455748411, "duration_h": [6.0, 16.0]}, "final_J": 0.07267300019272342, "goal_complete": true, "optimize_days": 17}
{"target": -9999.0, "params": {"ts": 23.989333259437583, "optimize_days_cont": 4.774231318116989, "pre_optlux": 516.5125439397189, "on_time_norm": 0.976852764010693, "duration_h": [6.0, 16.0]}, "final_J": 0.19344951435455618, "goal_complete": false, "optimize_days": 5}
{"target": -9999.0, "params": {"ts": 36.28433428914752, "optimize_days_cont": 1.3495989859817095, "pre_optlux": 982.6668639532691, "on_time_norm": 0.23040538778108444, "duration_h": [6.0, 16.0]}, "final_J": 1.0168816537071619, "goal_complete": false, "optimize_days": 1}
{"target": -7.916666666666667, "params": {"ts": 58.84077063109376, "optimize_days_cont": 8.981967537205383, "pre_optlux": 1107.491323463064, "on_time_norm": 0.9720455259033695, "duration_h": [6.0, 16.0]}, "final_J": 0.05450694000991884, "goal_complete": true, "optimize_days": 9}
{"target": -10.0, "params": {"ts": 43.63486278650694, "optimize_days_cont": 19.196843396417563, "pre_optlux": 214.47343649160942, "on_time_norm": 0.7327818008916883, "duration_h": [6.0, 16.0]}, "final_J": 0.05960527146063251, "goal_complete": true, "optimize_days": 19}
{"target": -10.0, "params": {"ts": 53.17351161162144, "optimize_days_cont": 11.772761585575223, "pre_optlux": 1125.9760864836403, "on_time_norm": 0.6826033501652629, "duration_h": [6.0, 16.0]}, "final_J": 0.06135318402421527, "goal_complete": true, "optimize_days": 12}
{"target": -9999.0, "params": {"ts": 12.171706697977584, "optimize_days_cont": 4.784090011256047, "pre_optlux": 1123.7809591132172, "on_time_norm": 0.39386732248283196, "duration_h": [6.0, 16.0]}, "final_J": 0.3179319711541157, "goal_complete": false, "optimize_days": 5}
{"target": -9999.0, "params": {"ts": 16.19112292109049, "optimize_days_cont": 2.910906277613152, "pre_optlux": 699.7835942543549, "on_time_norm": 0.5829154644665038, "duration_h": [6.0, 16.0]}, "final_J": 0.5756636980921654, "goal_complete": false, "optimize_days": 3}
{"target": -7.333333333333333, "params": {"ts": 87.16572333579319, "optimize_days_cont": 19.36399704765088, "pre_optlux": 765.0125547254927, "on_time_norm": 0.4004229990716831, "duration_h": [6.0, 16.0]}, "final_J": 0.04606550761890669, "goal_complete": true, "optimize_days": 19}
{"target": -9.291666666666666, "params": {"ts": 83.00764660756872, "optimize_days_cont": 18.28698222982436, "pre_optlux": 1184.2845115892483, "on_time_norm": 0.06831478431392501, "duration_h": [6.0, 16.0]}, "final_J": 0.00721397648412611, "goal_complete": true, "optimize_days": 18}
{"target": -9999.0, "params": {"ts": 93.98239711040948, "optimize_days_cont": 2.940710497156282, "pre_optlux": 1469.6783471939355, "on_time_norm": 0.35668872437448984, "duration_h": [6.0, 16.0]}, "final_J": 0.5751742455024099, "goal_complete": false, "optimize_days": 3}
{"target": -10.0, "params": {"ts": 13.155784921739329, "optimize_days_cont": 19.265691674858058, "pre_optlux": 1029.0949266816813, "on_time_norm": 0.9366778098943237, "duration_h": [6.0, 16.0]}, "final_J": 0.044958717023275266, "goal_complete": true, "optimize_days": 19}
{"target": -10.0, "params": {"ts": 3.755999989112609, "optimize_days_cont": 14.653376179389122, "pre_optlux": 885.6899359223313, "on_time_norm": 0.4711666767597189, "duration_h": [6.0, 16.0]}, "final_J": 0.07094053939885418, "goal_complete": true, "optimize_days": 15}
{"target": -8.916666666666666, "params": {"ts": 13.027478163037003, "optimize_days_cont": 13.410695582306653, "pre_optlux": 890.7477505773716, "on_time_norm": 0.3325383784911383, "duration_h": [6.0, 16.0]}, "final_J": 0.012070428034213923, "goal_complete": true, "optimize_days": 13}
{"target": -9.291666666666666, "params": {"ts": 51.49188992523768, "optimize_days_cont": 20.0, "pre_optlux": 1117.5520168741182, "on_time_norm": 1.0, "duration_h": [6.0, 16.0]}, "final_J": 0.08246183938789839, "goal_complete": true, "optimize_days": 20}
{"target": -9.0, "params": {"ts": 52.16359289508329, "optimize_days_cont": 17.513323884959995, "pre_optlux": 1095.7332210152053, "on_time_norm": 1.0, "duration_h": [6.0, 16.0]}, "final_J": 0.11658750173301714, "goal_complete": true, "optimize_days": 18}
{"target": -9.0, "params": {"ts": 46.62825327339476, "optimize_days_cont": 20.0, "pre_optlux": 1134.5797719876427, "on_time_norm": 1.0, "duration_h": [6.0, 16.0]}, "final_J": 0.0770464105868162, "goal_complete": true, "optimize_days": 20}
{"target": -4.958333333333333, "params": {"ts": 64.67571415852507, "optimize_days_cont": 5.90135961425725, "pre_optlux": 1088.6138170337974, "on_time_norm": 1.0, "duration_h": [6.0, 16.0]}, "final_J": 0.023085644214870395, "goal_complete": true, "optimize_days": 6}
{"target": -9.333333333333334, "params": {"ts": 72.20602244514386, "optimize_days_cont": 20.0, "pre_optlux": 1100.4648029594136, "on_time_norm": 1.0, "duration_h": [6.0, 16.0]}, "final_J": 0.08854883593572808, "goal_complete": true, "optimize_days": 20}
{"target": -11.0, "params": {"ts": 27.95933046005662, "optimize_days_cont": 17.013065596138354, "pre_optlux": 228.64367340360363, "on_time_norm": 0.023893938775808594, "duration_h": [6.0, 16.0]}, "final_J": 0.015623472096554031, "goal_complete": true, "optimize_days": 17}
{"target": -7.958333333333333, "params": {"ts": 24.874570237367557, "optimize_days_cont": 10.120798219035578, "pre_optlux": 208.2032461539271, "on_time_norm": 0.9999947042142545, "duration_h": [6.0, 16.0]}, "final_J": 0.04984648853118314, "goal_complete": true, "optimize_days": 10}
{"target": -9999.0, "params": {"ts": 39.26010695534037, "optimize_days_cont": 1.0, "pre_optlux": 222.6446160557443, "on_time_norm": 1.0, "duration_h": [6.0, 16.0]}, "final_J": 1.0169036751811686, "goal_complete": false, "optimize_days": 1}
{"target": -11.0, "params": {"ts": 13.46038380373709, "optimize_days_cont": 20.0, "pre_optlux": 206.34147184312553, "on_time_norm": 0.0, "duration_h": [6.0, 16.0]}, "final_J": 0.04142830438706335, "goal_complete": true, "optimize_days": 20}
{"target": -11.0, "params": {"ts": 34.200838308505624, "optimize_days_cont": 20.0, "pre_optlux": 197.42820145315963, "on_time_norm": 0.0, "duration_h": [6.0, 16.0]}, "final_J": 0.06433192394941173, "goal_complete": true, "optimize_days": 20}
{"target": -9999.0, "params": {"ts": 8.309305017961327, "optimize_days_cont": 1.0, "pre_optlux": 905.9812984025453, "on_time_norm": 1.0, "duration_h": [6.0, 16.0]}, "final_J": 1.0169678337628179, "goal_complete": false, "optimize_days": 1}
{"target": -11.291666666666666, "params": {"ts": 21.39475647999003, "optimize_days_cont": 20.0, "pre_optlux": 216.95542490876323, "on_time_norm": 1.0, "duration_h": [6.0, 16.0]}, "final_J": 0.04013367743100457, "goal_complete": true, "optimize_days": 20}
{"target": -9.916666666666666, "params": {"ts": 29.330186787298274, "optimize_days_cont": 20.0, "pre_optlux": 907.8074629802113, "on_time_norm": 0.0, "duration_h": [6.0, 16.0]}, "final_J": 0.06972102446196024, "goal_complete": true, "optimize_days": 20}
{"target": -9.0, "params": {"ts": 27.65043524539363, "optimize_days_cont": 20.0, "pre_optlux": 880.7187386312843, "on_time_norm": 0.0, "duration_h": [6.0, 16.0]}, "final_J": 0.07282928125356401, "goal_complete": true, "optimize_days": 20}
{"target": -9.291666666666666, "params": {"ts": 64.66447979456089, "optimize_days_cont": 20.0, "pre_optlux": 1076.0260934906046, "on_time_norm": 0.0, "duration_h": [6.0, 16.0]}, "final_J": 0.07418447232665279, "goal_complete": true, "optimize_days": 20}
{"target": -10.0, "params": {"ts": 23.98956792487916, "optimize_days_cont": 20.0, "pre_optlux": 929.2724628048111, "on_time_norm": 0.0, "duration_h": [6.0, 16.0]}, "final_J": 0.03306503850406608, "goal_complete": true, "optimize_days": 20}
{"target": -8.291666666666666, "params": {"ts": 17.044923670574526, "optimize_days_cont": 10.485145769083129, "pre_optlux": 188.6519805222353, "on_time_norm": 1.0, "duration_h": [6.0, 16.0]}, "final_J": 0.05315324553426312, "goal_complete": true, "optimize_days": 10}
{"target": -10.958333333333334, "params": {"ts": 12.948508845939154, "optimize_days_cont": 20.0, "pre_optlux": 241.56599461161977, "on_time_norm": 0.0, "duration_h": [6.0, 16.0]}, "final_J": 0.04148918584622843, "goal_complete": true, "optimize_days": 20}
{"target": -9.0, "params": {"ts": 44.33897555101972, "optimize_days_cont": 20.0, "pre_optlux": 892.7295701110172, "on_time_norm": 1.0, "duration_h": [6.0, 16.0]}, "final_J": 0.06554213549273118, "goal_complete": true, "optimize_days": 20}
{"target": -9999.0, "params": {"ts": 41.46671172116919, "optimize_days_cont": 2.241168069667428, "pre_optlux": 882.7152543461236, "on_time_norm": 0.0, "duration_h": [6.0, 16.0]}, "final_J": 0.7818287936295648, "goal_complete": false, "optimize_days": 2}
{"target": -9999.0, "params": {"ts": 4.272057088241538, "optimize_days_cont": 2.7481410213935202, "pre_optlux": 203.08248687799593, "on_time_norm": 1.0, "duration_h": [6.0, 16.0]}, "final_J": 0.659408709522053, "goal_complete": false, "optimize_days": 3}
{"target": -10.0, "params": {"ts": 27.981807871292162, "optimize_days_cont": 20.0, "pre_optlux": 180.7455409165052, "on_time_norm": 1.0, "duration_h": [6.0, 16.0]}, "final_J": 0.0405893203451924, "goal_complete": true, "optimize_days": 20}
