{"target": -9999.0, "params": {"ts": 31.588941022132303, "optimize_days_cont": 4.511520472449223, "pre_optlux": 185.6715977747383, "on_time_norm": 1.0, "duration_h": [6.0, 16.0]}, "final_J": 0.2178939740594961, "goal_complete": false, "optimize_days": 5}
{"target": -9999.0, "params": {"ts": 49.70310356179961, "optimize_days_cont": 2.1728954274689642, "pre_optlux": 1092.2410165148274, "on_time_norm": 0.0, "duration_h": [6.0, 16.0]}, "final_J": 0.7812746001893164, "goal_complete": false, "optimize_days": 2}
{"target": -9.0, "params": {"ts": 63.41901635815361, "optimize_days_cont": 18.867300626100963, "pre_optlux": 1089.9100823391657, "on_time_norm": 1.0, "duration_h": [6.0, 16.0]}, "final_J": 0.08457762124182047, "goal_complete": true, "optimize_days": 19}
{"target": -10.0, "params": {"ts": 22.729841500144026, "optimize_days_cont": 20.0, "pre_optlux": 198.03000454285467, "on_time_norm": 0.7036545985543993, "duration_h": [6.0, 16.0]}, "final_J": 0.023356475198477042, "goal_complete": true, "optimize_days": 20}
{"target": -9.0, "params": {"ts": 60.00158126146631, "optimize_days_cont": 20.0, "pre_optlux": 1104.4860805852727, "on_time_norm": 1.0, "duration_h": [6.0, 16.0]}, "final_J": 0.0793284918441467, "goal_complete": true, "optimize_days": 20}
{"target": -11.0, "params": {"ts": 77.11197473973648, "optimize_days_cont": 11.79574482568538, "pre_optlux": 1085.2141348295536, "on_time_norm": 1.0, "duration_h": [6.0, 16.0]}, "final_J": 0.09416659393363741, "goal_complete": true, "optimize_days": 12}
{"target": -5.875, "params": {"ts": 73.96805797404797, "optimize_days_cont": 7.283205040942136, "pre_optlux": 1099.307126172843, "on_time_norm": 1.0, "duration_h": [6.0, 16.0]}, "final_J": 0.013855726781953792, "goal_complete": true, "optimize_days": 7}
{"target": -12.0, "params": {"ts": 12.158484937457207, "optimize_days_cont": 20.0, "pre_optlux": 179.1945192295059, "on_time_norm": 0.0, "duration_h": [6.0, 16.0]}, "final_J": 0.035621355349727636, "goal_complete": true, "optimize_days": 20}
{"target": -9.958333333333334, "params": {"ts": 51.0635032302191, "optimize_days_cont": 20.0, "pre_optlux": 1067.778090919791, "on_time_norm": 1.0, "duration_h": [6.0, 16.0]}, "final_J": 0.08568348312460414, "goal_complete": true, "optimize_days": 20}
{"target": -5.958333333333333, "params": {"ts": 66.57476298838296, "optimize_days_cont": 6.748174345739934, "pre_optlux": 1071.4532992890995, "on_time_norm": 1.0, "duration_h": [6.0, 16.0]}, "final_J": 0.04449265796614203, "goal_complete": true, "optimize_days": 7}
{"target": -9.958333333333334, "params": {"ts": 45.286548444646755, "optimize_days_cont": 20.0, "pre_optlux": 911.3686981893314, "on_time_norm": 1.0, "duration_h": [6.0, 16.0]}, "final_J": 0.07746237657185727, "goal_complete": true, "optimize_days": 20}
{"target": -8.0, "params": {"ts": 34.689094726910575, "optimize_days_cont": 11.309652099874128, "pre_optlux": 922.8055497564644, "on_time_norm": 0.0, "duration_h": [6.0, 16.0]}, "final_J": 0.009582753320089673, "goal_complete": true, "optimize_days": 11}
{"target": -9.916666666666666, "params": {"ts": 45.131630171398356, "optimize_days_cont": 20.0, "pre_optlux": 930.0149645912983, "on_time_norm": 1.0, "duration_h": [6.0, 16.0]}, "final_J": 0.10126142153012156, "goal_complete": true, "optimize_days": 20}
{"target": -5.875, "params": {"ts": 54.583126736369294, "optimize_days_cont": 6.730800816770506, "pre_optlux": 923.872914202678, "on_time_norm": 0.0, "duration_h": [6.0, 16.0]}, "final_J": 0.019581889265217933, "goal_complete": true, "optimize_days": 7}
{"target": -9.0, "params": {"ts": 62.4398275885633, "optimize_days_cont": 20.0, "pre_optlux": 917.5026332433911, "on_time_norm": 0.0, "duration_h": [6.0, 16.0]}, "final_J": 0.06853085714013193, "goal_complete": true, "optimize_days": 20}
{"target": -9.0, "params": {"ts": 62.908674420554604, "optimize_days_cont": 20.0, "pre_optlux": 935.0691150902932, "on_time_norm": 1.0, "duration_h": [6.0, 16.0]}, "final_J": 0.09365672496259002, "goal_complete": true, "optimize_days": 20}
{"target": -7.9590512309716726, "params": {"ts": 23.105816836200347, "optimize_days_cont": 10.940103486612847, "pre_optlux": 893.4469663845945, "on_time_norm": 0.045601950132806324, "duration_h": [6.0, 16.0]}, "final_J": 0.01198246751165892, "goal_complete": true, "optimize_days": 11}
{"target": -9.298821482168782, "params": {"ts": 23.08501322743759, "optimize_days_cont": 14.085797074605773, "pre_optlux": 371.03742375121396, "on_time_norm": 0.07032486680550032, "duration_h": [6.0, 16.0]}, "final_J": 0.03782807291447833, "goal_complete": true, "optimize_days": 14}
{"target": -5.077077378910409, "params": {"ts": 56.804456643247704, "optimize_days_cont": 2.481854448409754, "pre_optlux": 1125.5646900185338, "on_time_norm": 0.15845217352316643, "duration_h": [6.0, 16.0]}, "final_J": 0.7844842100272521, "goal_complete": false, "optimize_days": 2}
{"target": -8.338188713444056, "params": {"ts": 30.055238354117552, "optimize_days_cont": 14.235603569963303, "pre_optlux": 776.7565188542048, "on_time_norm": 0.21506214371433952, "duration_h": [6.0, 16.0]}, "final_J": 0.031162092711250252, "goal_complete": true, "optimize_days": 14}
{"target": -6.87774713162408, "params": {"ts": 12.966996402356731, "optimize_days_cont": 18.436053147149774, "pre_optlux": 914.702543770914, "on_time_norm": 0.47201931574192724, "duration_h": [6.0, 16.0]}, "final_J": 0.023439844812114682, "goal_complete": true, "optimize_days": 18}
{"target": -9.967904830545816, "params": {"ts": 5.278357243925987, "optimize_days_cont": 15.296453422239487, "pre_optlux": 883.4132092262794, "on_time_norm": 0.7671904257147006, "duration_h": [6.0, 16.0]}, "final_J": 0.04375270783044501, "goal_complete": true, "optimize_days": 15}
{"target": -10.003709497534166, "params": {"ts": 8.149916558088384, "optimize_days_cont": 13.534600853749103, "pre_optlux": 221.95410676473352, "on_time_norm": 0.6850244527227007, "duration_h": [6.0, 16.0]}, "final_J": 0.027237832271184866, "goal_complete": true, "optimize_days": 14}
{"target": -9.967689083701528, "params": {"ts": 47.331618590616145, "optimize_days_cont": 13.56012736053423, "pre_optlux": 1081.454953100926, "on_time_norm": 0.2633294844455638, "duration_h": [6.0, 16.0]}, "final_J": 0.0432567922254836, "goal_complete": true, "optimize_days": 14}
{"target": -11.359740158118392, "params": {"ts": 77.35815021585175, "optimize_days_cont": 16.50670419948814, "pre_optlux": 338.51616506019934, "on_time_norm": 0.5780067455748411, "duration_h": [6.0, 16.0]}, "final_J": 0.07267300019272342, "goal_complete": true, "optimize_days": 17}
{"target": -5.187113573020068, "params": {"ts": 23.989333259437583, "optimize_days_cont": 4.774231318116989, "pre_optlux": 516.5125439397189, "on_time_norm": 0.976852764010693, "duration_h": [6.0, 16.0]}, "final_J": 0.19344951435455618, "goal_complete": false, "optimize_days": 5}
{"target": -6.170241488231061, "params": {"ts": 36.28433428914752, "optimize_days_cont": 1.3495989859817095, "pre_optlux": 982.6668639532691, "on_time_norm": 0.23040538778108444, "duration_h": [6.0, 16.0]}, "final_J": 1.0168816537071619, "goal_complete": false, "optimize_days": 1}
{"target": -7.931521699212891, "params": {"ts": 58.84077063109376, "optimize_days_cont": 8.981967537205383, "pre_optlux": 1107.491323463064, "on_time_norm": 0.9720455259033695, "duration_h": [6.0, 16.0]}, "final_J": 0.05450694000991884, "goal_complete": true, "optimize_days": 9}
{"target": -10.017763941929479, "params": {"ts": 43.63486278650694, "optimize_days_cont": 19.196843396417563, "pre_optlux": 214.47343649160942, "on_time_norm": 0.7327818008916883, "duration_h": [6.0, 16.0]}, "final_J": 0.05960527146063251, "goal_complete": true, "optimize_days": 19}
{"target": -10.018821065949545, "params": {"ts": 53.17351161162144, "optimize_days_cont": 11.772761585575223, "pre_optlux": 1125.9760864836403, "on_time_norm": 0.6826033501652629, "duration_h": [6.0, 16.0]}, "final_J": 0.06135318402421527, "goal_complete": true, "optimize_days": 12}
{"target": -5.5054036914097075, "params": {"ts": 12.171706697977584, "optimize_days_cont": 4.784090011256047, "pre_optlux": 1123.7809591132172, "on_time_norm": 0.39386732248283196, "duration_h": [6.0, 16.0]}, "final_J": 0.3179319711541157, "goal_complete": false, "optimize_days": 5}
{"target": -4.656943466505739, "params": {"ts": 16.19112292109049, "optimize_days_cont": 2.910906277613152, "pre_optlux": 699.7835942543549, "on_time_norm": 0.5829154644665038, "duration_h": [6.0, 16.0]}, "final_J": 0.5756636980921654, "goal_complete": false, "optimize_days": 3}
{"target": -7.343943488294271, "params": {"ts": 87.16572333579319, "optimize_days_cont": 19.36399704765088, "pre_optlux": 765.0125547254927, "on_time_norm": 0.4004229990716831, "duration_h": [6.0, 16.0]}, "final_J": 0.04606550761890669, "goal_complete": true, "optimize_days": 19}
{"target": -9.291926873950233, "params": {"ts": 83.00764660756872, "optimize_days_cont": 18.28698222982436, "pre_optlux": 1184.2845115892483, "on_time_norm": 0.06831478431392501, "duration_h": [6.0, 16.0]}, "final_J": 0.00721397648412611, "goal_complete": true, "optimize_days": 18}
{"target": -4.6541270634463325, "params": {"ts": 93.98239711040948, "optimize_days_cont": 2.940710497156282, "pre_optlux": 1469.6783471939355, "on_time_norm": 0.35668872437448984, "duration_h": [6.0, 16.0]}, "final_J": 0.5751742455024099, "goal_complete": false, "optimize_days": 3}
{"target": -10.010106431181894, "params": {"ts": 13.155784921739329, "optimize_days_cont": 19.265691674858058, "pre_optlux": 1029.0949266816813, "on_time_norm": 0.9366778098943237, "duration_h": [6.0, 16.0]}, "final_J": 0.044958717023275266, "goal_complete": true, "optimize_days": 19}
{"target": -4.631541187712015, "params": {"ts": 15.978420367121359, "optimize_days_cont": 2.850284985475178, "pre_optlux": 699.8187441379283, "on_time_norm": 0.5906864124876176, "duration_h": [6.0, 16.0]}, "final_J": 0.5712339604246258, "goal_complete": false, "optimize_days": 3}
{"target": -5.309429248537091, "params": {"ts": 12.99746597621074, "optimize_days_cont": 5.330125550055309, "pre_optlux": 694.3272345913934, "on_time_norm": 0.6845094249929023, "duration_h": [6.0, 16.0]}, "final_J": 0.24876866705318454, "goal_complete": false, "optimize_days": 5}
{"target": -6.307586492966142, "params": {"ts": 11.02315680855955, "optimize_days_cont": 6.3298047511948665, "pre_optlux": 703.4458903333264, "on_time_norm": 0.4016005156863274, "duration_h": [6.0, 16.0]}, "final_J": 0.24802681023072587, "goal_complete": false, "optimize_days": 6}
{"target": -5.052665435645546, "params": {"ts": 95.85875278305457, "optimize_days_cont": 2.230953608823251, "pre_optlux": 1460.104591013284, "on_time_norm": 0.8457985912124156, "duration_h": [6.0, 16.0]}, "final_J": 0.7813661671259571, "goal_complete": false, "optimize_days": 2}
{"target": -6.016517816587306, "params": {"ts": 84.6884772736025, "optimize_days_cont": 7.3660680260948475, "pre_optlux": 1464.0808036675087, "on_time_norm": 0.7761485812478301, "duration_h": [6.0, 16.0]}, "final_J": 0.05747663279508505, "goal_complete": true, "optimize_days": 7}
{"target": -11.018025105737324, "params": {"ts": 100.0, "optimize_days_cont": 13.210223179454596, "pre_optlux": 1467.2616186031416, "on_time_norm": 0.0, "duration_h": [6.0, 16.0]}, "final_J": 0.06004182831547423, "goal_complete": true, "optimize_days": 13}
{"target": -6.169626763527544, "params": {"ts": 91.89031727596239, "optimize_days_cont": 1.0, "pre_optlux": 1465.0062718938425, "on_time_norm": 1.0, "duration_h": [6.0, 16.0]}, "final_J": 1.0168211999685632, "goal_complete": false, "optimize_days": 1}
{"target": -6.170305095320986, "params": {"ts": 89.29414799800469, "optimize_days_cont": 1.0, "pre_optlux": 1465.4252060432018, "on_time_norm": 0.0, "duration_h": [6.0, 16.0]}, "final_J": 1.0168879088002754, "goal_complete": false, "optimize_days": 1}
{"target": -7.919368100647342, "params": {"ts": 14.775236306197034, "optimize_days_cont": 10.039526664551648, "pre_optlux": 701.3799474474822, "on_time_norm": 1.0, "duration_h": [6.0, 16.0]}, "final_J": 0.023244070128425713, "goal_complete": true, "optimize_days": 10}
{"target": -6.176598535361828, "params": {"ts": 14.186905338648105, "optimize_days_cont": 1.0, "pre_optlux": 696.6693433989195, "on_time_norm": 0.0, "duration_h": [6.0, 16.0]}, "final_J": 1.0175066127904848, "goal_complete": false, "optimize_days": 1}
{"target": -6.167534489489164, "params": {"ts": 90.65157166126512, "optimize_days_cont": 1.0, "pre_optlux": 1475.6163634880113, "on_time_norm": 1.0, "duration_h": [6.0, 16.0]}, "final_J": 1.0166154129747556, "goal_complete": false, "optimize_days": 1}
{"target": -6.929123615105891, "params": {"ts": 29.448930369336217, "optimize_days_cont": 8.404814858694275, "pre_optlux": 521.2089491390482, "on_time_norm": 0.23659298261973172, "duration_h": [6.0, 16.0]}, "final_J": 0.049913822613029034, "goal_complete": true, "optimize_days": 8}
{"target": -6.170219002490681, "params": {"ts": 18.2346947010319, "optimize_days_cont": 1.0, "pre_optlux": 693.5974861590893, "on_time_norm": 1.0, "duration_h": [6.0, 16.0]}, "final_J": 1.0168794424601848, "goal_complete": false, "optimize_days": 1}
{"target": -6.1756650838619676, "params": {"ts": 63.96083707656911, "optimize_days_cont": 1.0, "pre_optlux": 1126.1108573228587, "on_time_norm": 0.0, "duration_h": [6.0, 16.0]}, "final_J": 1.0174148695455525, "goal_complete": false, "optimize_days": 1}
{"target": -4.664940517790718, "params": {"ts": 19.22491801623799, "optimize_days_cont": 4.495131879156432, "pre_optlux": 509.4390069216268, "on_time_norm": 1.0, "duration_h": [6.0, 16.0]}, "final_J": 0.36467533993696877, "goal_complete": false, "optimize_days": 4}
{"target": -6.171574938265241, "params": {"ts": 15.52705562218196, "optimize_days_cont": 1.0, "pre_optlux": 515.5848248527589, "on_time_norm": 1.0, "duration_h": [6.0, 16.0]}, "final_J": 1.0170127765436618, "goal_complete": false, "optimize_days": 1}
{"target": -6.171808354575673, "params": {"ts": 26.274697395842956, "optimize_days_cont": 1.0, "pre_optlux": 508.335324103412, "on_time_norm": 1.0, "duration_h": [6.0, 16.0]}, "final_J": 1.017035727452647, "goal_complete": false, "optimize_days": 1}
{"target": -9.015740149683676, "params": {"ts": 20.21290871128974, "optimize_days_cont": 11.956744486437819, "pre_optlux": 511.65464984127436, "on_time_norm": 1.0, "duration_h": [6.0, 16.0]}, "final_J": 0.056107307338128604, "goal_complete": true, "optimize_days": 12}
{"target": -6.170209300453288, "params": {"ts": 20.9864339740714, "optimize_days_cont": 1.047047243122857, "pre_optlux": 512.041727605753, "on_time_norm": 0.9967800807708352, "duration_h": [6.0, 16.0]}, "final_J": 1.0168784883606583, "goal_complete": false, "optimize_days": 1}
{"target": -6.1710840157402576, "params": {"ts": 16.10715024897851, "optimize_days_cont": 1.0, "pre_optlux": 504.6847997232082, "on_time_norm": 0.9254592309625342, "duration_h": [6.0, 16.0]}, "final_J": 1.0169645043697697, "goal_complete": false, "optimize_days": 1}
{"target": -6.178761889292853, "params": {"ts": 56.425737991250834, "optimize_days_cont": 1.0, "pre_optlux": 1132.3924109190327, "on_time_norm": 0.0, "duration_h": [6.0, 16.0]}, "final_J": 1.0177192038369771, "goal_complete": false, "optimize_days": 1}
{"target": -6.17161916878253, "params": {"ts": 7.45501518437333, "optimize_days_cont": 1.0, "pre_optlux": 697.8307088956341, "on_time_norm": 0.0, "duration_h": [6.0, 16.0]}, "final_J": 1.01701712559647, "goal_complete": false, "optimize_days": 1}
{"target": -4.587326281312267, "params": {"ts": 91.22780720570785, "optimize_days_cont": 2.741062913952141, "pre_optlux": 1453.5150685877306, "on_time_norm": 1.0, "duration_h": [6.0, 16.0]}, "final_J": 0.5634405525540858, "goal_complete": false, "optimize_days": 3}
{"target": -6.168282064011107, "params": {"ts": 98.04692782101327, "optimize_days_cont": 1.0, "pre_optlux": 1451.9583792685155, "on_time_norm": 1.0, "duration_h": [6.0, 16.0]}, "final_J": 1.0166889459427704, "goal_complete": false, "optimize_days": 1}
{"target": -6.980231385403482, "params": {"ts": 88.43694132874118, "optimize_days_cont": 8.147488396455534, "pre_optlux": 1454.416050257362, "on_time_norm": 1.0, "duration_h": [6.0, 16.0]}, "final_J": 0.06617862505393911, "goal_complete": true, "optimize_days": 8}
{"target": -6.177791557370001, "params": {"ts": 86.93454711153647, "optimize_days_cont": 1.0, "pre_optlux": 1454.4275117424595, "on_time_norm": 0.0, "duration_h": [6.0, 16.0]}, "final_J": 1.017623855594001, "goal_complete": false, "optimize_days": 1}
{"target": -6.172663304019509, "params": {"ts": 99.61271741571592, "optimize_days_cont": 1.0, "pre_optlux": 1470.990622732115, "on_time_norm": 0.0, "duration_h": [6.0, 16.0]}, "final_J": 1.0171197868510384, "goal_complete": false, "optimize_days": 1}
{"target": -6.170678437599862, "params": {"ts": 17.333676360507734, "optimize_days_cont": 1.0, "pre_optlux": 706.6593634599103, "on_time_norm": 0.0, "duration_h": [6.0, 16.0]}, "final_J": 1.0169246223393218, "goal_complete": false, "optimize_days": 1}
{"target": -5.153034474651468, "params": {"ts": 4.648675498917596, "optimize_days_cont": 3.7187958568764654, "pre_optlux": 1118.9272754084318, "on_time_norm": 0.5015164777749086, "duration_h": [6.0, 16.0]}, "final_J": 0.4802154671918571, "goal_complete": false, "optimize_days": 4}
{"target": -6.995639470978629, "params": {"ts": 3.5826202535709917, "optimize_days_cont": 6.537168255564519, "pre_optlux": 1125.730947623701, "on_time_norm": 0.3947248884750263, "duration_h": [6.0, 16.0]}, "final_J": 0.1256764133097072, "goal_complete": true, "optimize_days": 7}
{"target": -5.115116641342285, "params": {"ts": 11.578352982708434, "optimize_days_cont": 1.5979968944640064, "pre_optlux": 1115.5908980182185, "on_time_norm": 0.5293025980955284, "duration_h": [6.0, 16.0]}, "final_J": 0.7893182680443023, "goal_complete": false, "optimize_days": 2}
{"target": -7.301993799441571, "params": {"ts": 9.87581247776496, "optimize_days_cont": 9.705779803695451, "pre_optlux": 1116.1031142139454, "on_time_norm": 0.820069410286739, "duration_h": [6.0, 16.0]}, "final_J": 0.04544696419983265, "goal_complete": true, "optimize_days": 10}
{"target": -6.17825765955058, "params": {"ts": 9.64675120595776, "optimize_days_cont": 1.0, "pre_optlux": 1117.4471285902005, "on_time_norm": 0.0, "duration_h": [6.0, 16.0]}, "final_J": 1.0176696575559852, "goal_complete": false, "optimize_days": 1}
{"target": -6.1923695187311045, "params": {"ts": 3.584203555518342, "optimize_days_cont": 1.0, "pre_optlux": 1111.7909121651787, "on_time_norm": 0.0, "duration_h": [6.0, 16.0]}, "final_J": 1.0190553977808179, "goal_complete": false, "optimize_days": 1}
{"target": -6.180137671463703, "params": {"ts": 18.79203472747269, "optimize_days_cont": 1.0, "pre_optlux": 1120.3846189956594, "on_time_norm": 0.0, "duration_h": [6.0, 16.0]}, "final_J": 1.0178543777440565, "goal_complete": false, "optimize_days": 1}
{"target": -6.169369514071237, "params": {"ts": 90.09115117184503, "optimize_days_cont": 1.0, "pre_optlux": 1447.0184582489046, "on_time_norm": 1.0, "duration_h": [6.0, 16.0]}, "final_J": 1.0167959002741147, "goal_complete": false, "optimize_days": 1}
{"target": -4.958691058395229, "params": {"ts": 93.78802699553361, "optimize_days_cont": 6.264977051017832, "pre_optlux": 1456.130453141597, "on_time_norm": 1.0, "duration_h": [6.0, 16.0]}, "final_J": 0.008458428481648914, "goal_complete": true, "optimize_days": 6}
{"target": -6.171639466762339, "params": {"ts": 22.939241161496344, "optimize_days_cont": 1.0, "pre_optlux": 523.7855222483513, "on_time_norm": 1.0, "duration_h": [6.0, 16.0]}, "final_J": 1.0170191214291242, "goal_complete": false, "optimize_days": 1}
{"target": -6.971114388681565, "params": {"ts": 92.36714174623273, "optimize_days_cont": 7.538800629177128, "pre_optlux": 1448.4825376981007, "on_time_norm": 1.0, "duration_h": [6.0, 16.0]}, "final_J": 0.05055898604250662, "goal_complete": true, "optimize_days": 8}
{"target": -6.169867658639522, "params": {"ts": 12.717813896521582, "optimize_days_cont": 1.0, "pre_optlux": 1131.3391688230367, "on_time_norm": 1.0, "duration_h": [6.0, 16.0]}, "final_J": 1.0168448906927272, "goal_complete": false, "optimize_days": 1}
