{"target": -14.333333333333334, "params": {"ts": 2.7315368221841103, "optimize_days_cont": 17.93989207642491, "pre_optlux": 534.5625760897897, "on_time_norm": 0.2989763774589579, "duration_h": [6.0, 16.0]}, "final_J": 0.0152834186844471, "goal_complete": true, "optimize_days": 18}
{"target": -12.291666666666666, "params": {"ts": 33.12258915034465, "optimize_days_cont": 17.429497347114907, "pre_optlux": 754.1420534887301, "on_time_norm": 0.5482299063500942, "duration_h": [6.0, 16.0]}, "final_J": 0.08618864906270354, "goal_complete": true, "optimize_days": 17}
{"target": -9999.0, "params": {"ts": 12.11889051387827, "optimize_days_cont": 3.6960459421176455, "pre_optlux": 750.6947535614496, "on_time_norm": 0.7319802251869119, "duration_h": [6.0, 16.0]}, "final_J": 0.9649922184621363, "goal_complete": false, "optimize_days": 4}
{"target": -9999.0, "params": {"ts": 59.68169648856187, "optimize_days_cont": 7.397563291152543, "pre_optlux": 763.4775581181913, "on_time_norm": 0.18712777283052473, "duration_h": [6.0, 16.0]}, "final_J": 0.3511855081075154, "goal_complete": false, "optimize_days": 7}
{"target": -9999.0, "params": {"ts": 14.07810195464569, "optimize_days_cont": 1.705095984711934, "pre_optlux": 260.68357151399994, "on_time_norm": 0.2134399510803413, "duration_h": [6.0, 16.0]}, "final_J": 1.4808225775225106, "goal_complete": false, "optimize_days": 2}
{"target": -9.875, "params": {"ts": 65.85156848897378, "optimize_days_cont": 12.18697040043049, "pre_optlux": 926.2278426538624, "on_time_norm": 0.3346853176856943, "duration_h": [6.0, 16.0]}, "final_J": 0.03506180787338802, "goal_complete": true, "optimize_days": 12}
{"target": -12.0, "params": {"ts": 40.762428500801185, "optimize_days_cont": 13.907171810637996, "pre_optlux": 347.338167787798, "on_time_norm": 0.7887842182981357, "duration_h": [6.0, 16.0]}, "final_J": 0.05356587277482252, "goal_complete": true, "optimize_days": 14}
{"target": -9999.0, "params": {"ts": 61.749408361155254, "optimize_days_cont": 3.889288683364499, "pre_optlux": 1192.0340177006228, "on_time_norm": 0.26311903992324415, "duration_h": [6.0, 16.0]}, "final_J": 1.0866453540858652, "goal_complete": false, "optimize_days": 4}
{"target": -11.958333333333334, "params": {"ts": 29.457782494979018, "optimize_days_cont": 13.381908106047511, "pre_optlux": 1433.2949321141712, "on_time_norm": 0.9184743424662997, "duration_h": [6.0, 16.0]}, "final_J": 0.04959894133079157, "goal_complete": true, "optimize_days": 13}
{"target": -9999.0, "params": {"ts": 34.44157734405684, "optimize_days_cont": 2.711272351651346, "pre_optlux": 1085.331748368608, "on_time_norm": 0.679914691937932, "duration_h": [6.0, 16.0]}, "final_J": 1.288007851382875, "goal_complete": false, "optimize_days": 3}
{"target": -9.916666666666666, "params": {"ts": 66.29101267656665, "optimize_days_cont": 12.285249026656448, "pre_optlux": 925.3039956855858, "on_time_norm": 0.20227026892142527, "duration_h": [6.0, 16.0]}, "final_J": 0.03261951000195575, "goal_complete": true, "optimize_days": 12}
{"target": -17.0, "params": {"ts": 81.88515989566285, "optimize_days_cont": 17.60005452219295, "pre_optlux": 932.5477108451263, "on_time_norm": 0.9642581327929722, "duration_h": [6.0, 16.0]}, "final_J": 0.09790941002909863, "goal_complete": true, "optimize_days": 18}
{"target": -9999.0, "params": {"ts": 75.99943633047579, "optimize_days_cont": 1.0, "pre_optlux": 941.7007373364518, "on_time_norm": 0.0, "duration_h": [6.0, 16.0]}, "final_J": 1.6177958588763237, "goal_complete": false, "optimize_days": 1}
{"target": -19.291666666666668, "params": {"ts": 77.4073949140751, "optimize_days_cont": 20.0, "pre_optlux": 919.4079006966822, "on_time_norm": 1.0, "duration_h": [6.0, 16.0]}, "final_J": 0.11733374315874005, "goal_complete": true, "optimize_days": 20}
{"target": -9999.0, "params": {"ts": 36.78475358960817, "optimize_days_cont": 3.510551526779905, "pre_optlux": 362.2569043670659, "on_time_norm": 0.8288497082991195, "duration_h": [6.0, 16.0]}, "final_J": 1.0978283020800819, "goal_complete": false, "optimize_days": 4}
{"target": -14.958333333333334, "params": {"ts": 44.050478761565664, "optimize_days_cont": 20.0, "pre_optlux": 335.0217578272935, "on_time_norm": 0.7558039772390003, "duration_h": [6.0, 16.0]}, "final_J": 0.03681110049194573, "goal_complete": true, "optimize_days": 20}
{"target": -15.0, "params": {"ts": 27.305595870013953, "optimize_days_cont": 20.0, "pre_optlux": 338.02300571287833, "on_time_norm": 0.5535073753119722, "duration_h": [6.0, 16.0]}, "final_J": 0.01858143044588316, "goal_complete": true, "optimize_days": 20}
{"target": -9999.0, "params": {"ts": 35.595139195488706, "optimize_days_cont": 4.089904872775647, "pre_optlux": 330.1855141613029, "on_time_norm": 0.0, "duration_h": [6.0, 16.0]}, "final_J": 0.9723838547865052, "goal_complete": false, "optimize_days": 4}
{"target": -16.0, "params": {"ts": 54.13396874824323, "optimize_days_cont": 20.0, "pre_optlux": 346.36550825116973, "on_time_norm": 1.0, "duration_h": [6.0, 16.0]}, "final_J": 0.062323814848337086, "goal_complete": true, "optimize_days": 20}
{"target": -19.0, "params": {"ts": 55.63657950202231, "optimize_days_cont": 20.0, "pre_optlux": 916.2048029308381, "on_time_norm": 1.0, "duration_h": [6.0, 16.0]}, "final_J": 0.11000109664391652, "goal_complete": true, "optimize_days": 20}
{"target": -9999.0, "params": {"ts": 64.12353834782205, "optimize_days_cont": 5.958431588224662, "pre_optlux": 905.2590353645306, "on_time_norm": 1.0, "duration_h": [6.0, 16.0]}, "final_J": 0.5422365845177738, "goal_complete": false, "optimize_days": 6}
{"target": -17.291666666666668, "params": {"ts": 53.90072433222064, "optimize_days_cont": 20.0, "pre_optlux": 928.9802650862204, "on_time_norm": 0.0, "duration_h": [6.0, 16.0]}, "final_J": 0.07517404360456785, "goal_complete": true, "optimize_days": 20}
{"target": -9999.0, "params": {"ts": 40.142524660823725, "optimize_days_cont": 2.6777670471666006, "pre_optlux": 1442.5483725598551, "on_time_norm": 0.44563865703504757, "duration_h": [6.0, 16.0]}, "final_J": 1.2529516520091717, "goal_complete": false, "optimize_days": 3}
{"target": -14.0, "params": {"ts": 19.6796205144837, "optimize_days_cont": 20.0, "pre_optlux": 1424.8266298861395, "on_time_norm": 1.0, "duration_h": [6.0, 16.0]}, "final_J": 0.08192812024956421, "goal_complete": true, "optimize_days": 20}
{"target": -14.916666666666666, "params": {"ts": 35.240612331559724, "optimize_days_cont": 20.0, "pre_optlux": 1418.9250247568805, "on_time_norm": 1.0, "duration_h": [6.0, 16.0]}, "final_J": 0.08973578987140039, "goal_complete": true, "optimize_days": 20}
{"target": -9999.0, "params": {"ts": 24.43832403236184, "optimize_days_cont": 5.136988760579303, "pre_optlux": 1416.7878078971162, "on_time_norm": 1.0, "duration_h": [6.0, 16.0]}, "final_J": 0.7411604558174208, "goal_complete": false, "optimize_days": 5}
{"target": -14.0, "params": {"ts": 18.728912886461767, "optimize_days_cont": 20.0, "pre_optlux": 1439.7559391732404, "on_time_norm": 1.0, "duration_h": [6.0, 16.0]}, "final_J": 0.09142427564786601, "goal_complete": true, "optimize_days": 20}
{"target": -19.916666666666668, "params": {"ts": 95.51080303012188, "optimize_days_cont": 20.0, "pre_optlux": 923.058622024606, "on_time_norm": 1.0, "duration_h": [6.0, 16.0]}, "final_J": 0.13116921644266025, "goal_complete": true, "optimize_days": 20}
{"target": -9999.0, "params": {"ts": 12.716758882672705, "optimize_days_cont": 4.919906096081053, "pre_optlux": 541.2166605338026, "on_time_norm": 0.8737041394790566, "duration_h": [6.0, 16.0]}, "final_J": 0.7958615609000768, "goal_complete": false, "optimize_days": 5}
{"target": -16.958333333333332, "params": {"ts": 1.0, "optimize_days_cont": 20.0, "pre_optlux": 519.9546545021294, "on_time_norm": 0.0, "duration_h": [6.0, 16.0]}, "final_J": 0.013974853803723727, "goal_complete": true, "optimize_days": 20}
{"target": -17.0, "params": {"ts": 39.502032380720614, "optimize_days_cont": 20.0, "pre_optlux": 923.245324588602, "on_time_norm": 1.0, "duration_h": [6.0, 16.0]}, "final_J": 0.06840330095667307, "goal_complete": true, "optimize_days": 20}
{"target": -9999.0, "params": {"ts": 44.48973063418124, "optimize_days_cont": 5.97179989585252, "pre_optlux": 930.7801750892291, "on_time_norm": 0.0, "duration_h": [6.0, 16.0]}, "final_J": 0.605353245638988, "goal_complete": false, "optimize_days": 6}
{"target": -17.0, "params": {"ts": 41.774665495284495, "optimize_days_cont": 20.0, "pre_optlux": 911.9686389184909, "on_time_norm": 1.0, "duration_h": [6.0, 16.0]}, "final_J": 0.0688777121478086, "goal_complete": true, "optimize_days": 20}
{"target": -13.958333333333334, "params": {"ts": 26.471083731634497, "optimize_days_cont": 20.0, "pre_optlux": 911.7122253360632, "on_time_norm": 1.0, "duration_h": [6.0, 16.0]}, "final_J": 0.07093478060509736, "goal_complete": true, "optimize_days": 20}
{"target": -14.291666666666666, "params": {"ts": 22.335240042318155, "optimize_days_cont": 20.0, "pre_optlux": 925.2277560087293, "on_time_norm": 1.0, "duration_h": [6.0, 16.0]}, "final_J": 0.06350392919075651, "goal_complete": true, "optimize_days": 20}
{"target": -14.875, "params": {"ts": 8.420476965760184, "optimize_days_cont": 20.0, "pre_optlux": 912.2741341146648, "on_time_norm": 1.0, "duration_h": [6.0, 16.0]}, "final_J": 0.011173331510368818, "goal_complete": true, "optimize_days": 20}
{"target": -16.0, "params": {"ts": 4.741864367895251, "optimize_days_cont": 20.0, "pre_optlux": 928.5074043702784, "on_time_norm": 1.0, "duration_h": [6.0, 16.0]}, "final_J": 0.02030190527884812, "goal_complete": true, "optimize_days": 20}
{"target": -9999.0, "params": {"ts": 9.974313772769987, "optimize_days_cont": 4.649451019459832, "pre_optlux": 918.1477994755205, "on_time_norm": 1.0, "duration_h": [6.0, 16.0]}, "final_J": 0.7472605298069037, "goal_complete": false, "optimize_days": 5}
{"target": -15.291666666666666, "params": {"ts": 10.302022481912186, "optimize_days_cont": 20.0, "pre_optlux": 942.0122062290876, "on_time_norm": 1.0, "duration_h": [6.0, 16.0]}, "final_J": 0.0213292791106543, "goal_complete": true, "optimize_days": 20}
{"target": -13.958333333333334, "params": {"ts": 20.798533881594658, "optimize_days_cont": 20.0, "pre_optlux": 896.3825042837531, "on_time_norm": 0.0, "duration_h": [6.0, 16.0]}, "final_J": 0.07920685939232938, "goal_complete": true, "optimize_days": 20}
{"target": -9.916666666666666, "params": {"ts": 23.105816836200347, "optimize_days_cont": 10.940103486612847, "pre_optlux": 893.4469663845945, "on_time_norm": 0.045601950132806324, "duration_h": [6.0, 16.0]}, "final_J": 0.05791429465659146, "goal_complete": true, "optimize_days": 11}
{"target": -12.916666666666666, "params": {"ts": 23.08501322743759, "optimize_days_cont": 14.085797074605773, "pre_optlux": 371.03742375121396, "on_time_norm": 0.07032486680550032, "duration_h": [6.0, 16.0]}, "final_J": 0.08294027796874812, "goal_complete": true, "optimize_days": 14}
{"target": -9999.0, "params": {"ts": 56.804456643247704, "optimize_days_cont": 2.481854448409754, "pre_optlux": 1125.5646900185338, "on_time_norm": 0.15845217352316643, "duration_h": [6.0, 16.0]}, "final_J": 1.3906968871060725, "goal_complete": false, "optimize_days": 2}
{"target": -10.958333333333334, "params": {"ts": 30.055238354117552, "optimize_days_cont": 14.235603569963303, "pre_optlux": 776.7565188542048, "on_time_norm": 0.21506214371433952, "duration_h": [6.0, 16.0]}, "final_J": 0.03016373389640275, "goal_complete": true, "optimize_days": 14}
{"target": -10.916666666666666, "params": {"ts": 12.966996402356731, "optimize_days_cont": 18.436053147149774, "pre_optlux": 914.702543770914, "on_time_norm": 0.47201931574192724, "duration_h": [6.0, 16.0]}, "final_J": 0.008743992682820848, "goal_complete": true, "optimize_days": 18}
{"target": -12.958333333333334, "params": {"ts": 5.278357243925987, "optimize_days_cont": 15.296453422239487, "pre_optlux": 883.4132092262794, "on_time_norm": 0.7671904257147006, "duration_h": [6.0, 16.0]}, "final_J": 0.019102234323350724, "goal_complete": true, "optimize_days": 15}
{"target": -11.958333333333334, "params": {"ts": 8.149916558088384, "optimize_days_cont": 13.534600853749103, "pre_optlux": 221.95410676473352, "on_time_norm": 0.6850244527227007, "duration_h": [6.0, 16.0]}, "final_J": 0.015700136880671848, "goal_complete": true, "optimize_days": 14}
{"target": -10.958333333333334, "params": {"ts": 47.331618590616145, "optimize_days_cont": 13.56012736053423, "pre_optlux": 1081.454953100926, "on_time_norm": 0.2633294844455638, "duration_h": [6.0, 16.0]}, "final_J": 0.026723832986566786, "goal_complete": true, "optimize_days": 14}
{"target": -15.0, "params": {"ts": 77.35815021585175, "optimize_days_cont": 16.50670419948814, "pre_optlux": 338.51616506019934, "on_time_norm": 0.5780067455748411, "duration_h": [6.0, 16.0]}, "final_J": 0.08755663129362946, "goal_complete": true, "optimize_days": 17}
{"target": -9999.0, "params": {"ts": 23.989333259437583, "optimize_days_cont": 4.774231318116989, "pre_optlux": 516.5125439397189, "on_time_norm": 0.976852764010693, "duration_h": [6.0, 16.0]}, "final_J": 0.8171398612615222, "goal_complete": false, "optimize_days": 5}
{"target": -9999.0, "params": {"ts": 36.28433428914752, "optimize_days_cont": 1.3495989859817095, "pre_optlux": 982.6668639532691, "on_time_norm": 0.23040538778108444, "duration_h": [6.0, 16.0]}, "final_J": 1.6284130836719757, "goal_complete": false, "optimize_days": 1}
{"target": -7.916666666666667, "params": {"ts": 58.84077063109376, "optimize_days_cont": 8.981967537205383, "pre_optlux": 1107.491323463064, "on_time_norm": 0.9720455259033695, "duration_h": [6.0, 16.0]}, "final_J": 0.008928672311308599, "goal_complete": true, "optimize_days": 9}
{"target": -15.0, "params": {"ts": 43.63486278650694, "optimize_days_cont": 19.196843396417563, "pre_optlux": 214.47343649160942, "on_time_norm": 0.7327818008916883, "duration_h": [6.0, 16.0]}, "final_J": 0.06947985722622277, "goal_complete": true, "optimize_days": 19}
{"target": -11.0, "params": {"ts": 53.17351161162144, "optimize_days_cont": 11.772761585575223, "pre_optlux": 1125.9760864836403, "on_time_norm": 0.6826033501652629, "duration_h": [6.0, 16.0]}, "final_J": 0.07056033487323762, "goal_complete": true, "optimize_days": 12}
{"target": -9999.0, "params": {"ts": 12.171706697977584, "optimize_days_cont": 4.784090011256047, "pre_optlux": 1123.7809591132172, "on_time_norm": 0.39386732248283196, "duration_h": [6.0, 16.0]}, "final_J": 0.7688105758334678, "goal_complete": false, "optimize_days": 5}
{"target": -9999.0, "params": {"ts": 16.19112292109049, "optimize_days_cont": 2.910906277613152, "pre_optlux": 699.7835942543549, "on_time_norm": 0.5829154644665038, "duration_h": [6.0, 16.0]}, "final_J": 1.2665951948446932, "goal_complete": false, "optimize_days": 3}
{"target": -12.0, "params": {"ts": 87.16572333579319, "optimize_days_cont": 19.36399704765088, "pre_optlux": 765.0125547254927, "on_time_norm": 0.4004229990716831, "duration_h": [6.0, 16.0]}, "final_J": 0.045982010410860884, "goal_complete": true, "optimize_days": 19}
{"target": -11.958333333333334, "params": {"ts": 83.00764660756872, "optimize_days_cont": 18.28698222982436, "pre_optlux": 1184.2845115892483, "on_time_norm": 0.06831478431392501, "duration_h": [6.0, 16.0]}, "final_J": 0.012270218573022362, "goal_complete": true, "optimize_days": 18}
{"target": -9999.0, "params": {"ts": 93.98239711040948, "optimize_days_cont": 2.940710497156282, "pre_optlux": 1469.6783471939355, "on_time_norm": 0.35668872437448984, "duration_h": [6.0, 16.0]}, "final_J": 1.2499285918754508, "goal_complete": false, "optimize_days": 3}
{"target": -13.958333333333334, "params": {"ts": 13.155784921739329, "optimize_days_cont": 19.265691674858058, "pre_optlux": 1029.0949266816813, "on_time_norm": 0.9366778098943237, "duration_h": [6.0, 16.0]}, "final_J": 0.07636261210048076, "goal_complete": true, "optimize_days": 19}
{"target": -13.0, "params": {"ts": 3.755999989112609, "optimize_days_cont": 14.653376179389122, "pre_optlux": 885.6899359223313, "on_time_norm": 0.4711666767597189, "duration_h": [6.0, 16.0]}, "final_J": 0.027003247474943867, "goal_complete": true, "optimize_days": 15}
{"target": -10.958333333333334, "params": {"ts": 13.03103897914872, "optimize_days_cont": 13.40404016991195, "pre_optlux": 890.7405207492146, "on_time_norm": 0.3315208918072604, "duration_h": [6.0, 16.0]}, "final_J": 0.03963128138705757, "goal_complete": true, "optimize_days": 13}
{"target": -19.0, "params": {"ts": 51.501128964402874, "optimize_days_cont": 20.0, "pre_optlux": 1117.553792252214, "on_time_norm": 1.0, "duration_h": [6.0, 16.0]}, "final_J": 0.09434948658925814, "goal_complete": true, "optimize_days": 20}
{"target": -16.0, "params": {"ts": 52.16038083473261, "optimize_days_cont": 17.467156713791926, "pre_optlux": 1095.7232070448092, "on_time_norm": 1.0, "duration_h": [6.0, 16.0]}, "final_J": 0.10248652954241877, "goal_complete": true, "optimize_days": 17}
{"target": -18.291666666666668, "params": {"ts": 46.63708980389925, "optimize_days_cont": 20.0, "pre_optlux": 1134.5724106081552, "on_time_norm": 1.0, "duration_h": [6.0, 16.0]}, "final_J": 0.08851915963978761, "goal_complete": true, "optimize_days": 20}
{"target": -9999.0, "params": {"ts": 64.66231178604562, "optimize_days_cont": 5.8965894378467, "pre_optlux": 1088.6407770142387, "on_time_norm": 1.0, "duration_h": [6.0, 16.0]}, "final_J": 0.53261447743726, "goal_complete": false, "optimize_days": 6}
{"target": -10.958333333333334, "params": {"ts": 43.383661765728746, "optimize_days_cont": 11.802427249125383, "pre_optlux": 1105.8385933738869, "on_time_norm": 1.0, "duration_h": [6.0, 16.0]}, "final_J": 0.06341898270595099, "goal_complete": true, "optimize_days": 12}
{"target": -14.291666666666666, "params": {"ts": 37.36985787303248, "optimize_days_cont": 20.0, "pre_optlux": 1091.5944321020675, "on_time_norm": 0.0, "duration_h": [6.0, 16.0]}, "final_J": 0.02121386359555619, "goal_complete": true, "optimize_days": 20}
{"target": -9999.0, "params": {"ts": 11.861044657415832, "optimize_days_cont": 2.9445377246518407, "pre_optlux": 905.4459211790185, "on_time_norm": 1.0, "duration_h": [6.0, 16.0]}, "final_J": 1.2639734139245289, "goal_complete": false, "optimize_days": 3}
{"target": -13.958333333333334, "params": {"ts": 40.78445677625481, "optimize_days_cont": 14.685405416202267, "pre_optlux": 1123.2488974563537, "on_time_norm": 1.0, "duration_h": [6.0, 16.0]}, "final_J": 0.06889973377138958, "goal_complete": true, "optimize_days": 15}
{"target": -14.291666666666666, "params": {"ts": 23.540594370271194, "optimize_days_cont": 20.0, "pre_optlux": 883.4315527666737, "on_time_norm": 0.0, "duration_h": [6.0, 16.0]}, "final_J": 0.060174046959849625, "goal_complete": true, "optimize_days": 20}
{"target": -9999.0, "params": {"ts": 20.53644439765001, "optimize_days_cont": 5.1116280344867535, "pre_optlux": 879.0186209647723, "on_time_norm": 0.0, "duration_h": [6.0, 16.0]}, "final_J": 0.7762769205482938, "goal_complete": false, "optimize_days": 5}
{"target": -14.0, "params": {"ts": 21.277728528398992, "optimize_days_cont": 20.0, "pre_optlux": 896.9716427857253, "on_time_norm": 0.0, "duration_h": [6.0, 16.0]}, "final_J": 0.08487216409831337, "goal_complete": true, "optimize_days": 20}
{"target": -7.958333333333333, "params": {"ts": 39.85740345363653, "optimize_days_cont": 8.031151569572394, "pre_optlux": 1090.3732613852671, "on_time_norm": 1.0, "duration_h": [6.0, 16.0]}, "final_J": 0.16425895799001383, "goal_complete": true, "optimize_days": 8}
{"target": -13.958333333333334, "params": {"ts": 33.00667971175839, "optimize_days_cont": 20.0, "pre_optlux": 892.1561758896086, "on_time_norm": 1.0, "duration_h": [6.0, 16.0]}, "final_J": 0.07472715867756104, "goal_complete": true, "optimize_days": 20}
{"target": -13.0, "params": {"ts": 36.27093640121924, "optimize_days_cont": 17.934614578159398, "pre_optlux": 1076.6499292792976, "on_time_norm": 1.0, "duration_h": [6.0, 16.0]}, "final_J": 0.08596731890934074, "goal_complete": true, "optimize_days": 18}
{"target": -13.291666666666666, "params": {"ts": 25.885531883590325, "optimize_days_cont": 16.364583526852027, "pre_optlux": 218.2152644066855, "on_time_norm": 0.7089142926024167, "duration_h": [6.0, 16.0]}, "final_J": 0.05136889773984112, "goal_complete": true, "optimize_days": 16}
{"target": -9999.0, "params": {"ts": 31.50637801541664, "optimize_days_cont": 5.14209922215824, "pre_optlux": 1078.452293613906, "on_time_norm": 0.0, "duration_h": [6.0, 16.0]}, "final_J": 0.7535112273271758, "goal_complete": false, "optimize_days": 5}
{"target": -17.0, "params": {"ts": 45.46570233608438, "optimize_days_cont": 20.0, "pre_optlux": 1084.455088873999, "on_time_norm": 1.0, "duration_h": [6.0, 16.0]}, "final_J": 0.05895509259937407, "goal_complete": true, "optimize_days": 20}
{"target": -13.958333333333334, "params": {"ts": 13.8426720781561, "optimize_days_cont": 17.665619727018655, "pre_optlux": 207.99047981422683, "on_time_norm": 0.38422489798013815, "duration_h": [6.0, 16.0]}, "final_J": 0.02961693597706798, "goal_complete": true, "optimize_days": 18}
{"target": -9999.0, "params": {"ts": 17.347750075496194, "optimize_days_cont": 4.163307914678876, "pre_optlux": 212.50192693223377, "on_time_norm": 0.7567033434745907, "duration_h": [6.0, 16.0]}, "final_J": 1.0286381050527906, "goal_complete": false, "optimize_days": 4}
{"target": -15.958333333333334, "params": {"ts": 16.81638247171252, "optimize_days_cont": 20.0, "pre_optlux": 226.3464412101286, "on_time_norm": 0.0, "duration_h": [6.0, 16.0]}, "final_J": 0.05293494169499385, "goal_complete": true, "optimize_days": 20}
{"target": -15.291666666666666, "params": {"ts": 35.20354006700069, "optimize_days_cont": 20.0, "pre_optlux": 227.15116428267288, "on_time_norm": 0.0, "duration_h": [6.0, 16.0]}, "final_J": 0.056496028971041515, "goal_complete": true, "optimize_days": 20}
