{"target": -17.291666666666668, "params": {"ts": 1.0, "optimize_days_cont": 20.0, "pre_optlux": 230.2785733891288, "on_time_norm": 1.0, "duration_h": [6.0, 16.0]}, "final_J": 0.06412674254659231, "goal_complete": true, "optimize_days": 20}
{"target": -14.0, "params": {"ts": 31.108858699523733, "optimize_days_cont": 20.0, "pre_optlux": 205.22211238762162, "on_time_norm": 0.0, "duration_h": [6.0, 16.0]}, "final_J": 0.06261476764886018, "goal_complete": true, "optimize_days": 20}
{"target": -12.833333333333334, "params": {"ts": 10.292676582931557, "optimize_days_cont": 14.757454866381, "pre_optlux": 238.54303148855564, "on_time_norm": 1.0, "duration_h": [6.0, 16.0]}, "final_J": 0.013116719207399754, "goal_complete": true, "optimize_days": 15}
{"target": -9999.0, "params": {"ts": 1.0, "optimize_days_cont": 4.879085494776735, "pre_optlux": 235.40656482030383, "on_time_norm": 0.0, "duration_h": [6.0, 16.0]}, "final_J": 0.9176948999387936, "goal_complete": false, "optimize_days": 5}
{"target": -17.0, "params": {"ts": 1.0, "optimize_days_cont": 20.0, "pre_optlux": 215.01002583232582, "on_time_norm": 1.0, "duration_h": [6.0, 16.0]}, "final_J": 0.06445754802553923, "goal_complete": true, "optimize_days": 20}
{"target": -15.291666666666666, "params": {"ts": 24.184281712275506, "optimize_days_cont": 20.0, "pre_optlux": 237.87388846715092, "on_time_norm": 1.0, "duration_h": [6.0, 16.0]}, "final_J": 0.05479572633440924, "goal_complete": true, "optimize_days": 20}
{"target": -15.0, "params": {"ts": 29.887589861416423, "optimize_days_cont": 20.0, "pre_optlux": 910.4167454962117, "on_time_norm": 0.0, "duration_h": [6.0, 16.0]}, "final_J": 0.010521429638650825, "goal_complete": true, "optimize_days": 20}
{"target": -13.958333333333334, "params": {"ts": 23.439991881397187, "optimize_days_cont": 20.0, "pre_optlux": 924.2509171251028, "on_time_norm": 0.0, "duration_h": [6.0, 16.0]}, "final_J": 0.07978570912068347, "goal_complete": true, "optimize_days": 20}
{"target": -10.916666666666666, "params": {"ts": 39.22953360496035, "optimize_days_cont": 12.319115357483927, "pre_optlux": 902.4420563085927, "on_time_norm": 0.0, "duration_h": [6.0, 16.0]}, "final_J": 0.044714418101129486, "goal_complete": true, "optimize_days": 12}
{"target": -16.0, "params": {"ts": 41.70447528238963, "optimize_days_cont": 18.961534675521907, "pre_optlux": 919.4631050018185, "on_time_norm": 1.0, "duration_h": [6.0, 16.0]}, "final_J": 0.06349210308559108, "goal_complete": true, "optimize_days": 19}
{"target": -17.0, "params": {"ts": 50.05714459526362, "optimize_days_cont": 20.0, "pre_optlux": 906.8257987751223, "on_time_norm": 1.0, "duration_h": [6.0, 16.0]}, "final_J": 0.06705579291593373, "goal_complete": true, "optimize_days": 20}
{"target": -9999.0, "params": {"ts": 45.54603922928731, "optimize_days_cont": 5.439941982617233, "pre_optlux": 915.099985161632, "on_time_norm": 0.0, "duration_h": [6.0, 16.0]}, "final_J": 0.7739922240153805, "goal_complete": false, "optimize_days": 5}
{"target": -17.0, "params": {"ts": 48.07216124446994, "optimize_days_cont": 20.0, "pre_optlux": 893.8166056220466, "on_time_norm": 1.0, "duration_h": [6.0, 16.0]}, "final_J": 0.062107453374913114, "goal_complete": true, "optimize_days": 20}
{"target": -15.958333333333334, "params": {"ts": 9.91685981824774, "optimize_days_cont": 20.0, "pre_optlux": 930.0000249351042, "on_time_norm": 0.0, "duration_h": [6.0, 16.0]}, "final_J": 0.0214768586982478, "goal_complete": true, "optimize_days": 20}
{"target": -11.291666666666666, "params": {"ts": 46.197087850173475, "optimize_days_cont": 15.687047854714502, "pre_optlux": 773.4551996326854, "on_time_norm": 0.26726388377259336, "duration_h": [6.0, 16.0]}, "final_J": 0.028979100756984795, "goal_complete": true, "optimize_days": 16}
{"target": -9999.0, "params": {"ts": 40.974000895093866, "optimize_days_cont": 4.189736518812614, "pre_optlux": 784.196853266496, "on_time_norm": 0.8609089102996584, "duration_h": [6.0, 16.0]}, "final_J": 1.127433842947553, "goal_complete": false, "optimize_days": 4}
{"target": -14.958333333333334, "params": {"ts": 35.46485282365797, "optimize_days_cont": 20.0, "pre_optlux": 764.9040712844849, "on_time_norm": 0.0, "duration_h": [6.0, 16.0]}, "final_J": 0.005483397482256346, "goal_complete": true, "optimize_days": 20}
{"target": -9.933436994294519, "params": {"ts": 23.105816836200347, "optimize_days_cont": 10.940103486612847, "pre_optlux": 893.4469663845945, "on_time_norm": 0.045601950132806324, "duration_h": [6.0, 16.0]}, "final_J": 0.05791429465659146, "goal_complete": true, "optimize_days": 11}
{"target": -12.951062115214333, "params": {"ts": 23.08501322743759, "optimize_days_cont": 14.085797074605773, "pre_optlux": 371.03742375121396, "on_time_norm": 0.07032486680550032, "duration_h": [6.0, 16.0]}, "final_J": 0.08294027796874812, "goal_complete": true, "optimize_days": 14}
{"target": -11.670189159032601, "params": {"ts": 56.804456643247704, "optimize_days_cont": 2.481854448409754, "pre_optlux": 1125.5646900185338, "on_time_norm": 0.15845217352316643, "duration_h": [6.0, 16.0]}, "final_J": 1.3906968871060725, "goal_complete": false, "optimize_days": 2}
{"target": -10.962882587546199, "params": {"ts": 30.055238354117552, "optimize_days_cont": 14.235603569963303, "pre_optlux": 776.7565188542048, "on_time_norm": 0.21506214371433952, "duration_h": [6.0, 16.0]}, "final_J": 0.03016373389640275, "goal_complete": true, "optimize_days": 14}
{"target": -10.917048953706852, "params": {"ts": 12.966996402356731, "optimize_days_cont": 18.436053147149774, "pre_optlux": 914.702543770914, "on_time_norm": 0.47201931574192724, "duration_h": [6.0, 16.0]}, "final_J": 0.008743992682820848, "goal_complete": true, "optimize_days": 18}
{"target": -12.960157810114055, "params": {"ts": 5.278357243925987, "optimize_days_cont": 15.296453422239487, "pre_optlux": 883.4132092262794, "on_time_norm": 0.7671904257147006, "duration_h": [6.0, 16.0]}, "final_J": 0.019102234323350724, "goal_complete": true, "optimize_days": 15}
{"target": -11.959565804823693, "params": {"ts": 8.149916558088384, "optimize_days_cont": 13.534600853749103, "pre_optlux": 221.95410676473352, "on_time_norm": 0.6850244527227007, "duration_h": [6.0, 16.0]}, "final_J": 0.015700136880671848, "goal_complete": true, "optimize_days": 14}
{"target": -10.961904149580803, "params": {"ts": 47.331618590616145, "optimize_days_cont": 13.56012736053423, "pre_optlux": 1081.454953100926, "on_time_norm": 0.2633294844455638, "duration_h": [6.0, 16.0]}, "final_J": 0.026723832986566786, "goal_complete": true, "optimize_days": 14}
{"target": -15.038330818417442, "params": {"ts": 77.35815021585175, "optimize_days_cont": 16.50670419948814, "pre_optlux": 338.51616506019934, "on_time_norm": 0.5780067455748411, "duration_h": [6.0, 16.0]}, "final_J": 0.08755663129362946, "goal_complete": true, "optimize_days": 17}
{"target": -8.338587764312498, "params": {"ts": 23.989333259437583, "optimize_days_cont": 4.774231318116989, "pre_optlux": 516.5125439397189, "on_time_norm": 0.976852764010693, "duration_h": [6.0, 16.0]}, "final_J": 0.8171398612615222, "goal_complete": false, "optimize_days": 5}
{"target": -14.258645855370364, "params": {"ts": 36.28433428914752, "optimize_days_cont": 1.3495989859817095, "pre_optlux": 982.6668639532691, "on_time_norm": 0.23040538778108444, "duration_h": [6.0, 16.0]}, "final_J": 1.6284130836719757, "goal_complete": false, "optimize_days": 1}
{"target": -7.917065272612881, "params": {"ts": 58.84077063109376, "optimize_days_cont": 8.981967537205383, "pre_optlux": 1107.491323463064, "on_time_norm": 0.9720455259033695, "duration_h": [6.0, 16.0]}, "final_J": 0.008928672311308599, "goal_complete": true, "optimize_days": 9}
{"target": -15.024137252800882, "params": {"ts": 43.63486278650694, "optimize_days_cont": 19.196843396417563, "pre_optlux": 214.47343649160942, "on_time_norm": 0.7327818008916883, "duration_h": [6.0, 16.0]}, "final_J": 0.06947985722622277, "goal_complete": true, "optimize_days": 19}
{"target": -11.024893804287117, "params": {"ts": 53.17351161162144, "optimize_days_cont": 11.772761585575223, "pre_optlux": 1125.9760864836403, "on_time_norm": 0.6826033501652629, "duration_h": [6.0, 16.0]}, "final_J": 0.07056033487323762, "goal_complete": true, "optimize_days": 12}
{"target": -7.955348507566942, "params": {"ts": 12.171706697977584, "optimize_days_cont": 4.784090011256047, "pre_optlux": 1123.7809591132172, "on_time_norm": 0.39386732248283196, "duration_h": [6.0, 16.0]}, "final_J": 0.7688105758334678, "goal_complete": false, "optimize_days": 5}
{"target": -11.021316938018332, "params": {"ts": 16.19112292109049, "optimize_days_cont": 2.910906277613152, "pre_optlux": 699.7835942543549, "on_time_norm": 0.5829154644665038, "duration_h": [6.0, 16.0]}, "final_J": 1.2665951948446932, "goal_complete": false, "optimize_days": 3}
{"target": -12.010571726407123, "params": {"ts": 87.16572333579319, "optimize_days_cont": 19.36399704765088, "pre_optlux": 765.0125547254927, "on_time_norm": 0.4004229990716831, "duration_h": [6.0, 16.0]}, "final_J": 0.045982010410860884, "goal_complete": true, "optimize_days": 19}
{"target": -11.959086124652483, "params": {"ts": 83.00764660756872, "optimize_days_cont": 18.28698222982436, "pre_optlux": 1184.2845115892483, "on_time_norm": 0.06831478431392501, "duration_h": [6.0, 16.0]}, "final_J": 0.012270218573022362, "goal_complete": true, "optimize_days": 18}
{"target": -10.811607423938737, "params": {"ts": 93.98239711040948, "optimize_days_cont": 2.940710497156282, "pre_optlux": 1469.6783471939355, "on_time_norm": 0.35668872437448984, "duration_h": [6.0, 16.0]}, "final_J": 1.2499285918754508, "goal_complete": false, "optimize_days": 3}
{"target": -13.987489575967377, "params": {"ts": 13.155784921739329, "optimize_days_cont": 19.265691674858058, "pre_optlux": 1029.0949266816813, "on_time_norm": 0.9366778098943237, "duration_h": [6.0, 16.0]}, "final_J": 0.07636261210048076, "goal_complete": true, "optimize_days": 19}
{"target": -12.60210256361674, "params": {"ts": 14.63990598624801, "optimize_days_cont": 2.469641595351254, "pre_optlux": 700.0387439587785, "on_time_norm": 0.6375181694192861, "duration_h": [6.0, 16.0]}, "final_J": 1.4561663753580316, "goal_complete": false, "optimize_days": 2}
{"target": -9.882652808979659, "params": {"ts": 71.06075377929265, "optimize_days_cont": 10.834209230834503, "pre_optlux": 697.6126357811883, "on_time_norm": 0.1821656960004856, "duration_h": [6.0, 16.0]}, "final_J": 0.03912239506895997, "goal_complete": true, "optimize_days": 11}
{"target": -7.5489638663234, "params": {"ts": 95.36666773510326, "optimize_days_cont": 7.402148881255965, "pre_optlux": 522.9919416733685, "on_time_norm": 0.9818998646692884, "duration_h": [6.0, 16.0]}, "final_J": 0.33134992570495625, "goal_complete": false, "optimize_days": 7}
{"target": -7.963846865691875, "params": {"ts": 96.64216067043617, "optimize_days_cont": 8.525951693815374, "pre_optlux": 523.9408621328363, "on_time_norm": 0.7811371556358536, "duration_h": [6.0, 16.0]}, "final_J": 0.03320702443321887, "goal_complete": true, "optimize_days": 9}
{"target": -7.959406879862057, "params": {"ts": 93.06089871743924, "optimize_days_cont": 9.42191311137378, "pre_optlux": 524.3054741597813, "on_time_norm": 0.8018225959731439, "duration_h": [6.0, 16.0]}, "final_J": 0.014652962353901112, "goal_complete": true, "optimize_days": 9}
{"target": -7.9645259441509655, "params": {"ts": 92.26546064500732, "optimize_days_cont": 8.615117890958965, "pre_optlux": 523.8424457144081, "on_time_norm": 0.7869891928345468, "duration_h": [6.0, 16.0]}, "final_J": 0.035192643599571326, "goal_complete": true, "optimize_days": 9}
{"target": -9.269515640359426, "params": {"ts": 93.17891893271683, "optimize_days_cont": 3.9413978414636364, "pre_optlux": 527.4335732639296, "on_time_norm": 0.3535361750901144, "duration_h": [6.0, 16.0]}, "final_J": 1.026597841451016, "goal_complete": false, "optimize_days": 4}
{"target": -8.962118873355669, "params": {"ts": 93.65186933799217, "optimize_days_cont": 10.683267286558873, "pre_optlux": 517.782618678295, "on_time_norm": 0.0, "duration_h": [6.0, 16.0]}, "final_J": 0.027515595658954384, "goal_complete": true, "optimize_days": 11}
{"target": -10.020600461423772, "params": {"ts": 61.16429859815467, "optimize_days_cont": 11.448106699209486, "pre_optlux": 1101.4808206823154, "on_time_norm": 1.0, "duration_h": [6.0, 16.0]}, "final_J": 0.06418794501115119, "goal_complete": true, "optimize_days": 11}
{"target": -7.54798995811347, "params": {"ts": 52.570230708530026, "optimize_days_cont": 6.060034232199492, "pre_optlux": 1107.0821038659874, "on_time_norm": 1.0, "duration_h": [6.0, 16.0]}, "final_J": 0.5564153049860274, "goal_complete": false, "optimize_days": 6}
{"target": -8.876870748530575, "params": {"ts": 54.24448754290347, "optimize_days_cont": 10.204713256366244, "pre_optlux": 1108.0974164983904, "on_time_norm": 1.0, "duration_h": [6.0, 16.0]}, "final_J": 0.01934294977802231, "goal_complete": true, "optimize_days": 10}
{"target": -13.769042326267538, "params": {"ts": 58.05258343638859, "optimize_days_cont": 1.139963015644189, "pre_optlux": 1106.8655154520754, "on_time_norm": 1.0, "duration_h": [6.0, 16.0]}, "final_J": 1.5980639740803582, "goal_complete": false, "optimize_days": 1}
{"target": -10.022527972009623, "params": {"ts": 53.049899402836594, "optimize_days_cont": 11.251421473286113, "pre_optlux": 1107.9796471969696, "on_time_norm": 0.9826121616997692, "duration_h": [6.0, 16.0]}, "final_J": 0.06712372458322612, "goal_complete": true, "optimize_days": 11}
{"target": -8.212499513837912, "params": {"ts": 53.64920824615238, "optimize_days_cont": 8.421867112764817, "pre_optlux": 1103.1824450237023, "on_time_norm": 0.0, "duration_h": [6.0, 16.0]}, "final_J": 0.2061550454574961, "goal_complete": false, "optimize_days": 8}
{"target": -7.455867424636953, "params": {"ts": 89.50940127725373, "optimize_days_cont": 5.527160638828381, "pre_optlux": 520.6645472086187, "on_time_norm": 1.0, "duration_h": [6.0, 16.0]}, "final_J": 0.5396049341206867, "goal_complete": false, "optimize_days": 6}
{"target": -10.257734086422568, "params": {"ts": 93.25889007527783, "optimize_days_cont": 3.1748435696890698, "pre_optlux": 519.1529477291617, "on_time_norm": 1.0, "duration_h": [6.0, 16.0]}, "final_J": 1.2048015675971349, "goal_complete": false, "optimize_days": 3}
{"target": -9.022861039941903, "params": {"ts": 86.37040367688755, "optimize_days_cont": 9.890297879702787, "pre_optlux": 522.3019536243532, "on_time_norm": 1.0, "duration_h": [6.0, 16.0]}, "final_J": 0.06761810399871082, "goal_complete": true, "optimize_days": 10}
{"target": -7.392345663715084, "params": {"ts": 47.61904577698491, "optimize_days_cont": 6.274313465906288, "pre_optlux": 1105.6000576852628, "on_time_norm": 1.0, "duration_h": [6.0, 16.0]}, "final_J": 0.5277017460109611, "goal_complete": false, "optimize_days": 6}
{"target": -8.406345124696902, "params": {"ts": 48.07561986363961, "optimize_days_cont": 4.583910381761791, "pre_optlux": 1103.1700475657647, "on_time_norm": 0.0, "duration_h": [6.0, 16.0]}, "final_J": 0.8253902258564615, "goal_complete": false, "optimize_days": 5}
{"target": -8.681164028262527, "params": {"ts": 46.5076971965971, "optimize_days_cont": 4.214500507102001, "pre_optlux": 1110.5776524470632, "on_time_norm": 0.0, "duration_h": [6.0, 16.0]}, "final_J": 0.96759123892918, "goal_complete": false, "optimize_days": 4}
{"target": -8.261359116445249, "params": {"ts": 46.39700687559454, "optimize_days_cont": 7.599554259444201, "pre_optlux": 1099.7483922681006, "on_time_norm": 0.0, "duration_h": [6.0, 16.0]}, "final_J": 0.2286303201437854, "goal_complete": false, "optimize_days": 8}
{"target": -12.201114088966797, "params": {"ts": 42.1594895033955, "optimize_days_cont": 2.096947263518686, "pre_optlux": 1103.7175840284906, "on_time_norm": 1.0, "duration_h": [6.0, 16.0]}, "final_J": 1.4283636854083623, "goal_complete": false, "optimize_days": 2}
{"target": -10.003163024549757, "params": {"ts": 46.90196452487973, "optimize_days_cont": 12.18988784296883, "pre_optlux": 1103.8208389249419, "on_time_norm": 0.0, "duration_h": [6.0, 16.0]}, "final_J": 0.025151638315454937, "goal_complete": true, "optimize_days": 12}
{"target": -11.666951778456399, "params": {"ts": 86.57646121325428, "optimize_days_cont": 2.334470062285751, "pre_optlux": 522.5697336955523, "on_time_norm": 0.0, "duration_h": [6.0, 16.0]}, "final_J": 1.3904640792524199, "goal_complete": false, "optimize_days": 2}
{"target": -8.269793055724861, "params": {"ts": 7.149877500646478, "optimize_days_cont": 4.581958754045815, "pre_optlux": 1127.0644752331166, "on_time_norm": 0.4997781339578741, "duration_h": [6.0, 16.0]}, "final_J": 0.8086770746997667, "goal_complete": false, "optimize_days": 5}
{"target": -7.613935922992744, "params": {"ts": 11.560963335434286, "optimize_days_cont": 6.150551685309156, "pre_optlux": 1128.7867295843096, "on_time_norm": 0.18798836248197426, "duration_h": [6.0, 16.0]}, "final_J": 0.5681436302543124, "goal_complete": false, "optimize_days": 6}
{"target": -8.461653773515282, "params": {"ts": 8.178233922836464, "optimize_days_cont": 7.7761656891327915, "pre_optlux": 1123.9232310167486, "on_time_norm": 0.48339933102331945, "duration_h": [6.0, 16.0]}, "final_J": 0.30385976157276307, "goal_complete": false, "optimize_days": 8}
{"target": -10.227169062921323, "params": {"ts": 11.746632889210206, "optimize_days_cont": 10.492442006399807, "pre_optlux": 1127.582749740224, "on_time_norm": 0.0, "duration_h": [6.0, 16.0]}, "final_J": 0.21315208791908336, "goal_complete": false, "optimize_days": 10}
{"target": -14.15219875828342, "params": {"ts": 10.10099572036939, "optimize_days_cont": 1.0, "pre_optlux": 1126.3031879732707, "on_time_norm": 0.9678468989413482, "duration_h": [6.0, 16.0]}, "final_J": 1.6218630495996522, "goal_complete": false, "optimize_days": 1}
{"target": -8.053358531451046, "params": {"ts": 50.24149059714817, "optimize_days_cont": 5.188274504924586, "pre_optlux": 1102.2197271898654, "on_time_norm": 1.0, "duration_h": [6.0, 16.0]}, "final_J": 0.7814548651651029, "goal_complete": false, "optimize_days": 5}
{"target": -8.67724396721708, "params": {"ts": 14.236129198340665, "optimize_days_cont": 8.428408720210273, "pre_optlux": 1125.406211618698, "on_time_norm": 0.0, "duration_h": [6.0, 16.0]}, "final_J": 0.3680336852020696, "goal_complete": false, "optimize_days": 8}
{"target": -7.55709294977227, "params": {"ts": 50.306730181374675, "optimize_days_cont": 6.167253913137057, "pre_optlux": 1108.651995331203, "on_time_norm": 0.0, "duration_h": [6.0, 16.0]}, "final_J": 0.5580489135859454, "goal_complete": false, "optimize_days": 6}
{"target": -9.306977414869596, "params": {"ts": 8.455584862410513, "optimize_days_cont": 9.379031886721352, "pre_optlux": 1130.61474449646, "on_time_norm": 0.0, "duration_h": [6.0, 16.0]}, "final_J": 0.2477811190827887, "goal_complete": false, "optimize_days": 9}
{"target": -8.451744082035678, "params": {"ts": 7.903394995455733, "optimize_days_cont": 6.891621171319759, "pre_optlux": 1121.2655649593794, "on_time_norm": 0.0, "duration_h": [6.0, 16.0]}, "final_J": 0.5388402512870912, "goal_complete": false, "optimize_days": 7}
{"target": -8.32775305490383, "params": {"ts": 15.552861952479512, "optimize_days_cont": 6.748167092590743, "pre_optlux": 1132.3158458884632, "on_time_norm": 0.0, "duration_h": [6.0, 16.0]}, "final_J": 0.5153160301996882, "goal_complete": false, "optimize_days": 7}
{"target": -8.301198770567643, "params": {"ts": 13.541310161140895, "optimize_days_cont": 7.678866356078222, "pre_optlux": 1118.5476742418527, "on_time_norm": 1.0, "duration_h": [6.0, 16.0]}, "final_J": 0.24543788239293585, "goal_complete": false, "optimize_days": 8}
{"target": -7.478214512165587, "params": {"ts": 92.75194393698024, "optimize_days_cont": 6.792594958876449, "pre_optlux": 519.0281973265427, "on_time_norm": 1.0, "duration_h": [6.0, 16.0]}, "final_J": 0.309261867085351, "goal_complete": false, "optimize_days": 7}
{"target": -8.031202941407425, "params": {"ts": 88.3423362174935, "optimize_days_cont": 7.534697337991626, "pre_optlux": 515.3499646380787, "on_time_norm": 1.0, "duration_h": [6.0, 16.0]}, "final_J": 0.1513514286293709, "goal_complete": true, "optimize_days": 8}
{"target": -10.922118700425923, "params": {"ts": 62.460370865587244, "optimize_days_cont": 12.543859431558559, "pre_optlux": 1110.8653550206325, "on_time_norm": 0.0, "duration_h": [6.0, 16.0]}, "final_J": 0.033021307543029725, "goal_complete": true, "optimize_days": 13}
{"target": -8.38947396137198, "params": {"ts": 49.03144382514895, "optimize_days_cont": 7.930300427368893, "pre_optlux": 1095.9999161249218, "on_time_norm": 0.0, "duration_h": [6.0, 16.0]}, "final_J": 0.2790963852764778, "goal_complete": false, "optimize_days": 8}
