{"target": -18.0, "params": {"ts": 2.33511632073031, "optimize_days_cont": 20.0, "pre_optlux": 213.37862318828627, "on_time_norm": 0.0, "duration_h": [6.0, 16.0]}, "final_J": 0.07514618812475934, "goal_complete": true, "optimize_days": 20}
{"target": -15.958333333333334, "params": {"ts": 35.74077363462026, "optimize_days_cont": 20.0, "pre_optlux": 226.68992677125158, "on_time_norm": 0.0, "duration_h": [6.0, 16.0]}, "final_J": 0.03610661280007836, "goal_complete": true, "optimize_days": 20}
{"target": -16.0, "params": {"ts": 17.221830546559953, "optimize_days_cont": 20.0, "pre_optlux": 229.2931895827344, "on_time_norm": 0.0, "duration_h": [6.0, 16.0]}, "final_J": 0.03435961518256683, "goal_complete": true, "optimize_days": 20}
{"target": -17.958333333333332, "params": {"ts": 1.0, "optimize_days_cont": 20.0, "pre_optlux": 230.84076031963838, "on_time_norm": 0.0, "duration_h": [6.0, 16.0]}, "final_J": 0.05706062910152137, "goal_complete": true, "optimize_days": 20}
{"target": -16.958333333333332, "params": {"ts": 7.4981662554473365, "optimize_days_cont": 20.0, "pre_optlux": 194.97446957438274, "on_time_norm": 0.0, "duration_h": [6.0, 16.0]}, "final_J": 0.034648897984777015, "goal_complete": true, "optimize_days": 20}
{"target": -15.0, "params": {"ts": 21.757308177514602, "optimize_days_cont": 20.0, "pre_optlux": 193.11428142561462, "on_time_norm": 1.0, "duration_h": [6.0, 16.0]}, "final_J": 0.026634975936090363, "goal_complete": true, "optimize_days": 20}
{"target": -14.0, "params": {"ts": 17.982827695522026, "optimize_days_cont": 20.0, "pre_optlux": 928.158916002392, "on_time_norm": 0.0, "duration_h": [6.0, 16.0]}, "final_J": 0.09549183603746753, "goal_complete": true, "optimize_days": 20}
{"target": -14.291666666666666, "params": {"ts": 29.38150635242649, "optimize_days_cont": 20.0, "pre_optlux": 915.971816797178, "on_time_norm": 0.0, "duration_h": [6.0, 16.0]}, "final_J": 0.024143882091729782, "goal_complete": true, "optimize_days": 20}
{"target": -13.291666666666666, "params": {"ts": 39.23008952265666, "optimize_days_cont": 14.59265420616323, "pre_optlux": 901.8737635044276, "on_time_norm": 0.0, "duration_h": [6.0, 16.0]}, "final_J": 0.05712556834505095, "goal_complete": true, "optimize_days": 15}
{"target": -17.0, "params": {"ts": 3.0715261637153204, "optimize_days_cont": 20.0, "pre_optlux": 928.6875715365261, "on_time_norm": 0.0, "duration_h": [6.0, 16.0]}, "final_J": 0.09041464330753697, "goal_complete": true, "optimize_days": 20}
{"target": -14.291666666666666, "params": {"ts": 41.87581761953014, "optimize_days_cont": 20.0, "pre_optlux": 195.44478228591603, "on_time_norm": 1.0, "duration_h": [6.0, 16.0]}, "final_J": 0.05380350685752031, "goal_complete": true, "optimize_days": 20}
{"target": -14.958333333333334, "params": {"ts": 33.3657620206966, "optimize_days_cont": 20.0, "pre_optlux": 182.29159549994648, "on_time_norm": 0.0, "duration_h": [6.0, 16.0]}, "final_J": 0.02522501593041062, "goal_complete": true, "optimize_days": 20}
{"target": -16.0, "params": {"ts": 15.66213096961365, "optimize_days_cont": 20.0, "pre_optlux": 177.68003998946534, "on_time_norm": 0.0, "duration_h": [6.0, 16.0]}, "final_J": 0.038737213395879794, "goal_complete": true, "optimize_days": 20}
{"target": -9999.0, "params": {"ts": 25.258513572199448, "optimize_days_cont": 7.277099319896881, "pre_optlux": 179.0185178049801, "on_time_norm": 1.0, "duration_h": [6.0, 16.0]}, "final_J": 0.4719567717793029, "goal_complete": false, "optimize_days": 7}
{"target": -18.291666666666668, "params": {"ts": 1.0, "optimize_days_cont": 20.0, "pre_optlux": 178.4240208436303, "on_time_norm": 1.0, "duration_h": [6.0, 16.0]}, "final_J": 0.11691304189014654, "goal_complete": true, "optimize_days": 20}
{"target": -14.291666666666666, "params": {"ts": 50.54899232052505, "optimize_days_cont": 20.0, "pre_optlux": 183.81476270756954, "on_time_norm": 0.0, "duration_h": [6.0, 16.0]}, "final_J": 0.04902549558133469, "goal_complete": true, "optimize_days": 20}
{"target": -14.291666666666666, "params": {"ts": 56.046350921278616, "optimize_days_cont": 20.0, "pre_optlux": 200.77667616716133, "on_time_norm": 0.0, "duration_h": [6.0, 16.0]}, "final_J": 0.04631766895853431, "goal_complete": true, "optimize_days": 20}
{"target": -10.050837473407494, "params": {"ts": 23.105816836200347, "optimize_days_cont": 10.940103486612847, "pre_optlux": 893.4469663845945, "on_time_norm": 0.045601950132806324, "duration_h": [6.0, 16.0]}, "final_J": 0.10083399566365918, "goal_complete": true, "optimize_days": 11}
{"target": -11.921485697694681, "params": {"ts": 23.08501322743759, "optimize_days_cont": 14.085797074605773, "pre_optlux": 371.03742375121396, "on_time_norm": 0.07032486680550032, "duration_h": [6.0, 16.0]}, "final_J": 0.031045228387033698, "goal_complete": true, "optimize_days": 14}
{"target": -12.79810940208186, "params": {"ts": 56.804456643247704, "optimize_days_cont": 2.481854448409754, "pre_optlux": 1125.5646900185338, "on_time_norm": 0.15845217352316643, "duration_h": [6.0, 16.0]}, "final_J": 1.4695652011450093, "goal_complete": false, "optimize_days": 2}
{"target": -11.005211683917967, "params": {"ts": 30.055238354117552, "optimize_days_cont": 14.235603569963303, "pre_optlux": 776.7565188542048, "on_time_norm": 0.21506214371433952, "duration_h": [6.0, 16.0]}, "final_J": 0.032285240956096486, "goal_complete": true, "optimize_days": 14}
{"target": -10.91987577195617, "params": {"ts": 12.966996402356731, "optimize_days_cont": 18.436053147149774, "pre_optlux": 914.702543770914, "on_time_norm": 0.47201931574192724, "duration_h": [6.0, 16.0]}, "final_J": 0.025334187531882154, "goal_complete": true, "optimize_days": 18}
{"target": -13.87902680390285, "params": {"ts": 5.278357243925987, "optimize_days_cont": 15.296453422239487, "pre_optlux": 883.4132092262794, "on_time_norm": 0.7671904257147006, "duration_h": [6.0, 16.0]}, "final_J": 0.02837887912814832, "goal_complete": true, "optimize_days": 15}
{"target": -12.002756578100476, "params": {"ts": 8.149916558088384, "optimize_days_cont": 13.534600853749103, "pre_optlux": 221.95410676473352, "on_time_norm": 0.6850244527227007, "duration_h": [6.0, 16.0]}, "final_J": 0.023480111160194654, "goal_complete": true, "optimize_days": 14}
{"target": -11.004069294604813, "params": {"ts": 47.331618590616145, "optimize_days_cont": 13.56012736053423, "pre_optlux": 1081.454953100926, "on_time_norm": 0.2633294844455638, "duration_h": [6.0, 16.0]}, "final_J": 0.028528212719384303, "goal_complete": true, "optimize_days": 14}
{"target": -15.025898104499191, "params": {"ts": 77.35815021585175, "optimize_days_cont": 16.50670419948814, "pre_optlux": 338.51616506019934, "on_time_norm": 0.5780067455748411, "duration_h": [6.0, 16.0]}, "final_J": 0.07196958315732008, "goal_complete": true, "optimize_days": 17}
{"target": -8.676780913778627, "params": {"ts": 23.989333259437583, "optimize_days_cont": 4.774231318116989, "pre_optlux": 516.5125439397189, "on_time_norm": 0.976852764010693, "duration_h": [6.0, 16.0]}, "final_J": 0.8575291148151912, "goal_complete": false, "optimize_days": 5}
{"target": -14.681503459838636, "params": {"ts": 36.28433428914752, "optimize_days_cont": 1.3495989859817095, "pre_optlux": 982.6668639532691, "on_time_norm": 0.23040538778108444, "duration_h": [6.0, 16.0]}, "final_J": 1.6541767414541069, "goal_complete": false, "optimize_days": 1}
{"target": -8.861744047815657, "params": {"ts": 58.84077063109376, "optimize_days_cont": 8.981967537205383, "pre_optlux": 1107.491323463064, "on_time_norm": 0.9720455259033695, "duration_h": [6.0, 16.0]}, "final_J": 0.07537999002696064, "goal_complete": true, "optimize_days": 9}
{"target": -15.975824568114755, "params": {"ts": 43.63486278650694, "optimize_days_cont": 19.196843396417563, "pre_optlux": 214.47343649160942, "on_time_norm": 0.7327818008916883, "duration_h": [6.0, 16.0]}, "final_J": 0.059145980051768826, "goal_complete": true, "optimize_days": 19}
{"target": -11.02270104087593, "params": {"ts": 53.17351161162144, "optimize_days_cont": 11.772761585575223, "pre_optlux": 1125.9760864836403, "on_time_norm": 0.6826033501652629, "duration_h": [6.0, 16.0]}, "final_J": 0.06738106688963882, "goal_complete": true, "optimize_days": 12}
{"target": -8.991176594580708, "params": {"ts": 12.171706697977584, "optimize_days_cont": 4.784090011256047, "pre_optlux": 1123.7809591132172, "on_time_norm": 0.39386732248283196, "duration_h": [6.0, 16.0]}, "final_J": 0.8934401596727907, "goal_complete": false, "optimize_days": 5}
{"target": -11.73729047517725, "params": {"ts": 16.19112292109049, "optimize_days_cont": 2.910906277613152, "pre_optlux": 699.7835942543549, "on_time_norm": 0.5829154644665038, "duration_h": [6.0, 16.0]}, "final_J": 1.321914556631952, "goal_complete": false, "optimize_days": 3}
{"target": -13.01501868252089, "params": {"ts": 87.16572333579319, "optimize_days_cont": 19.36399704765088, "pre_optlux": 765.0125547254927, "on_time_norm": 0.4004229990716831, "duration_h": [6.0, 16.0]}, "final_J": 0.05480635459668827, "goal_complete": true, "optimize_days": 19}
{"target": -12.000626542376624, "params": {"ts": 83.00764660756872, "optimize_days_cont": 18.28698222982436, "pre_optlux": 1184.2845115892483, "on_time_norm": 0.06831478431392501, "duration_h": [6.0, 16.0]}, "final_J": 0.011194126822797662, "goal_complete": true, "optimize_days": 18}
{"target": -11.39468101959283, "params": {"ts": 93.98239711040948, "optimize_days_cont": 2.940710497156282, "pre_optlux": 1469.6783471939355, "on_time_norm": 0.35668872437448984, "duration_h": [6.0, 16.0]}, "final_J": 1.295737706450872, "goal_complete": false, "optimize_days": 3}
{"target": -13.318111888485207, "params": {"ts": 13.155784921739329, "optimize_days_cont": 19.265691674858058, "pre_optlux": 1029.0949266816813, "on_time_norm": 0.9366778098943237, "duration_h": [6.0, 16.0]}, "final_J": 0.0727258163495475, "goal_complete": true, "optimize_days": 19}
{"target": -12.785749209531602, "params": {"ts": 14.639880761982978, "optimize_days_cont": 2.4696343122881683, "pre_optlux": 700.038748044396, "on_time_norm": 0.6375190575977013, "duration_h": [6.0, 16.0]}, "final_J": 1.4687238821188686, "goal_complete": false, "optimize_days": 2}
{"target": -11.117019185883041, "params": {"ts": 22.630976593933887, "optimize_days_cont": 3.463533614920077, "pre_optlux": 514.4248621870033, "on_time_norm": 0.3253448476037963, "duration_h": [6.0, 16.0]}, "final_J": 1.27412865801559, "goal_complete": false, "optimize_days": 3}
{"target": -9.513059995153323, "params": {"ts": 25.533515855743374, "optimize_days_cont": 5.186320268282493, "pre_optlux": 518.7256820337806, "on_time_norm": 0.7405619020744896, "duration_h": [6.0, 16.0]}, "final_J": 0.9500589450295517, "goal_complete": false, "optimize_days": 5}
{"target": -7.976357845246214, "params": {"ts": 23.587170021189, "optimize_days_cont": 6.772802223242368, "pre_optlux": 516.2490735791303, "on_time_norm": 1.0, "duration_h": [6.0, 16.0]}, "final_J": 0.44189542773063717, "goal_complete": false, "optimize_days": 7}
{"target": -9.083447566650454, "params": {"ts": 22.31419534031073, "optimize_days_cont": 9.40187407830076, "pre_optlux": 517.0055560521353, "on_time_norm": 1.0, "duration_h": [6.0, 16.0]}, "final_J": 0.15818611400317015, "goal_complete": true, "optimize_days": 9}
{"target": -8.887791018172708, "params": {"ts": 20.296134396980072, "optimize_days_cont": 5.159908132368267, "pre_optlux": 518.6675794437407, "on_time_norm": 1.0, "duration_h": [6.0, 16.0]}, "final_J": 0.8817926080629966, "goal_complete": false, "optimize_days": 5}
{"target": -9.226267121302806, "params": {"ts": 20.33650220152421, "optimize_days_cont": 8.523075781205362, "pre_optlux": 513.7732342049852, "on_time_norm": 1.0, "duration_h": [6.0, 16.0]}, "final_J": 0.2127285224424813, "goal_complete": false, "optimize_days": 9}
{"target": -13.025755945129225, "params": {"ts": 56.29684090790826, "optimize_days_cont": 14.407731240941038, "pre_optlux": 1109.1531705229056, "on_time_norm": 1.0, "duration_h": [6.0, 16.0]}, "final_J": 0.07177178432953275, "goal_complete": true, "optimize_days": 14}
{"target": -12.459595595033202, "params": {"ts": 24.204319082581115, "optimize_days_cont": 3.0217566439431223, "pre_optlux": 515.400950170217, "on_time_norm": 1.0, "duration_h": [6.0, 16.0]}, "final_J": 1.375470508228599, "goal_complete": false, "optimize_days": 3}
{"target": -9.030111826629373, "params": {"ts": 24.618808603687857, "optimize_days_cont": 9.48463297852386, "pre_optlux": 513.054343034616, "on_time_norm": 1.0, "duration_h": [6.0, 16.0]}, "final_J": 0.15062878872427146, "goal_complete": true, "optimize_days": 9}
{"target": -9.901301589937194, "params": {"ts": 22.425988183061563, "optimize_days_cont": 10.305883077068652, "pre_optlux": 518.2432948341684, "on_time_norm": 0.0, "duration_h": [6.0, 16.0]}, "final_J": 0.11659181498189312, "goal_complete": true, "optimize_days": 10}
{"target": -8.875116446695595, "params": {"ts": 60.822332484562146, "optimize_days_cont": 4.851579941108525, "pre_optlux": 1106.048247619487, "on_time_norm": 0.9580752714680428, "duration_h": [6.0, 16.0]}, "final_J": 0.8803540704393426, "goal_complete": false, "optimize_days": 5}
{"target": -8.300933743920808, "params": {"ts": 64.10798153770843, "optimize_days_cont": 7.730952413323129, "pre_optlux": 1108.9702118059558, "on_time_norm": 0.7414532071278013, "duration_h": [6.0, 16.0]}, "final_J": 0.2453298774796124, "goal_complete": false, "optimize_days": 8}
{"target": -9.057041139457814, "params": {"ts": 63.134374972396806, "optimize_days_cont": 9.013873211463942, "pre_optlux": 1107.3739741613072, "on_time_norm": 0.0020644467423411284, "duration_h": [6.0, 16.0]}, "final_J": 0.16755564615443314, "goal_complete": true, "optimize_days": 9}
{"target": -8.861640186292824, "params": {"ts": 63.92781539430647, "optimize_days_cont": 9.053213580644648, "pre_optlux": 1103.5879756488878, "on_time_norm": 0.9981029315514867, "duration_h": [6.0, 16.0]}, "final_J": 0.07524207992804235, "goal_complete": true, "optimize_days": 9}
{"target": -8.77783074594898, "params": {"ts": 68.80390291860597, "optimize_days_cont": 5.072125649253027, "pre_optlux": 1106.1391006035512, "on_time_norm": 1.0, "duration_h": [6.0, 16.0]}, "final_J": 0.8692330810489187, "goal_complete": false, "optimize_days": 5}
{"target": -10.016668822809601, "params": {"ts": 69.93395779080961, "optimize_days_cont": 11.42200810374616, "pre_optlux": 1107.9787090174636, "on_time_norm": 1.0, "duration_h": [6.0, 16.0]}, "final_J": 0.05773876134729629, "goal_complete": true, "optimize_days": 11}
{"target": -12.09351118541169, "params": {"ts": 65.81844976941977, "optimize_days_cont": 2.9920111592201217, "pre_optlux": 1111.9828622369766, "on_time_norm": 1.0, "duration_h": [6.0, 16.0]}, "final_J": 1.3485926876126602, "goal_complete": false, "optimize_days": 3}
{"target": -8.2490882229843, "params": {"ts": 66.5461786175912, "optimize_days_cont": 5.983426649983066, "pre_optlux": 1100.9502319659962, "on_time_norm": 0.0, "duration_h": [6.0, 16.0]}, "final_J": 0.6706844597848232, "goal_complete": false, "optimize_days": 6}
{"target": -12.337448797424846, "params": {"ts": 67.17316461611449, "optimize_days_cont": 2.8421937763661433, "pre_optlux": 1100.4844524245411, "on_time_norm": 0.0, "duration_h": [6.0, 16.0]}, "final_J": 1.3665612900579942, "goal_complete": false, "optimize_days": 3}
{"target": -8.870879431618443, "params": {"ts": 68.84661430227074, "optimize_days_cont": 8.903560813444116, "pre_optlux": 1103.3083804138023, "on_time_norm": 1.0, "duration_h": [6.0, 16.0]}, "final_J": 0.08665575374446707, "goal_complete": true, "optimize_days": 9}
{"target": -8.058544475317024, "params": {"ts": 62.10289117658013, "optimize_days_cont": 8.66456991103204, "pre_optlux": 1100.6686275757152, "on_time_norm": 1.0, "duration_h": [6.0, 16.0]}, "final_J": 0.05809958459465688, "goal_complete": true, "optimize_days": 9}
{"target": -9.02763906535468, "params": {"ts": 66.04748690471672, "optimize_days_cont": 10.006617445671237, "pre_optlux": 1096.7624902771336, "on_time_norm": 0.0, "duration_h": [6.0, 16.0]}, "final_J": 0.07434926409142349, "goal_complete": true, "optimize_days": 10}
{"target": -8.091554066270206, "params": {"ts": 56.60754447087093, "optimize_days_cont": 6.987177762485087, "pre_optlux": 1100.3702841200845, "on_time_norm": 0.0, "duration_h": [6.0, 16.0]}, "final_J": 0.4672374270689806, "goal_complete": false, "optimize_days": 7}
{"target": -9.94040229983235, "params": {"ts": 60.04451148200513, "optimize_days_cont": 3.6725330863889716, "pre_optlux": 1098.0337076802648, "on_time_norm": 0.0, "duration_h": [6.0, 16.0]}, "final_J": 1.089991036645013, "goal_complete": false, "optimize_days": 4}
{"target": -10.301909396168131, "params": {"ts": 58.952645396797124, "optimize_days_cont": 11.626308867064397, "pre_optlux": 1097.416532603036, "on_time_norm": 0.0, "duration_h": [6.0, 16.0]}, "final_J": 0.045260864997181294, "goal_complete": true, "optimize_days": 12}
{"target": -7.8853587776161795, "params": {"ts": 55.99223608133178, "optimize_days_cont": 7.329077518040768, "pre_optlux": 1104.4219415152334, "on_time_norm": 1.0, "duration_h": [6.0, 16.0]}, "final_J": 0.42079894905196213, "goal_complete": false, "optimize_days": 7}
{"target": -9.661028624149303, "params": {"ts": 51.99012812851842, "optimize_days_cont": 4.20832634507817, "pre_optlux": 1103.8172319337468, "on_time_norm": 1.0, "duration_h": [6.0, 16.0]}, "final_J": 1.0640515611707266, "goal_complete": false, "optimize_days": 4}
{"target": -12.980954696970429, "params": {"ts": 7.242449418504543, "optimize_days_cont": 2.2143308302537497, "pre_optlux": 1128.0499250928774, "on_time_norm": 0.14108450435858083, "duration_h": [6.0, 16.0]}, "final_J": 1.4819551070778378, "goal_complete": false, "optimize_days": 2}
{"target": -8.26225962734405, "params": {"ts": 16.525341257338443, "optimize_days_cont": 7.0542295970337765, "pre_optlux": 1120.0094065166354, "on_time_norm": 0.6172265837548002, "duration_h": [6.0, 16.0]}, "final_J": 0.5024459428324705, "goal_complete": false, "optimize_days": 7}
{"target": -14.678250701260932, "params": {"ts": 17.60447382414377, "optimize_days_cont": 1.0, "pre_optlux": 1121.4930888516424, "on_time_norm": 1.0, "duration_h": [6.0, 16.0]}, "final_J": 1.653980090645648, "goal_complete": false, "optimize_days": 1}
{"target": -11.2049433091489, "params": {"ts": 13.172170857909464, "optimize_days_cont": 10.540904105890197, "pre_optlux": 1121.0009239528476, "on_time_norm": 0.1861434274924791, "duration_h": [6.0, 16.0]}, "final_J": 0.20245656776153226, "goal_complete": false, "optimize_days": 11}
{"target": -9.224502884202842, "params": {"ts": 59.028688430795874, "optimize_days_cont": 8.551902501239185, "pre_optlux": 1103.694982317978, "on_time_norm": 0.0, "duration_h": [6.0, 16.0]}, "final_J": 0.21189756213927616, "goal_complete": false, "optimize_days": 9}
{"target": -8.86444459149002, "params": {"ts": 53.79225778904653, "optimize_days_cont": 8.61851714539576, "pre_optlux": 1100.2935620185349, "on_time_norm": 1.0, "duration_h": [6.0, 16.0]}, "final_J": 0.07888125018873218, "goal_complete": true, "optimize_days": 9}
{"target": -12.261972041385194, "params": {"ts": 57.40568329466322, "optimize_days_cont": 3.308550983779309, "pre_optlux": 1103.6427053853758, "on_time_norm": 1.0, "duration_h": [6.0, 16.0]}, "final_J": 1.3610269682401737, "goal_complete": false, "optimize_days": 3}
{"target": -9.913871293450384, "params": {"ts": 53.28515762494373, "optimize_days_cont": 9.630425183054415, "pre_optlux": 1105.377744861758, "on_time_norm": 0.0, "duration_h": [6.0, 16.0]}, "final_J": 0.1269156886417513, "goal_complete": true, "optimize_days": 10}
{"target": -9.050709886550301, "params": {"ts": 65.48158260517852, "optimize_days_cont": 10.268294690080268, "pre_optlux": 1101.6881260673038, "on_time_norm": 0.0, "duration_h": [6.0, 16.0]}, "final_J": 0.10070738458554201, "goal_complete": true, "optimize_days": 10}
{"target": -8.056164367064046, "params": {"ts": 64.91663592484933, "optimize_days_cont": 6.361987709283724, "pre_optlux": 1103.3628268326956, "on_time_norm": 1.0, "duration_h": [6.0, 16.0]}, "final_J": 0.6412744135023706, "goal_complete": false, "optimize_days": 6}
{"target": -7.987246185259175, "params": {"ts": 65.17065324145946, "optimize_days_cont": 6.029865966681095, "pre_optlux": 1098.7446768133705, "on_time_norm": 1.0, "duration_h": [6.0, 16.0]}, "final_J": 0.6304357517240238, "goal_complete": false, "optimize_days": 6}
{"target": -9.034945265608407, "params": {"ts": 19.568979461353248, "optimize_days_cont": 9.430873971001377, "pre_optlux": 1117.0838268973018, "on_time_norm": 0.7343404881919728, "duration_h": [6.0, 16.0]}, "final_J": 0.15380416050402643, "goal_complete": true, "optimize_days": 9}
