{"target": -15.0, "params": {"ts": 2.7315368221841103, "optimize_days_cont": 17.93989207642491, "pre_optlux": 534.5625760897897, "on_time_norm": 0.2989763774589579, "duration_h": [6.0, 16.0]}, "final_J": 0.007842744254075409, "goal_complete": true, "optimize_days": 18}
{"target": -14.291666666666666, "params": {"ts": 33.12258915034465, "optimize_days_cont": 17.429497347114907, "pre_optlux": 754.1420534887301, "on_time_norm": 0.5482299063500942, "duration_h": [6.0, 16.0]}, "final_J": 0.03873937978575865, "goal_complete": true, "optimize_days": 17}
{"target": -9999.0, "params": {"ts": 12.11889051387827, "optimize_days_cont": 3.6960459421176455, "pre_optlux": 750.6947535614496, "on_time_norm": 0.7319802251869119, "duration_h": [6.0, 16.0]}, "final_J": 1.1146201728294862, "goal_complete": false, "optimize_days": 4}
{"target": -9999.0, "params": {"ts": 59.68169648856187, "optimize_days_cont": 7.397563291152543, "pre_optlux": 763.4775581181913, "on_time_norm": 0.18712777283052473, "duration_h": [6.0, 16.0]}, "final_J": 0.4545029743715264, "goal_complete": false, "optimize_days": 7}
{"target": -9999.0, "params": {"ts": 14.07810195464569, "optimize_days_cont": 1.705095984711934, "pre_optlux": 260.68357151399994, "on_time_norm": 0.2134399510803413, "duration_h": [6.0, 16.0]}, "final_J": 1.4813768234215228, "goal_complete": false, "optimize_days": 2}
{"target": -9.958333333333334, "params": {"ts": 65.85156848897378, "optimize_days_cont": 12.18697040043049, "pre_optlux": 926.2278426538624, "on_time_norm": 0.3346853176856943, "duration_h": [6.0, 16.0]}, "final_J": 0.048929973612247796, "goal_complete": true, "optimize_days": 12}
{"target": -12.875, "params": {"ts": 40.762428500801185, "optimize_days_cont": 13.907171810637996, "pre_optlux": 347.338167787798, "on_time_norm": 0.7887842182981357, "duration_h": [6.0, 16.0]}, "final_J": 0.06472405794942147, "goal_complete": true, "optimize_days": 14}
{"target": -9999.0, "params": {"ts": 61.749408361155254, "optimize_days_cont": 3.889288683364499, "pre_optlux": 1192.0340177006228, "on_time_norm": 0.26311903992324415, "duration_h": [6.0, 16.0]}, "final_J": 1.083782084015125, "goal_complete": false, "optimize_days": 4}
{"target": -12.0, "params": {"ts": 29.457782494979018, "optimize_days_cont": 13.381908106047511, "pre_optlux": 1433.2949321141712, "on_time_norm": 0.9184743424662997, "duration_h": [6.0, 16.0]}, "final_J": 0.06248017201797134, "goal_complete": true, "optimize_days": 13}
{"target": -9999.0, "params": {"ts": 34.44157734405684, "optimize_days_cont": 2.711272351651346, "pre_optlux": 1085.331748368608, "on_time_norm": 0.679914691937932, "duration_h": [6.0, 16.0]}, "final_J": 1.3365145319671812, "goal_complete": false, "optimize_days": 3}
{"target": -11.0, "params": {"ts": 65.95036776710054, "optimize_days_cont": 12.086474890613285, "pre_optlux": 925.7633374733804, "on_time_norm": 0.542047150107957, "duration_h": [6.0, 16.0]}, "final_J": 0.07686947736931526, "goal_complete": true, "optimize_days": 12}
{"target": -8.958333333333334, "params": {"ts": 82.08091763957272, "optimize_days_cont": 9.785746063893695, "pre_optlux": 933.5971959177215, "on_time_norm": 0.06588204365523165, "duration_h": [6.0, 16.0]}, "final_J": 0.06305066892990888, "goal_complete": true, "optimize_days": 10}
{"target": -15.958333333333334, "params": {"ts": 82.90437079880354, "optimize_days_cont": 20.0, "pre_optlux": 914.6901698047279, "on_time_norm": 0.0, "duration_h": [6.0, 16.0]}, "final_J": 0.027461698602502867, "goal_complete": true, "optimize_days": 20}
{"target": -9999.0, "params": {"ts": 74.80305203745044, "optimize_days_cont": 1.0, "pre_optlux": 905.9830475476688, "on_time_norm": 0.0, "duration_h": [6.0, 16.0]}, "final_J": 1.653480260416353, "goal_complete": false, "optimize_days": 1}
{"target": -19.916666666666668, "params": {"ts": 70.3367077629382, "optimize_days_cont": 20.0, "pre_optlux": 939.1087775307964, "on_time_norm": 1.0, "duration_h": [6.0, 16.0]}, "final_J": 0.1238955101251382, "goal_complete": true, "optimize_days": 20}
{"target": -15.291666666666666, "params": {"ts": 98.5409136710714, "optimize_days_cont": 20.0, "pre_optlux": 926.2440282604775, "on_time_norm": 1.0, "duration_h": [6.0, 16.0]}, "final_J": 0.08525146553473953, "goal_complete": true, "optimize_days": 20}
{"target": -14.958333333333334, "params": {"ts": 49.09614005076545, "optimize_days_cont": 17.019656454767194, "pre_optlux": 369.6553540662561, "on_time_norm": 0.8310695155978434, "duration_h": [6.0, 16.0]}, "final_J": 0.0534687409799052, "goal_complete": true, "optimize_days": 17}
{"target": -9999.0, "params": {"ts": 26.80878981264359, "optimize_days_cont": 4.48701558310395, "pre_optlux": 366.80125040416505, "on_time_norm": 0.31076244305648604, "duration_h": [6.0, 16.0]}, "final_J": 1.1564541466051776, "goal_complete": false, "optimize_days": 4}
{"target": -14.333333333333334, "params": {"ts": 59.31336671944428, "optimize_days_cont": 20.0, "pre_optlux": 352.4158537708312, "on_time_norm": 1.0, "duration_h": [6.0, 16.0]}, "final_J": 0.07242610173698925, "goal_complete": true, "optimize_days": 20}
{"target": -16.0, "params": {"ts": 50.616275329460734, "optimize_days_cont": 20.0, "pre_optlux": 330.2093176337857, "on_time_norm": 1.0, "duration_h": [6.0, 16.0]}, "final_J": 0.047970293007410486, "goal_complete": true, "optimize_days": 20}
{"target": -9999.0, "params": {"ts": 58.37606979310901, "optimize_days_cont": 1.0, "pre_optlux": 336.99313488899037, "on_time_norm": 0.0, "duration_h": [6.0, 16.0]}, "final_J": 1.6535188441588917, "goal_complete": false, "optimize_days": 1}
{"target": -15.958333333333334, "params": {"ts": 31.96036593458543, "optimize_days_cont": 20.0, "pre_optlux": 332.6636929358471, "on_time_norm": 1.0, "duration_h": [6.0, 16.0]}, "final_J": 0.04765597061054577, "goal_complete": true, "optimize_days": 20}
{"target": -17.0, "params": {"ts": 67.66423542111062, "optimize_days_cont": 20.0, "pre_optlux": 372.234095933958, "on_time_norm": 1.0, "duration_h": [6.0, 16.0]}, "final_J": 0.07261227407853234, "goal_complete": true, "optimize_days": 20}
{"target": -19.958333333333332, "params": {"ts": 94.98498079934909, "optimize_days_cont": 20.0, "pre_optlux": 949.1458438570797, "on_time_norm": 1.0, "duration_h": [6.0, 16.0]}, "final_J": 0.15400772365505283, "goal_complete": true, "optimize_days": 20}
{"target": -9999.0, "params": {"ts": 75.93493323346306, "optimize_days_cont": 4.554119594320465, "pre_optlux": 959.2412101826642, "on_time_norm": 1.0, "duration_h": [6.0, 16.0]}, "final_J": 0.8592378850321772, "goal_complete": false, "optimize_days": 5}
{"target": -16.291666666666668, "params": {"ts": 59.533515778255236, "optimize_days_cont": 20.0, "pre_optlux": 390.705785569598, "on_time_norm": 1.0, "duration_h": [6.0, 16.0]}, "final_J": 0.058221062960546736, "goal_complete": true, "optimize_days": 20}
{"target": -9999.0, "params": {"ts": 68.88457120995525, "optimize_days_cont": 1.2629200855688976, "pre_optlux": 382.9702307458588, "on_time_norm": 1.0, "duration_h": [6.0, 16.0]}, "final_J": 1.6536885254823313, "goal_complete": false, "optimize_days": 1}
{"target": -13.0, "params": {"ts": 36.715451972951, "optimize_days_cont": 19.01602902878897, "pre_optlux": 1415.7958573466074, "on_time_norm": 0.07379873415258242, "duration_h": [6.0, 16.0]}, "final_J": 0.033653561603700165, "goal_complete": true, "optimize_days": 19}
{"target": -9999.0, "params": {"ts": 19.130623567144063, "optimize_days_cont": 7.62239278590744, "pre_optlux": 1415.7837452125282, "on_time_norm": 0.19310137507699285, "duration_h": [6.0, 16.0]}, "final_J": 0.4622265088306975, "goal_complete": false, "optimize_days": 8}
{"target": -19.916666666666668, "params": {"ts": 44.47177949572514, "optimize_days_cont": 20.0, "pre_optlux": 1430.8112562828876, "on_time_norm": 0.7032806007868503, "duration_h": [6.0, 16.0]}, "final_J": 0.11757110181975246, "goal_complete": true, "optimize_days": 20}
{"target": -19.0, "params": {"ts": 33.88972457129273, "optimize_days_cont": 20.0, "pre_optlux": 1447.9134254165451, "on_time_norm": 0.0, "duration_h": [6.0, 16.0]}, "final_J": 0.08137211131791897, "goal_complete": true, "optimize_days": 20}
{"target": -9999.0, "params": {"ts": 42.478652996096585, "optimize_days_cont": 4.056044684045364, "pre_optlux": 1444.7359108363787, "on_time_norm": 1.0, "duration_h": [6.0, 16.0]}, "final_J": 1.105504405825626, "goal_complete": false, "optimize_days": 4}
{"target": -9.958333333333334, "params": {"ts": 100.0, "optimize_days_cont": 10.54562118895706, "pre_optlux": 936.2956273955244, "on_time_norm": 0.0, "duration_h": [6.0, 16.0]}, "final_J": 0.06131858054515479, "goal_complete": true, "optimize_days": 11}
{"target": -15.0, "params": {"ts": 86.00304607626784, "optimize_days_cont": 20.0, "pre_optlux": 931.2349188473129, "on_time_norm": 1.0, "duration_h": [6.0, 16.0]}, "final_J": 0.0770059778503264, "goal_complete": true, "optimize_days": 20}
{"target": -15.291666666666666, "params": {"ts": 17.373083331120828, "optimize_days_cont": 20.0, "pre_optlux": 1443.573274377037, "on_time_norm": 1.0, "duration_h": [6.0, 16.0]}, "final_J": 0.019563923912480265, "goal_complete": true, "optimize_days": 20}
{"target": -19.916666666666668, "params": {"ts": 55.17767962926946, "optimize_days_cont": 20.0, "pre_optlux": 1412.092158698557, "on_time_norm": 0.0, "duration_h": [6.0, 16.0]}, "final_J": 0.12659759074432828, "goal_complete": true, "optimize_days": 20}
{"target": -13.958333333333334, "params": {"ts": 15.704228230018757, "optimize_days_cont": 16.63573496267465, "pre_optlux": 518.0717970202326, "on_time_norm": 0.5375378006616943, "duration_h": [6.0, 16.0]}, "final_J": 0.03747687838618103, "goal_complete": true, "optimize_days": 17}
{"target": -9999.0, "params": {"ts": 3.322177144985815, "optimize_days_cont": 1.0, "pre_optlux": 522.5958549403093, "on_time_norm": 0.4674470175339307, "duration_h": [6.0, 16.0]}, "final_J": 1.6588986426588743, "goal_complete": false, "optimize_days": 1}
{"target": -14.0, "params": {"ts": 21.35471488440254, "optimize_days_cont": 20.0, "pre_optlux": 535.4540046032736, "on_time_norm": 0.29628872024250374, "duration_h": [6.0, 16.0]}, "final_J": 0.07077290242931487, "goal_complete": true, "optimize_days": 20}
{"target": -14.291666666666666, "params": {"ts": 34.56891611416831, "optimize_days_cont": 20.0, "pre_optlux": 518.1681597686277, "on_time_norm": 0.6235141180191814, "duration_h": [6.0, 16.0]}, "final_J": 0.0626638637887814, "goal_complete": true, "optimize_days": 20}
{"target": -10.0, "params": {"ts": 23.105816836200347, "optimize_days_cont": 10.940103486612847, "pre_optlux": 893.4469663845945, "on_time_norm": 0.045601950132806324, "duration_h": [6.0, 16.0]}, "final_J": 0.10083399566365918, "goal_complete": true, "optimize_days": 11}
{"target": -11.916666666666666, "params": {"ts": 23.08501322743759, "optimize_days_cont": 14.085797074605773, "pre_optlux": 371.03742375121396, "on_time_norm": 0.07032486680550032, "duration_h": [6.0, 16.0]}, "final_J": 0.031045228387033698, "goal_complete": true, "optimize_days": 14}
{"target": -9999.0, "params": {"ts": 56.804456643247704, "optimize_days_cont": 2.481854448409754, "pre_optlux": 1125.5646900185338, "on_time_norm": 0.15845217352316643, "duration_h": [6.0, 16.0]}, "final_J": 1.4695652011450093, "goal_complete": false, "optimize_days": 2}
{"target": -11.0, "params": {"ts": 30.055238354117552, "optimize_days_cont": 14.235603569963303, "pre_optlux": 776.7565188542048, "on_time_norm": 0.21506214371433952, "duration_h": [6.0, 16.0]}, "final_J": 0.032285240956096486, "goal_complete": true, "optimize_days": 14}
{"target": -10.916666666666666, "params": {"ts": 12.966996402356731, "optimize_days_cont": 18.436053147149774, "pre_optlux": 914.702543770914, "on_time_norm": 0.47201931574192724, "duration_h": [6.0, 16.0]}, "final_J": 0.025334187531882154, "goal_complete": true, "optimize_days": 18}
{"target": -13.875, "params": {"ts": 5.278357243925987, "optimize_days_cont": 15.296453422239487, "pre_optlux": 883.4132092262794, "on_time_norm": 0.7671904257147006, "duration_h": [6.0, 16.0]}, "final_J": 0.02837887912814832, "goal_complete": true, "optimize_days": 15}
{"target": -12.0, "params": {"ts": 8.149916558088384, "optimize_days_cont": 13.534600853749103, "pre_optlux": 221.95410676473352, "on_time_norm": 0.6850244527227007, "duration_h": [6.0, 16.0]}, "final_J": 0.023480111160194654, "goal_complete": true, "optimize_days": 14}
{"target": -11.0, "params": {"ts": 47.331618590616145, "optimize_days_cont": 13.56012736053423, "pre_optlux": 1081.454953100926, "on_time_norm": 0.2633294844455638, "duration_h": [6.0, 16.0]}, "final_J": 0.028528212719384303, "goal_complete": true, "optimize_days": 14}
{"target": -15.0, "params": {"ts": 77.35815021585175, "optimize_days_cont": 16.50670419948814, "pre_optlux": 338.51616506019934, "on_time_norm": 0.5780067455748411, "duration_h": [6.0, 16.0]}, "final_J": 0.07196958315732008, "goal_complete": true, "optimize_days": 17}
{"target": -9999.0, "params": {"ts": 23.989333259437583, "optimize_days_cont": 4.774231318116989, "pre_optlux": 516.5125439397189, "on_time_norm": 0.976852764010693, "duration_h": [6.0, 16.0]}, "final_J": 0.8575291148151912, "goal_complete": false, "optimize_days": 5}
{"target": -9999.0, "params": {"ts": 36.28433428914752, "optimize_days_cont": 1.3495989859817095, "pre_optlux": 982.6668639532691, "on_time_norm": 0.23040538778108444, "duration_h": [6.0, 16.0]}, "final_J": 1.6541767414541069, "goal_complete": false, "optimize_days": 1}
{"target": -8.833333333333334, "params": {"ts": 58.84077063109376, "optimize_days_cont": 8.981967537205383, "pre_optlux": 1107.491323463064, "on_time_norm": 0.9720455259033695, "duration_h": [6.0, 16.0]}, "final_J": 0.07537999002696064, "goal_complete": true, "optimize_days": 9}
{"target": -15.958333333333334, "params": {"ts": 43.63486278650694, "optimize_days_cont": 19.196843396417563, "pre_optlux": 214.47343649160942, "on_time_norm": 0.7327818008916883, "duration_h": [6.0, 16.0]}, "final_J": 0.059145980051768826, "goal_complete": true, "optimize_days": 19}
{"target": -11.0, "params": {"ts": 53.17351161162144, "optimize_days_cont": 11.772761585575223, "pre_optlux": 1125.9760864836403, "on_time_norm": 0.6826033501652629, "duration_h": [6.0, 16.0]}, "final_J": 0.06738106688963882, "goal_complete": true, "optimize_days": 12}
{"target": -9999.0, "params": {"ts": 12.171706697977584, "optimize_days_cont": 4.784090011256047, "pre_optlux": 1123.7809591132172, "on_time_norm": 0.39386732248283196, "duration_h": [6.0, 16.0]}, "final_J": 0.8934401596727907, "goal_complete": false, "optimize_days": 5}
{"target": -9999.0, "params": {"ts": 16.19112292109049, "optimize_days_cont": 2.910906277613152, "pre_optlux": 699.7835942543549, "on_time_norm": 0.5829154644665038, "duration_h": [6.0, 16.0]}, "final_J": 1.321914556631952, "goal_complete": false, "optimize_days": 3}
{"target": -13.0, "params": {"ts": 87.16572333579319, "optimize_days_cont": 19.36399704765088, "pre_optlux": 765.0125547254927, "on_time_norm": 0.4004229990716831, "duration_h": [6.0, 16.0]}, "final_J": 0.05480635459668827, "goal_complete": true, "optimize_days": 19}
{"target": -12.0, "params": {"ts": 83.00764660756872, "optimize_days_cont": 18.28698222982436, "pre_optlux": 1184.2845115892483, "on_time_norm": 0.06831478431392501, "duration_h": [6.0, 16.0]}, "final_J": 0.011194126822797662, "goal_complete": true, "optimize_days": 18}
{"target": -9999.0, "params": {"ts": 93.98239711040948, "optimize_days_cont": 2.940710497156282, "pre_optlux": 1469.6783471939355, "on_time_norm": 0.35668872437448984, "duration_h": [6.0, 16.0]}, "final_J": 1.295737706450872, "goal_complete": false, "optimize_days": 3}
{"target": -13.291666666666666, "params": {"ts": 13.155784921739329, "optimize_days_cont": 19.265691674858058, "pre_optlux": 1029.0949266816813, "on_time_norm": 0.9366778098943237, "duration_h": [6.0, 16.0]}, "final_J": 0.0727258163495475, "goal_complete": true, "optimize_days": 19}
{"target": -12.958333333333334, "params": {"ts": 3.755999989112609, "optimize_days_cont": 14.653376179389122, "pre_optlux": 885.6899359223313, "on_time_norm": 0.4711666767597189, "duration_h": [6.0, 16.0]}, "final_J": 0.009578561973760008, "goal_complete": true, "optimize_days": 15}
{"target": -11.916666666666666, "params": {"ts": 13.030037575220936, "optimize_days_cont": 13.402781757168203, "pre_optlux": 890.7435935575697, "on_time_norm": 0.33112733174394543, "duration_h": [6.0, 16.0]}, "final_J": 0.04111962307232283, "goal_complete": true, "optimize_days": 13}
{"target": -19.291666666666668, "params": {"ts": 51.500684281071315, "optimize_days_cont": 20.0, "pre_optlux": 1117.5560740795324, "on_time_norm": 1.0, "duration_h": [6.0, 16.0]}, "final_J": 0.10055032426852334, "goal_complete": true, "optimize_days": 20}
{"target": -16.0, "params": {"ts": 52.15576978822071, "optimize_days_cont": 17.465792465955154, "pre_optlux": 1095.7236746604538, "on_time_norm": 1.0, "duration_h": [6.0, 16.0]}, "final_J": 0.09611208432007713, "goal_complete": true, "optimize_days": 17}
{"target": -19.916666666666668, "params": {"ts": 46.638798218696955, "optimize_days_cont": 20.0, "pre_optlux": 1134.5731995429048, "on_time_norm": 1.0, "duration_h": [6.0, 16.0]}, "final_J": 0.12319380747734708, "goal_complete": true, "optimize_days": 20}
{"target": -9999.0, "params": {"ts": 64.66368999779307, "optimize_days_cont": 5.906567961719565, "pre_optlux": 1088.640840679067, "on_time_norm": 1.0, "duration_h": [6.0, 16.0]}, "final_J": 0.6482751295363173, "goal_complete": false, "optimize_days": 6}
{"target": -11.0, "params": {"ts": 43.385583868250755, "optimize_days_cont": 11.802189365890104, "pre_optlux": 1105.8423696636244, "on_time_norm": 1.0, "duration_h": [6.0, 16.0]}, "final_J": 0.06606027611304685, "goal_complete": true, "optimize_days": 12}
{"target": -14.958333333333334, "params": {"ts": 37.36936813847463, "optimize_days_cont": 20.0, "pre_optlux": 1091.5929934252958, "on_time_norm": 0.0, "duration_h": [6.0, 16.0]}, "final_J": 0.02393606805743011, "goal_complete": true, "optimize_days": 20}
{"target": -9999.0, "params": {"ts": 11.868357405088982, "optimize_days_cont": 2.945559867446312, "pre_optlux": 905.4494531894376, "on_time_norm": 1.0, "duration_h": [6.0, 16.0]}, "final_J": 1.3659052725733056, "goal_complete": false, "optimize_days": 3}
{"target": -13.958333333333334, "params": {"ts": 40.78627557139266, "optimize_days_cont": 14.68408942484883, "pre_optlux": 1123.2496084441466, "on_time_norm": 1.0, "duration_h": [6.0, 16.0]}, "final_J": 0.06909297792691921, "goal_complete": true, "optimize_days": 15}
{"target": -13.916666666666666, "params": {"ts": 23.54079736916924, "optimize_days_cont": 20.0, "pre_optlux": 883.4366122607072, "on_time_norm": 0.0, "duration_h": [6.0, 16.0]}, "final_J": 0.09394091761486441, "goal_complete": true, "optimize_days": 20}
{"target": -9999.0, "params": {"ts": 20.541397495517888, "optimize_days_cont": 5.11383584362706, "pre_optlux": 879.0228379357579, "on_time_norm": 0.0, "duration_h": [6.0, 16.0]}, "final_J": 0.8934854333809162, "goal_complete": false, "optimize_days": 5}
{"target": -16.0, "params": {"ts": 21.279347692223315, "optimize_days_cont": 20.0, "pre_optlux": 896.9705546490477, "on_time_norm": 0.0, "duration_h": [6.0, 16.0]}, "final_J": 0.04378074519822893, "goal_complete": true, "optimize_days": 20}
{"target": -9999.0, "params": {"ts": 39.86609561509875, "optimize_days_cont": 8.032192125624338, "pre_optlux": 1090.3805053501137, "on_time_norm": 1.0, "duration_h": [6.0, 16.0]}, "final_J": 0.24108039188383337, "goal_complete": false, "optimize_days": 8}
{"target": -11.916666666666666, "params": {"ts": 51.60346495440718, "optimize_days_cont": 17.898545436256654, "pre_optlux": 1106.2697298029243, "on_time_norm": 0.32840705468379283, "duration_h": [6.0, 16.0]}, "final_J": 0.013585718358884145, "goal_complete": true, "optimize_days": 18}
{"target": -15.0, "params": {"ts": 48.00301087495481, "optimize_days_cont": 20.0, "pre_optlux": 1125.8450375144182, "on_time_norm": 0.0, "duration_h": [6.0, 16.0]}, "final_J": 0.014911079660773336, "goal_complete": true, "optimize_days": 20}
{"target": -15.291666666666666, "params": {"ts": 29.7654703713369, "optimize_days_cont": 20.0, "pre_optlux": 891.3235406835787, "on_time_norm": 1.0, "duration_h": [6.0, 16.0]}, "final_J": 0.026008877166996486, "goal_complete": true, "optimize_days": 20}
{"target": -15.0, "params": {"ts": 37.70697843002696, "optimize_days_cont": 20.0, "pre_optlux": 1107.7151449741068, "on_time_norm": 0.0, "duration_h": [6.0, 16.0]}, "final_J": 0.017611976448537497, "goal_complete": true, "optimize_days": 20}
{"target": -15.0, "params": {"ts": 41.583278384596575, "optimize_days_cont": 20.0, "pre_optlux": 1072.4547032891835, "on_time_norm": 0.0, "duration_h": [6.0, 16.0]}, "final_J": 0.011426115061387328, "goal_complete": true, "optimize_days": 20}
{"target": -13.0, "params": {"ts": 25.87186378004542, "optimize_days_cont": 16.36243328230542, "pre_optlux": 218.21812795558745, "on_time_norm": 0.708883854832218, "duration_h": [6.0, 16.0]}, "final_J": 0.019828790252103646, "goal_complete": true, "optimize_days": 16}
{"target": -14.875, "params": {"ts": 14.08090599204145, "optimize_days_cont": 16.622780783660968, "pre_optlux": 207.7224132694827, "on_time_norm": 0.6616740351328365, "duration_h": [6.0, 16.0]}, "final_J": 0.04131008750405868, "goal_complete": true, "optimize_days": 17}
{"target": -9999.0, "params": {"ts": 17.885939546744684, "optimize_days_cont": 3.1400612631389486, "pre_optlux": 214.6761203311316, "on_time_norm": 0.7769627033896536, "duration_h": [6.0, 16.0]}, "final_J": 1.3543494627580646, "goal_complete": false, "optimize_days": 3}
{"target": -16.0, "params": {"ts": 30.288484796326987, "optimize_days_cont": 20.0, "pre_optlux": 207.11664293833488, "on_time_norm": 0.5469520915134861, "duration_h": [6.0, 16.0]}, "final_J": 0.05537454452944536, "goal_complete": true, "optimize_days": 20}
